63,25,NTL,AIRPORTWOO,20081101,TMEA,1.693,G
63,25,NTL,AIRPORTWOO,20081101,TMAX,10.13,G
63,25,NTL,AIRPORTWOO,20081101,TMIN,-5.66,G
63,25,NTL,AIRPORTWOO,20081101,PREC,0,G
63,25,NTL,AIRPORTWOO,20081101,GRAD,8.7,G
63,25,NTL,AIRPORTWOO,20081101,RH,72.322,G
63,25,NTL,AIRPORTWOO,20081101,WSP,1.106,G
63,25,NTL,AIRPORTWOO,20081101,RWSP,.73,G
63,25,NTL,AIRPORTWOO,20081101,RWDI,117.35,G
63,25,NTL,AIRPORTWOO,20081101,VAP,4.790,G
63,25,NTL,AIRPORTWOO,20081101,DEW,-3.403,G
63,25,NTL,AIRPORTWOO,20081102,TMEA,4.357,G
63,25,NTL,AIRPORTWOO,20081102,TMAX,8.206,G
63,25,NTL,AIRPORTWOO,20081102,TMIN,.436,G
63,25,NTL,AIRPORTWOO,20081102,PREC,0,G
63,25,NTL,AIRPORTWOO,20081102,GRAD,1.5,G
63,25,NTL,AIRPORTWOO,20081102,RH,88.298,G
63,25,NTL,AIRPORTWOO,20081102,WSP,2.856,G
63,25,NTL,AIRPORTWOO,20081102,RWSP,2.651,G
63,25,NTL,AIRPORTWOO,20081102,RWDI,143.84,G
63,25,NTL,AIRPORTWOO,20081102,VAP,7.460,G
63,25,NTL,AIRPORTWOO,20081102,DEW,2.574,G
63,25,NTL,AIRPORTWOO,20081103,TMEA,10.146,G
63,25,NTL,AIRPORTWOO,20081103,TMAX,20.08,G
63,25,NTL,AIRPORTWOO,20081103,TMIN,1.662,G
63,25,NTL,AIRPORTWOO,20081103,PREC,0,G
63,25,NTL,AIRPORTWOO,20081103,GRAD,7.6,G
63,25,NTL,AIRPORTWOO,20081103,RH,86.048,G
63,25,NTL,AIRPORTWOO,20081103,WSP,2.764,G
63,25,NTL,AIRPORTWOO,20081103,RWSP,2.445,G
63,25,NTL,AIRPORTWOO,20081103,RWDI,147.14,G
63,25,NTL,AIRPORTWOO,20081103,VAP,10.910,G
63,25,NTL,AIRPORTWOO,20081103,DEW,7.684,G
63,25,NTL,AIRPORTWOO,20081104,TMEA,14.386,G
63,25,NTL,AIRPORTWOO,20081104,TMAX,19.357,G
63,25,NTL,AIRPORTWOO,20081104,TMIN,10.816,G
63,25,NTL,AIRPORTWOO,20081104,PREC,0,G
63,25,NTL,AIRPORTWOO,20081104,GRAD,4.4,G
63,25,NTL,AIRPORTWOO,20081104,RH,77.534,G
63,25,NTL,AIRPORTWOO,20081104,WSP,2.81,G
63,25,NTL,AIRPORTWOO,20081104,RWSP,2.663,G
63,25,NTL,AIRPORTWOO,20081104,RWDI,183.82,G
63,25,NTL,AIRPORTWOO,20081104,VAP,12.620,G
63,25,NTL,AIRPORTWOO,20081104,DEW,10.38,G
63,25,NTL,AIRPORTWOO,20081105,TMEA,13.008,G
63,25,NTL,AIRPORTWOO,20081105,TMAX,14.924,G
63,25,NTL,AIRPORTWOO,20081105,TMIN,11.35,Q
63,25,NTL,AIRPORTWOO,20081105,PREC,2.032,G
63,25,NTL,AIRPORTWOO,20081105,GRAD,3.0,G
63,25,NTL,AIRPORTWOO,20081105,RH,73.885,G
63,25,NTL,AIRPORTWOO,20081105,WSP,3.958,G
63,25,NTL,AIRPORTWOO,20081105,RWSP,3.795,G
63,25,NTL,AIRPORTWOO,20081105,RWDI,167.11,G
63,25,NTL,AIRPORTWOO,20081105,VAP,11.080,G
63,25,NTL,AIRPORTWOO,20081105,DEW,8.372,G
63,25,NTL,AIRPORTWOO,20081106,TMEA,10.832,G
63,25,NTL,AIRPORTWOO,20081106,TMAX,14.632,G
63,25,NTL,AIRPORTWOO,20081106,TMIN,3.602,G
63,25,NTL,AIRPORTWOO,20081106,PREC,2.286,G
63,25,NTL,AIRPORTWOO,20081106,GRAD,2.7,G
63,25,NTL,AIRPORTWOO,20081106,RH,88.167,G
63,25,NTL,AIRPORTWOO,20081106,WSP,3.557,G
63,25,NTL,AIRPORTWOO,20081106,RWSP,3.34,G
63,25,NTL,AIRPORTWOO,20081106,RWDI,125.43,G
63,25,NTL,AIRPORTWOO,20081106,VAP,11.480,G
63,25,NTL,AIRPORTWOO,20081106,DEW,8.932,G
63,25,NTL,AIRPORTWOO,20081107,TMEA,4.429,G
63,25,NTL,AIRPORTWOO,20081107,TMAX,6.994,G
63,25,NTL,AIRPORTWOO,20081107,TMIN,2.086,G
63,25,NTL,AIRPORTWOO,20081107,PREC,4.318,G
63,25,NTL,AIRPORTWOO,20081107,GRAD,3.2,G
63,25,NTL,AIRPORTWOO,20081107,RH,87.884,G
63,25,NTL,AIRPORTWOO,20081107,WSP,1.547,G
63,25,NTL,AIRPORTWOO,20081107,RWSP,.958,G
63,25,NTL,AIRPORTWOO,20081107,RWDI,153.4,G
63,25,NTL,AIRPORTWOO,20081107,VAP,7.370,G
63,25,NTL,AIRPORTWOO,20081107,DEW,2.552,G
63,25,NTL,AIRPORTWOO,20081108,TMEA,.35,G
63,25,NTL,AIRPORTWOO,20081108,TMAX,2.974,G
63,25,NTL,AIRPORTWOO,20081108,TMIN,-3.492,G
63,25,NTL,AIRPORTWOO,20081108,PREC,6.35,G
63,25,NTL,AIRPORTWOO,20081108,GRAD,3.8,G
63,25,NTL,AIRPORTWOO,20081108,RH,90.382,G
63,25,NTL,AIRPORTWOO,20081108,WSP,3.42,G
63,25,NTL,AIRPORTWOO,20081108,RWSP,3.147,G
63,25,NTL,AIRPORTWOO,20081108,RWDI,333.48,G
63,25,NTL,AIRPORTWOO,20081108,VAP,5.730,G
63,25,NTL,AIRPORTWOO,20081108,DEW,-1.044,G
63,25,NTL,AIRPORTWOO,20081109,TMEA,-4.931,G
63,25,NTL,AIRPORTWOO,20081109,TMAX,-3.34,G
63,25,NTL,AIRPORTWOO,20081109,TMIN,-6.138,G
63,25,NTL,AIRPORTWOO,20081109,PREC,0,G
63,25,NTL,AIRPORTWOO,20081109,GRAD,4.6,G
63,25,NTL,AIRPORTWOO,20081109,RH,80.034,G
63,25,NTL,AIRPORTWOO,20081109,WSP,3.788,G
63,25,NTL,AIRPORTWOO,20081109,RWSP,3.472,G
63,25,NTL,AIRPORTWOO,20081109,RWDI,290.31,G
63,25,NTL,AIRPORTWOO,20081109,VAP,3.390,G
63,25,NTL,AIRPORTWOO,20081109,DEW,-7.873,G
63,25,NTL,AIRPORTWOO,20081110,TMEA,-4.887,G
63,25,NTL,AIRPORTWOO,20081110,TMAX,-2.934,G
63,25,NTL,AIRPORTWOO,20081110,TMIN,-10.544,G
63,25,NTL,AIRPORTWOO,20081110,PREC,0,G
63,25,NTL,AIRPORTWOO,20081110,GRAD,2.3,G
63,25,NTL,AIRPORTWOO,20081110,RH,84.608,G
63,25,NTL,AIRPORTWOO,20081110,WSP,2.022,G
63,25,NTL,AIRPORTWOO,20081110,RWSP,1.695,G
63,25,NTL,AIRPORTWOO,20081110,RWDI,296.74,G
63,25,NTL,AIRPORTWOO,20081110,VAP,3.600,G
63,25,NTL,AIRPORTWOO,20081110,DEW,-7.096,G
63,25,NTL,AIRPORTWOO,20081111,TMEA,-4.796,G
63,25,NTL,AIRPORTWOO,20081111,TMAX,.75,G
63,25,NTL,AIRPORTWOO,20081111,TMIN,-12.841,G
63,25,NTL,AIRPORTWOO,20081111,PREC,.254,G
63,25,NTL,AIRPORTWOO,20081111,GRAD,8.4,G
63,25,NTL,AIRPORTWOO,20081111,RH,82.527,G
63,25,NTL,AIRPORTWOO,20081111,WSP,1.899,G
63,25,NTL,AIRPORTWOO,20081111,RWSP,1.624,G
63,25,NTL,AIRPORTWOO,20081111,RWDI,126.21,G
63,25,NTL,AIRPORTWOO,20081111,VAP,3.630,G
63,25,NTL,AIRPORTWOO,20081111,DEW,-7.414,G
63,25,NTL,AIRPORTWOO,20081112,TMEA,.792,G
63,25,NTL,AIRPORTWOO,20081112,TMAX,1.822,G
63,25,NTL,AIRPORTWOO,20081112,TMIN,-1.496,G
63,25,NTL,AIRPORTWOO,20081112,PREC,2.032,G
63,25,NTL,AIRPORTWOO,20081112,GRAD,1.3,G
63,25,NTL,AIRPORTWOO,20081112,RH,95.454,G
63,25,NTL,AIRPORTWOO,20081112,WSP,2.524,G
63,25,NTL,AIRPORTWOO,20081112,RWSP,2.159,G
63,25,NTL,AIRPORTWOO,20081112,RWDI,134.53,G
63,25,NTL,AIRPORTWOO,20081112,VAP,6.190,G
63,25,NTL,AIRPORTWOO,20081112,DEW,.152,G
63,25,NTL,AIRPORTWOO,20081113,TMEA,2.777,G
63,25,NTL,AIRPORTWOO,20081113,TMAX,3.884,G
63,25,NTL,AIRPORTWOO,20081113,TMIN,1.438,G
63,25,NTL,AIRPORTWOO,20081113,PREC,3.556,G
63,25,NTL,AIRPORTWOO,20081113,GRAD,0.8,G
63,25,NTL,AIRPORTWOO,20081113,RH,94.915,G
63,25,NTL,AIRPORTWOO,20081113,WSP,3.452,G
63,25,NTL,AIRPORTWOO,20081113,RWSP,2.982,G
63,25,NTL,AIRPORTWOO,20081113,RWDI,196.61,G
63,25,NTL,AIRPORTWOO,20081113,VAP,7.090,G
63,25,NTL,AIRPORTWOO,20081113,DEW,2.046,G
63,25,NTL,AIRPORTWOO,20081114,TMEA,1.1,G
63,25,NTL,AIRPORTWOO,20081114,TMAX,2.601,G
63,25,NTL,AIRPORTWOO,20081114,TMIN,-.747,G
63,25,NTL,AIRPORTWOO,20081114,PREC,0,G
63,25,NTL,AIRPORTWOO,20081114,GRAD,1.6,G
63,25,NTL,AIRPORTWOO,20081114,RH,84.528,G
63,25,NTL,AIRPORTWOO,20081114,WSP,2.489,G
63,25,NTL,AIRPORTWOO,20081114,RWSP,2.232,G
63,25,NTL,AIRPORTWOO,20081114,RWDI,285.71,G
63,25,NTL,AIRPORTWOO,20081114,VAP,5.600,G
63,25,NTL,AIRPORTWOO,20081114,DEW,-1.221,G
63,25,NTL,AIRPORTWOO,20081115,TMEA,-1.989,G
63,25,NTL,AIRPORTWOO,20081115,TMAX,.082,G
63,25,NTL,AIRPORTWOO,20081115,TMIN,-3.927,G
63,25,NTL,AIRPORTWOO,20081115,PREC,.508,G
63,25,NTL,AIRPORTWOO,20081115,GRAD,4.0,G
63,25,NTL,AIRPORTWOO,20081115,RH,83.001,G
63,25,NTL,AIRPORTWOO,20081115,WSP,2.864,G
63,25,NTL,AIRPORTWOO,20081115,RWSP,2.541,G
63,25,NTL,AIRPORTWOO,20081115,RWDI,322.16,G
63,25,NTL,AIRPORTWOO,20081115,VAP,4.390,G
63,25,NTL,AIRPORTWOO,20081115,DEW,-4.516,G
63,25,NTL,AIRPORTWOO,20081116,TMEA,-4.937,G
63,25,NTL,AIRPORTWOO,20081116,TMAX,-3.036,G
63,25,NTL,AIRPORTWOO,20081116,TMIN,-6.239,G
63,25,NTL,AIRPORTWOO,20081116,PREC,0,G
63,25,NTL,AIRPORTWOO,20081116,GRAD,3.2,G
63,25,NTL,AIRPORTWOO,20081116,RH,77.124,G
63,25,NTL,AIRPORTWOO,20081116,WSP,2.642,G
63,25,NTL,AIRPORTWOO,20081116,RWSP,2.37,G
63,25,NTL,AIRPORTWOO,20081116,RWDI,305.85,G
63,25,NTL,AIRPORTWOO,20081116,VAP,3.270,G
63,25,NTL,AIRPORTWOO,20081116,DEW,-8.353,G
63,25,NTL,AIRPORTWOO,20081117,TMEA,-7.09,G
63,25,NTL,AIRPORTWOO,20081117,TMAX,-4.596,G
63,25,NTL,AIRPORTWOO,20081117,TMIN,-9.558,G
63,25,NTL,AIRPORTWOO,20081117,PREC,0,G
63,25,NTL,AIRPORTWOO,20081117,GRAD,4.4,G
63,25,NTL,AIRPORTWOO,20081117,RH,82.535,G
63,25,NTL,AIRPORTWOO,20081117,WSP,2.784,G
63,25,NTL,AIRPORTWOO,20081117,RWSP,2.48,G
63,25,NTL,AIRPORTWOO,20081117,RWDI,316.69,G
63,25,NTL,AIRPORTWOO,20081117,VAP,2.970,G
63,25,NTL,AIRPORTWOO,20081117,DEW,-9.607,G
63,25,NTL,AIRPORTWOO,20081118,TMEA,-6.867,G
63,25,NTL,AIRPORTWOO,20081118,TMAX,-4.413,G
63,25,NTL,AIRPORTWOO,20081118,TMIN,-12.088,G
63,25,NTL,AIRPORTWOO,20081118,PREC,0,G
63,25,NTL,AIRPORTWOO,20081118,GRAD,6.0,G
63,25,NTL,AIRPORTWOO,20081118,RH,71.003,G
63,25,NTL,AIRPORTWOO,20081118,WSP,2.858,G
63,25,NTL,AIRPORTWOO,20081118,RWSP,1.964,G
63,25,NTL,AIRPORTWOO,20081118,RWDI,181.66,G
63,25,NTL,AIRPORTWOO,20081118,VAP,2.570,G
63,25,NTL,AIRPORTWOO,20081118,DEW,-11.39,G
63,25,NTL,AIRPORTWOO,20081119,TMEA,-3.833,G
63,25,NTL,AIRPORTWOO,20081119,TMAX,-2.003,G
63,25,NTL,AIRPORTWOO,20081119,TMIN,-5.427,G
63,25,NTL,AIRPORTWOO,20081119,PREC,0,G
63,25,NTL,AIRPORTWOO,20081119,GRAD,1.1,G
63,25,NTL,AIRPORTWOO,20081119,RH,75.039,G
63,25,NTL,AIRPORTWOO,20081119,WSP,3.731,G
63,25,NTL,AIRPORTWOO,20081119,RWSP,1.301,G
63,25,NTL,AIRPORTWOO,20081119,RWDI,283.19,G
63,25,NTL,AIRPORTWOO,20081119,VAP,3.470,G
63,25,NTL,AIRPORTWOO,20081119,DEW,-7.621,G
63,25,NTL,AIRPORTWOO,20081120,TMEA,-8.594,G
63,25,NTL,AIRPORTWOO,20081120,TMAX,-5.417,G
63,25,NTL,AIRPORTWOO,20081120,TMIN,-10.157,G
63,25,NTL,AIRPORTWOO,20081120,PREC,0,G
63,25,NTL,AIRPORTWOO,20081120,GRAD,3.7,G
63,25,NTL,AIRPORTWOO,20081120,RH,80.485,G
63,25,NTL,AIRPORTWOO,20081120,WSP,3.573,G
63,25,NTL,AIRPORTWOO,20081120,RWSP,3.254,G
63,25,NTL,AIRPORTWOO,20081120,RWDI,332.06,G
63,25,NTL,AIRPORTWOO,20081120,VAP,2.580,G
63,25,NTL,AIRPORTWOO,20081120,DEW,-11.376,G
63,25,NTL,AIRPORTWOO,20081121,TMEA,-12.785,G
63,25,NTL,AIRPORTWOO,20081121,TMAX,-8.756,G
63,25,NTL,AIRPORTWOO,20081121,TMIN,-20.296,G
63,25,NTL,AIRPORTWOO,20081121,PREC,0,G
63,25,NTL,AIRPORTWOO,20081121,GRAD,5.2,G
63,25,NTL,AIRPORTWOO,20081121,RH,79.503,G
63,25,NTL,AIRPORTWOO,20081121,WSP,2.006,G
63,25,NTL,AIRPORTWOO,20081121,RWSP,1.695,G
63,25,NTL,AIRPORTWOO,20081121,RWDI,281.74,G
63,25,NTL,AIRPORTWOO,20081121,VAP,1.850,G
63,25,NTL,AIRPORTWOO,20081121,DEW,-15.659,G
63,25,NTL,AIRPORTWOO,20081122,TMEA,-11.147,G
63,25,NTL,AIRPORTWOO,20081122,TMAX,-3.097,G
63,25,NTL,AIRPORTWOO,20081122,TMIN,-21.072,G
63,25,NTL,AIRPORTWOO,20081122,PREC,0,G
63,25,NTL,AIRPORTWOO,20081122,GRAD,7.4,G
63,25,NTL,AIRPORTWOO,20081122,RH,74.034,G
63,25,NTL,AIRPORTWOO,20081122,WSP,1.92,G
63,25,NTL,AIRPORTWOO,20081122,RWSP,1.671,G
63,25,NTL,AIRPORTWOO,20081122,RWDI,144.53,G
63,25,NTL,AIRPORTWOO,20081122,VAP,2.030,G
63,25,NTL,AIRPORTWOO,20081122,DEW,-15.06,G
63,25,NTL,AIRPORTWOO,20081123,TMEA,-3.465,G
63,25,NTL,AIRPORTWOO,20081123,TMAX,-1.05,G
63,25,NTL,AIRPORTWOO,20081123,TMIN,-5.934,G
63,25,NTL,AIRPORTWOO,20081123,PREC,0,G
63,25,NTL,AIRPORTWOO,20081123,GRAD,3.8,G
63,25,NTL,AIRPORTWOO,20081123,RH,80.316,G
63,25,NTL,AIRPORTWOO,20081123,WSP,2.373,G
63,25,NTL,AIRPORTWOO,20081123,RWSP,2.071,G
63,25,NTL,AIRPORTWOO,20081123,RWDI,216.66,G
63,25,NTL,AIRPORTWOO,20081123,VAP,3.820,G
63,25,NTL,AIRPORTWOO,20081123,DEW,-6.39,G
63,25,NTL,AIRPORTWOO,20081124,TMEA,-3.373,G
63,25,NTL,AIRPORTWOO,20081124,TMAX,-1.688,G
63,25,NTL,AIRPORTWOO,20081124,TMIN,-4.352,G
63,25,NTL,AIRPORTWOO,20081124,PREC,0,G
63,25,NTL,AIRPORTWOO,20081124,GRAD,2.6,G
63,25,NTL,AIRPORTWOO,20081124,RH,89.212,G
63,25,NTL,AIRPORTWOO,20081124,WSP,1.556,G
63,25,NTL,AIRPORTWOO,20081124,RWSP,1.352,G
63,25,NTL,AIRPORTWOO,20081124,RWDI,304.61,G
63,25,NTL,AIRPORTWOO,20081124,VAP,4.250,G
63,25,NTL,AIRPORTWOO,20081124,DEW,-4.9,G
63,25,NTL,AIRPORTWOO,20081125,TMEA,-4.174,G
63,25,NTL,AIRPORTWOO,20081125,TMAX,.183,G
63,25,NTL,AIRPORTWOO,20081125,TMIN,-10.655,G
63,25,NTL,AIRPORTWOO,20081125,PREC,.508,G
63,25,NTL,AIRPORTWOO,20081125,GRAD,6.0,G
63,25,NTL,AIRPORTWOO,20081125,RH,83.75,G
63,25,NTL,AIRPORTWOO,20081125,WSP,1.486,G
63,25,NTL,AIRPORTWOO,20081125,RWSP,1.069,G
63,25,NTL,AIRPORTWOO,20081125,RWDI,295.6,G
63,25,NTL,AIRPORTWOO,20081125,VAP,3.770,G
63,25,NTL,AIRPORTWOO,20081125,DEW,-6.573,G
63,25,NTL,AIRPORTWOO,20081126,TMEA,-8.196,G
63,25,NTL,AIRPORTWOO,20081126,TMAX,-.12,G
63,25,NTL,AIRPORTWOO,20081126,TMIN,-15.812,G
63,25,NTL,AIRPORTWOO,20081126,PREC,0,G
63,25,NTL,AIRPORTWOO,20081126,GRAD,8.0,G
63,25,NTL,AIRPORTWOO,20081126,RH,83.096,G
63,25,NTL,AIRPORTWOO,20081126,WSP,.772,G
63,25,NTL,AIRPORTWOO,20081126,RWSP,.449,G
63,25,NTL,AIRPORTWOO,20081126,RWDI,347.26,G
63,25,NTL,AIRPORTWOO,20081126,VAP,2.800,G
63,25,NTL,AIRPORTWOO,20081126,DEW,-10.696,G
63,25,NTL,AIRPORTWOO,20081127,TMEA,-3.885,G
63,25,NTL,AIRPORTWOO,20081127,TMAX,-.716,G
63,25,NTL,AIRPORTWOO,20081127,TMIN,-8.288,G
63,25,NTL,AIRPORTWOO,20081127,PREC,0,G
63,25,NTL,AIRPORTWOO,20081127,GRAD,2.5,G
63,25,NTL,AIRPORTWOO,20081127,RH,89.292,G
63,25,NTL,AIRPORTWOO,20081127,WSP,2.614,G
63,25,NTL,AIRPORTWOO,20081127,RWSP,2.019,G
63,25,NTL,AIRPORTWOO,20081127,RWDI,265.02,G
63,25,NTL,AIRPORTWOO,20081127,VAP,4.140,G
63,25,NTL,AIRPORTWOO,20081127,DEW,-5.399,G
63,25,NTL,AIRPORTWOO,20081128,TMEA,-5.687,G
63,25,NTL,AIRPORTWOO,20081128,TMAX,-2.124,G
63,25,NTL,AIRPORTWOO,20081128,TMIN,-16.484,G
63,25,NTL,AIRPORTWOO,20081128,PREC,0,G
63,25,NTL,AIRPORTWOO,20081128,GRAD,1.8,G
63,25,NTL,AIRPORTWOO,20081128,RH,83.436,G
63,25,NTL,AIRPORTWOO,20081128,WSP,2.295,G
63,25,NTL,AIRPORTWOO,20081128,RWSP,1.973,G
63,25,NTL,AIRPORTWOO,20081128,RWDI,286.09,G
63,25,NTL,AIRPORTWOO,20081128,VAP,3.470,G
63,25,NTL,AIRPORTWOO,20081128,DEW,-8.081,G
63,25,NTL,AIRPORTWOO,20081129,TMEA,-7.434,G
63,25,NTL,AIRPORTWOO,20081129,TMAX,.71,G
63,25,NTL,AIRPORTWOO,20081129,TMIN,-17.625,G
63,25,NTL,AIRPORTWOO,20081129,PREC,0,G
63,25,NTL,AIRPORTWOO,20081129,GRAD,4.4,G
63,25,NTL,AIRPORTWOO,20081129,RH,82.066,G
63,25,NTL,AIRPORTWOO,20081129,WSP,.58,G
63,25,NTL,AIRPORTWOO,20081129,RWSP,.185,Q
63,25,NTL,AIRPORTWOO,20081129,RWDI,60.415,G
63,25,NTL,AIRPORTWOO,20081129,VAP,3.110,G
63,25,NTL,AIRPORTWOO,20081129,DEW,-10.05,G
63,25,NTL,AIRPORTWOO,20081130,TMEA,-5.098,G
63,25,NTL,AIRPORTWOO,20081130,TMAX,-2.752,G
63,25,NTL,AIRPORTWOO,20081130,TMIN,-7.852,G
63,25,NTL,AIRPORTWOO,20081130,PREC,0,G
63,25,NTL,AIRPORTWOO,20081130,GRAD,1.3,G
63,25,NTL,AIRPORTWOO,20081130,RH,88.92,G
63,25,NTL,AIRPORTWOO,20081130,WSP,4.311,G
63,25,NTL,AIRPORTWOO,20081130,RWSP,4.207,G
63,25,NTL,AIRPORTWOO,20081130,RWDI,4.981,G
63,25,NTL,AIRPORTWOO,20081130,VAP,3.740,G
63,25,NTL,AIRPORTWOO,20081130,DEW,-6.646,G
63,25,NTL,AIRPORTWOO,20081201,TMEA,-7.392,G
63,25,NTL,AIRPORTWOO,20081201,TMAX,-5.276,G
63,25,NTL,AIRPORTWOO,20081201,TMIN,-10.868,G
63,25,NTL,AIRPORTWOO,20081201,PREC,0,G
63,25,NTL,AIRPORTWOO,20081201,GRAD,3.3,G
63,25,NTL,AIRPORTWOO,20081201,RH,84.712,G
63,25,NTL,AIRPORTWOO,20081201,WSP,4.176,G
63,25,NTL,AIRPORTWOO,20081201,RWSP,3.648,G
63,25,NTL,AIRPORTWOO,20081201,RWDI,331.73,G
63,25,NTL,AIRPORTWOO,20081201,VAP,2.980,G
63,25,NTL,AIRPORTWOO,20081201,DEW,-9.538,G
63,25,NTL,AIRPORTWOO,20081202,TMEA,-7.702,G
63,25,NTL,AIRPORTWOO,20081202,TMAX,-2.448,G
63,25,NTL,AIRPORTWOO,20081202,TMIN,-16.26,G
63,25,NTL,AIRPORTWOO,20081202,PREC,0,G
63,25,NTL,AIRPORTWOO,20081202,GRAD,2.0,G
63,25,NTL,AIRPORTWOO,20081202,RH,81.118,G
63,25,NTL,AIRPORTWOO,20081202,WSP,3.459,G
63,25,NTL,AIRPORTWOO,20081202,RWSP,3.236,G
63,25,NTL,AIRPORTWOO,20081202,RWDI,192.89,G
63,25,NTL,AIRPORTWOO,20081202,VAP,2.860,G
63,25,NTL,AIRPORTWOO,20081202,DEW,-10.437,G
63,25,NTL,AIRPORTWOO,20081203,TMEA,-12.371,G
63,25,NTL,AIRPORTWOO,20081203,TMAX,-10.91,G
63,25,NTL,AIRPORTWOO,20081203,TMIN,-14.286,G
63,25,NTL,AIRPORTWOO,20081203,PREC,0,G
63,25,NTL,AIRPORTWOO,20081203,GRAD,,M
63,25,NTL,AIRPORTWOO,20081203,RH,78.519,G
63,25,NTL,AIRPORTWOO,20081203,WSP,2.921,G
63,25,NTL,AIRPORTWOO,20081203,RWSP,2.702,G
63,25,NTL,AIRPORTWOO,20081203,RWDI,296.66,G
63,25,NTL,AIRPORTWOO,20081203,VAP,1.860,G
63,25,NTL,AIRPORTWOO,20081203,DEW,-15.353,G
63,25,NTL,AIRPORTWOO,20081204,TMEA,-14.069,G
63,25,NTL,AIRPORTWOO,20081204,TMAX,-10.482,G
63,25,NTL,AIRPORTWOO,20081204,TMIN,-17.646,G
63,25,NTL,AIRPORTWOO,20081204,PREC,0,G
63,25,NTL,AIRPORTWOO,20081204,GRAD,3.5,G
63,25,NTL,AIRPORTWOO,20081204,RH,79.657,G
63,25,NTL,AIRPORTWOO,20081204,WSP,2.686,G
63,25,NTL,AIRPORTWOO,20081204,RWSP,2.428,G
63,25,NTL,AIRPORTWOO,20081204,RWDI,273,G
63,25,NTL,AIRPORTWOO,20081204,VAP,1.650,G
63,25,NTL,AIRPORTWOO,20081204,DEW,-16.867,G
63,25,NTL,AIRPORTWOO,20081205,TMEA,-13.918,G
63,25,NTL,AIRPORTWOO,20081205,TMAX,-10.624,G
63,25,NTL,AIRPORTWOO,20081205,TMIN,-18.114,G
63,25,NTL,AIRPORTWOO,20081205,PREC,0,G
63,25,NTL,AIRPORTWOO,20081205,GRAD,3.3,G
63,25,NTL,AIRPORTWOO,20081205,RH,80.492,G
63,25,NTL,AIRPORTWOO,20081205,WSP,3.819,G
63,25,NTL,AIRPORTWOO,20081205,RWSP,3.319,G
63,25,NTL,AIRPORTWOO,20081205,RWDI,207.34,G
63,25,NTL,AIRPORTWOO,20081205,VAP,1.710,G
63,25,NTL,AIRPORTWOO,20081205,DEW,-16.585,G
63,25,NTL,AIRPORTWOO,20081206,TMEA,-11.226,G
63,25,NTL,AIRPORTWOO,20081206,TMAX,-8.147,G
63,25,NTL,AIRPORTWOO,20081206,TMIN,-14.102,G
63,25,NTL,AIRPORTWOO,20081206,PREC,0,G
63,25,NTL,AIRPORTWOO,20081206,GRAD,3.7,G
63,25,NTL,AIRPORTWOO,20081206,RH,82.842,G
63,25,NTL,AIRPORTWOO,20081206,WSP,3.103,G
63,25,NTL,AIRPORTWOO,20081206,RWSP,2.343,G
63,25,NTL,AIRPORTWOO,20081206,RWDI,322.88,G
63,25,NTL,AIRPORTWOO,20081206,VAP,2.180,G
63,25,NTL,AIRPORTWOO,20081206,DEW,-13.581,G
63,25,NTL,AIRPORTWOO,20081207,TMEA,-14.922,G
63,25,NTL,AIRPORTWOO,20081207,TMAX,-12.454,G
63,25,NTL,AIRPORTWOO,20081207,TMIN,-21.766,G
63,25,NTL,AIRPORTWOO,20081207,PREC,0,G
63,25,NTL,AIRPORTWOO,20081207,GRAD,3.7,G
63,25,NTL,AIRPORTWOO,20081207,RH,81.733,G
63,25,NTL,AIRPORTWOO,20081207,WSP,2.363,G
63,25,NTL,AIRPORTWOO,20081207,RWSP,1.442,G
63,25,NTL,AIRPORTWOO,20081207,RWDI,163.54,G
63,25,NTL,AIRPORTWOO,20081207,VAP,1.590,G
63,25,NTL,AIRPORTWOO,20081207,DEW,-17.37,G
63,25,NTL,AIRPORTWOO,20081208,TMEA,-11.313,G
63,25,NTL,AIRPORTWOO,20081208,TMAX,-8.918,G
63,25,NTL,AIRPORTWOO,20081208,TMIN,-13.99,G
63,25,NTL,AIRPORTWOO,20081208,PREC,0,G
63,25,NTL,AIRPORTWOO,20081208,GRAD,1.7,G
63,25,NTL,AIRPORTWOO,20081208,RH,86.851,G
63,25,NTL,AIRPORTWOO,20081208,WSP,1.583,G
63,25,NTL,AIRPORTWOO,20081208,RWSP,.795,G
63,25,NTL,AIRPORTWOO,20081208,RWDI,138.3,G
63,25,NTL,AIRPORTWOO,20081208,VAP,2.270,G
63,25,NTL,AIRPORTWOO,20081208,DEW,-13.07,G
63,25,NTL,AIRPORTWOO,20081209,TMEA,-10.56,G
63,25,NTL,AIRPORTWOO,20081209,TMAX,-7.274,G
63,25,NTL,AIRPORTWOO,20081209,TMIN,-21.316,G
63,25,NTL,AIRPORTWOO,20081209,PREC,0,G
63,25,NTL,AIRPORTWOO,20081209,GRAD,2.7,G
63,25,NTL,AIRPORTWOO,20081209,RH,85.691,G
63,25,NTL,AIRPORTWOO,20081209,WSP,3.884,G
63,25,NTL,AIRPORTWOO,20081209,RWSP,3.727,G
63,25,NTL,AIRPORTWOO,20081209,RWDI,.82,G
63,25,NTL,AIRPORTWOO,20081209,VAP,2.460,G
63,25,NTL,AIRPORTWOO,20081209,DEW,-12.514,G
63,25,NTL,AIRPORTWOO,20081210,TMEA,-12.541,G
63,25,NTL,AIRPORTWOO,20081210,TMAX,-6.706,G
63,25,NTL,AIRPORTWOO,20081210,TMIN,-22.357,G
63,25,NTL,AIRPORTWOO,20081210,PREC,0,G
63,25,NTL,AIRPORTWOO,20081210,GRAD,2.1,G
63,25,NTL,AIRPORTWOO,20081210,RH,83.397,G
63,25,NTL,AIRPORTWOO,20081210,WSP,3.003,G
63,25,NTL,AIRPORTWOO,20081210,RWSP,2.743,G
63,25,NTL,AIRPORTWOO,20081210,RWDI,179.94,G
63,25,NTL,AIRPORTWOO,20081210,VAP,2.020,G
63,25,NTL,AIRPORTWOO,20081210,DEW,-14.789,G
63,25,NTL,AIRPORTWOO,20081211,TMEA,-11.819,G
63,25,NTL,AIRPORTWOO,20081211,TMAX,-4.698,G
63,25,NTL,AIRPORTWOO,20081211,TMIN,-18.114,G
63,25,NTL,AIRPORTWOO,20081211,PREC,0,G
63,25,NTL,AIRPORTWOO,20081211,GRAD,5.3,G
63,25,NTL,AIRPORTWOO,20081211,RH,74.569,G
63,25,NTL,AIRPORTWOO,20081211,WSP,3.12,G
63,25,NTL,AIRPORTWOO,20081211,RWSP,2.641,G
63,25,NTL,AIRPORTWOO,20081211,RWDI,277.37,G
63,25,NTL,AIRPORTWOO,20081211,VAP,1.920,G
63,25,NTL,AIRPORTWOO,20081211,DEW,-15.481,G
63,25,NTL,AIRPORTWOO,20081212,TMEA,-17.187,G
63,25,NTL,AIRPORTWOO,20081212,TMAX,-13.278,G
63,25,NTL,AIRPORTWOO,20081212,TMIN,-25.298,G
63,25,NTL,AIRPORTWOO,20081212,PREC,0,G
63,25,NTL,AIRPORTWOO,20081212,GRAD,6.4,G
63,25,NTL,AIRPORTWOO,20081212,RH,76.977,G
63,25,NTL,AIRPORTWOO,20081212,WSP,2.464,G
63,25,NTL,AIRPORTWOO,20081212,RWSP,1.77,G
63,25,NTL,AIRPORTWOO,20081212,RWDI,193.24,G
63,25,NTL,AIRPORTWOO,20081212,VAP,1.250,G
63,25,NTL,AIRPORTWOO,20081212,DEW,-20.354,G
63,25,NTL,AIRPORTWOO,20081213,TMEA,-4.86,G
63,25,NTL,AIRPORTWOO,20081213,TMAX,-.909,G
63,25,NTL,AIRPORTWOO,20081213,TMIN,-13.288,G
63,25,NTL,AIRPORTWOO,20081213,PREC,0,G
63,25,NTL,AIRPORTWOO,20081213,GRAD,2.5,G
63,25,NTL,AIRPORTWOO,20081213,RH,85.208,G
63,25,NTL,AIRPORTWOO,20081213,WSP,2.818,G
63,25,NTL,AIRPORTWOO,20081213,RWSP,2.553,G
63,25,NTL,AIRPORTWOO,20081213,RWDI,153.18,G
63,25,NTL,AIRPORTWOO,20081213,VAP,3.740,G
63,25,NTL,AIRPORTWOO,20081213,DEW,-6.978,G
63,25,NTL,AIRPORTWOO,20081214,TMEA,-1.122,G
63,25,NTL,AIRPORTWOO,20081214,TMAX,3.521,G
63,25,NTL,AIRPORTWOO,20081214,TMIN,-8.674,G
63,25,NTL,AIRPORTWOO,20081214,PREC,8.89,G
63,25,NTL,AIRPORTWOO,20081214,GRAD,0.7,G
63,25,NTL,AIRPORTWOO,20081214,RH,93.98,G
63,25,NTL,AIRPORTWOO,20081214,WSP,3.517,G
63,25,NTL,AIRPORTWOO,20081214,RWSP,1.391,G
63,25,NTL,AIRPORTWOO,20081214,RWDI,145.21,G
63,25,NTL,AIRPORTWOO,20081214,VAP,5.390,G
63,25,NTL,AIRPORTWOO,20081214,DEW,-1.964,G
63,25,NTL,AIRPORTWOO,20081215,TMEA,-20.593,G
63,25,NTL,AIRPORTWOO,20081215,TMAX,-8.674,G
63,25,NTL,AIRPORTWOO,20081215,TMIN,-25.768,G
63,25,NTL,AIRPORTWOO,20081215,PREC,0,G
63,25,NTL,AIRPORTWOO,20081215,GRAD,5.1,G
63,25,NTL,AIRPORTWOO,20081215,RH,76.316,G
63,25,NTL,AIRPORTWOO,20081215,WSP,4.559,G
63,25,NTL,AIRPORTWOO,20081215,RWSP,4.301,G
63,25,NTL,AIRPORTWOO,20081215,RWDI,261.36,G
63,25,NTL,AIRPORTWOO,20081215,VAP,0.980,G
63,25,NTL,AIRPORTWOO,20081215,DEW,-23.69,G
63,25,NTL,AIRPORTWOO,20081216,TMEA,-22.764,G
63,25,NTL,AIRPORTWOO,20081216,TMAX,-16.973,G
63,25,NTL,AIRPORTWOO,20081216,TMIN,-29.972,G
63,25,NTL,AIRPORTWOO,20081216,PREC,0,G
63,25,NTL,AIRPORTWOO,20081216,GRAD,2.5,G
63,25,NTL,AIRPORTWOO,20081216,RH,79.66,G
63,25,NTL,AIRPORTWOO,20081216,WSP,2,G
63,25,NTL,AIRPORTWOO,20081216,RWSP,1.518,G
63,25,NTL,AIRPORTWOO,20081216,RWDI,173,G
63,25,NTL,AIRPORTWOO,20081216,VAP,0.840,G
63,25,NTL,AIRPORTWOO,20081216,DEW,-25.326,G
63,25,NTL,AIRPORTWOO,20081217,TMEA,-17.517,G
63,25,NTL,AIRPORTWOO,20081217,TMAX,-13.96,G
63,25,NTL,AIRPORTWOO,20081217,TMIN,-25.646,G
63,25,NTL,AIRPORTWOO,20081217,PREC,0,G
63,25,NTL,AIRPORTWOO,20081217,GRAD,4.7,G
63,25,NTL,AIRPORTWOO,20081217,RH,81.646,G
63,25,NTL,AIRPORTWOO,20081217,WSP,2.243,G
63,25,NTL,AIRPORTWOO,20081217,RWSP,1.886,G
63,25,NTL,AIRPORTWOO,20081217,RWDI,244.82,G
63,25,NTL,AIRPORTWOO,20081217,VAP,1.290,G
63,25,NTL,AIRPORTWOO,20081217,DEW,-19.927,G
63,25,NTL,AIRPORTWOO,20081218,TMEA,-19.201,G
63,25,NTL,AIRPORTWOO,20081218,TMAX,-8.878,G
63,25,NTL,AIRPORTWOO,20081218,TMIN,-29.216,G
63,25,NTL,AIRPORTWOO,20081218,PREC,0,G
63,25,NTL,AIRPORTWOO,20081218,GRAD,6.6,G
63,25,NTL,AIRPORTWOO,20081218,RH,81.362,G
63,25,NTL,AIRPORTWOO,20081218,WSP,.913,G
63,25,NTL,AIRPORTWOO,20081218,RWSP,.415,Q
63,25,NTL,AIRPORTWOO,20081218,RWDI,103.11,G
63,25,NTL,AIRPORTWOO,20081218,VAP,1.250,G
63,25,NTL,AIRPORTWOO,20081218,DEW,-21.618,G
63,25,NTL,AIRPORTWOO,20081219,TMEA,-12.259,G
63,25,NTL,AIRPORTWOO,20081219,TMAX,-7.944,G
63,25,NTL,AIRPORTWOO,20081219,TMIN,-22.439,G
63,25,NTL,AIRPORTWOO,20081219,PREC,0,G
63,25,NTL,AIRPORTWOO,20081219,GRAD,3.2,G
63,25,NTL,AIRPORTWOO,20081219,RH,83.625,G
63,25,NTL,AIRPORTWOO,20081219,WSP,2.819,G
63,25,NTL,AIRPORTWOO,20081219,RWSP,2.547,G
63,25,NTL,AIRPORTWOO,20081219,RWDI,29.942,G
63,25,NTL,AIRPORTWOO,20081219,VAP,2.070,G
63,25,NTL,AIRPORTWOO,20081219,DEW,-14.479,G
63,25,NTL,AIRPORTWOO,20081220,TMEA,-14.518,G
63,25,NTL,AIRPORTWOO,20081220,TMAX,-8.35,G
63,25,NTL,AIRPORTWOO,20081220,TMIN,-24.624,G
63,25,NTL,AIRPORTWOO,20081220,PREC,0,G
63,25,NTL,AIRPORTWOO,20081220,GRAD,3.8,G
63,25,NTL,AIRPORTWOO,20081220,RH,85.747,G
63,25,NTL,AIRPORTWOO,20081220,WSP,2.165,G
63,25,NTL,AIRPORTWOO,20081220,RWSP,1.875,G
63,25,NTL,AIRPORTWOO,20081220,RWDI,107.12,G
63,25,NTL,AIRPORTWOO,20081220,VAP,1.880,G
63,25,NTL,AIRPORTWOO,20081220,DEW,-16.379,G
63,25,NTL,AIRPORTWOO,20081221,TMEA,-15.541,G
63,25,NTL,AIRPORTWOO,20081221,TMAX,-10.646,G
63,25,NTL,AIRPORTWOO,20081221,TMIN,-21.03,G
63,25,NTL,AIRPORTWOO,20081221,PREC,0,G
63,25,NTL,AIRPORTWOO,20081221,GRAD,3.4,G
63,25,NTL,AIRPORTWOO,20081221,RH,82.652,G
63,25,NTL,AIRPORTWOO,20081221,WSP,3.192,G
63,25,NTL,AIRPORTWOO,20081221,RWSP,2.729,G
63,25,NTL,AIRPORTWOO,20081221,RWDI,288.25,G
63,25,NTL,AIRPORTWOO,20081221,VAP,1.570,G
63,25,NTL,AIRPORTWOO,20081221,DEW,-17.822,G
63,25,NTL,AIRPORTWOO,20081222,TMEA,-20.652,G
63,25,NTL,AIRPORTWOO,20081222,TMAX,-15.242,G
63,25,NTL,AIRPORTWOO,20081222,TMIN,-25.81,G
63,25,NTL,AIRPORTWOO,20081222,PREC,0,G
63,25,NTL,AIRPORTWOO,20081222,GRAD,6.2,G
63,25,NTL,AIRPORTWOO,20081222,RH,77.067,G
63,25,NTL,AIRPORTWOO,20081222,WSP,2.273,G
63,25,NTL,AIRPORTWOO,20081222,RWSP,1.647,G
63,25,NTL,AIRPORTWOO,20081222,RWDI,255.29,G
63,25,NTL,AIRPORTWOO,20081222,VAP,0.930,G
63,25,NTL,AIRPORTWOO,20081222,DEW,-23.668,G
63,25,NTL,AIRPORTWOO,20081223,TMEA,-13.043,G
63,25,NTL,AIRPORTWOO,20081223,TMAX,-8.41,G
63,25,NTL,AIRPORTWOO,20081223,TMIN,-19.745,G
63,25,NTL,AIRPORTWOO,20081223,PREC,0,G
63,25,NTL,AIRPORTWOO,20081223,GRAD,3.0,G
63,25,NTL,AIRPORTWOO,20081223,RH,83.464,G
63,25,NTL,AIRPORTWOO,20081223,WSP,3.647,G
63,25,NTL,AIRPORTWOO,20081223,RWSP,3.443,G
63,25,NTL,AIRPORTWOO,20081223,RWDI,163.55,G
63,25,NTL,AIRPORTWOO,20081223,VAP,1.960,G
63,25,NTL,AIRPORTWOO,20081223,DEW,-15.257,G
63,25,NTL,AIRPORTWOO,20081224,TMEA,-10.262,G
63,25,NTL,AIRPORTWOO,20081224,TMAX,-7.984,G
63,25,NTL,AIRPORTWOO,20081224,TMIN,-15.404,G
63,25,NTL,AIRPORTWOO,20081224,PREC,0,G
63,25,NTL,AIRPORTWOO,20081224,GRAD,1.7,G
63,25,NTL,AIRPORTWOO,20081224,RH,86.409,G
63,25,NTL,AIRPORTWOO,20081224,WSP,1.759,G
63,25,NTL,AIRPORTWOO,20081224,RWSP,1.242,G
63,25,NTL,AIRPORTWOO,20081224,RWDI,282.28,G
63,25,NTL,AIRPORTWOO,20081224,VAP,2.480,G
63,25,NTL,AIRPORTWOO,20081224,DEW,-12.101,G
63,25,NTL,AIRPORTWOO,20081225,TMEA,-15.48,G
63,25,NTL,AIRPORTWOO,20081225,TMAX,-7.944,G
63,25,NTL,AIRPORTWOO,20081225,TMIN,-26.484,G
63,25,NTL,AIRPORTWOO,20081225,PREC,0,G
63,25,NTL,AIRPORTWOO,20081225,GRAD,6.1,G
63,25,NTL,AIRPORTWOO,20081225,RH,76.21,G
63,25,NTL,AIRPORTWOO,20081225,WSP,2.955,G
63,25,NTL,AIRPORTWOO,20081225,RWSP,2.684,G
63,25,NTL,AIRPORTWOO,20081225,RWDI,155.94,G
63,25,NTL,AIRPORTWOO,20081225,VAP,1.490,G
63,25,NTL,AIRPORTWOO,20081225,DEW,-18.829,G
63,25,NTL,AIRPORTWOO,20081226,TMEA,-3.252,G
63,25,NTL,AIRPORTWOO,20081226,TMAX,2.812,G
63,25,NTL,AIRPORTWOO,20081226,TMIN,-9.081,G
63,25,NTL,AIRPORTWOO,20081226,PREC,4.318,G
63,25,NTL,AIRPORTWOO,20081226,GRAD,1.3,G
63,25,NTL,AIRPORTWOO,20081226,RH,92.956,G
63,25,NTL,AIRPORTWOO,20081226,WSP,4.792,G
63,25,NTL,AIRPORTWOO,20081226,RWSP,4.641,G
63,25,NTL,AIRPORTWOO,20081226,RWDI,145.84,G
63,25,NTL,AIRPORTWOO,20081226,VAP,4.610,G
63,25,NTL,AIRPORTWOO,20081226,DEW,-4.224,G
63,25,NTL,AIRPORTWOO,20081227,TMEA,1.604,G
63,25,NTL,AIRPORTWOO,20081227,TMAX,4.956,G
63,25,NTL,AIRPORTWOO,20081227,TMIN,-2.672,G
63,25,NTL,AIRPORTWOO,20081227,PREC,1.524,G
63,25,NTL,AIRPORTWOO,20081227,GRAD,1.4,G
63,25,NTL,AIRPORTWOO,20081227,RH,95.485,G
63,25,NTL,AIRPORTWOO,20081227,WSP,2.585,G
63,25,NTL,AIRPORTWOO,20081227,RWSP,1.43,G
63,25,NTL,AIRPORTWOO,20081227,RWDI,219.31,G
63,25,NTL,AIRPORTWOO,20081227,VAP,6.660,G
63,25,NTL,AIRPORTWOO,20081227,DEW,.967,G
63,25,NTL,AIRPORTWOO,20081228,TMEA,-6.52,G
63,25,NTL,AIRPORTWOO,20081228,TMAX,-2.691,G
63,25,NTL,AIRPORTWOO,20081228,TMIN,-12.068,G
63,25,NTL,AIRPORTWOO,20081228,PREC,0,G
63,25,NTL,AIRPORTWOO,20081228,GRAD,4.8,G
63,25,NTL,AIRPORTWOO,20081228,RH,81.614,G
63,25,NTL,AIRPORTWOO,20081228,WSP,3.265,G
63,25,NTL,AIRPORTWOO,20081228,RWSP,2.156,G
63,25,NTL,AIRPORTWOO,20081228,RWDI,252.02,G
63,25,NTL,AIRPORTWOO,20081228,VAP,3.100,G
63,25,NTL,AIRPORTWOO,20081228,DEW,-9.237,G
63,25,NTL,AIRPORTWOO,20081229,TMEA,-8.042,G
63,25,NTL,AIRPORTWOO,20081229,TMAX,-3.076,G
63,25,NTL,AIRPORTWOO,20081229,TMIN,-14.794,G
63,25,NTL,AIRPORTWOO,20081229,PREC,0,G
63,25,NTL,AIRPORTWOO,20081229,GRAD,3.4,G
63,25,NTL,AIRPORTWOO,20081229,RH,72.416,G
63,25,NTL,AIRPORTWOO,20081229,WSP,3.96,G
63,25,NTL,AIRPORTWOO,20081229,RWSP,2.566,G
63,25,NTL,AIRPORTWOO,20081229,RWDI,266.24,G
63,25,NTL,AIRPORTWOO,20081229,VAP,2.500,G
63,25,NTL,AIRPORTWOO,20081229,DEW,-12.409,G
63,25,NTL,AIRPORTWOO,20081230,TMEA,-12.935,G
63,25,NTL,AIRPORTWOO,20081230,TMAX,-10.34,G
63,25,NTL,AIRPORTWOO,20081230,TMIN,-15.873,G
63,25,NTL,AIRPORTWOO,20081230,PREC,0,G
63,25,NTL,AIRPORTWOO,20081230,GRAD,1.5,G
63,25,NTL,AIRPORTWOO,20081230,RH,79.262,G
63,25,NTL,AIRPORTWOO,20081230,WSP,2.741,G
63,25,NTL,AIRPORTWOO,20081230,RWSP,2.189,G
63,25,NTL,AIRPORTWOO,20081230,RWDI,339.36,G
63,25,NTL,AIRPORTWOO,20081230,VAP,1.810,G
63,25,NTL,AIRPORTWOO,20081230,DEW,-15.784,G
63,25,NTL,AIRPORTWOO,20081231,TMEA,-16.875,G
63,25,NTL,AIRPORTWOO,20081231,TMAX,-11.926,G
63,25,NTL,AIRPORTWOO,20081231,TMIN,-22.376,G
63,25,NTL,AIRPORTWOO,20081231,PREC,0,G
63,25,NTL,AIRPORTWOO,20081231,GRAD,6.3,G
63,25,NTL,AIRPORTWOO,20081231,RH,74.822,G
63,25,NTL,AIRPORTWOO,20081231,WSP,2.125,G
63,25,NTL,AIRPORTWOO,20081231,RWSP,1.379,G
63,25,NTL,AIRPORTWOO,20081231,RWDI,282.1,G
63,25,NTL,AIRPORTWOO,20081231,VAP,1.230,G
63,25,NTL,AIRPORTWOO,20081231,DEW,-20.406,G
63,25,NTL,AIRPORTWOO,20090101,TMEA,-10.693,G
63,25,NTL,AIRPORTWOO,20090101,TMAX,-6.381,G
63,25,NTL,AIRPORTWOO,20090101,TMIN,-17.615,G
63,25,NTL,AIRPORTWOO,20090101,PREC,0,G
63,25,NTL,AIRPORTWOO,20090101,GRAD,2.2,G
63,25,NTL,AIRPORTWOO,20090101,RH,71.851,G
63,25,NTL,AIRPORTWOO,20090101,WSP,4.758,G
63,25,NTL,AIRPORTWOO,20090101,RWSP,4.147,G
63,25,NTL,AIRPORTWOO,20090101,RWDI,185.91,G
63,25,NTL,AIRPORTWOO,20090101,VAP,2.050,G
63,25,NTL,AIRPORTWOO,20090101,DEW,-14.846,G
63,25,NTL,AIRPORTWOO,20090102,TMEA,-14.86,G
63,25,NTL,AIRPORTWOO,20090102,TMAX,-8.857,G
63,25,NTL,AIRPORTWOO,20090102,TMIN,-20.541,G
63,25,NTL,AIRPORTWOO,20090102,PREC,0,G
63,25,NTL,AIRPORTWOO,20090102,GRAD,5.5,G
63,25,NTL,AIRPORTWOO,20090102,RH,76.215,G
63,25,NTL,AIRPORTWOO,20090102,WSP,2.6,G
63,25,NTL,AIRPORTWOO,20090102,RWSP,2.297,G
63,25,NTL,AIRPORTWOO,20090102,RWDI,273.99,G
63,25,NTL,AIRPORTWOO,20090102,VAP,1.490,G
63,25,NTL,AIRPORTWOO,20090102,DEW,-18.178,G
63,25,NTL,AIRPORTWOO,20090103,TMEA,-9.126,G
63,25,NTL,AIRPORTWOO,20090103,TMAX,-6.117,G
63,25,NTL,AIRPORTWOO,20090103,TMIN,-14.896,G
63,25,NTL,AIRPORTWOO,20090103,PREC,0,G
63,25,NTL,AIRPORTWOO,20090103,GRAD,2.7,G
63,25,NTL,AIRPORTWOO,20090103,RH,84.004,G
63,25,NTL,AIRPORTWOO,20090103,WSP,4.163,G
63,25,NTL,AIRPORTWOO,20090103,RWSP,3.986,G
63,25,NTL,AIRPORTWOO,20090103,RWDI,102.44,G
63,25,NTL,AIRPORTWOO,20090103,VAP,2.630,G
63,25,NTL,AIRPORTWOO,20090103,DEW,-11.351,G
63,25,NTL,AIRPORTWOO,20090104,TMEA,-10.535,G
63,25,NTL,AIRPORTWOO,20090104,TMAX,-5.55,G
63,25,NTL,AIRPORTWOO,20090104,TMIN,-22.174,G
63,25,NTL,AIRPORTWOO,20090104,PREC,0,G
63,25,NTL,AIRPORTWOO,20090104,GRAD,4.0,G
63,25,NTL,AIRPORTWOO,20090104,RH,79.662,G
63,25,NTL,AIRPORTWOO,20090104,WSP,3.386,G
63,25,NTL,AIRPORTWOO,20090104,RWSP,2.81,G
63,25,NTL,AIRPORTWOO,20090104,RWDI,261.41,G
63,25,NTL,AIRPORTWOO,20090104,VAP,2.450,G
63,25,NTL,AIRPORTWOO,20090104,DEW,-13.428,G
63,25,NTL,AIRPORTWOO,20090105,TMEA,-18.957,G
63,25,NTL,AIRPORTWOO,20090105,TMAX,-8.329,G
63,25,NTL,AIRPORTWOO,20090105,TMIN,-26.996,G
63,25,NTL,AIRPORTWOO,20090105,PREC,0,G
63,25,NTL,AIRPORTWOO,20090105,GRAD,5.5,G
63,25,NTL,AIRPORTWOO,20090105,RH,74.123,G
63,25,NTL,AIRPORTWOO,20090105,WSP,1.608,G
63,25,NTL,AIRPORTWOO,20090105,RWSP,1.197,G
63,25,NTL,AIRPORTWOO,20090105,RWDI,202.27,G
63,25,NTL,AIRPORTWOO,20090105,VAP,1.070,G
63,25,NTL,AIRPORTWOO,20090105,DEW,-22.542,G
63,25,NTL,AIRPORTWOO,20090106,TMEA,-13.843,G
63,25,NTL,AIRPORTWOO,20090106,TMAX,-4.9,G
63,25,NTL,AIRPORTWOO,20090106,TMIN,-22.398,G
63,25,NTL,AIRPORTWOO,20090106,PREC,0,G
63,25,NTL,AIRPORTWOO,20090106,GRAD,4.1,G
63,25,NTL,AIRPORTWOO,20090106,RH,74.506,G
63,25,NTL,AIRPORTWOO,20090106,WSP,1.666,G
63,25,NTL,AIRPORTWOO,20090106,RWSP,1.523,G
63,25,NTL,AIRPORTWOO,20090106,RWDI,134.52,G
63,25,NTL,AIRPORTWOO,20090106,VAP,1.610,G
63,25,NTL,AIRPORTWOO,20090106,DEW,-17.769,G
63,25,NTL,AIRPORTWOO,20090107,TMEA,-8.067,G
63,25,NTL,AIRPORTWOO,20090107,TMAX,-5.072,G
63,25,NTL,AIRPORTWOO,20090107,TMIN,-15.66,G
63,25,NTL,AIRPORTWOO,20090107,PREC,0,G
63,25,NTL,AIRPORTWOO,20090107,GRAD,2.3,G
63,25,NTL,AIRPORTWOO,20090107,RH,88.77,G
63,25,NTL,AIRPORTWOO,20090107,WSP,1.623,G
63,25,NTL,AIRPORTWOO,20090107,RWSP,1.351,G
63,25,NTL,AIRPORTWOO,20090107,RWDI,331.22,G
63,25,NTL,AIRPORTWOO,20090107,VAP,3.000,G
63,25,NTL,AIRPORTWOO,20090107,DEW,-9.598,G
63,25,NTL,AIRPORTWOO,20090108,TMEA,-13.196,G
63,25,NTL,AIRPORTWOO,20090108,TMAX,-6.412,G
63,25,NTL,AIRPORTWOO,20090108,TMIN,-24.971,G
63,25,NTL,AIRPORTWOO,20090108,PREC,0,G
63,25,NTL,AIRPORTWOO,20090108,GRAD,5.1,G
63,25,NTL,AIRPORTWOO,20090108,RH,79.181,G
63,25,NTL,AIRPORTWOO,20090108,WSP,2.374,G
63,25,NTL,AIRPORTWOO,20090108,RWSP,2.025,G
63,25,NTL,AIRPORTWOO,20090108,RWDI,305.3,G
63,25,NTL,AIRPORTWOO,20090108,VAP,1.860,G
63,25,NTL,AIRPORTWOO,20090108,DEW,-16.104,G
63,25,NTL,AIRPORTWOO,20090109,TMEA,-16.943,G
63,25,NTL,AIRPORTWOO,20090109,TMAX,-10.056,G
63,25,NTL,AIRPORTWOO,20090109,TMIN,-24.583,G
63,25,NTL,AIRPORTWOO,20090109,PREC,0,G
63,25,NTL,AIRPORTWOO,20090109,GRAD,5.8,G
63,25,NTL,AIRPORTWOO,20090109,RH,79.61,G
63,25,NTL,AIRPORTWOO,20090109,WSP,1.205,G
63,25,NTL,AIRPORTWOO,20090109,RWSP,.797,G
63,25,NTL,AIRPORTWOO,20090109,RWDI,13.468,G
63,25,NTL,AIRPORTWOO,20090109,VAP,1.320,G
63,25,NTL,AIRPORTWOO,20090109,DEW,-19.719,G
63,25,NTL,AIRPORTWOO,20090110,TMEA,-18.241,G
63,25,NTL,AIRPORTWOO,20090110,TMAX,-7.68,G
63,25,NTL,AIRPORTWOO,20090110,TMIN,-26.494,G
63,25,NTL,AIRPORTWOO,20090110,PREC,0,G
63,25,NTL,AIRPORTWOO,20090110,GRAD,7.1,G
63,25,NTL,AIRPORTWOO,20090110,RH,79.38,G
63,25,NTL,AIRPORTWOO,20090110,WSP,.722,G
63,25,NTL,AIRPORTWOO,20090110,RWSP,.152,Q
63,25,NTL,AIRPORTWOO,20090110,RWDI,197.77,G
63,25,NTL,AIRPORTWOO,20090110,VAP,1.240,G
63,25,NTL,AIRPORTWOO,20090110,DEW,-21.035,G
63,25,NTL,AIRPORTWOO,20090111,TMEA,-14.098,G
63,25,NTL,AIRPORTWOO,20090111,TMAX,-7.964,G
63,25,NTL,AIRPORTWOO,20090111,TMIN,-21.234,G
63,25,NTL,AIRPORTWOO,20090111,PREC,0,G
63,25,NTL,AIRPORTWOO,20090111,GRAD,4.2,G
63,25,NTL,AIRPORTWOO,20090111,RH,81.018,G
63,25,NTL,AIRPORTWOO,20090111,WSP,1.286,G
63,25,NTL,AIRPORTWOO,20090111,RWSP,.794,G
63,25,NTL,AIRPORTWOO,20090111,RWDI,262.09,G
63,25,NTL,AIRPORTWOO,20090111,VAP,1.730,G
63,25,NTL,AIRPORTWOO,20090111,DEW,-16.695,G
63,25,NTL,AIRPORTWOO,20090112,TMEA,-15.47,G
63,25,NTL,AIRPORTWOO,20090112,TMAX,-9.68,G
63,25,NTL,AIRPORTWOO,20090112,TMIN,-22.439,G
63,25,NTL,AIRPORTWOO,20090112,PREC,0,G
63,25,NTL,AIRPORTWOO,20090112,GRAD,2.7,G
63,25,NTL,AIRPORTWOO,20090112,RH,83.04,G
63,25,NTL,AIRPORTWOO,20090112,WSP,2.073,G
63,25,NTL,AIRPORTWOO,20090112,RWSP,1.653,G
63,25,NTL,AIRPORTWOO,20090112,RWDI,348.68,G
63,25,NTL,AIRPORTWOO,20090112,VAP,1.630,G
63,25,NTL,AIRPORTWOO,20090112,DEW,-17.71,G
63,25,NTL,AIRPORTWOO,20090113,TMEA,-22.087,G
63,25,NTL,AIRPORTWOO,20090113,TMAX,-15.72,G
63,25,NTL,AIRPORTWOO,20090113,TMIN,-29.226,G
63,25,NTL,AIRPORTWOO,20090113,PREC,0,G
63,25,NTL,AIRPORTWOO,20090113,GRAD,7.4,G
63,25,NTL,AIRPORTWOO,20090113,RH,75.469,G
63,25,NTL,AIRPORTWOO,20090113,WSP,1.975,G
63,25,NTL,AIRPORTWOO,20090113,RWSP,1.673,G
63,25,NTL,AIRPORTWOO,20090113,RWDI,318.39,G
63,25,NTL,AIRPORTWOO,20090113,VAP,0.820,G
63,25,NTL,AIRPORTWOO,20090113,DEW,-25.331,G
63,25,NTL,AIRPORTWOO,20090114,TMEA,-23.207,G
63,25,NTL,AIRPORTWOO,20090114,TMAX,-17.177,G
63,25,NTL,AIRPORTWOO,20090114,TMIN,-28.734,G
63,25,NTL,AIRPORTWOO,20090114,PREC,0,G
63,25,NTL,AIRPORTWOO,20090114,GRAD,7.1,G
63,25,NTL,AIRPORTWOO,20090114,RH,73.686,G
63,25,NTL,AIRPORTWOO,20090114,WSP,2.312,G
63,25,NTL,AIRPORTWOO,20090114,RWSP,1.958,G
63,25,NTL,AIRPORTWOO,20090114,RWDI,304.49,G
63,25,NTL,AIRPORTWOO,20090114,VAP,0.720,G
63,25,NTL,AIRPORTWOO,20090114,DEW,-26.665,G
63,25,NTL,AIRPORTWOO,20090115,TMEA,-25.572,G
63,25,NTL,AIRPORTWOO,20090115,TMAX,-19.826,G
63,25,NTL,AIRPORTWOO,20090115,TMIN,-30.454,G
63,25,NTL,AIRPORTWOO,20090115,PREC,0,G
63,25,NTL,AIRPORTWOO,20090115,GRAD,7.7,G
63,25,NTL,AIRPORTWOO,20090115,RH,69.334,G
63,25,NTL,AIRPORTWOO,20090115,WSP,2.683,G
63,25,NTL,AIRPORTWOO,20090115,RWSP,2.515,G
63,25,NTL,AIRPORTWOO,20090115,RWDI,272.02,G
63,25,NTL,AIRPORTWOO,20090115,VAP,0.530,G
63,25,NTL,AIRPORTWOO,20090115,DEW,-29.67,G
63,25,NTL,AIRPORTWOO,20090116,TMEA,-23.268,G
63,25,NTL,AIRPORTWOO,20090116,TMAX,-15.69,G
63,25,NTL,AIRPORTWOO,20090116,TMIN,-33.855,G
63,25,NTL,AIRPORTWOO,20090116,PREC,0,G
63,25,NTL,AIRPORTWOO,20090116,GRAD,7.8,G
63,25,NTL,AIRPORTWOO,20090116,RH,59.16,Q
63,25,NTL,AIRPORTWOO,20090116,WSP,2.403,G
63,25,NTL,AIRPORTWOO,20090116,RWSP,2.007,G
63,25,NTL,AIRPORTWOO,20090116,RWDI,203.18,G
63,25,NTL,AIRPORTWOO,20090116,VAP,0.550,G
63,25,NTL,AIRPORTWOO,20090116,DEW,-29.526,G
63,25,NTL,AIRPORTWOO,20090117,TMEA,-16.489,G
63,25,NTL,AIRPORTWOO,20090117,TMAX,-13.034,G
63,25,NTL,AIRPORTWOO,20090117,TMIN,-20.194,G
63,25,NTL,AIRPORTWOO,20090117,PREC,0,G
63,25,NTL,AIRPORTWOO,20090117,GRAD,3.5,G
63,25,NTL,AIRPORTWOO,20090117,RH,80.456,G
63,25,NTL,AIRPORTWOO,20090117,WSP,3.39,G
63,25,NTL,AIRPORTWOO,20090117,RWSP,1.381,G
63,25,NTL,AIRPORTWOO,20090117,RWDI,205.81,G
63,25,NTL,AIRPORTWOO,20090117,VAP,1.380,G
63,25,NTL,AIRPORTWOO,20090117,DEW,-19.079,G
63,25,NTL,AIRPORTWOO,20090118,TMEA,-12.678,G
63,25,NTL,AIRPORTWOO,20090118,TMAX,-8.654,G
63,25,NTL,AIRPORTWOO,20090118,TMIN,-18.378,G
63,25,NTL,AIRPORTWOO,20090118,PREC,0,G
63,25,NTL,AIRPORTWOO,20090118,GRAD,4.1,G
63,25,NTL,AIRPORTWOO,20090118,RH,85.545,G
63,25,NTL,AIRPORTWOO,20090118,WSP,1.329,G
63,25,NTL,AIRPORTWOO,20090118,RWSP,1.09,G
63,25,NTL,AIRPORTWOO,20090118,RWDI,318.85,G
63,25,NTL,AIRPORTWOO,20090118,VAP,2.000,G
63,25,NTL,AIRPORTWOO,20090118,DEW,-14.607,G
63,25,NTL,AIRPORTWOO,20090119,TMEA,-12.273,G
63,25,NTL,AIRPORTWOO,20090119,TMAX,-10.259,G
63,25,NTL,AIRPORTWOO,20090119,TMIN,-17.238,G
63,25,NTL,AIRPORTWOO,20090119,PREC,0,G
63,25,NTL,AIRPORTWOO,20090119,GRAD,2.4,G
63,25,NTL,AIRPORTWOO,20090119,RH,86.695,G
63,25,NTL,AIRPORTWOO,20090119,WSP,1.509,G
63,25,NTL,AIRPORTWOO,20090119,RWSP,1.243,G
63,25,NTL,AIRPORTWOO,20090119,RWDI,326.26,G
63,25,NTL,AIRPORTWOO,20090119,VAP,2.080,G
63,25,NTL,AIRPORTWOO,20090119,DEW,-14.042,G
63,25,NTL,AIRPORTWOO,20090120,TMEA,-10.694,G
63,25,NTL,AIRPORTWOO,20090120,TMAX,-8.329,G
63,25,NTL,AIRPORTWOO,20090120,TMIN,-12.984,G
63,25,NTL,AIRPORTWOO,20090120,PREC,0,G
63,25,NTL,AIRPORTWOO,20090120,GRAD,3.8,G
63,25,NTL,AIRPORTWOO,20090120,RH,82.006,G
63,25,NTL,AIRPORTWOO,20090120,WSP,2.729,G
63,25,NTL,AIRPORTWOO,20090120,RWSP,1.371,G
63,25,NTL,AIRPORTWOO,20090120,RWDI,278.27,G
63,25,NTL,AIRPORTWOO,20090120,VAP,2.230,G
63,25,NTL,AIRPORTWOO,20090120,DEW,-13.175,G
63,25,NTL,AIRPORTWOO,20090121,TMEA,-9.269,G
63,25,NTL,AIRPORTWOO,20090121,TMAX,-7.162,G
63,25,NTL,AIRPORTWOO,20090121,TMIN,-11.276,G
63,25,NTL,AIRPORTWOO,20090121,PREC,0,G
63,25,NTL,AIRPORTWOO,20090121,GRAD,3.6,G
63,25,NTL,AIRPORTWOO,20090121,RH,87.974,G
63,25,NTL,AIRPORTWOO,20090121,WSP,2.323,G
63,25,NTL,AIRPORTWOO,20090121,RWSP,2.137,G
63,25,NTL,AIRPORTWOO,20090121,RWDI,255.44,G
63,25,NTL,AIRPORTWOO,20090121,VAP,2.680,G
63,25,NTL,AIRPORTWOO,20090121,DEW,-10.903,G
63,25,NTL,AIRPORTWOO,20090122,TMEA,-7.523,G
63,25,NTL,AIRPORTWOO,20090122,TMAX,-6.31,G
63,25,NTL,AIRPORTWOO,20090122,TMIN,-8.99,G
63,25,NTL,AIRPORTWOO,20090122,PREC,0,G
63,25,NTL,AIRPORTWOO,20090122,GRAD,2.7,G
63,25,NTL,AIRPORTWOO,20090122,RH,92.337,G
63,25,NTL,AIRPORTWOO,20090122,WSP,1.996,G
63,25,NTL,AIRPORTWOO,20090122,RWSP,.928,G
63,25,NTL,AIRPORTWOO,20090122,RWDI,133.47,G
63,25,NTL,AIRPORTWOO,20090122,VAP,3.220,G
63,25,NTL,AIRPORTWOO,20090122,DEW,-8.553,G
63,25,NTL,AIRPORTWOO,20090123,TMEA,-12.084,G
63,25,NTL,AIRPORTWOO,20090123,TMAX,-6.665,G
63,25,NTL,AIRPORTWOO,20090123,TMIN,-20.888,G
63,25,NTL,AIRPORTWOO,20090123,PREC,0,G
63,25,NTL,AIRPORTWOO,20090123,GRAD,4.8,G
63,25,NTL,AIRPORTWOO,20090123,RH,81.736,G
63,25,NTL,AIRPORTWOO,20090123,WSP,3.623,G
63,25,NTL,AIRPORTWOO,20090123,RWSP,3.151,G
63,25,NTL,AIRPORTWOO,20090123,RWDI,309.82,G
63,25,NTL,AIRPORTWOO,20090123,VAP,2.160,G
63,25,NTL,AIRPORTWOO,20090123,DEW,-14.604,G
63,25,NTL,AIRPORTWOO,20090124,TMEA,-21.302,G
63,25,NTL,AIRPORTWOO,20090124,TMAX,-13.838,G
63,25,NTL,AIRPORTWOO,20090124,TMIN,-27.792,G
63,25,NTL,AIRPORTWOO,20090124,PREC,0,G
63,25,NTL,AIRPORTWOO,20090124,GRAD,9.1,G
63,25,NTL,AIRPORTWOO,20090124,RH,66.673,G
63,25,NTL,AIRPORTWOO,20090124,WSP,3.213,G
63,25,NTL,AIRPORTWOO,20090124,RWSP,2.986,G
63,25,NTL,AIRPORTWOO,20090124,RWDI,249.93,G
63,25,NTL,AIRPORTWOO,20090124,VAP,0.730,G
63,25,NTL,AIRPORTWOO,20090124,DEW,-26.185,G
63,25,NTL,AIRPORTWOO,20090125,TMEA,-22.39,G
63,25,NTL,AIRPORTWOO,20090125,TMAX,-16.077,G
63,25,NTL,AIRPORTWOO,20090125,TMIN,-27.302,G
63,25,NTL,AIRPORTWOO,20090125,PREC,0,G
63,25,NTL,AIRPORTWOO,20090125,GRAD,7.4,G
63,25,NTL,AIRPORTWOO,20090125,RH,66.388,G
63,25,NTL,AIRPORTWOO,20090125,WSP,2.111,G
63,25,NTL,AIRPORTWOO,20090125,RWSP,1.955,G
63,25,NTL,AIRPORTWOO,20090125,RWDI,261.01,G
63,25,NTL,AIRPORTWOO,20090125,VAP,0.670,G
63,25,NTL,AIRPORTWOO,20090125,DEW,-27.093,G
63,25,NTL,AIRPORTWOO,20090126,TMEA,-21.711,G
63,25,NTL,AIRPORTWOO,20090126,TMAX,-14.336,G
63,25,NTL,AIRPORTWOO,20090126,TMIN,-27.588,G
63,25,NTL,AIRPORTWOO,20090126,PREC,0,G
63,25,NTL,AIRPORTWOO,20090126,GRAD,8.3,G
63,25,NTL,AIRPORTWOO,20090126,RH,63.177,G
63,25,NTL,AIRPORTWOO,20090126,WSP,2.186,G
63,25,NTL,AIRPORTWOO,20090126,RWSP,2.023,G
63,25,NTL,AIRPORTWOO,20090126,RWDI,256.79,G
63,25,NTL,AIRPORTWOO,20090126,VAP,0.670,G
63,25,NTL,AIRPORTWOO,20090126,DEW,-27.094,G
63,25,NTL,AIRPORTWOO,20090127,TMEA,-22.543,G
63,25,NTL,AIRPORTWOO,20090127,TMAX,-10.544,G
63,25,NTL,AIRPORTWOO,20090127,TMIN,-32.114,G
63,25,NTL,AIRPORTWOO,20090127,PREC,0,G
63,25,NTL,AIRPORTWOO,20090127,GRAD,7.3,G
63,25,NTL,AIRPORTWOO,20090127,RH,64.774,G
63,25,NTL,AIRPORTWOO,20090127,WSP,.933,G
63,25,NTL,AIRPORTWOO,20090127,RWSP,.545,G
63,25,NTL,AIRPORTWOO,20090127,RWDI,183.25,G
63,25,NTL,AIRPORTWOO,20090127,VAP,0.650,G
63,25,NTL,AIRPORTWOO,20090127,DEW,-27.858,G
63,25,NTL,AIRPORTWOO,20090128,TMEA,-17.906,G
63,25,NTL,AIRPORTWOO,20090128,TMAX,-9.71,G
63,25,NTL,AIRPORTWOO,20090128,TMIN,-28.898,G
63,25,NTL,AIRPORTWOO,20090128,PREC,0,G
63,25,NTL,AIRPORTWOO,20090128,GRAD,8.0,G
63,25,NTL,AIRPORTWOO,20090128,RH,69.343,G
63,25,NTL,AIRPORTWOO,20090128,WSP,1.737,G
63,25,NTL,AIRPORTWOO,20090128,RWSP,1.466,G
63,25,NTL,AIRPORTWOO,20090128,RWDI,188.29,G
63,25,NTL,AIRPORTWOO,20090128,VAP,1.130,G
63,25,NTL,AIRPORTWOO,20090128,DEW,-22.395,G
63,25,NTL,AIRPORTWOO,20090129,TMEA,-12.922,G
63,25,NTL,AIRPORTWOO,20090129,TMAX,-9.548,G
63,25,NTL,AIRPORTWOO,20090129,TMIN,-18.451,G
63,25,NTL,AIRPORTWOO,20090129,PREC,0,G
63,25,NTL,AIRPORTWOO,20090129,GRAD,3.8,G
63,25,NTL,AIRPORTWOO,20090129,RH,80.541,G
63,25,NTL,AIRPORTWOO,20090129,WSP,2.106,G
63,25,NTL,AIRPORTWOO,20090129,RWSP,1.824,G
63,25,NTL,AIRPORTWOO,20090129,RWDI,284.86,G
63,25,NTL,AIRPORTWOO,20090129,VAP,1.840,G
63,25,NTL,AIRPORTWOO,20090129,DEW,-15.604,G
63,25,NTL,AIRPORTWOO,20090130,TMEA,-17.669,G
63,25,NTL,AIRPORTWOO,20090130,TMAX,-11.844,G
63,25,NTL,AIRPORTWOO,20090130,TMIN,-26.096,G
63,25,NTL,AIRPORTWOO,20090130,PREC,0,G
63,25,NTL,AIRPORTWOO,20090130,GRAD,8.4,G
63,25,NTL,AIRPORTWOO,20090130,RH,73.335,G
63,25,NTL,AIRPORTWOO,20090130,WSP,1.886,G
63,25,NTL,AIRPORTWOO,20090130,RWSP,1.444,G
63,25,NTL,AIRPORTWOO,20090130,RWDI,256.29,G
63,25,NTL,AIRPORTWOO,20090130,VAP,1.130,G
63,25,NTL,AIRPORTWOO,20090130,DEW,-21.462,G
63,25,NTL,AIRPORTWOO,20090131,TMEA,-6.347,G
63,25,NTL,AIRPORTWOO,20090131,TMAX,1.478,G
63,25,NTL,AIRPORTWOO,20090131,TMIN,-14.398,G
63,25,NTL,AIRPORTWOO,20090131,PREC,.254,G
63,25,NTL,AIRPORTWOO,20090131,GRAD,3.5,G
63,25,NTL,AIRPORTWOO,20090131,RH,85.267,G
63,25,NTL,AIRPORTWOO,20090131,WSP,3.357,G
63,25,NTL,AIRPORTWOO,20090131,RWSP,2.61,G
63,25,NTL,AIRPORTWOO,20090131,RWDI,201.57,G
63,25,NTL,AIRPORTWOO,20090131,VAP,3.380,G
63,25,NTL,AIRPORTWOO,20090131,DEW,-8.514,G
63,25,NTL,AIRPORTWOO,20090201,TMEA,-2.907,G
63,25,NTL,AIRPORTWOO,20090201,TMAX,.154,G
63,25,NTL,AIRPORTWOO,20090201,TMIN,-6.766,G
63,25,NTL,AIRPORTWOO,20090201,PREC,0,G
63,25,NTL,AIRPORTWOO,20090201,GRAD,6.2,G
63,25,NTL,AIRPORTWOO,20090201,RH,63.292,G
63,25,NTL,AIRPORTWOO,20090201,WSP,5.287,G
63,25,NTL,AIRPORTWOO,20090201,RWSP,4.812,G
63,25,NTL,AIRPORTWOO,20090201,RWDI,263.46,G
63,25,NTL,AIRPORTWOO,20090201,VAP,3.100,G
63,25,NTL,AIRPORTWOO,20090201,DEW,-9.044,G
63,25,NTL,AIRPORTWOO,20090202,TMEA,-12.229,G
63,25,NTL,AIRPORTWOO,20090202,TMAX,-6.685,G
63,25,NTL,AIRPORTWOO,20090202,TMIN,-15.904,G
63,25,NTL,AIRPORTWOO,20090202,PREC,0,G
63,25,NTL,AIRPORTWOO,20090202,GRAD,8.1,G
63,25,NTL,AIRPORTWOO,20090202,RH,76.494,G
63,25,NTL,AIRPORTWOO,20090202,WSP,3.343,G
63,25,NTL,AIRPORTWOO,20090202,RWSP,2.24,G
63,25,NTL,AIRPORTWOO,20090202,RWDI,297.37,G
63,25,NTL,AIRPORTWOO,20090202,VAP,1.890,G
63,25,NTL,AIRPORTWOO,20090202,DEW,-15.574,G
63,25,NTL,AIRPORTWOO,20090203,TMEA,-17.945,G
63,25,NTL,AIRPORTWOO,20090203,TMAX,-15.16,G
63,25,NTL,AIRPORTWOO,20090203,TMIN,-24.848,G
63,25,NTL,AIRPORTWOO,20090203,PREC,0,G
63,25,NTL,AIRPORTWOO,20090203,GRAD,7.0,G
63,25,NTL,AIRPORTWOO,20090203,RH,76.785,G
63,25,NTL,AIRPORTWOO,20090203,WSP,4.584,G
63,25,NTL,AIRPORTWOO,20090203,RWSP,4.384,G
63,25,NTL,AIRPORTWOO,20090203,RWDI,353.54,G
63,25,NTL,AIRPORTWOO,20090203,VAP,1.160,G
63,25,NTL,AIRPORTWOO,20090203,DEW,-21.075,G
63,25,NTL,AIRPORTWOO,20090204,TMEA,-20.229,G
63,25,NTL,AIRPORTWOO,20090204,TMAX,-10.056,G
63,25,NTL,AIRPORTWOO,20090204,TMIN,-28.335,G
63,25,NTL,AIRPORTWOO,20090204,PREC,0,G
63,25,NTL,AIRPORTWOO,20090204,GRAD,10.4,G
63,25,NTL,AIRPORTWOO,20090204,RH,72.856,G
63,25,NTL,AIRPORTWOO,20090204,WSP,1.038,G
63,25,NTL,AIRPORTWOO,20090204,RWSP,.209,Q
63,25,NTL,AIRPORTWOO,20090204,RWDI,219.75,G
63,25,NTL,AIRPORTWOO,20090204,VAP,0.940,G
63,25,NTL,AIRPORTWOO,20090204,DEW,-24.02,G
63,25,NTL,AIRPORTWOO,20090205,TMEA,-11.931,G
63,25,NTL,AIRPORTWOO,20090205,TMAX,-3.097,G
63,25,NTL,AIRPORTWOO,20090205,TMIN,-17.299,G
63,25,NTL,AIRPORTWOO,20090205,PREC,0,G
63,25,NTL,AIRPORTWOO,20090205,GRAD,9.0,G
63,25,NTL,AIRPORTWOO,20090205,RH,66.827,G
63,25,NTL,AIRPORTWOO,20090205,WSP,2.857,G
63,25,NTL,AIRPORTWOO,20090205,RWSP,2.459,G
63,25,NTL,AIRPORTWOO,20090205,RWDI,190.31,G
63,25,NTL,AIRPORTWOO,20090205,VAP,1.650,G
63,25,NTL,AIRPORTWOO,20090205,DEW,-17.062,G
63,25,NTL,AIRPORTWOO,20090206,TMEA,-7.133,G
63,25,NTL,AIRPORTWOO,20090206,TMAX,2.925,G
63,25,NTL,AIRPORTWOO,20090206,TMIN,-19.848,G
63,25,NTL,AIRPORTWOO,20090206,PREC,.762,G
63,25,NTL,AIRPORTWOO,20090206,GRAD,8.9,G
63,25,NTL,AIRPORTWOO,20090206,RH,72.649,G
63,25,NTL,AIRPORTWOO,20090206,WSP,3.331,G
63,25,NTL,AIRPORTWOO,20090206,RWSP,3.181,G
63,25,NTL,AIRPORTWOO,20090206,RWDI,157.2,G
63,25,NTL,AIRPORTWOO,20090206,VAP,2.880,G
63,25,NTL,AIRPORTWOO,20090206,DEW,-11.504,G
63,25,NTL,AIRPORTWOO,20090207,TMEA,-.037,G
63,25,NTL,AIRPORTWOO,20090207,TMAX,3.298,G
63,25,NTL,AIRPORTWOO,20090207,TMIN,-4.374,G
63,25,NTL,AIRPORTWOO,20090207,PREC,0,G
63,25,NTL,AIRPORTWOO,20090207,GRAD,2.5,G
63,25,NTL,AIRPORTWOO,20090207,RH,85.57,G
63,25,NTL,AIRPORTWOO,20090207,WSP,3.644,G
63,25,NTL,AIRPORTWOO,20090207,RWSP,1.886,G
63,25,NTL,AIRPORTWOO,20090207,RWDI,275.83,G
63,25,NTL,AIRPORTWOO,20090207,VAP,5.260,G
63,25,NTL,AIRPORTWOO,20090207,DEW,-2.194,G
63,25,NTL,AIRPORTWOO,20090208,TMEA,-4.569,G
63,25,NTL,AIRPORTWOO,20090208,TMAX,2.408,G
63,25,NTL,AIRPORTWOO,20090208,TMIN,-11.021,G
63,25,NTL,AIRPORTWOO,20090208,PREC,0,G
63,25,NTL,AIRPORTWOO,20090208,GRAD,10.6,G
63,25,NTL,AIRPORTWOO,20090208,RH,76.49,G
63,25,NTL,AIRPORTWOO,20090208,WSP,1.955,G
63,25,NTL,AIRPORTWOO,20090208,RWSP,1.713,G
63,25,NTL,AIRPORTWOO,20090208,RWDI,227.05,G
63,25,NTL,AIRPORTWOO,20090208,VAP,3.290,G
63,25,NTL,AIRPORTWOO,20090208,DEW,-8.348,G
63,25,NTL,AIRPORTWOO,20090209,TMEA,-1.878,G
63,25,NTL,AIRPORTWOO,20090209,TMAX,2.57,G
63,25,NTL,AIRPORTWOO,20090209,TMIN,-10.746,G
63,25,NTL,AIRPORTWOO,20090209,PREC,1.016,G
63,25,NTL,AIRPORTWOO,20090209,GRAD,2.0,G
63,25,NTL,AIRPORTWOO,20090209,RH,85.614,G
63,25,NTL,AIRPORTWOO,20090209,WSP,3.833,G
63,25,NTL,AIRPORTWOO,20090209,RWSP,3.709,G
63,25,NTL,AIRPORTWOO,20090209,RWDI,126.59,G
63,25,NTL,AIRPORTWOO,20090209,VAP,4.730,G
63,25,NTL,AIRPORTWOO,20090209,DEW,-4.054,G
63,25,NTL,AIRPORTWOO,20090210,TMEA,3.447,G
63,25,NTL,AIRPORTWOO,20090210,TMAX,5.935,G
63,25,NTL,AIRPORTWOO,20090210,TMIN,1.5,G
63,25,NTL,AIRPORTWOO,20090210,PREC,.508,G
63,25,NTL,AIRPORTWOO,20090210,GRAD,1.3,G
63,25,NTL,AIRPORTWOO,20090210,RH,86.543,G
63,25,NTL,AIRPORTWOO,20090210,WSP,6.34,G
63,25,NTL,AIRPORTWOO,20090210,RWSP,5.358,G
63,25,NTL,AIRPORTWOO,20090210,RWDI,191.62,G
63,25,NTL,AIRPORTWOO,20090210,VAP,6.790,G
63,25,NTL,AIRPORTWOO,20090210,DEW,1.387,G
63,25,NTL,AIRPORTWOO,20090211,TMEA,.257,G
63,25,NTL,AIRPORTWOO,20090211,TMAX,1.478,G
63,25,NTL,AIRPORTWOO,20090211,TMIN,-.514,G
63,25,NTL,AIRPORTWOO,20090211,PREC,0,G
63,25,NTL,AIRPORTWOO,20090211,GRAD,1.7,G
63,25,NTL,AIRPORTWOO,20090211,RH,92.179,G
63,25,NTL,AIRPORTWOO,20090211,WSP,2.022,G
63,25,NTL,AIRPORTWOO,20090211,RWSP,1.451,G
63,25,NTL,AIRPORTWOO,20090211,RWDI,267.65,G
63,25,NTL,AIRPORTWOO,20090211,VAP,5.730,G
63,25,NTL,AIRPORTWOO,20090211,DEW,-.866,G
63,25,NTL,AIRPORTWOO,20090212,TMEA,-2.426,G
63,25,NTL,AIRPORTWOO,20090212,TMAX,-.403,G
63,25,NTL,AIRPORTWOO,20090212,TMIN,-4.778,G
63,25,NTL,AIRPORTWOO,20090212,PREC,0,G
63,25,NTL,AIRPORTWOO,20090212,GRAD,2.1,G
63,25,NTL,AIRPORTWOO,20090212,RH,88.253,G
63,25,NTL,AIRPORTWOO,20090212,WSP,3.464,G
63,25,NTL,AIRPORTWOO,20090212,RWSP,3.294,G
63,25,NTL,AIRPORTWOO,20090212,RWDI,266.22,G
63,25,NTL,AIRPORTWOO,20090212,VAP,4.540,G
63,25,NTL,AIRPORTWOO,20090212,DEW,-4.124,G
63,25,NTL,AIRPORTWOO,20090213,TMEA,-4.698,G
63,25,NTL,AIRPORTWOO,20090213,TMAX,-2.073,G
63,25,NTL,AIRPORTWOO,20090213,TMIN,-6.422,G
63,25,NTL,AIRPORTWOO,20090213,PREC,0,G
63,25,NTL,AIRPORTWOO,20090213,GRAD,3.8,G
63,25,NTL,AIRPORTWOO,20090213,RH,83.358,G
63,25,NTL,AIRPORTWOO,20090213,WSP,1.668,G
63,25,NTL,AIRPORTWOO,20090213,RWSP,1.291,G
63,25,NTL,AIRPORTWOO,20090213,RWDI,275.3,G
63,25,NTL,AIRPORTWOO,20090213,VAP,3.590,G
63,25,NTL,AIRPORTWOO,20090213,DEW,-7.118,G
63,25,NTL,AIRPORTWOO,20090214,TMEA,-9.358,G
63,25,NTL,AIRPORTWOO,20090214,TMAX,-6.422,G
63,25,NTL,AIRPORTWOO,20090214,TMIN,-17.798,G
63,25,NTL,AIRPORTWOO,20090214,PREC,0,G
63,25,NTL,AIRPORTWOO,20090214,GRAD,6.7,G
63,25,NTL,AIRPORTWOO,20090214,RH,82.696,G
63,25,NTL,AIRPORTWOO,20090214,WSP,1.897,G
63,25,NTL,AIRPORTWOO,20090214,RWSP,1.64,G
63,25,NTL,AIRPORTWOO,20090214,RWDI,303.33,G
63,25,NTL,AIRPORTWOO,20090214,VAP,2.530,G
63,25,NTL,AIRPORTWOO,20090214,DEW,-11.809,G
63,25,NTL,AIRPORTWOO,20090215,TMEA,-11.902,G
63,25,NTL,AIRPORTWOO,20090215,TMAX,-6.574,G
63,25,NTL,AIRPORTWOO,20090215,TMIN,-19.562,G
63,25,NTL,AIRPORTWOO,20090215,PREC,0,G
63,25,NTL,AIRPORTWOO,20090215,GRAD,9.8,G
63,25,NTL,AIRPORTWOO,20090215,RH,73.563,G
63,25,NTL,AIRPORTWOO,20090215,WSP,1.878,G
63,25,NTL,AIRPORTWOO,20090215,RWSP,1.576,G
63,25,NTL,AIRPORTWOO,20090215,RWDI,329.22,G
63,25,NTL,AIRPORTWOO,20090215,VAP,1.800,G
63,25,NTL,AIRPORTWOO,20090215,DEW,-15.88,G
63,25,NTL,AIRPORTWOO,20090216,TMEA,-10.743,G
63,25,NTL,AIRPORTWOO,20090216,TMAX,-3.005,G
63,25,NTL,AIRPORTWOO,20090216,TMIN,-22.766,G
63,25,NTL,AIRPORTWOO,20090216,PREC,0,G
63,25,NTL,AIRPORTWOO,20090216,GRAD,6.9,G
63,25,NTL,AIRPORTWOO,20090216,RH,63.859,G
63,25,NTL,AIRPORTWOO,20090216,WSP,2.578,G
63,25,NTL,AIRPORTWOO,20090216,RWSP,2.402,G
63,25,NTL,AIRPORTWOO,20090216,RWDI,185.47,G
63,25,NTL,AIRPORTWOO,20090216,VAP,1.770,G
63,25,NTL,AIRPORTWOO,20090216,DEW,-16.79,G
63,25,NTL,AIRPORTWOO,20090217,TMEA,-2.516,G
63,25,NTL,AIRPORTWOO,20090217,TMAX,1.59,G
63,25,NTL,AIRPORTWOO,20090217,TMIN,-5.631,G
63,25,NTL,AIRPORTWOO,20090217,PREC,0,G
63,25,NTL,AIRPORTWOO,20090217,GRAD,7.6,G
63,25,NTL,AIRPORTWOO,20090217,RH,70.386,G
63,25,NTL,AIRPORTWOO,20090217,WSP,2.502,G
63,25,NTL,AIRPORTWOO,20090217,RWSP,2.267,G
63,25,NTL,AIRPORTWOO,20090217,RWDI,155.79,G
63,25,NTL,AIRPORTWOO,20090217,VAP,3.620,G
63,25,NTL,AIRPORTWOO,20090217,DEW,-7.263,G
63,25,NTL,AIRPORTWOO,20090218,TMEA,-10.713,G
63,25,NTL,AIRPORTWOO,20090218,TMAX,-2.245,G
63,25,NTL,AIRPORTWOO,20090218,TMIN,-16.728,G
63,25,NTL,AIRPORTWOO,20090218,PREC,0,G
63,25,NTL,AIRPORTWOO,20090218,GRAD,7.6,G
63,25,NTL,AIRPORTWOO,20090218,RH,81.066,G
63,25,NTL,AIRPORTWOO,20090218,WSP,5.405,G
63,25,NTL,AIRPORTWOO,20090218,RWSP,5.223,G
63,25,NTL,AIRPORTWOO,20090218,RWDI,348.81,G
63,25,NTL,AIRPORTWOO,20090218,VAP,2.410,G
63,25,NTL,AIRPORTWOO,20090218,DEW,-13.339,G
63,25,NTL,AIRPORTWOO,20090219,TMEA,-14.374,G
63,25,NTL,AIRPORTWOO,20090219,TMAX,-10.38,G
63,25,NTL,AIRPORTWOO,20090219,TMIN,-16.962,G
63,25,NTL,AIRPORTWOO,20090219,PREC,0,G
63,25,NTL,AIRPORTWOO,20090219,GRAD,11.4,G
63,25,NTL,AIRPORTWOO,20090219,RH,67.712,G
63,25,NTL,AIRPORTWOO,20090219,WSP,3.603,G
63,25,NTL,AIRPORTWOO,20090219,RWSP,3.261,G
63,25,NTL,AIRPORTWOO,20090219,RWDI,315.11,G
63,25,NTL,AIRPORTWOO,20090219,VAP,1.350,G
63,25,NTL,AIRPORTWOO,20090219,DEW,-19.168,G
63,25,NTL,AIRPORTWOO,20090220,TMEA,-13.093,G
63,25,NTL,AIRPORTWOO,20090220,TMAX,-4.758,G
63,25,NTL,AIRPORTWOO,20090220,TMIN,-22.694,G
63,25,NTL,AIRPORTWOO,20090220,PREC,0,G
63,25,NTL,AIRPORTWOO,20090220,GRAD,11.4,G
63,25,NTL,AIRPORTWOO,20090220,RH,64.44,G
63,25,NTL,AIRPORTWOO,20090220,WSP,1.048,G
63,25,NTL,AIRPORTWOO,20090220,RWSP,.817,G
63,25,NTL,AIRPORTWOO,20090220,RWDI,157.9,G
63,25,NTL,AIRPORTWOO,20090220,VAP,1.440,G
63,25,NTL,AIRPORTWOO,20090220,DEW,-18.823,G
63,25,NTL,AIRPORTWOO,20090221,TMEA,-9.777,G
63,25,NTL,AIRPORTWOO,20090221,TMAX,-7.092,G
63,25,NTL,AIRPORTWOO,20090221,TMIN,-11.6,G
63,25,NTL,AIRPORTWOO,20090221,PREC,0,G
63,25,NTL,AIRPORTWOO,20090221,GRAD,5.5,G
63,25,NTL,AIRPORTWOO,20090221,RH,81.203,G
63,25,NTL,AIRPORTWOO,20090221,WSP,2.551,G
63,25,NTL,AIRPORTWOO,20090221,RWSP,2.338,G
63,25,NTL,AIRPORTWOO,20090221,RWDI,350.66,G
63,25,NTL,AIRPORTWOO,20090221,VAP,2.380,G
63,25,NTL,AIRPORTWOO,20090221,DEW,-12.429,G
63,25,NTL,AIRPORTWOO,20090222,TMEA,-13.554,G
63,25,NTL,AIRPORTWOO,20090222,TMAX,-8.573,G
63,25,NTL,AIRPORTWOO,20090222,TMIN,-22.52,G
63,25,NTL,AIRPORTWOO,20090222,PREC,0,G
63,25,NTL,AIRPORTWOO,20090222,GRAD,10.3,G
63,25,NTL,AIRPORTWOO,20090222,RH,80.055,G
63,25,NTL,AIRPORTWOO,20090222,WSP,2.254,G
63,25,NTL,AIRPORTWOO,20090222,RWSP,1.975,G
63,25,NTL,AIRPORTWOO,20090222,RWDI,315.24,G
63,25,NTL,AIRPORTWOO,20090222,VAP,1.750,G
63,25,NTL,AIRPORTWOO,20090222,DEW,-16.34,G
63,25,NTL,AIRPORTWOO,20090223,TMEA,-15.013,G
63,25,NTL,AIRPORTWOO,20090223,TMAX,-5.61,G
63,25,NTL,AIRPORTWOO,20090223,TMIN,-26.341,G
63,25,NTL,AIRPORTWOO,20090223,PREC,.254,G
63,25,NTL,AIRPORTWOO,20090223,GRAD,13.5,G
63,25,NTL,AIRPORTWOO,20090223,RH,65.444,G
63,25,NTL,AIRPORTWOO,20090223,WSP,1.299,G
63,25,NTL,AIRPORTWOO,20090223,RWSP,.669,G
63,25,NTL,AIRPORTWOO,20090223,RWDI,162.05,G
63,25,NTL,AIRPORTWOO,20090223,VAP,1.280,G
63,25,NTL,AIRPORTWOO,20090223,DEW,-20.417,G
63,25,NTL,AIRPORTWOO,20090224,TMEA,-5.962,G
63,25,NTL,AIRPORTWOO,20090224,TMAX,.952,G
63,25,NTL,AIRPORTWOO,20090224,TMIN,-12.576,G
63,25,NTL,AIRPORTWOO,20090224,PREC,0,G
63,25,NTL,AIRPORTWOO,20090224,GRAD,11.4,G
63,25,NTL,AIRPORTWOO,20090224,RH,66.385,G
63,25,NTL,AIRPORTWOO,20090224,WSP,4.067,G
63,25,NTL,AIRPORTWOO,20090224,RWSP,3.96,G
63,25,NTL,AIRPORTWOO,20090224,RWDI,165.67,G
63,25,NTL,AIRPORTWOO,20090224,VAP,2.680,G
63,25,NTL,AIRPORTWOO,20090224,DEW,-11.326,G
63,25,NTL,AIRPORTWOO,20090225,TMEA,-2.067,G
63,25,NTL,AIRPORTWOO,20090225,TMAX,1.398,G
63,25,NTL,AIRPORTWOO,20090225,TMIN,-6.096,G
63,25,NTL,AIRPORTWOO,20090225,PREC,1.778,G
63,25,NTL,AIRPORTWOO,20090225,GRAD,3.5,G
63,25,NTL,AIRPORTWOO,20090225,RH,83.747,G
63,25,NTL,AIRPORTWOO,20090225,WSP,3.305,G
63,25,NTL,AIRPORTWOO,20090225,RWSP,1.243,G
63,25,NTL,AIRPORTWOO,20090225,RWDI,251.22,G
63,25,NTL,AIRPORTWOO,20090225,VAP,4.460,G
63,25,NTL,AIRPORTWOO,20090225,DEW,-4.47,G
63,25,NTL,AIRPORTWOO,20090226,TMEA,-7.553,G
63,25,NTL,AIRPORTWOO,20090226,TMAX,-3.097,G
63,25,NTL,AIRPORTWOO,20090226,TMIN,-15.018,G
63,25,NTL,AIRPORTWOO,20090226,PREC,0,G
63,25,NTL,AIRPORTWOO,20090226,GRAD,3.8,G
63,25,NTL,AIRPORTWOO,20090226,RH,83.978,G
63,25,NTL,AIRPORTWOO,20090226,WSP,4.235,G
63,25,NTL,AIRPORTWOO,20090226,RWSP,3.577,G
63,25,NTL,AIRPORTWOO,20090226,RWDI,24.329,G
63,25,NTL,AIRPORTWOO,20090226,VAP,2.980,G
63,25,NTL,AIRPORTWOO,20090226,DEW,-9.802,G
63,25,NTL,AIRPORTWOO,20090227,TMEA,-18.454,G
63,25,NTL,AIRPORTWOO,20090227,TMAX,-14.082,G
63,25,NTL,AIRPORTWOO,20090227,TMIN,-25.176,G
63,25,NTL,AIRPORTWOO,20090227,PREC,0,G
63,25,NTL,AIRPORTWOO,20090227,GRAD,13.7,G
63,25,NTL,AIRPORTWOO,20090227,RH,69.294,G
63,25,NTL,AIRPORTWOO,20090227,WSP,4.995,G
63,25,NTL,AIRPORTWOO,20090227,RWSP,4.846,G
63,25,NTL,AIRPORTWOO,20090227,RWDI,.377,G
63,25,NTL,AIRPORTWOO,20090227,VAP,0.990,G
63,25,NTL,AIRPORTWOO,20090227,DEW,-22.846,G
