HTTP/1.1 200 OK
Connection: close
Date: Thu, 17 Jun 2004 14:02:30 GMT
Accept-Ranges: bytes
ETag: "14a703-375-3f0d8a45"
Server: Apache/1.3.26 (Unix)
Content-Length: 885
Content-Type: text/plain
Last-Modified: Thu, 10 Jul 2003 15:46:13 GMT
Client-Date: Thu, 17 Jun 2004 14:24:18 GMT
Client-Response-Num: 1


Beginning QA procedures...
D:\forwww\lter\climhy\harvest.pl executed 06/17/2004

CDR
Started with CDR,CC2,20030616
Finished with CDR,CC2,20030707


Summary of CDR follows:
	ON INPUT:
		22 lines read. 
		0 blank lines. 
		1 header lines. 
	DURING PROCESS:
		0 duplicate errors raised.
		0 process errors raised. (first 0 listed above)
		0 warnings raised. 
	ON OUTPUT:
		63 data points prepared for entry into centralized database.
