HTTP/1.1 200 OK
Date: Fri, 23 Jan 2009 11:11:04 GMT
Accept-Ranges: bytes
ETag: "a47cc55e4a7dc91:1898"
Server: Microsoft-IIS/6.0
Content-Length: 18091
Content-Type: text/plain
Last-Modified: Fri, 23 Jan 2009 11:04:32 GMT
Client-Date: Fri, 23 Jan 2009 11:11:08 GMT
Client-Peer: 128.192.73.83:80
Client-Response-Num: 1
X-Powered-By: ASP.NET


Beginning QA procedures...
E:\lter\climhy\harvest.pl executed 01/23/2009

GCE
Started with GCE,DOCTORTOWN,20071106
Finished with GCE,DOCTORTOWN,20090122


Summary of GCE follows:
	ON INPUT:
		445 lines read. 
		0 blank lines. 
		1 header lines. 
	DURING PROCESS:
		0 duplicate errors raised.
		0 process errors raised. (first 0 listed above)
		0 warnings raised. 
	ON OUTPUT:
		888 data points prepared for entry into centralized database.
