HTTP/1.1 200 OK
Connection: close
Date: Tue, 03 Mar 2009 22:31:03 GMT
Server: Apache
Content-Type: text/html; charset=ISO-8859-1
Client-Date: Tue, 03 Mar 2009 22:38:45 GMT
Client-Peer: 144.92.62.252:80
Client-Response-Num: 1
Client-Transfer-Encoding: chunked


Beginning QA procedures...
C:\Inetpub\climhy\harvest.pl executed 03/03/2009

NTL
Started with NTL,AIRPORTWOO,20081101
Finished with NTL,AIRPORTWOO,20090227


Summary of NTL follows:
	ON INPUT:
		130 lines read. 
		0 blank lines. 
		1 header lines. 
	DURING PROCESS:
		0 duplicate errors raised.
		0 process errors raised. (first 0 listed above)
		0 warnings raised. 
	ON OUTPUT:
		1309 data points prepared for entry into centralized database.
