HTTP/1.1 200 OK
Cache-Control: max-age=60
Connection: close
Date: Fri, 28 Oct 2005 20:56:05 GMT
Accept-Ranges: bytes
ETag: "139056-40787-43629051"
Server: Apache/1.3.33 (Darwin) PHP/4.3.6 DAV/1.0.3 mod_ssl/2.8.22 OpenSSL/0.9.7g mod_perl/1.29
Content-Length: 264071
Content-Type: text/plain
Expires: Fri, 28 Oct 2005 20:57:05 GMT
Last-Modified: Fri, 28 Oct 2005 20:55:45 GMT
Client-Date: Fri, 28 Oct 2005 20:56:06 GMT
Client-Response-Num: 1


Beginning QA procedures...
D:\forwww\lter\climhy\harvest.pl executed 10/28/2005

PAL
Started with PAL,PALOBS,19890401
WARNING(106): Failed (min < mean < max) relationship at:
	 PAL,PALOBS,19960131	 input file (PAL) line 2497

WARNING(106): Failed (min < mean < max) relationship at:
	 PAL,PALOBS,19980726	 input file (PAL) line 3404

Finished with PAL,PALOBS,20050630


Summary of PAL follows:
	ON INPUT:
		5841 lines read. 
		0 blank lines. 
		1 header lines. 
	DURING PROCESS:
		0 duplicate errors raised.
		0 process errors raised. (first 0 listed above)
		2 warnings raised. 
	ON OUTPUT:
		23360 data points prepared for entry into centralized database.
