HTTP/1.1 200 OK
Connection: close
Date: Mon, 02 Mar 2009 18:18:36 GMT
Accept-Ranges: bytes
ETag: "5860ba-0-5fbe4c80"
Server: Apache/2.2.4 (Unix) mod_ssl/2.2.4 OpenSSL/0.9.8e PHP/4.4.6
Content-Length: 0
Content-Type: text/plain
Last-Modified: Fri, 13 Feb 2009 12:57:06 GMT
Client-Date: Mon, 02 Mar 2009 18:18:32 GMT
Client-Peer: 129.24.125.131:80
Client-Response-Num: 1


Beginning QA procedures...
C:\Inetpub\climhy\harvest.pl executed 03/02/2009

SEV
Finished with start


Summary of SEV follows:
	ON INPUT:
		0 lines read. 
		0 blank lines. 
		0 header lines. 
	DURING PROCESS:
		0 duplicate errors raised.
		0 process errors raised. (first 0 listed above)
		0 warnings raised. 
	ON OUTPUT:
		0 data points prepared for entry into centralized database.
