HTTP/1.1 200 OK
Connection: close
Date: Mon, 05 Jan 2009 20:48:59 GMT
Accept-Ranges: bytes
ETag: "12b7-126a-f1d05df1"
Server: Apache/2.2.4 (Win32) DAV/2 mod_ssl/2.2.4 OpenSSL/0.9.8e mod_autoindex_color PHP/5.2.3 mod_perl/2.0.3 Perl/v5.8.8
Content-Length: 4714
Content-Type: text/plain
Last-Modified: Mon, 05 Jan 2009 20:14:57 GMT
Client-Date: Mon, 05 Jan 2009 20:49:07 GMT
Client-Peer: 140.247.220.243:80
Client-Response-Num: 1


Beginning QA procedures...
E:\lter\climhy\harvest.pl executed 01/05/2009

HFR
Started with HFR,FISHER,20081201
Finished with HFR,FISHER,20081231


Summary of HFR follows:
	ON INPUT:
		47 lines read. 
		1 blank lines. 
		1 header lines. 
	DURING PROCESS:
		0 duplicate errors raised.
		0 process errors raised. (first 0 listed above)
		0 warnings raised. 
	ON OUTPUT:
		434 data points prepared for entry into centralized database.
