HTTP/1.1 200 OK
Date: Fri, 23 Jan 2009 11:11:21 GMT
Accept-Ranges: bytes
ETag: "767af5634a7dc91:1898"
Server: Microsoft-IIS/6.0
Content-Length: 28462
Content-Type: text/plain
Last-Modified: Fri, 23 Jan 2009 11:04:41 GMT
Client-Date: Fri, 23 Jan 2009 11:11:25 GMT
Client-Peer: 128.192.73.83:80
Client-Response-Num: 1
X-Powered-By: ASP.NET


Beginning QA procedures...
E:\lter\climhy\harvest.pl executed 01/23/2009

KBS
Started with KBS,AUGUSTA,20071029
Ended with KBS,AUGUSTA,20090122
Started with KBS,KZOOCOMST,20071029
Finished with KBS,KZOOCOMST,20090122


Summary of KBS follows:
	ON INPUT:
		906 lines read. 
		0 blank lines. 
		2 header lines. 
	DURING PROCESS:
		0 duplicate errors raised.
		0 process errors raised. (first 0 listed above)
		0 warnings raised. 
	ON OUTPUT:
		904 data points prepared for entry into centralized database.
