HTTP/1.1 200 OK
Connection: close
Date: Fri, 23 Jan 2009 12:58:05 GMT
Accept-Ranges: bytes
ETag: "5860ba-514-ed31f100"
Server: Apache/2.2.4 (Unix) mod_ssl/2.2.4 OpenSSL/0.9.8e PHP/4.4.6
Content-Length: 1300
Content-Type: text/plain
Last-Modified: Fri, 23 Jan 2009 12:57:08 GMT
Client-Date: Fri, 23 Jan 2009 12:58:05 GMT
Client-Peer: 129.24.125.131:80
Client-Response-Num: 1


Beginning QA procedures...
E:\lter\climhy\harvest.pl executed 01/23/2009

SEV
Started with SEV,FIELDSTN,20090101
Finished with SEV,FIELDSTN,20090105


Summary of SEV follows:
	ON INPUT:
		18 lines read. 
		0 blank lines. 
		1 header lines. 
	DURING PROCESS:
		0 duplicate errors raised.
		0 process errors raised. (first 0 listed above)
		0 warnings raised. 
	ON OUTPUT:
		65 data points prepared for entry into centralized database.
