HTTP/1.1 200 OK
Date: Fri, 23 Jan 2009 05:51:53 GMT
Accept-Ranges: bytes
ETag: "084dd3027dc91:1235"
Server: Microsoft-IIS/6.0
Content-Length: 398829
Content-Type: application/octet-stream
Last-Modified: Fri, 23 Jan 2009 02:27:52 GMT
Client-Date: Fri, 23 Jan 2009 05:52:08 GMT
Client-Peer: 210.69.150.252:80
Client-Response-Num: 1
X-Powered-By: ASP.NET


Beginning QA procedures...
E:\lter\climhy\harvest.pl executed 01/22/2009

TAE
Started with TAE,72K22,20000101
Ended with TAE,72K22,20081231
Started with TAE,G2L02,20000101
Ended with TAE,G2L02,20041231
Started with TAE,G2M35,20000101
Finished with TAE,G2M35,20081231


Summary of TAE follows:
	ON INPUT:
		6342 lines read. 
		0 blank lines. 
		3 header lines. 
	DURING PROCESS:
		0 duplicate errors raised.
		0 process errors raised. (first 0 listed above)
		0 warnings raised. 
	ON OUTPUT:
		47661 data points prepared for entry into centralized database.
