HTTP/1.1 200 OK
Connection: close
Date: Tue, 20 Jan 2009 12:27:16 GMT
Accept-Ranges: bytes
ETag: "127ec9-17a83d-ad471b80"
Server: Apache/2.0.54 (Unix) mod_ssl/2.0.54 OpenSSL/0.9.7b PHP/4.3.11
Content-Length: 1550397
Content-Type: text/plain; charset=ISO-8859-1
Last-Modified: Mon, 19 Jan 2009 22:45:18 GMT
Client-Date: Tue, 20 Jan 2009 12:27:19 GMT
Client-Peer: 128.143.42.53:80
Client-Response-Num: 1


Beginning QA procedures...
E:\lter\climhy\harvest.pl executed 01/20/2009

VCR
Started with VCR,HOGI,19890403
WARNING(101): TMAX = 62.2 (min=-50 max=50) failed QC test at:
	 VCR,HOGI,19900907	 input file (VCR) line 479

WARNING(101): PREC = 164 (min=0 max=150) failed QC test at:
	 VCR,HOGI,19990814	 input file (VCR) line 3262

WARNING(101): PREC = 298 (min=0 max=150) failed QC test at:
	 VCR,HOGI,20080113	 input file (VCR) line 5882

Ended with VCR,HOGI,20081231
Started with VCR,PHCK,19910610
WARNING(101): TMAX = 65.5 (min=-50 max=50) failed QC test at:
	 VCR,PHCK,19910731	 input file (VCR) line 6294

WARNING(101): PREC = 160 (min=0 max=150) failed QC test at:
	 VCR,PHCK,19910909	 input file (VCR) line 6334

WARNING(101): TMIN = -53.4 (min=-50 max=50) failed QC test at:
	 VCR,PHCK,19941103	 input file (VCR) line 7413

WARNING(101): PREC = 167 (min=0 max=150) failed QC test at:
	 VCR,PHCK,20030807	 input file (VCR) line 10368

WARNING(101): PREC = 756 (min=0 max=150) failed QC test at:
	 VCR,PHCK,20030820	 input file (VCR) line 10381

WARNING(101): PREC = 247 (min=0 max=150) failed QC test at:
	 VCR,PHCK,20050330	 input file (VCR) line 10596

Ended with VCR,PHCK,20071128
Started with VCR,OYSM,19911213
Finished with VCR,OYSM,20071231


Summary of VCR follows:
	ON INPUT:
		16090 lines read. 
		0 blank lines. 
		3 header lines. 
	DURING PROCESS:
		0 duplicate errors raised.
		0 process errors raised. (first 0 listed above)
		9 warnings raised. 
	ON OUTPUT:
		139967 data points prepared for entry into centralized database.
