Mon Mar 29 13:52:19 2004	service	=>	sample		method	=>	sites
Mon Mar 29 13:52:25 2004	service	=>	sample		method	=>	research_site_list
Tue Mar 30 19:45:54 2004	service	=>	sample		method	=>	getSite
Thu Apr  1 17:34:19 2004	service	=>	climdb_raw		method	=>	get_variable
Thu Apr  1 18:40:58 2004	service	=>	sample		method	=>	personnel_email
Thu Apr  1 18:44:28 2004	service	=>	climdb_raw		method	=>	get_variable
Thu Apr  1 20:05:49 2004	service	=>	climdb_agg		method	=>	agg_over_all
Thu Apr  1 20:06:58 2004	service	=>	climdb_agg		method	=>	get_agg_yearly
Thu Apr  1 20:20:17 2004	service	=>	climdb_agg		method	=>	get_agg_monthly
Thu Apr  1 20:22:53 2004	service	=>	climdb_agg		method	=>	get_agg_monthly
climdb_aggget_agg_monthlyThu Apr  1 20:23:53 2004	service	=>	climdb_agg		method	=>	get_agg_monthly
Thu Apr  1 20:24:06 2004	service	=>	climdb_agg		method	=>	get_agg_monthly
Thu Apr  1 20:27:21 2004	service	=>	climdb_agg		method	=>	get_agg_monthly
climdb_agg get_agg_monthly and primet tmax mean 1990 1990Thu Apr  1 20:28:32 2004	service	=>	climdb_agg		method	=>	get_agg_monthly
Thu Apr  1 20:30:39 2004	service	=>	climdb_agg		method	=>	agg_over_all
Thu Apr  1 20:31:02 2004	service	=>	climdb_agg		method	=>	get_agg_monthly
Thu Apr  1 20:37:27 2004	service	=>	climdb_agg		method	=>	agg_over_all
Thu Apr  1 20:37:31 2004	service	=>	climdb_agg		method	=>	get_agg_monthly
Thu Apr  1 20:38:13 2004	service	=>	climdb_agg		method	=>	get_agg_monthly
Thu Apr  1 20:38:19 2004	service	=>	climdb_agg		method	=>	get_agg_monthly
Thu Apr  1 20:38:37 2004	service	=>	climdb_agg		method	=>	get_agg_monthly
Thu Apr  1 20:40:13 2004	service	=>	climdb_agg		method	=>	get_agg_monthly
Fri Apr  2 11:09:05 2004	service	=>	climdb_agg		method	=>	get_agg_yearly
Fri Apr  2 11:09:18 2004	service	=>	climdb_agg		method	=>	get_agg_yearly
Fri Apr  2 11:09:30 2004	service	=>	climdb_agg		method	=>	get_agg_yearly
Fri Apr  2 11:10:54 2004	service	=>	climdb_agg		method	=>	get_agg_yearly
Fri Apr  2 11:11:50 2004	service	=>	climdb_agg		method	=>	get_agg_yearly
Fri Apr  2 11:12:20 2004	service	=>	climdb_agg		method	=>	get_agg_yearly
Fri Apr  2 11:12:35 2004	service	=>	climdb_agg		method	=>	get_agg_yearly
Fri Apr  2 11:13:12 2004	service	=>	climdb_agg		method	=>	get_agg_yearly
Fri Apr  2 11:13:17 2004	service	=>	climdb_agg		method	=>	get_agg_yearly
Fri Apr  2 11:13:32 2004	service	=>	climdb_agg		method	=>	get_agg_yearly
Fri Apr  2 11:13:41 2004	service	=>	climdb_agg		method	=>	get_agg_yearly
Fri Apr  2 11:14:12 2004	service	=>	climdb_agg		method	=>	get_agg_yearly
Fri Apr  2 11:14:33 2004	service	=>	climdb_agg		method	=>	get_agg_yearly
Fri Apr  2 11:15:26 2004	service	=>	climdb_agg		method	=>	get_agg_yearly
Fri Apr  2 11:15:34 2004	service	=>	climdb_agg		method	=>	get_agg_yearly
Fri Apr  2 11:18:07 2004	service	=>	climdb_agg		method	=>	get_agg_yearly
Fri Apr  2 11:25:31 2004	service	=>	climdb_agg		method	=>	get_agg_yearly
Fri Apr  2 11:26:38 2004	service	=>	climdb_agg		method	=>	get_agg_yearly
Fri Apr  2 11:26:55 2004	service	=>	climdb_agg		method	=>	get_agg_yearly
Fri Apr  2 11:28:48 2004	service	=>	climdb_agg		method	=>	get_agg_yearly
Fri Apr  2 11:29:18 2004	service	=>	climdb_agg		method	=>	get_agg_yearly
Fri Apr  2 11:29:49 2004	service	=>	climdb_agg		method	=>	get_agg_yearly
Fri Apr  2 11:30:28 2004	service	=>	climdb_agg		method	=>	get_agg_yearly
Fri Apr  2 11:30:45 2004	service	=>	climdb_agg		method	=>	get_agg_yearly
Fri Apr  2 11:31:53 2004	service	=>	climdb_agg		method	=>	get_agg_yearly
Fri Apr  2 11:32:26 2004	service	=>	climdb_agg		method	=>	get_agg_yearly
Fri Apr  2 11:35:06 2004	service	=>	climdb_agg		method	=>	get_agg_yearly
Fri Apr  2 11:35:14 2004	service	=>	climdb_agg		method	=>	get_agg_yearly
Fri Apr  2 11:35:26 2004	service	=>	climdb_agg		method	=>	get_agg_yearly
Fri Apr  2 11:35:53 2004	service	=>	climdb_agg		method	=>	get_agg_yearly
Fri Apr  2 11:36:04 2004	service	=>	climdb_agg		method	=>	get_agg_yearly
Fri Apr  2 11:40:25 2004	service	=>	climdb_agg		method	=>	get_agg_yearly
Fri Apr  2 11:40:40 2004	service	=>	climdb_agg		method	=>	get_agg_yearly
Fri Apr  2 11:43:55 2004	service	=>	climdb_agg		method	=>	get_agg_yearly
Fri Apr  2 11:45:19 2004	service	=>	climdb_agg		method	=>	get_agg_yearly
Fri Apr  2 11:45:59 2004	service	=>	climdb_agg		method	=>	get_agg_yearly
Fri Apr  2 11:46:05 2004	service	=>	climdb_agg		method	=>	get_agg_yearly
Fri Apr  2 11:46:50 2004	service	=>	climdb_agg		method	=>	get_agg_yearly
Fri Apr  2 11:46:57 2004	service	=>	climdb_agg		method	=>	get_agg_yearly
Fri Apr  2 11:47:20 2004	service	=>	climdb_agg		method	=>	get_agg_yearly
Fri Apr  2 11:47:50 2004	service	=>	climdb_agg		method	=>	get_agg_yearly
Fri Apr  2 11:48:48 2004	service	=>	climdb_agg		method	=>	get_agg_yearly
Fri Apr  2 11:49:01 2004	service	=>	climdb_agg		method	=>	get_agg_yearly
Fri Apr  2 11:49:40 2004	service	=>	climdb_agg		method	=>	get_agg_yearly
Fri Apr  2 11:50:13 2004	service	=>	climdb_agg		method	=>	get_agg_yearly
Fri Apr  2 11:51:26 2004	service	=>	climdb_agg		method	=>	get_agg_yearly
Fri Apr  2 12:01:40 2004	service	=>	climdb_agg		method	=>	get_agg_yearly
Fri Apr  2 12:03:49 2004	service	=>	climdb_agg		method	=>	get_agg_yearly
Fri Apr  2 12:07:54 2004	service	=>	climdb_agg		method	=>	get_agg_yearly
Fri Apr  2 12:08:00 2004	service	=>	climdb_agg		method	=>	get_agg_yearly
Fri Apr  2 12:20:52 2004	service	=>	climdb_agg		method	=>	get_agg_yearly
Fri Apr  2 12:21:19 2004	service	=>	climdb_agg		method	=>	get_agg_yearly
Fri Apr  2 12:21:49 2004	service	=>	climdb_agg		method	=>	get_agg_yearly
Fri Apr  2 12:22:35 2004	service	=>	climdb_agg		method	=>	get_agg_yearly
Fri Apr  2 12:23:05 2004	service	=>	climdb_agg		method	=>	get_agg_yearly
Fri Apr  2 12:23:33 2004	service	=>	climdb_agg		method	=>	get_agg_yearly
Fri Apr  2 12:24:32 2004	service	=>	climdb_agg		method	=>	get_agg_yearly
Fri Apr  2 12:34:24 2004	service	=>	climdb_agg		method	=>	get_agg_yearly
Fri Apr  2 12:34:40 2004	service	=>	climdb_agg		method	=>	get_agg_yearly
Fri Apr  2 12:36:11 2004	service	=>	climdb_agg		method	=>	get_agg_yearly
Fri Apr  2 12:50:51 2004	service	=>	climdb_agg		method	=>	agg_over_all
Fri Apr  2 12:51:36 2004	service	=>	climdb_agg		method	=>	get_agg_yearly
Fri Apr  2 12:51:50 2004	service	=>	climdb_agg		method	=>	get_agg_yearly
Fri Apr  2 12:55:20 2004	service	=>	climdb_agg		method	=>	get_agg_yearly
Fri Apr  2 12:55:32 2004	service	=>	climdb_agg		method	=>	get_agg_yearly
Fri Apr  2 12:56:01 2004	service	=>	climdb_agg		method	=>	get_agg_monthly
Sat Apr  3 14:18:17 2004	service	=>	climdb_agg		method	=>	agg_over_all
Sat Apr  3 17:52:21 2004	service	=>	sample		method	=>	bushisms
Sat Apr  3 17:56:55 2004	service	=>	sample		method	=>	bushisms
Sat Apr  3 18:12:26 2004	service	=>	sample		method	=>	bushisms
Sat Apr  3 18:12:52 2004	service	=>	sample		method	=>	bushisms
Sat Apr  3 18:13:03 2004	service	=>	sample		method	=>	bushisms
Sat Apr  3 18:13:30 2004	service	=>	sample		method	=>	bushisms
Sat Apr  3 18:14:36 2004	service	=>	sample		method	=>	bushisms
Sat Apr  3 18:15:27 2004	service	=>	sample		method	=>	bushisms
Sat Apr  3 18:15:56 2004	service	=>	sample		method	=>	bushisms
Sat Apr  3 18:16:42 2004	service	=>	sample		method	=>	bushisms
Sat Apr  3 18:17:15 2004	service	=>	sample		method	=>	bushisms
Sat Apr  3 18:17:47 2004	service	=>	sample		method	=>	bushisms
Sat Apr  3 18:18:50 2004	service	=>	sample		method	=>	bushisms
Sat Apr  3 18:21:04 2004	service	=>	sample		method	=>	bushisms
Sat Apr  3 18:23:28 2004	service	=>	sample		method	=>	bushisms
Sat Apr  3 18:25:38 2004	service	=>	sample		method	=>	bushisms
Sat Apr  3 18:46:03 2004	service	=>	sample		method	=>	bushisms
Sat Apr  3 18:50:48 2004	service	=>	sample		method	=>	bushisms
Sat Apr  3 18:52:40 2004	service	=>	sample		method	=>	bushisms
Sat Apr  3 18:52:56 2004	service	=>	sample		method	=>	bushisms
Sat Apr  3 18:53:55 2004	service	=>	sample		method	=>	bushisms
Sat Apr  3 18:55:02 2004	service	=>	sample		method	=>	bushisms
Sat Apr  3 18:58:11 2004	service	=>	sample		method	=>	empty
Sat Apr  3 18:59:42 2004	service	=>	sample		method	=>	bushisms
Sat Apr  3 19:22:02 2004	service	=>	sample		method	=>	bushisms
Sat Apr  3 19:23:29 2004	service	=>	sample		method	=>	bushisms
Sat Apr  3 19:35:02 2004	service	=>	sample		method	=>	bushisms
Fri Apr 16 10:35:33 2004	service	=>	climdb_agg		method	=>	agg_over_all
Fri Apr 16 10:38:24 2004	service	=>	climdb_agg		method	=>	agg_over_all
Fri Apr 16 10:38:53 2004	service	=>	climdb_agg		method	=>	agg_over_all
Fri Apr 16 10:46:51 2004	service	=>	climdb_agg		method	=>	agg_over_all
Fri Apr 16 10:49:56 2004	service	=>	climdb_agg		method	=>	agg_over_all
Tue Apr 20 10:54:38 2004	service	=>	ms001		method	=>	getTMEAN
Tue Apr 20 10:54:53 2004	service	=>	ms001		method	=>	getTMEAN
Tue Apr 20 10:55:42 2004	service	=>	ms001		method	=>	getTMEAN
Tue Apr 20 13:15:19 2004	service	=>	ms001		method	=>	getTMEANairpri01
Tue Apr 20 13:17:40 2004	service	=>	ms001		method	=>	getTMEANairpri01
Tue Apr 20 13:27:45 2004	service	=>	ms001		method	=>	getTMEANairpri01
Tue Apr 20 13:28:25 2004	service	=>	ms001		method	=>	getTMEANairpri01
Tue Apr 20 13:29:02 2004	service	=>	ms001		method	=>	getTMEANairpri01
Tue Apr 20 13:29:19 2004	service	=>	ms001		method	=>	getTMEANairpri01
Tue Apr 20 13:15:40 2004	service	=>	ms001		method	=>	getTMEANairpri01
Tue Apr 20 13:34:28 2004	service	=>	ms001		method	=>	getTMEANairpri01
Tue Apr 20 13:36:19 2004	service	=>	ms001		method	=>	getTMEANairpri01
Tue Apr 20 13:37:53 2004	service	=>	ms001		method	=>	getTMEANairpri01
Tue Apr 20 13:38:16 2004	service	=>	ms001		method	=>	getTMEANairpri01
Tue Apr 20 13:42:17 2004	service	=>	ms001		method	=>	getTMEANairpri01
Tue Apr 20 13:49:53 2004	service	=>	ms001		method	=>	getTMEANairpri01
Tue Apr 20 13:50:24 2004	service	=>	ms001		method	=>	getTMEANairpri01
Tue Apr 20 13:51:31 2004	service	=>	ms001		method	=>	getTMEANairpri01
Tue Apr 20 13:52:14 2004	service	=>	ms001		method	=>	getTMEANairpri01
Tue Apr 20 13:52:55 2004	service	=>	ms001		method	=>	getTMEANairpri01
Tue Apr 20 13:55:35 2004	service	=>	ms001		method	=>	getTMEANairpri01
Tue Apr 20 13:56:10 2004	service	=>	ms001		method	=>	getTMEANairpri01
Tue Apr 20 14:07:06 2004	service	=>	ms001		method	=>	getTMAXairpri01
Tue Apr 20 13:47:46 2004	service	=>	ms001		method	=>	getTMEANairpri01
Tue Apr 20 14:09:38 2004	service	=>	ms001		method	=>	getTMAXairpri01
Tue Apr 20 13:51:07 2004	service	=>	ms001		method	=>	getTMEANairpri01
Tue Apr 20 14:17:13 2004	service	=>	ms001		method	=>	getTMEAairpri01
Tue Apr 20 14:17:16 2004	service	=>	ms001		method	=>	getTMAXairpri01
Tue Apr 20 13:53:57 2004	service	=>	ms001		method	=>	getTMEANairpri01
Tue Apr 20 14:21:23 2004	service	=>	ms001		method	=>	getTMEAairpri01
Tue Apr 20 14:22:48 2004	service	=>	ms001		method	=>	getTMEAairpri01
Tue Apr 20 14:22:54 2004	service	=>	ms001		method	=>	getTMAXairpri01
Tue Apr 20 14:23:23 2004	service	=>	ms001		method	=>	getTMEAairpri01
Tue Apr 20 14:23:26 2004	service	=>	ms001		method	=>	getTMAXairpri01
Tue Apr 20 14:24:49 2004	service	=>	ms001		method	=>	TMEAairpri01
Tue Apr 20 14:24:52 2004	service	=>	ms001		method	=>	TMAXairpri01
Tue Apr 20 14:27:32 2004	service	=>	ms001		method	=>	TMEAairpri01
Tue Apr 20 14:27:35 2004	service	=>	ms001		method	=>	TMAXairpri01
Tue Apr 20 14:28:03 2004	service	=>	ms001		method	=>	TMEAairpri01
Tue Apr 20 14:28:06 2004	service	=>	ms001		method	=>	TMAXairpri01
Tue Apr 20 14:29:01 2004	service	=>	ms001		method	=>	TMEAairpri01
Tue Apr 20 14:29:04 2004	service	=>	ms001		method	=>	TMAXairpri01
Tue Apr 20 14:29:56 2004	service	=>	ms001		method	=>	TMEAairpri01
Tue Apr 20 14:29:59 2004	service	=>	ms001		method	=>	TMAXairpri01
Tue Apr 20 15:08:51 2004	service	=>	ms001		method	=>	TMEAairpri01
Tue Apr 20 15:08:54 2004	service	=>	ms001		method	=>	TMAXairpri01
Tue Apr 20 15:09:44 2004	service	=>	ms001		method	=>	TMEAairpri01
Tue Apr 20 15:09:47 2004	service	=>	ms001		method	=>	TMAXairpri01
Tue Apr 20 15:14:52 2004	service	=>	ms001		method	=>	TMEAairpri01
Tue Apr 20 15:14:58 2004	service	=>	ms001		method	=>	TMAXairpri01
Tue Apr 20 15:16:43 2004	service	=>	ms001		method	=>	TMEAairpri01
Tue Apr 20 15:16:46 2004	service	=>	ms001		method	=>	TMAXairpri01
Tue Apr 20 15:18:30 2004	service	=>	ms001		method	=>	TMEAairpri01
Tue Apr 20 15:18:33 2004	service	=>	ms001		method	=>	TMAXairpri01
Tue Apr 20 15:20:44 2004	service	=>	ms001		method	=>	TMEAairpri01
Tue Apr 20 15:20:47 2004	service	=>	ms001		method	=>	TMAXairpri01
Tue Apr 20 15:22:36 2004	service	=>	ms001		method	=>	TMEAairpri01
Tue Apr 20 15:22:39 2004	service	=>	ms001		method	=>	TMAXairpri01
Tue Apr 20 15:24:28 2004	service	=>	ms001		method	=>	TMEAairpri01
Tue Apr 20 15:24:31 2004	service	=>	ms001		method	=>	TMAXairpri01
Tue Apr 20 15:39:02 2004	service	=>	ms001		method	=>	TMEAairpri01
Tue Apr 20 15:39:05 2004	service	=>	ms001		method	=>	TMAXairpri01
Tue Apr 20 15:39:35 2004	service	=>	ms001		method	=>	TMEAairpri01
Tue Apr 20 15:39:38 2004	service	=>	ms001		method	=>	TMAXairpri01
Tue Apr 20 15:39:54 2004	service	=>	ms001		method	=>	TMEAairpri01
Tue Apr 20 15:39:57 2004	service	=>	ms001		method	=>	TMAXairpri01
Tue Apr 20 15:40:48 2004	service	=>	ms001		method	=>	TMEAairpri01
Tue Apr 20 15:40:51 2004	service	=>	ms001		method	=>	TMAXairpri01
Tue Apr 20 15:51:18 2004	service	=>	ms001		method	=>	TMEAairpri01
Tue Apr 20 15:51:21 2004	service	=>	ms001		method	=>	TMAXairpri01
Tue Apr 20 19:50:38 2004	service	=>	ms001		method	=>	TMEAairpri01
Tue Apr 20 19:50:41 2004	service	=>	ms001		method	=>	TMAXairpri01
Tue Apr 20 19:51:24 2004	service	=>	ms001		method	=>	TMEAairpri01
Tue Apr 20 19:51:28 2004	service	=>	ms001		method	=>	TMAXairpri01
Tue Apr 20 20:06:45 2004	service	=>	ms001		method	=>	TMEAairpri01
Tue Apr 20 20:06:50 2004	service	=>	ms001		method	=>	TMAXairpri01
Tue Apr 20 20:21:37 2004	service	=>	ms001		method	=>	TMEAairpri01
Tue Apr 20 20:21:41 2004	service	=>	ms001		method	=>	TMAXairpri01
Tue Apr 20 20:22:11 2004	service	=>	ms001		method	=>	TMEAairpri01
Tue Apr 20 20:22:19 2004	service	=>	ms001		method	=>	TMAXairpri01
Tue Apr 20 20:23:58 2004	service	=>	ms001		method	=>	TMEAairpri01
Tue Apr 20 20:24:01 2004	service	=>	ms001		method	=>	TMAXairpri01
Tue Apr 20 20:24:20 2004	service	=>	ms001		method	=>	TMEAairpri01
Tue Apr 20 20:24:24 2004	service	=>	ms001		method	=>	TMAXairpri01
Tue Apr 20 20:26:17 2004	service	=>	ms001		method	=>	TMEAairpri01
Tue Apr 20 20:26:21 2004	service	=>	ms001		method	=>	TMAXairpri01
Tue Apr 20 20:31:56 2004	service	=>	ms001		method	=>	TMEAairpri01
Tue Apr 20 20:32:00 2004	service	=>	ms001		method	=>	TMAXairpri01
Tue Apr 20 20:32:50 2004	service	=>	ms001		method	=>	TMEAairpri01
Tue Apr 20 20:32:53 2004	service	=>	ms001		method	=>	TMAXairpri01
Tue Apr 20 20:35:56 2004	service	=>	ms001		method	=>	TMEAairpri01
Tue Apr 20 20:36:02 2004	service	=>	ms001		method	=>	TMAXairpri01
Tue Apr 20 20:41:21 2004	service	=>	ms001		method	=>	TMEAairpri01
Tue Apr 20 20:49:11 2004	service	=>	ms001		method	=>	TMEAairpri01
Wed Apr 21 09:47:29 2004	service	=>	ms001		method	=>	TMEAairpri01
Wed Apr 21 09:48:12 2004	service	=>	ms001		method	=>	TMEAairpri01
Wed Apr 21 09:48:40 2004	service	=>	ms001		method	=>	TMEAairpri01
Wed Apr 21 09:50:27 2004	service	=>	ms001		method	=>	TMEAairpri01
Wed Apr 21 09:52:27 2004	service	=>	ms001		method	=>	TMEAairpri01
Wed Apr 21 10:02:37 2004	service	=>	ms001		method	=>	TMEAairpri01
Wed Apr 21 10:03:45 2004	service	=>	ms001		method	=>	TMEAairpri01
Wed Apr 21 10:13:42 2004	service	=>	ms001		method	=>	TMEAairpri01
Wed Apr 21 10:15:09 2004	service	=>	ms001		method	=>	TMEAairpri01
Wed Apr 21 10:16:05 2004	service	=>	ms001		method	=>	TMEAairpri01
Wed Apr 21 10:17:20 2004	service	=>	ms001		method	=>	TMEAairpri01
Wed Apr 21 10:21:07 2004	service	=>	ms001		method	=>	TMEAairpri01
Wed Apr 21 10:21:32 2004	service	=>	ms001		method	=>	TMEAairpri01
Wed Apr 21 10:22:15 2004	service	=>	ms001		method	=>	TMEAairpri01
Wed Apr 21 10:24:33 2004	service	=>	ms001		method	=>	TMEAairpri01
Wed Apr 21 10:26:32 2004	service	=>	ms001		method	=>	TMEAairpri01
Wed Apr 21 10:41:02 2004	service	=>	sample		method	=>	getSite
Wed Apr 21 10:42:08 2004	service	=>	sample		method	=>	add_it
Wed Apr 21 10:49:39 2004	service	=>	ms001		method	=>	TMEAairpri01
Wed Apr 21 10:49:42 2004	service	=>	ms001		method	=>	TMAXairpri01
Wed Apr 21 10:49:45 2004	service	=>	ms001		method	=>	TMINairpri01
Wed Apr 21 11:44:07 2004	service	=>	sample		method	=>	bushisms
Thu Apr 22 13:26:12 2004	service	=>	ms001		method	=>	TMEAairpri01
Thu Apr 22 13:26:15 2004	service	=>	ms001		method	=>	TMAXairpri01
Thu Apr 22 13:26:18 2004	service	=>	ms001		method	=>	TMINairpri01
Thu Apr 22 14:33:12 2004	service	=>	ms001		method	=>	TMEAairpri01
Thu Apr 22 14:33:15 2004	service	=>	ms001		method	=>	TMAXairpri01
Thu Apr 22 14:33:18 2004	service	=>	ms001		method	=>	TMINairpri01
Fri Apr 23 10:24:33 2004	service	=>	ms001		method	=>	TMAXairpri01
Fri Apr 23 10:24:57 2004	service	=>	ms001		method	=>	TMAXairpri01
Fri Apr 23 10:26:12 2004	service	=>	ms001		method	=>	TMAXairpri01
Fri Apr 23 10:27:19 2004	service	=>	ms001		method	=>	TMAXairpri01
Fri Apr 23 10:33:53 2004	service	=>	ms001		method	=>	TMINairpri01
Fri Apr 23 10:50:15 2004	service	=>	ms001		method	=>	TMEAairpri01
Fri Apr 23 10:50:18 2004	service	=>	ms001		method	=>	TMAXairpri01
Fri Apr 23 10:50:21 2004	service	=>	ms001		method	=>	TMINairpri01
Fri Apr 23 11:12:30 2004	service	=>	ms001		method	=>	TMAXairpri01
Fri Apr 23 11:12:42 2004	service	=>	ms001		method	=>	TMAXairpri01
Fri May  7 16:01:56 2004	service	=>	ms001		method	=>	TMEAairpri01
Fri May  7 16:01:59 2004	service	=>	ms001		method	=>	TMAXairpri01
Fri May  7 16:02:02 2004	service	=>	ms001		method	=>	TMINairpri01
Thu Jul 22 12:16:03 2004	service	=>	climdb_agg		method	=>	get_agg_monthly
Thu Jul 22 12:22:33 2004	service	=>	climdb_agg		method	=>	agg_over_all
Thu Jul 22 12:25:43 2004	service	=>	climdb_agg		method	=>	get_agg_monthly
Thu Jul 22 12:27:10 2004	service	=>	climdb_agg		method	=>	get_agg_monthly
Thu Jul 22 12:27:36 2004	service	=>	climdb_agg		method	=>	get_agg_yearly
Thu Jul 22 12:28:15 2004	service	=>	climdb_raw		method	=>	get_day
Thu Jul 22 12:29:46 2004	service	=>	climdb_raw		method	=>	get_variable
Thu Jul 22 12:30:20 2004	service	=>	ms001		method	=>	TMAXairpri01
Thu Jul 22 12:30:54 2004	service	=>	ms001		method	=>	TMAXairpri01
Thu Jul 22 12:32:50 2004	service	=>	ms001		method	=>	TMAXairpri01
Thu Jul 22 13:31:13 2004	service	=>	sample		method	=>	personnel_email
Thu Jul 22 13:31:33 2004	service	=>	sample		method	=>	research_site_list
Thu Jul 22 13:31:42 2004	service	=>	sample		method	=>	add_it
Thu Jul 22 13:31:58 2004	service	=>	sample		method	=>	sites
Thu Jul 22 13:32:07 2004	service	=>	sample		method	=>	empty
Thu Jul 22 13:32:19 2004	service	=>	sample		method	=>	personnel_email
Thu Jul 22 13:38:42 2004	service	=>	ms001		method	=>	TMINairpri01
Thu Jul 22 13:40:51 2004	service	=>	ms001		method	=>	TMAXairpri01
Thu Jul 22 14:04:52 2004	service	=>	ms001		method	=>	TMINairpri01
Thu Jul 22 14:10:12 2004	service	=>	sample		method	=>	empty
Thu Jul 22 15:37:29 2004	service	=>	climdb_agg		method	=>	get_agg_monthly
Thu Jul 22 15:38:29 2004	service	=>	climdb_agg		method	=>	get_agg_monthly
Thu Jul 22 15:39:01 2004	service	=>	climdb_agg		method	=>	get_agg_monthly
Thu Jul 22 15:50:43 2004	service	=>	climdb_agg		method	=>	get_agg_monthly
Wed Nov 17 12:01:05 2004	service	=>	ms001		method	=>	TMAXairpri01
Wed Nov 17 12:01:30 2004	service	=>	ms001		method	=>	TMAXairpri01
Wed Nov 17 12:01:38 2004	service	=>	ms001		method	=>	TMAXairpri01
Wed Nov 17 12:01:55 2004	service	=>	ms001		method	=>	TMAXairpri01
Fri Dec 17 14:08:45 2004	service	=>	ms001		method	=>	TMAXairpri01
Fri Dec 17 14:48:39 2004	service	=>	ms001		method	=>	TMAXairpri01
Fri Dec 17 14:51:45 2004	service	=>	ms001		method	=>	TMAXairpri01
Fri Dec 17 14:52:38 2004	service	=>	ms001		method	=>	TMAXairpri01
Fri Dec 17 14:54:50 2004	service	=>	ms001		method	=>	TMAXairpri01
Fri Dec 17 14:59:22 2004	service	=>	ms001		method	=>	TMAXairpri01
Fri Dec 17 14:59:43 2004	service	=>	ms001		method	=>	TMAXairpri01
Fri Dec 17 15:00:58 2004	service	=>	ms001		method	=>	TMAXairpri01
Fri Dec 17 15:02:19 2004	service	=>	ms001		method	=>	TMAXairpri01
Fri Dec 17 15:04:36 2004	service	=>	ms001		method	=>	TMAXairpri01
Fri Dec 17 15:05:23 2004	service	=>	ms001		method	=>	TMAXairpri01
Fri Dec 17 15:06:05 2004	service	=>	ms001		method	=>	TMAXairpri01
Fri Dec 17 15:07:21 2004	service	=>	ms001		method	=>	TMINairpri01
Fri Dec 17 15:07:44 2004	service	=>	ms001		method	=>	TMAXairpri01
Fri Dec 17 15:08:10 2004	service	=>	ms001		method	=>	TMAXairpri01
Fri Dec 17 15:09:21 2004	service	=>	ms001		method	=>	TMAXairpri01
Fri Dec 17 15:09:39 2004	service	=>	ms001		method	=>	TMAXairpri01
Fri Dec 17 15:09:53 2004	service	=>	ms001		method	=>	TMAXairpri01
Fri Dec 17 15:10:16 2004	service	=>	ms001		method	=>	TMAXairpri01
Fri Dec 17 15:10:50 2004	service	=>	ms001		method	=>	TMAXairpri01
Fri Dec 17 15:11:05 2004	service	=>	ms001		method	=>	TMAXairpri01
Fri Dec 17 15:11:17 2004	service	=>	ms001		method	=>	TMAXairpri01
Fri Dec 17 15:11:37 2004	service	=>	ms001		method	=>	TMAXairpri01
Fri Dec 17 15:12:55 2004	service	=>	ms001		method	=>	TMAXairpri01
Fri Dec 17 15:14:06 2004	service	=>	ms001		method	=>	TMAXairpri01
Fri Dec 17 15:15:07 2004	service	=>	ms001		method	=>	TMAXairpri01
Fri Dec 17 15:15:43 2004	service	=>	ms001		method	=>	TMAXairpri01
Fri Dec 17 15:16:14 2004	service	=>	ms001		method	=>	TMAXairpri01
Fri Dec 17 15:16:30 2004	service	=>	ms001		method	=>	TMAXairpri01
Fri Dec 17 15:16:42 2004	service	=>	ms001		method	=>	TMAXairpri01
Fri Dec 17 15:17:13 2004	service	=>	ms001		method	=>	TMAXairpri01
Sat Dec 18 17:41:41 2004	service	=>	sample		method	=>	sites
Sat Dec 18 17:42:36 2004	service	=>	sample		method	=>	sites
Sat Dec 18 17:47:14 2004	service	=>	sample		method	=>	sites
Sat Dec 18 17:48:26 2004	service	=>	sample		method	=>	sites
Sat Dec 18 17:50:19 2004	service	=>	sample		method	=>	sites
Sat Dec 18 17:51:53 2004	service	=>	sample		method	=>	sites
Sat Dec 18 17:52:05 2004	service	=>	sample		method	=>	sites
Sat Dec 18 17:52:12 2004	service	=>	sample		method	=>	sites
Sat Dec 18 17:53:08 2004	service	=>	sample		method	=>	sites
Sat Dec 18 17:53:29 2004	service	=>	sample		method	=>	sites
Sat Dec 18 17:54:24 2004	service	=>	sample		method	=>	sites
Sun Dec 19 11:36:38 2004	service	=>	sample		method	=>	add_it
Sun Dec 19 11:36:39 2004	service	=>	sample		method	=>	sites
Sun Dec 19 11:36:40 2004	service	=>	sample		method	=>	empty
Sun Dec 19 11:36:42 2004	service	=>	sample		method	=>	personnel_email
Sun Dec 19 11:38:06 2004	service	=>	sample		method	=>	add_it
Sun Dec 19 11:38:07 2004	service	=>	sample		method	=>	sites
Sun Dec 19 11:38:08 2004	service	=>	sample		method	=>	empty
Sun Dec 19 11:38:09 2004	service	=>	sample		method	=>	personnel_email
Sun Dec 19 11:38:38 2004	service	=>	ms001		method	=>	TMAXairpri01
Sun Dec 19 11:38:40 2004	service	=>	ms001		method	=>	TMINairpri01
Sun Dec 19 11:38:41 2004	service	=>	ms001		method	=>	TMEAairpri01
Sun Dec 19 12:18:20 2004	service	=>	sample		method	=>	add_it
Mon Dec 20 10:45:33 2004	service	=>	climdb_raw		method	=>	last_update
Mon Dec 20 10:45:50 2004	service	=>	climdb_raw		method	=>	last_update
Mon Dec 20 10:46:25 2004	service	=>	climdb_raw		method	=>	last_update
Mon Dec 20 10:49:20 2004	service	=>	climdb_raw		method	=>	last_update
Mon Dec 20 11:03:33 2004	service	=>	climdb_raw		method	=>	last_update
Mon Dec 20 11:04:25 2004	service	=>	climdb_raw		method	=>	last_update
Mon Dec 20 11:04:52 2004	service	=>	climdb_raw		method	=>	last_update
Mon Dec 20 11:05:11 2004	service	=>	climdb_raw		method	=>	last_update
Mon Dec 20 11:05:54 2004	service	=>	climdb_raw		method	=>	last_update
Mon Dec 20 11:26:46 2004	service	=>	climdb_raw		method	=>	last_update
Mon Dec 20 11:30:14 2004	service	=>	climdb_raw		method	=>	last_update
Mon Dec 20 11:30:21 2004	service	=>	climdb_raw		method	=>	last_update
Mon Dec 20 11:30:53 2004	service	=>	climdb_raw		method	=>	last_update
Mon Dec 20 11:31:08 2004	service	=>	climdb_raw		method	=>	last_update
Mon Dec 20 11:32:00 2004	service	=>	climdb_raw		method	=>	last_update
Mon Dec 20 11:32:32 2004	service	=>	climdb_raw		method	=>	last_update
Mon Dec 20 11:32:54 2004	service	=>	climdb_raw		method	=>	last_update
Mon Dec 20 11:33:01 2004	service	=>	climdb_raw		method	=>	last_update
Mon Dec 20 11:33:33 2004	service	=>	climdb_raw		method	=>	last_update
Mon Dec 20 11:34:09 2004	service	=>	climdb_raw		method	=>	last_update
Mon Dec 20 11:34:26 2004	service	=>	climdb_raw		method	=>	last_update
Mon Dec 20 11:35:37 2004	service	=>	climdb_raw		method	=>	last_update
Mon Dec 20 12:30:22 2004	service	=>	sample		method	=>	add_it
Mon Dec 20 12:31:41 2004	service	=>	climdb_raw		method	=>	last_harvest
Mon Dec 20 12:31:44 2004	service	=>	climdb_raw		method	=>	last_harvest
Mon Dec 20 12:33:03 2004	service	=>	climdb_raw		method	=>	last_harvest
Mon Dec 20 12:33:05 2004	service	=>	climdb_raw		method	=>	last_harvest
Mon Dec 20 12:42:57 2004	service	=>	climdb_raw		method	=>	last_harvest
Mon Dec 20 12:43:00 2004	service	=>	climdb_raw		method	=>	last_harvest
Mon Dec 20 12:44:48 2004	service	=>	climdb_raw		method	=>	last_harvest
Mon Dec 20 12:46:02 2004	service	=>	climdb_raw		method	=>	last_harvest
Mon Dec 20 12:46:22 2004	service	=>	climdb_raw		method	=>	last_harvest
Mon Dec 20 12:47:24 2004	service	=>	climdb_raw		method	=>	last_harvest
Mon Dec 20 12:50:34 2004	service	=>	climdb_raw		method	=>	last_harvest
Mon Dec 20 12:50:37 2004	service	=>	climdb_raw		method	=>	last_harvest
Mon Dec 20 12:56:46 2004	service	=>	climdb_raw		method	=>	last_harvest
Mon Dec 20 12:56:52 2004	service	=>	climdb_raw		method	=>	last_harvest
Mon Dec 20 12:57:08 2004	service	=>	climdb_raw		method	=>	last_harvest
Mon Dec 20 12:57:10 2004	service	=>	climdb_raw		method	=>	last_harvest
Mon Dec 20 12:58:35 2004	service	=>	climdb_raw		method	=>	last_harvest
Mon Dec 20 12:58:38 2004	service	=>	climdb_raw		method	=>	last_harvest
Mon Dec 20 13:12:09 2004	service	=>	climdb_raw		method	=>	last_harvest
Mon Dec 20 13:12:42 2004	service	=>	climdb_raw		method	=>	last_harvest
Mon Dec 20 13:12:44 2004	service	=>	climdb_raw		method	=>	last_harvest
Mon Dec 20 13:19:50 2004	service	=>	climdb_raw		method	=>	last_harvest
Mon Dec 20 13:32:25 2004	service	=>	climdb_raw		method	=>	last_harvest
Mon Dec 20 13:32:54 2004	service	=>	climdb_raw		method	=>	last_harvest
Mon Dec 20 20:39:05 2004	service	=>	climdb_raw		method	=>	last_harvest
Mon Dec 20 20:40:20 2004	service	=>	climdb_raw		method	=>	last_harvest
Tue Dec 21 10:18:44 2004	service	=>	climdb_raw		method	=>	last_harvest
Tue Dec 21 10:40:11 2004	service	=>	climdb_raw		method	=>	last_harvest
Tue Dec 21 10:40:50 2004	service	=>	climdb_raw		method	=>	last_harvest
Tue Dec 21 10:41:37 2004	service	=>	climdb_raw		method	=>	last_harvest
Tue Dec 21 10:41:39 2004	service	=>	climdb_raw		method	=>	last_harvest
Tue Dec 21 10:50:09 2004	service	=>	climdb_raw		method	=>	last_harvest
Tue Dec 21 10:50:11 2004	service	=>	climdb_raw		method	=>	last_harvest
Tue Dec 21 10:53:21 2004	service	=>	climdb_raw		method	=>	last_harvest
Tue Dec 21 10:53:24 2004	service	=>	climdb_raw		method	=>	last_harvest
Tue Dec 21 10:54:21 2004	service	=>	climdb_raw		method	=>	last_harvest
Tue Dec 21 10:54:24 2004	service	=>	climdb_raw		method	=>	last_harvest
Tue Dec 21 10:54:47 2004	service	=>	climdb_raw		method	=>	last_harvest
Tue Dec 21 10:55:50 2004	service	=>	climdb_raw		method	=>	last_harvest
Tue Dec 21 10:57:11 2004	service	=>	climdb_raw		method	=>	last_harvest
Tue Dec 21 10:57:21 2004	service	=>	climdb_raw		method	=>	last_harvest
Tue Dec 21 10:57:30 2004	service	=>	climdb_raw		method	=>	last_harvest
Tue Dec 21 12:28:30 2004	service	=>	climdb_raw		method	=>	last_harvest
Tue Dec 21 12:29:35 2004	service	=>	climdb_raw		method	=>	last_harvest
Tue Dec 21 12:29:46 2004	service	=>	climdb_raw		method	=>	last_harvest
Tue Dec 21 12:59:32 2004	service	=>	climdb_raw		method	=>	last_harvest
Tue Dec 21 12:59:54 2004	service	=>	climdb_raw		method	=>	last_harvest
Tue Dec 21 13:00:05 2004	service	=>	climdb_raw		method	=>	last_harvest
Tue Dec 21 13:01:20 2004	service	=>	climdb_raw		method	=>	last_harvest
Tue Dec 21 13:05:26 2004	service	=>	climdb_raw		method	=>	last_harvest
Tue Dec 21 13:05:51 2004	service	=>	climdb_raw		method	=>	last_harvest
Tue Dec 21 13:37:31 2004	service	=>	climdb_raw		method	=>	last_harvest
Tue Dec 21 19:24:22 2004	service	=>	climdb_raw		method	=>	last_harvest
Tue Dec 21 19:26:59 2004	service	=>	climdb_raw		method	=>	last_harvest
Tue Dec 21 19:27:50 2004	service	=>	climdb_raw		method	=>	last_harvest
Tue Dec 21 20:27:22 2004	service	=>	climdb_raw		method	=>	last_harvest
Tue Dec 21 20:29:38 2004	service	=>	climdb_raw		method	=>	last_harvest
Tue Dec 21 20:29:43 2004	service	=>	climdb_raw		method	=>	last_harvest
Tue Dec 21 20:30:01 2004	service	=>	climdb_raw		method	=>	last_harvest
Tue Dec 21 20:30:05 2004	service	=>	climdb_raw		method	=>	last_harvest
Tue Dec 21 20:30:08 2004	service	=>	climdb_raw		method	=>	last_harvest
Tue Dec 21 20:30:12 2004	service	=>	climdb_raw		method	=>	last_harvest
Tue Dec 21 20:36:27 2004	service	=>	climdb_raw		method	=>	last_harvest
Tue Dec 21 20:36:30 2004	service	=>	climdb_raw		method	=>	last_harvest
Tue Dec 21 20:36:34 2004	service	=>	climdb_raw		method	=>	last_harvest
Tue Dec 21 20:36:37 2004	service	=>	climdb_raw		method	=>	last_harvest
Tue Dec 21 21:02:07 2004	service	=>	climdb_raw		method	=>	last_harvest
Tue Dec 21 21:02:11 2004	service	=>	climdb_raw		method	=>	last_harvest
Tue Dec 21 21:02:14 2004	service	=>	climdb_raw		method	=>	last_harvest
Tue Dec 21 21:02:18 2004	service	=>	climdb_raw		method	=>	last_harvest
Thu Dec 23 11:50:08 2004	service	=>	climdb_raw		method	=>	last_harvest
Thu Dec 23 11:50:24 2004	service	=>	climdb_raw		method	=>	last_harvest
Thu Dec 23 11:50:28 2004	service	=>	climdb_raw		method	=>	last_harvest
Thu Dec 23 11:50:31 2004	service	=>	climdb_raw		method	=>	last_harvest
Thu Dec 23 12:05:46 2004	service	=>	climdb_raw		method	=>	last_harvest
Thu Dec 23 12:05:49 2004	service	=>	climdb_raw		method	=>	last_harvest
Thu Dec 23 12:05:52 2004	service	=>	climdb_raw		method	=>	last_harvest
Thu Dec 23 12:05:56 2004	service	=>	climdb_raw		method	=>	last_harvest
Thu Dec 23 12:08:16 2004	service	=>	climdb_raw		method	=>	last_harvest
Thu Dec 23 12:08:19 2004	service	=>	climdb_raw		method	=>	last_harvest
Thu Dec 23 12:08:22 2004	service	=>	climdb_raw		method	=>	last_harvest
Thu Dec 23 12:09:46 2004	service	=>	climdb_raw		method	=>	last_harvest
Thu Dec 23 12:09:49 2004	service	=>	climdb_raw		method	=>	last_harvest
Thu Dec 23 12:09:52 2004	service	=>	climdb_raw		method	=>	last_harvest
Thu Dec 23 12:12:13 2004	service	=>	climdb_raw		method	=>	last_harvest
Thu Dec 23 12:12:16 2004	service	=>	climdb_raw		method	=>	last_harvest
Thu Dec 23 12:12:19 2004	service	=>	climdb_raw		method	=>	last_harvest
Thu Dec 23 12:12:42 2004	service	=>	climdb_raw		method	=>	last_harvest
Thu Dec 23 12:12:46 2004	service	=>	climdb_raw		method	=>	last_harvest
Thu Dec 23 12:12:49 2004	service	=>	climdb_raw		method	=>	last_harvest
Thu Dec 23 12:12:52 2004	service	=>	climdb_raw		method	=>	last_harvest
Thu Dec 23 12:13:09 2004	service	=>	climdb_raw		method	=>	last_harvest
Thu Dec 23 12:13:13 2004	service	=>	climdb_raw		method	=>	last_harvest
Thu Dec 23 12:13:16 2004	service	=>	climdb_raw		method	=>	last_harvest
Thu Dec 23 12:13:19 2004	service	=>	climdb_raw		method	=>	last_harvest
Thu Dec 23 12:14:02 2004	service	=>	climdb_raw		method	=>	last_harvest
Thu Dec 23 12:14:05 2004	service	=>	climdb_raw		method	=>	last_harvest
Thu Dec 23 12:14:08 2004	service	=>	climdb_raw		method	=>	last_harvest
Thu Dec 23 12:14:12 2004	service	=>	climdb_raw		method	=>	last_harvest
Thu Dec 23 12:15:29 2004	service	=>	climdb_raw		method	=>	last_harvest
Thu Dec 23 12:15:32 2004	service	=>	climdb_raw		method	=>	last_harvest
Thu Dec 23 12:15:35 2004	service	=>	climdb_raw		method	=>	last_harvest
Thu Dec 23 12:15:38 2004	service	=>	climdb_raw		method	=>	last_harvest
Thu Dec 23 12:16:59 2004	service	=>	climdb_raw		method	=>	last_harvest
Thu Dec 23 12:17:03 2004	service	=>	climdb_raw		method	=>	last_harvest
Thu Dec 23 12:17:06 2004	service	=>	climdb_raw		method	=>	last_harvest
Thu Dec 23 12:17:09 2004	service	=>	climdb_raw		method	=>	last_harvest
Mon Dec 27 17:24:23 2004	service	=>	climdb_raw		method	=>	last_harvest
Mon Dec 27 17:24:27 2004	service	=>	climdb_raw		method	=>	last_harvest
Mon Dec 27 17:24:30 2004	service	=>	climdb_raw		method	=>	last_harvest
Mon Dec 27 17:24:34 2004	service	=>	climdb_raw		method	=>	last_harvest
Mon Dec 27 17:24:37 2004	service	=>	climdb_raw		method	=>	last_harvest
Mon Dec 27 17:24:40 2004	service	=>	climdb_raw		method	=>	last_harvest
Mon Dec 27 17:24:43 2004	service	=>	climdb_raw		method	=>	last_harvest
Mon Dec 27 17:24:47 2004	service	=>	climdb_raw		method	=>	last_harvest
Mon Dec 27 17:24:50 2004	service	=>	climdb_raw		method	=>	last_harvest
Mon Dec 27 17:24:54 2004	service	=>	climdb_raw		method	=>	last_harvest
Mon Dec 27 17:24:57 2004	service	=>	climdb_raw		method	=>	last_harvest
Mon Dec 27 17:25:00 2004	service	=>	climdb_raw		method	=>	last_harvest
Mon Dec 27 17:25:03 2004	service	=>	climdb_raw		method	=>	last_harvest
Mon Dec 27 17:25:07 2004	service	=>	climdb_raw		method	=>	last_harvest
Mon Dec 27 17:25:10 2004	service	=>	climdb_raw		method	=>	last_harvest
Mon Dec 27 17:25:13 2004	service	=>	climdb_raw		method	=>	last_harvest
Mon Dec 27 17:25:17 2004	service	=>	climdb_raw		method	=>	last_harvest
Mon Dec 27 17:25:20 2004	service	=>	climdb_raw		method	=>	last_harvest
Mon Dec 27 17:25:27 2004	service	=>	climdb_raw		method	=>	last_harvest
Mon Dec 27 17:25:29 2004	service	=>	climdb_raw		method	=>	last_harvest
Mon Dec 27 17:25:32 2004	service	=>	climdb_raw		method	=>	last_harvest
Mon Dec 27 17:25:34 2004	service	=>	climdb_raw		method	=>	last_harvest
Mon Dec 27 17:25:37 2004	service	=>	climdb_raw		method	=>	last_harvest
Mon Dec 27 17:25:39 2004	service	=>	climdb_raw		method	=>	last_harvest
Mon Dec 27 17:25:41 2004	service	=>	climdb_raw		method	=>	last_harvest
Mon Dec 27 17:25:44 2004	service	=>	climdb_raw		method	=>	last_harvest
Mon Dec 27 17:25:49 2004	service	=>	climdb_raw		method	=>	last_harvest
Tue Dec 28 12:18:29 2004	service	=>	climdb_raw		method	=>	last_harvest
Tue Dec 28 12:18:32 2004	service	=>	climdb_raw		method	=>	last_harvest
Tue Dec 28 12:18:36 2004	service	=>	climdb_raw		method	=>	last_harvest
Tue Dec 28 12:18:39 2004	service	=>	climdb_raw		method	=>	last_harvest
Tue Dec 28 12:18:42 2004	service	=>	climdb_raw		method	=>	last_harvest
Tue Dec 28 12:18:45 2004	service	=>	climdb_raw		method	=>	last_harvest
Tue Dec 28 12:18:48 2004	service	=>	climdb_raw		method	=>	last_harvest
Tue Dec 28 12:18:52 2004	service	=>	climdb_raw		method	=>	last_harvest
Tue Dec 28 12:18:55 2004	service	=>	climdb_raw		method	=>	last_harvest
Tue Dec 28 12:18:58 2004	service	=>	climdb_raw		method	=>	last_harvest
Tue Dec 28 12:19:01 2004	service	=>	climdb_raw		method	=>	last_harvest
Tue Dec 28 12:19:04 2004	service	=>	climdb_raw		method	=>	last_harvest
Tue Dec 28 12:19:08 2004	service	=>	climdb_raw		method	=>	last_harvest
Tue Dec 28 12:19:11 2004	service	=>	climdb_raw		method	=>	last_harvest
Tue Dec 28 12:19:14 2004	service	=>	climdb_raw		method	=>	last_harvest
Tue Dec 28 12:19:17 2004	service	=>	climdb_raw		method	=>	last_harvest
Tue Dec 28 12:19:20 2004	service	=>	climdb_raw		method	=>	last_harvest
Tue Dec 28 12:19:24 2004	service	=>	climdb_raw		method	=>	last_harvest
Tue Dec 28 12:19:27 2004	service	=>	climdb_raw		method	=>	last_harvest
Tue Dec 28 12:19:30 2004	service	=>	climdb_raw		method	=>	last_harvest
Tue Dec 28 12:19:33 2004	service	=>	climdb_raw		method	=>	last_harvest
Tue Dec 28 12:19:36 2004	service	=>	climdb_raw		method	=>	last_harvest
Tue Dec 28 12:19:40 2004	service	=>	climdb_raw		method	=>	last_harvest
Tue Dec 28 12:19:43 2004	service	=>	climdb_raw		method	=>	last_harvest
Tue Dec 28 12:19:46 2004	service	=>	climdb_raw		method	=>	last_harvest
Tue Dec 28 12:19:49 2004	service	=>	climdb_raw		method	=>	last_harvest
Tue Dec 28 12:19:52 2004	service	=>	climdb_raw		method	=>	last_harvest
Tue Jan  4 11:50:43 2005	service	=>	sample		method	=>	add_it
Tue Jan  4 11:50:56 2005	service	=>	sample		method	=>	empty
Wed Jan  5 11:35:42 2005	service	=>	climdb_raw		method	=>	last_harvest
Wed Jan  5 11:37:58 2005	service	=>	climdb_raw		method	=>	last_harvest
Wed Jan  5 11:38:22 2005	service	=>	climdb_raw		method	=>	last_harvest
Wed Jan  5 11:38:49 2005	service	=>	climdb_raw		method	=>	last_harvest
Wed Jan  5 11:39:54 2005	service	=>	climdb_raw		method	=>	last_harvest
Wed Jan  5 11:40:31 2005	service	=>	climdb_raw		method	=>	last_harvest
Wed Jan  5 11:40:48 2005	service	=>	climdb_raw		method	=>	last_harvest
Wed Jan  5 11:40:52 2005	service	=>	climdb_raw		method	=>	last_harvest
Wed Jan  5 11:40:55 2005	service	=>	climdb_raw		method	=>	last_harvest
Wed Jan  5 11:40:59 2005	service	=>	climdb_raw		method	=>	last_harvest
Wed Jan  5 11:41:02 2005	service	=>	climdb_raw		method	=>	last_harvest
Wed Jan  5 11:41:06 2005	service	=>	climdb_raw		method	=>	last_harvest
Thu Jan  6 10:57:00 2005	service	=>	climdb_raw		method	=>	last_harvest
Thu Jan  6 10:57:04 2005	service	=>	climdb_raw		method	=>	last_harvest
Thu Jan  6 10:57:07 2005	service	=>	climdb_raw		method	=>	last_harvest
Thu Jan  6 10:57:11 2005	service	=>	climdb_raw		method	=>	last_harvest
Thu Jan  6 10:57:14 2005	service	=>	climdb_raw		method	=>	last_harvest
Thu Jan  6 10:57:18 2005	service	=>	climdb_raw		method	=>	last_harvest
Thu Jan  6 10:57:21 2005	service	=>	climdb_raw		method	=>	last_harvest
Thu Jan  6 10:57:24 2005	service	=>	climdb_raw		method	=>	last_harvest
Thu Jan  6 10:57:28 2005	service	=>	climdb_raw		method	=>	last_harvest
Thu Jan  6 10:57:31 2005	service	=>	climdb_raw		method	=>	last_harvest
Thu Jan  6 10:57:35 2005	service	=>	climdb_raw		method	=>	last_harvest
Thu Jan  6 10:57:38 2005	service	=>	climdb_raw		method	=>	last_harvest
Thu Jan  6 10:57:41 2005	service	=>	climdb_raw		method	=>	last_harvest
Thu Jan  6 10:57:45 2005	service	=>	climdb_raw		method	=>	last_harvest
Thu Jan  6 10:57:48 2005	service	=>	climdb_raw		method	=>	last_harvest
Thu Jan  6 10:57:52 2005	service	=>	climdb_raw		method	=>	last_harvest
Thu Jan  6 10:57:55 2005	service	=>	climdb_raw		method	=>	last_harvest
Thu Jan  6 10:57:59 2005	service	=>	climdb_raw		method	=>	last_harvest
Thu Jan  6 10:58:02 2005	service	=>	climdb_raw		method	=>	last_harvest
Thu Jan  6 10:58:05 2005	service	=>	climdb_raw		method	=>	last_harvest
Thu Jan  6 10:58:09 2005	service	=>	climdb_raw		method	=>	last_harvest
Thu Jan  6 10:58:12 2005	service	=>	climdb_raw		method	=>	last_harvest
Thu Jan  6 10:58:15 2005	service	=>	climdb_raw		method	=>	last_harvest
Thu Jan  6 10:58:19 2005	service	=>	climdb_raw		method	=>	last_harvest
Thu Jan  6 10:58:22 2005	service	=>	climdb_raw		method	=>	last_harvest
Thu Jan  6 10:58:25 2005	service	=>	climdb_raw		method	=>	last_harvest
Thu Jan  6 10:58:28 2005	service	=>	climdb_raw		method	=>	last_harvest
Thu Jan  6 10:58:32 2005	service	=>	climdb_raw		method	=>	last_harvest
Thu Jan  6 11:07:50 2005	service	=>	climdb_raw		method	=>	last_harvest
Thu Jan  6 11:07:54 2005	service	=>	climdb_raw		method	=>	last_harvest
Thu Jan  6 11:07:57 2005	service	=>	climdb_raw		method	=>	last_harvest
Thu Jan  6 11:08:01 2005	service	=>	climdb_raw		method	=>	last_harvest
Thu Jan  6 11:08:04 2005	service	=>	climdb_raw		method	=>	last_harvest
Thu Jan  6 11:08:07 2005	service	=>	climdb_raw		method	=>	last_harvest
Thu Jan  6 11:08:11 2005	service	=>	climdb_raw		method	=>	last_harvest
Thu Jan  6 11:08:14 2005	service	=>	climdb_raw		method	=>	last_harvest
Thu Jan  6 11:08:18 2005	service	=>	climdb_raw		method	=>	last_harvest
Thu Jan  6 11:08:21 2005	service	=>	climdb_raw		method	=>	last_harvest
Thu Jan  6 11:08:24 2005	service	=>	climdb_raw		method	=>	last_harvest
Thu Jan  6 11:08:29 2005	service	=>	climdb_raw		method	=>	last_harvest
Thu Jan  6 11:08:32 2005	service	=>	climdb_raw		method	=>	last_harvest
Thu Jan  6 11:08:36 2005	service	=>	climdb_raw		method	=>	last_harvest
Thu Jan  6 11:08:39 2005	service	=>	climdb_raw		method	=>	last_harvest
Thu Jan  6 11:08:43 2005	service	=>	climdb_raw		method	=>	last_harvest
Thu Jan  6 11:08:46 2005	service	=>	climdb_raw		method	=>	last_harvest
Thu Jan  6 11:08:49 2005	service	=>	climdb_raw		method	=>	last_harvest
Thu Jan  6 11:08:53 2005	service	=>	climdb_raw		method	=>	last_harvest
Thu Jan  6 11:08:56 2005	service	=>	climdb_raw		method	=>	last_harvest
Thu Jan  6 11:09:00 2005	service	=>	climdb_raw		method	=>	last_harvest
Thu Jan  6 11:09:03 2005	service	=>	climdb_raw		method	=>	last_harvest
Thu Jan  6 11:09:07 2005	service	=>	climdb_raw		method	=>	last_harvest
Thu Jan  6 11:09:10 2005	service	=>	climdb_raw		method	=>	last_harvest
Thu Jan  6 11:09:14 2005	service	=>	climdb_raw		method	=>	last_harvest
Thu Jan  6 11:09:17 2005	service	=>	climdb_raw		method	=>	last_harvest
Thu Jan  6 11:09:21 2005	service	=>	climdb_raw		method	=>	last_harvest
Thu Jan  6 11:09:24 2005	service	=>	climdb_raw		method	=>	last_harvest
Thu Jan  6 11:17:43 2005	service	=>	climdb_raw		method	=>	last_harvest
Thu Jan  6 11:17:47 2005	service	=>	climdb_raw		method	=>	last_harvest
Thu Jan  6 11:17:50 2005	service	=>	climdb_raw		method	=>	last_harvest
Thu Jan  6 11:17:53 2005	service	=>	climdb_raw		method	=>	last_harvest
Thu Jan  6 11:17:57 2005	service	=>	climdb_raw		method	=>	last_harvest
Thu Jan  6 11:18:00 2005	service	=>	climdb_raw		method	=>	last_harvest
Thu Jan  6 11:18:04 2005	service	=>	climdb_raw		method	=>	last_harvest
Thu Jan  6 11:18:07 2005	service	=>	climdb_raw		method	=>	last_harvest
Thu Jan  6 11:18:11 2005	service	=>	climdb_raw		method	=>	last_harvest
Thu Jan  6 11:18:14 2005	service	=>	climdb_raw		method	=>	last_harvest
Thu Jan  6 11:18:17 2005	service	=>	climdb_raw		method	=>	last_harvest
Thu Jan  6 11:18:21 2005	service	=>	climdb_raw		method	=>	last_harvest
Thu Jan  6 11:18:24 2005	service	=>	climdb_raw		method	=>	last_harvest
Thu Jan  6 11:18:28 2005	service	=>	climdb_raw		method	=>	last_harvest
Thu Jan  6 11:18:31 2005	service	=>	climdb_raw		method	=>	last_harvest
Thu Jan  6 11:18:34 2005	service	=>	climdb_raw		method	=>	last_harvest
Thu Jan  6 11:18:38 2005	service	=>	climdb_raw		method	=>	last_harvest
Thu Jan  6 11:18:41 2005	service	=>	climdb_raw		method	=>	last_harvest
Thu Jan  6 11:18:45 2005	service	=>	climdb_raw		method	=>	last_harvest
Thu Jan  6 11:18:48 2005	service	=>	climdb_raw		method	=>	last_harvest
Thu Jan  6 11:18:52 2005	service	=>	climdb_raw		method	=>	last_harvest
Thu Jan  6 11:18:55 2005	service	=>	climdb_raw		method	=>	last_harvest
Thu Jan  6 11:18:59 2005	service	=>	climdb_raw		method	=>	last_harvest
Thu Jan  6 11:19:02 2005	service	=>	climdb_raw		method	=>	last_harvest
Thu Jan  6 11:19:06 2005	service	=>	climdb_raw		method	=>	last_harvest
Thu Jan  6 11:19:09 2005	service	=>	climdb_raw		method	=>	last_harvest
Thu Jan  6 11:19:15 2005	service	=>	climdb_raw		method	=>	last_harvest
Thu Jan  6 11:19:20 2005	service	=>	climdb_raw		method	=>	last_harvest
Thu Jan  6 11:53:32 2005	service	=>	climdb_raw		method	=>	last_harvest
Thu Jan  6 11:53:36 2005	service	=>	climdb_raw		method	=>	last_harvest
Thu Jan  6 11:53:39 2005	service	=>	climdb_raw		method	=>	last_harvest
Thu Jan  6 11:53:43 2005	service	=>	climdb_raw		method	=>	last_harvest
Thu Jan  6 11:53:46 2005	service	=>	climdb_raw		method	=>	last_harvest
Thu Jan  6 11:53:49 2005	service	=>	climdb_raw		method	=>	last_harvest
Thu Jan  6 11:53:53 2005	service	=>	climdb_raw		method	=>	last_harvest
Thu Jan  6 11:53:56 2005	service	=>	climdb_raw		method	=>	last_harvest
Thu Jan  6 11:54:00 2005	service	=>	climdb_raw		method	=>	last_harvest
Thu Jan  6 11:54:05 2005	service	=>	climdb_raw		method	=>	last_harvest
Thu Jan  6 11:54:09 2005	service	=>	climdb_raw		method	=>	last_harvest
Thu Jan  6 11:54:12 2005	service	=>	climdb_raw		method	=>	last_harvest
Thu Jan  6 11:54:16 2005	service	=>	climdb_raw		method	=>	last_harvest
Thu Jan  6 11:54:19 2005	service	=>	climdb_raw		method	=>	last_harvest
Thu Jan  6 11:54:23 2005	service	=>	climdb_raw		method	=>	last_harvest
Thu Jan  6 11:54:26 2005	service	=>	climdb_raw		method	=>	last_harvest
Thu Jan  6 11:54:30 2005	service	=>	climdb_raw		method	=>	last_harvest
Thu Jan  6 11:54:33 2005	service	=>	climdb_raw		method	=>	last_harvest
Thu Jan  6 11:54:37 2005	service	=>	climdb_raw		method	=>	last_harvest
Thu Jan  6 11:54:40 2005	service	=>	climdb_raw		method	=>	last_harvest
Thu Jan  6 11:54:43 2005	service	=>	climdb_raw		method	=>	last_harvest
Thu Jan  6 11:54:47 2005	service	=>	climdb_raw		method	=>	last_harvest
Thu Jan  6 11:54:50 2005	service	=>	climdb_raw		method	=>	last_harvest
Thu Jan  6 11:54:54 2005	service	=>	climdb_raw		method	=>	last_harvest
Thu Jan  6 11:54:57 2005	service	=>	climdb_raw		method	=>	last_harvest
Thu Jan  6 11:55:00 2005	service	=>	climdb_raw		method	=>	last_harvest
Thu Jan  6 11:55:04 2005	service	=>	climdb_raw		method	=>	last_harvest
Thu Jan  6 11:55:07 2005	service	=>	climdb_raw		method	=>	last_harvest
Thu Jan  6 11:55:11 2005	service	=>	climdb_raw		method	=>	last_harvest
Thu Jan  6 11:55:14 2005	service	=>	climdb_raw		method	=>	last_harvest
Thu Jan  6 11:55:18 2005	service	=>	climdb_raw		method	=>	last_harvest
Thu Jan  6 11:55:21 2005	service	=>	climdb_raw		method	=>	last_harvest
Thu Jan  6 11:55:25 2005	service	=>	climdb_raw		method	=>	last_harvest
Thu Jan  6 11:55:28 2005	service	=>	climdb_raw		method	=>	last_harvest
Thu Jan  6 11:55:34 2005	service	=>	climdb_raw		method	=>	last_harvest
Thu Jan  6 11:55:39 2005	service	=>	climdb_raw		method	=>	last_harvest
Thu Jan  6 12:03:23 2005	service	=>	climdb_raw		method	=>	last_harvest
Thu Jan  6 12:03:26 2005	service	=>	climdb_raw		method	=>	last_harvest
Thu Jan  6 12:03:30 2005	service	=>	climdb_raw		method	=>	last_harvest
Thu Jan  6 12:03:33 2005	service	=>	climdb_raw		method	=>	last_harvest
Thu Jan  6 12:03:37 2005	service	=>	climdb_raw		method	=>	last_harvest
Thu Jan  6 12:03:40 2005	service	=>	climdb_raw		method	=>	last_harvest
Thu Jan  6 12:03:43 2005	service	=>	climdb_raw		method	=>	last_harvest
Thu Jan  6 12:03:47 2005	service	=>	climdb_raw		method	=>	last_harvest
Thu Jan  6 12:03:50 2005	service	=>	climdb_raw		method	=>	last_harvest
Thu Jan  6 12:03:54 2005	service	=>	climdb_raw		method	=>	last_harvest
Thu Jan  6 12:03:59 2005	service	=>	climdb_raw		method	=>	last_harvest
Thu Jan  6 12:04:03 2005	service	=>	climdb_raw		method	=>	last_harvest
Thu Jan  6 12:04:06 2005	service	=>	climdb_raw		method	=>	last_harvest
Thu Jan  6 12:04:10 2005	service	=>	climdb_raw		method	=>	last_harvest
Thu Jan  6 12:04:13 2005	service	=>	climdb_raw		method	=>	last_harvest
Thu Jan  6 12:04:17 2005	service	=>	climdb_raw		method	=>	last_harvest
Thu Jan  6 12:04:20 2005	service	=>	climdb_raw		method	=>	last_harvest
Thu Jan  6 12:04:23 2005	service	=>	climdb_raw		method	=>	last_harvest
Thu Jan  6 12:04:27 2005	service	=>	climdb_raw		method	=>	last_harvest
Thu Jan  6 12:04:30 2005	service	=>	climdb_raw		method	=>	last_harvest
Thu Jan  6 12:04:34 2005	service	=>	climdb_raw		method	=>	last_harvest
Thu Jan  6 12:04:37 2005	service	=>	climdb_raw		method	=>	last_harvest
Thu Jan  6 12:04:40 2005	service	=>	climdb_raw		method	=>	last_harvest
Thu Jan  6 12:04:44 2005	service	=>	climdb_raw		method	=>	last_harvest
Thu Jan  6 12:04:47 2005	service	=>	climdb_raw		method	=>	last_harvest
Thu Jan  6 12:04:51 2005	service	=>	climdb_raw		method	=>	last_harvest
Thu Jan  6 12:04:54 2005	service	=>	climdb_raw		method	=>	last_harvest
Thu Jan  6 12:04:57 2005	service	=>	climdb_raw		method	=>	last_harvest
Thu Jan  6 12:05:01 2005	service	=>	climdb_raw		method	=>	last_harvest
Thu Jan  6 12:05:04 2005	service	=>	climdb_raw		method	=>	last_harvest
Thu Jan  6 12:05:08 2005	service	=>	climdb_raw		method	=>	last_harvest
Thu Jan  6 12:05:11 2005	service	=>	climdb_raw		method	=>	last_harvest
Thu Jan  6 12:05:15 2005	service	=>	climdb_raw		method	=>	last_harvest
Thu Jan  6 12:05:18 2005	service	=>	climdb_raw		method	=>	last_harvest
Thu Jan  6 12:05:24 2005	service	=>	climdb_raw		method	=>	last_harvest
Thu Jan  6 12:05:29 2005	service	=>	climdb_raw		method	=>	last_harvest
Thu Jan  6 12:09:19 2005	service	=>	climdb_raw		method	=>	last_harvest
Thu Jan  6 12:09:23 2005	service	=>	climdb_raw		method	=>	last_harvest
Thu Jan  6 12:09:26 2005	service	=>	climdb_raw		method	=>	last_harvest
Thu Jan  6 12:09:30 2005	service	=>	climdb_raw		method	=>	last_harvest
Thu Jan  6 12:09:33 2005	service	=>	climdb_raw		method	=>	last_harvest
Thu Jan  6 12:09:36 2005	service	=>	climdb_raw		method	=>	last_harvest
Thu Jan  6 12:09:40 2005	service	=>	climdb_raw		method	=>	last_harvest
Thu Jan  6 12:09:43 2005	service	=>	climdb_raw		method	=>	last_harvest
Thu Jan  6 12:09:47 2005	service	=>	climdb_raw		method	=>	last_harvest
Thu Jan  6 12:09:50 2005	service	=>	climdb_raw		method	=>	last_harvest
Thu Jan  6 12:09:54 2005	service	=>	climdb_raw		method	=>	last_harvest
Thu Jan  6 12:09:57 2005	service	=>	climdb_raw		method	=>	last_harvest
Thu Jan  6 12:10:00 2005	service	=>	climdb_raw		method	=>	last_harvest
Thu Jan  6 12:10:04 2005	service	=>	climdb_raw		method	=>	last_harvest
Thu Jan  6 12:10:07 2005	service	=>	climdb_raw		method	=>	last_harvest
Thu Jan  6 12:10:11 2005	service	=>	climdb_raw		method	=>	last_harvest
Thu Jan  6 12:10:14 2005	service	=>	climdb_raw		method	=>	last_harvest
Thu Jan  6 12:10:17 2005	service	=>	climdb_raw		method	=>	last_harvest
Thu Jan  6 12:10:21 2005	service	=>	climdb_raw		method	=>	last_harvest
Thu Jan  6 12:10:24 2005	service	=>	climdb_raw		method	=>	last_harvest
Thu Jan  6 12:10:28 2005	service	=>	climdb_raw		method	=>	last_harvest
Thu Jan  6 12:10:31 2005	service	=>	climdb_raw		method	=>	last_harvest
Thu Jan  6 12:10:34 2005	service	=>	climdb_raw		method	=>	last_harvest
Thu Jan  6 12:10:38 2005	service	=>	climdb_raw		method	=>	last_harvest
Thu Jan  6 12:10:41 2005	service	=>	climdb_raw		method	=>	last_harvest
Thu Jan  6 12:10:45 2005	service	=>	climdb_raw		method	=>	last_harvest
Thu Jan  6 12:10:48 2005	service	=>	climdb_raw		method	=>	last_harvest
Thu Jan  6 12:10:51 2005	service	=>	climdb_raw		method	=>	last_harvest
Thu Jan  6 12:10:55 2005	service	=>	climdb_raw		method	=>	last_harvest
Thu Jan  6 12:10:59 2005	service	=>	climdb_raw		method	=>	last_harvest
Thu Jan  6 12:11:02 2005	service	=>	climdb_raw		method	=>	last_harvest
Thu Jan  6 12:11:06 2005	service	=>	climdb_raw		method	=>	last_harvest
Thu Jan  6 12:11:10 2005	service	=>	climdb_raw		method	=>	last_harvest
Thu Jan  6 12:11:13 2005	service	=>	climdb_raw		method	=>	last_harvest
Thu Jan  6 12:11:31 2005	service	=>	climdb_raw		method	=>	last_harvest
Thu Jan  6 12:11:49 2005	service	=>	climdb_raw		method	=>	last_harvest
Thu Jan  6 12:27:20 2005	service	=>	climdb_raw		method	=>	last_harvest
Thu Jan  6 12:27:23 2005	service	=>	climdb_raw		method	=>	last_harvest
Thu Jan  6 12:27:27 2005	service	=>	climdb_raw		method	=>	last_harvest
Thu Jan  6 12:27:30 2005	service	=>	climdb_raw		method	=>	last_harvest
Thu Jan  6 12:27:34 2005	service	=>	climdb_raw		method	=>	last_harvest
Thu Jan  6 12:27:37 2005	service	=>	climdb_raw		method	=>	last_harvest
Thu Jan  6 12:27:40 2005	service	=>	climdb_raw		method	=>	last_harvest
Thu Jan  6 12:27:44 2005	service	=>	climdb_raw		method	=>	last_harvest
Thu Jan  6 12:27:47 2005	service	=>	climdb_raw		method	=>	last_harvest
Thu Jan  6 12:27:51 2005	service	=>	climdb_raw		method	=>	last_harvest
Thu Jan  6 12:27:54 2005	service	=>	climdb_raw		method	=>	last_harvest
Thu Jan  6 12:27:58 2005	service	=>	climdb_raw		method	=>	last_harvest
Thu Jan  6 12:28:01 2005	service	=>	climdb_raw		method	=>	last_harvest
Thu Jan  6 12:28:04 2005	service	=>	climdb_raw		method	=>	last_harvest
Thu Jan  6 12:28:08 2005	service	=>	climdb_raw		method	=>	last_harvest
Thu Jan  6 12:28:11 2005	service	=>	climdb_raw		method	=>	last_harvest
Thu Jan  6 12:28:15 2005	service	=>	climdb_raw		method	=>	last_harvest
Thu Jan  6 12:28:18 2005	service	=>	climdb_raw		method	=>	last_harvest
Thu Jan  6 12:28:21 2005	service	=>	climdb_raw		method	=>	last_harvest
Thu Jan  6 12:28:25 2005	service	=>	climdb_raw		method	=>	last_harvest
Thu Jan  6 12:28:28 2005	service	=>	climdb_raw		method	=>	last_harvest
Thu Jan  6 12:28:32 2005	service	=>	climdb_raw		method	=>	last_harvest
Thu Jan  6 12:28:35 2005	service	=>	climdb_raw		method	=>	last_harvest
Thu Jan  6 12:28:38 2005	service	=>	climdb_raw		method	=>	last_harvest
Thu Jan  6 12:28:42 2005	service	=>	climdb_raw		method	=>	last_harvest
Thu Jan  6 12:28:45 2005	service	=>	climdb_raw		method	=>	last_harvest
Thu Jan  6 12:28:49 2005	service	=>	climdb_raw		method	=>	last_harvest
Thu Jan  6 12:28:52 2005	service	=>	climdb_raw		method	=>	last_harvest
Thu Jan  6 12:28:57 2005	service	=>	climdb_raw		method	=>	last_harvest
Thu Jan  6 12:29:00 2005	service	=>	climdb_raw		method	=>	last_harvest
Thu Jan  6 12:29:04 2005	service	=>	climdb_raw		method	=>	last_harvest
Thu Jan  6 12:29:07 2005	service	=>	climdb_raw		method	=>	last_harvest
Thu Jan  6 12:29:11 2005	service	=>	climdb_raw		method	=>	last_harvest
Thu Jan  6 12:29:15 2005	service	=>	climdb_raw		method	=>	last_harvest
Thu Jan  6 12:29:32 2005	service	=>	climdb_raw		method	=>	last_harvest
Thu Jan  6 12:42:08 2005	service	=>	climdb_raw		method	=>	last_harvest
Thu Jan  6 12:42:12 2005	service	=>	climdb_raw		method	=>	last_harvest
Thu Jan  6 12:42:15 2005	service	=>	climdb_raw		method	=>	last_harvest
Thu Jan  6 12:42:18 2005	service	=>	climdb_raw		method	=>	last_harvest
Thu Jan  6 12:42:22 2005	service	=>	climdb_raw		method	=>	last_harvest
Thu Jan  6 12:42:25 2005	service	=>	climdb_raw		method	=>	last_harvest
Thu Jan  6 12:42:29 2005	service	=>	climdb_raw		method	=>	last_harvest
Thu Jan  6 12:42:32 2005	service	=>	climdb_raw		method	=>	last_harvest
Thu Jan  6 12:42:36 2005	service	=>	climdb_raw		method	=>	last_harvest
Thu Jan  6 12:42:39 2005	service	=>	climdb_raw		method	=>	last_harvest
Thu Jan  6 12:42:43 2005	service	=>	climdb_raw		method	=>	last_harvest
Thu Jan  6 12:42:46 2005	service	=>	climdb_raw		method	=>	last_harvest
Thu Jan  6 12:42:49 2005	service	=>	climdb_raw		method	=>	last_harvest
Thu Jan  6 12:42:53 2005	service	=>	climdb_raw		method	=>	last_harvest
Thu Jan  6 12:42:56 2005	service	=>	climdb_raw		method	=>	last_harvest
Thu Jan  6 12:43:00 2005	service	=>	climdb_raw		method	=>	last_harvest
Thu Jan  6 12:43:03 2005	service	=>	climdb_raw		method	=>	last_harvest
Thu Jan  6 12:43:06 2005	service	=>	climdb_raw		method	=>	last_harvest
Thu Jan  6 12:43:10 2005	service	=>	climdb_raw		method	=>	last_harvest
Thu Jan  6 12:43:13 2005	service	=>	climdb_raw		method	=>	last_harvest
Thu Jan  6 12:43:17 2005	service	=>	climdb_raw		method	=>	last_harvest
Thu Jan  6 12:43:20 2005	service	=>	climdb_raw		method	=>	last_harvest
Thu Jan  6 12:43:23 2005	service	=>	climdb_raw		method	=>	last_harvest
Thu Jan  6 12:43:27 2005	service	=>	climdb_raw		method	=>	last_harvest
Thu Jan  6 12:43:30 2005	service	=>	climdb_raw		method	=>	last_harvest
Thu Jan  6 12:43:34 2005	service	=>	climdb_raw		method	=>	last_harvest
Thu Jan  6 12:43:37 2005	service	=>	climdb_raw		method	=>	last_harvest
Thu Jan  6 12:43:40 2005	service	=>	climdb_raw		method	=>	last_harvest
Thu Jan  6 12:43:44 2005	service	=>	climdb_raw		method	=>	last_harvest
Thu Jan  6 12:43:48 2005	service	=>	climdb_raw		method	=>	last_harvest
Thu Jan  6 12:43:51 2005	service	=>	climdb_raw		method	=>	last_harvest
Thu Jan  6 12:43:55 2005	service	=>	climdb_raw		method	=>	last_harvest
Thu Jan  6 12:43:59 2005	service	=>	climdb_raw		method	=>	last_harvest
Thu Jan  6 12:44:03 2005	service	=>	climdb_raw		method	=>	last_harvest
Thu Jan  6 12:44:22 2005	service	=>	climdb_raw		method	=>	last_harvest
Thu Jan  6 12:44:43 2005	service	=>	climdb_raw		method	=>	last_harvest
Wed Jan 19 14:40:27 2005	service	=>	climdb_raw		method	=>	last_harvest
Thu Jan 20 14:51:30 2005	service	=>	climdb_raw		method	=>	last_harvest
Thu Feb 10 14:12:29 2005	service	=>	climdb_agg		method	=>	agg_over_all
Thu Feb 10 14:12:48 2005	service	=>	climdb_agg		method	=>	agg_over_all
Thu Feb 10 14:13:02 2005	service	=>	climdb_agg		method	=>	agg_over_all
Thu Feb 10 14:13:33 2005	service	=>	climdb_agg		method	=>	agg_over_all
Thu Feb 10 14:17:52 2005	service	=>	climdb_agg		method	=>	agg_over_all
Thu Feb 10 14:28:54 2005	service	=>	climdb_raw		method	=>	last_harvest
Thu Feb 10 14:31:03 2005	service	=>	climdb_raw		method	=>	last_update
Thu Feb 10 17:19:44 2005	service	=>	climdb_raw		method	=>	get_variable
Fri Feb 11 14:12:09 2005	service	=>	climdb_raw		method	=>	get_day
Fri Feb 11 14:13:10 2005	service	=>	climdb_raw		method	=>	get_day
Fri Feb 11 14:23:51 2005	service	=>	climdb_raw		method	=>	get_day
Fri Feb 11 14:33:30 2005	service	=>	climdb_raw		method	=>	last_harvest
Fri Feb 11 14:36:10 2005	service	=>	climdb_raw		method	=>	get_variable
Tue Feb 15 16:23:30 2005	service	=>	climdb_raw		method	=>	get_day
Mon Dec 19 16:46:24 2005	service	=>	climdb_raw		method	=>	last_harvest
Mon Dec 19 16:46:52 2005	service	=>	climdb_raw		method	=>	last_harvest
Mon Dec 19 16:46:59 2005	service	=>	climdb_raw		method	=>	last_harvest
Mon Dec 19 16:47:03 2005	service	=>	climdb_raw		method	=>	last_harvest
Mon Dec 19 16:47:06 2005	service	=>	climdb_raw		method	=>	last_harvest
Mon Dec 19 16:47:09 2005	service	=>	climdb_raw		method	=>	last_harvest
Mon Dec 19 16:47:12 2005	service	=>	climdb_raw		method	=>	last_harvest
Mon Dec 19 16:47:15 2005	service	=>	climdb_raw		method	=>	last_harvest
Mon Dec 19 16:47:18 2005	service	=>	climdb_raw		method	=>	last_harvest
Mon Dec 19 16:47:21 2005	service	=>	climdb_raw		method	=>	last_harvest
Mon Dec 19 16:47:23 2005	service	=>	climdb_raw		method	=>	last_harvest
Mon Dec 19 16:47:26 2005	service	=>	climdb_raw		method	=>	last_harvest
Mon Dec 19 16:47:29 2005	service	=>	climdb_raw		method	=>	last_harvest
Mon Dec 19 16:47:32 2005	service	=>	climdb_raw		method	=>	last_harvest
Mon Dec 19 16:47:35 2005	service	=>	climdb_raw		method	=>	last_harvest
Mon Dec 19 16:47:38 2005	service	=>	climdb_raw		method	=>	last_harvest
Mon Dec 19 16:47:41 2005	service	=>	climdb_raw		method	=>	last_harvest
Mon Dec 19 16:47:44 2005	service	=>	climdb_raw		method	=>	last_harvest
Mon Dec 19 16:47:47 2005	service	=>	climdb_raw		method	=>	last_harvest
Mon Dec 19 16:47:49 2005	service	=>	climdb_raw		method	=>	last_harvest
Mon Dec 19 16:47:52 2005	service	=>	climdb_raw		method	=>	last_harvest
Mon Dec 19 16:47:55 2005	service	=>	climdb_raw		method	=>	last_harvest
Mon Dec 19 16:47:58 2005	service	=>	climdb_raw		method	=>	last_harvest
Mon Dec 19 16:48:01 2005	service	=>	climdb_raw		method	=>	last_harvest
Mon Dec 19 16:48:04 2005	service	=>	climdb_raw		method	=>	last_harvest
Mon Dec 19 16:48:07 2005	service	=>	climdb_raw		method	=>	last_harvest
Mon Dec 19 16:48:10 2005	service	=>	climdb_raw		method	=>	last_harvest
Mon Dec 19 16:48:13 2005	service	=>	climdb_raw		method	=>	last_harvest
Mon Dec 19 16:48:17 2005	service	=>	climdb_raw		method	=>	last_harvest
Mon Dec 19 16:48:20 2005	service	=>	climdb_raw		method	=>	last_harvest
Mon Dec 19 16:48:23 2005	service	=>	climdb_raw		method	=>	last_harvest
Mon Dec 19 16:48:26 2005	service	=>	climdb_raw		method	=>	last_harvest
Mon Dec 19 16:48:29 2005	service	=>	climdb_raw		method	=>	last_harvest
Mon Dec 19 16:48:32 2005	service	=>	climdb_raw		method	=>	last_harvest
Mon Dec 19 16:48:35 2005	service	=>	climdb_raw		method	=>	last_harvest
Mon Dec 19 16:48:38 2005	service	=>	climdb_raw		method	=>	last_harvest
Mon Jan 23 14:11:23 2006	service	=>	climdb_raw		method	=>	last_harvest
Mon Jan 23 14:49:20 2006	service	=>	climdb_raw		method	=>	last_harvest
Mon Jan 23 14:49:49 2006	service	=>	climdb_raw		method	=>	last_harvest
Mon Jan 23 14:49:52 2006	service	=>	climdb_raw		method	=>	last_harvest
Mon Jan 23 14:49:54 2006	service	=>	climdb_raw		method	=>	last_harvest
Mon Jan 23 14:49:57 2006	service	=>	climdb_raw		method	=>	last_harvest
Mon Jan 23 14:49:59 2006	service	=>	climdb_raw		method	=>	last_harvest
Mon Jan 23 14:50:02 2006	service	=>	climdb_raw		method	=>	last_harvest
Mon Jan 23 14:50:04 2006	service	=>	climdb_raw		method	=>	last_harvest
Mon Jan 23 14:50:07 2006	service	=>	climdb_raw		method	=>	last_harvest
Mon Jan 23 14:50:09 2006	service	=>	climdb_raw		method	=>	last_harvest
Mon Jan 23 14:50:13 2006	service	=>	climdb_raw		method	=>	last_harvest
Mon Jan 23 14:50:15 2006	service	=>	climdb_raw		method	=>	last_harvest
Mon Jan 23 14:50:18 2006	service	=>	climdb_raw		method	=>	last_harvest
Mon Jan 23 14:50:20 2006	service	=>	climdb_raw		method	=>	last_harvest
Mon Jan 23 14:50:23 2006	service	=>	climdb_raw		method	=>	last_harvest
Mon Jan 23 14:50:25 2006	service	=>	climdb_raw		method	=>	last_harvest
Mon Jan 23 14:50:27 2006	service	=>	climdb_raw		method	=>	last_harvest
Mon Jan 23 14:50:29 2006	service	=>	climdb_raw		method	=>	last_harvest
Mon Jan 23 14:50:32 2006	service	=>	climdb_raw		method	=>	last_harvest
Mon Jan 23 14:50:34 2006	service	=>	climdb_raw		method	=>	last_harvest
Mon Jan 23 14:50:36 2006	service	=>	climdb_raw		method	=>	last_harvest
Mon Jan 23 14:50:38 2006	service	=>	climdb_raw		method	=>	last_harvest
Mon Jan 23 14:50:41 2006	service	=>	climdb_raw		method	=>	last_harvest
Mon Jan 23 14:50:43 2006	service	=>	climdb_raw		method	=>	last_harvest
Mon Jan 23 14:50:45 2006	service	=>	climdb_raw		method	=>	last_harvest
Mon Jan 23 14:50:48 2006	service	=>	climdb_raw		method	=>	last_harvest
Mon Jan 23 14:50:50 2006	service	=>	climdb_raw		method	=>	last_harvest
Mon Jan 23 14:50:53 2006	service	=>	climdb_raw		method	=>	last_harvest
Mon Jan 23 14:50:58 2006	service	=>	climdb_raw		method	=>	last_harvest
Mon Jan 23 14:51:02 2006	service	=>	climdb_raw		method	=>	last_harvest
Mon Jan 23 14:51:05 2006	service	=>	climdb_raw		method	=>	last_harvest
Mon Jan 23 14:51:09 2006	service	=>	climdb_raw		method	=>	last_harvest
Mon Jan 23 14:51:13 2006	service	=>	climdb_raw		method	=>	last_harvest
Mon Jan 23 14:51:18 2006	service	=>	climdb_raw		method	=>	last_harvest
Mon Jan 23 14:51:21 2006	service	=>	climdb_raw		method	=>	last_harvest
Mon Jan 23 14:51:23 2006	service	=>	climdb_raw		method	=>	last_harvest
Sun May  7 09:58:43 2006	service	=>	climdb_raw		method	=>	last_harvest
Sun May  7 09:58:46 2006	service	=>	climdb_raw		method	=>	last_harvest
Sun May  7 09:58:51 2006	service	=>	climdb_raw		method	=>	last_harvest
Sun May  7 09:58:54 2006	service	=>	climdb_raw		method	=>	last_harvest
Sun May  7 09:58:56 2006	service	=>	climdb_raw		method	=>	last_harvest
Sun May  7 09:58:58 2006	service	=>	climdb_raw		method	=>	last_harvest
Sun May  7 09:59:01 2006	service	=>	climdb_raw		method	=>	last_harvest
Sun May  7 09:59:03 2006	service	=>	climdb_raw		method	=>	last_harvest
Sun May  7 09:59:05 2006	service	=>	climdb_raw		method	=>	last_harvest
Sun May  7 09:59:08 2006	service	=>	climdb_raw		method	=>	last_harvest
Sun May  7 09:59:10 2006	service	=>	climdb_raw		method	=>	last_harvest
Sun May  7 09:59:12 2006	service	=>	climdb_raw		method	=>	last_harvest
Sun May  7 09:59:15 2006	service	=>	climdb_raw		method	=>	last_harvest
Sun May  7 09:59:17 2006	service	=>	climdb_raw		method	=>	last_harvest
Sun May  7 09:59:19 2006	service	=>	climdb_raw		method	=>	last_harvest
Sun May  7 09:59:22 2006	service	=>	climdb_raw		method	=>	last_harvest
Sun May  7 09:59:24 2006	service	=>	climdb_raw		method	=>	last_harvest
Sun May  7 09:59:26 2006	service	=>	climdb_raw		method	=>	last_harvest
Sun May  7 09:59:29 2006	service	=>	climdb_raw		method	=>	last_harvest
Sun May  7 09:59:31 2006	service	=>	climdb_raw		method	=>	last_harvest
Sun May  7 09:59:34 2006	service	=>	climdb_raw		method	=>	last_harvest
Sun May  7 09:59:36 2006	service	=>	climdb_raw		method	=>	last_harvest
Sun May  7 09:59:38 2006	service	=>	climdb_raw		method	=>	last_harvest
Sun May  7 09:59:41 2006	service	=>	climdb_raw		method	=>	last_harvest
Sun May  7 09:59:43 2006	service	=>	climdb_raw		method	=>	last_harvest
Sun May  7 09:59:45 2006	service	=>	climdb_raw		method	=>	last_harvest
Sun May  7 09:59:47 2006	service	=>	climdb_raw		method	=>	last_harvest
Sun May  7 09:59:50 2006	service	=>	climdb_raw		method	=>	last_harvest
Sun May  7 09:59:52 2006	service	=>	climdb_raw		method	=>	last_harvest
Sun May  7 09:59:55 2006	service	=>	climdb_raw		method	=>	last_harvest
Sun May  7 09:59:57 2006	service	=>	climdb_raw		method	=>	last_harvest
Sun May  7 10:00:00 2006	service	=>	climdb_raw		method	=>	last_harvest
Sun May  7 10:00:02 2006	service	=>	climdb_raw		method	=>	last_harvest
Sun May  7 10:00:05 2006	service	=>	climdb_raw		method	=>	last_harvest
Sun May  7 10:00:07 2006	service	=>	climdb_raw		method	=>	last_harvest
Sun May  7 10:00:09 2006	service	=>	climdb_raw		method	=>	last_harvest
Wed May 17 11:33:05 2006	service	=>	climdb_raw		method	=>	last_harvest
Wed May 17 11:33:08 2006	service	=>	climdb_raw		method	=>	last_harvest
Wed May 17 11:33:10 2006	service	=>	climdb_raw		method	=>	last_harvest
Wed May 17 11:33:12 2006	service	=>	climdb_raw		method	=>	last_harvest
Wed May 17 11:33:14 2006	service	=>	climdb_raw		method	=>	last_harvest
Wed May 17 11:33:16 2006	service	=>	climdb_raw		method	=>	last_harvest
Wed May 17 11:33:18 2006	service	=>	climdb_raw		method	=>	last_harvest
Wed May 17 11:33:20 2006	service	=>	climdb_raw		method	=>	last_harvest
Wed May 17 11:33:22 2006	service	=>	climdb_raw		method	=>	last_harvest
Wed May 17 11:33:24 2006	service	=>	climdb_raw		method	=>	last_harvest
Wed May 17 11:33:26 2006	service	=>	climdb_raw		method	=>	last_harvest
Wed May 17 11:33:28 2006	service	=>	climdb_raw		method	=>	last_harvest
Wed May 17 11:33:30 2006	service	=>	climdb_raw		method	=>	last_harvest
Wed May 17 11:33:32 2006	service	=>	climdb_raw		method	=>	last_harvest
Wed May 17 11:33:34 2006	service	=>	climdb_raw		method	=>	last_harvest
Wed May 17 11:33:36 2006	service	=>	climdb_raw		method	=>	last_harvest
Wed May 17 11:33:38 2006	service	=>	climdb_raw		method	=>	last_harvest
Wed May 17 11:33:40 2006	service	=>	climdb_raw		method	=>	last_harvest
Wed May 17 11:33:42 2006	service	=>	climdb_raw		method	=>	last_harvest
Wed May 17 11:33:44 2006	service	=>	climdb_raw		method	=>	last_harvest
Wed May 17 11:33:46 2006	service	=>	climdb_raw		method	=>	last_harvest
Wed May 17 11:33:48 2006	service	=>	climdb_raw		method	=>	last_harvest
Wed May 17 11:33:50 2006	service	=>	climdb_raw		method	=>	last_harvest
Wed May 17 11:33:52 2006	service	=>	climdb_raw		method	=>	last_harvest
Wed May 17 11:33:54 2006	service	=>	climdb_raw		method	=>	last_harvest
Wed May 17 11:33:56 2006	service	=>	climdb_raw		method	=>	last_harvest
Wed May 17 11:33:58 2006	service	=>	climdb_raw		method	=>	last_harvest
Wed May 17 11:34:00 2006	service	=>	climdb_raw		method	=>	last_harvest
Wed May 17 11:34:02 2006	service	=>	climdb_raw		method	=>	last_harvest
Wed May 17 11:34:04 2006	service	=>	climdb_raw		method	=>	last_harvest
Wed May 17 11:34:06 2006	service	=>	climdb_raw		method	=>	last_harvest
Wed May 17 11:34:08 2006	service	=>	climdb_raw		method	=>	last_harvest
Wed May 17 11:34:10 2006	service	=>	climdb_raw		method	=>	last_harvest
Wed May 17 11:34:12 2006	service	=>	climdb_raw		method	=>	last_harvest
Wed May 17 11:34:14 2006	service	=>	climdb_raw		method	=>	last_harvest
Wed May 17 11:34:16 2006	service	=>	climdb_raw		method	=>	last_harvest
Fri Jun  2 13:17:02 2006	service	=>	climdb_raw		method	=>	last_harvest
Fri Jun  2 13:17:38 2006	service	=>	climdb_raw		method	=>	last_harvest
Fri Jun  2 13:17:43 2006	service	=>	climdb_raw		method	=>	last_harvest
Fri Jun  2 13:17:46 2006	service	=>	climdb_raw		method	=>	last_harvest
Fri Jun  2 13:17:48 2006	service	=>	climdb_raw		method	=>	last_harvest
Fri Jun  2 13:17:50 2006	service	=>	climdb_raw		method	=>	last_harvest
Fri Jun  2 13:17:52 2006	service	=>	climdb_raw		method	=>	last_harvest
Fri Jun  2 13:17:54 2006	service	=>	climdb_raw		method	=>	last_harvest
Fri Jun  2 13:17:56 2006	service	=>	climdb_raw		method	=>	last_harvest
Fri Jun  2 13:17:59 2006	service	=>	climdb_raw		method	=>	last_harvest
Fri Jun  2 13:18:01 2006	service	=>	climdb_raw		method	=>	last_harvest
Fri Jun  2 13:18:03 2006	service	=>	climdb_raw		method	=>	last_harvest
Fri Jun  2 13:18:05 2006	service	=>	climdb_raw		method	=>	last_harvest
Fri Jun  2 13:18:07 2006	service	=>	climdb_raw		method	=>	last_harvest
Fri Jun  2 13:18:09 2006	service	=>	climdb_raw		method	=>	last_harvest
Fri Jun  2 13:18:11 2006	service	=>	climdb_raw		method	=>	last_harvest
Fri Jun  2 13:18:13 2006	service	=>	climdb_raw		method	=>	last_harvest
Fri Jun  2 13:18:15 2006	service	=>	climdb_raw		method	=>	last_harvest
Fri Jun  2 13:18:17 2006	service	=>	climdb_raw		method	=>	last_harvest
Fri Jun  2 13:18:19 2006	service	=>	climdb_raw		method	=>	last_harvest
Fri Jun  2 13:18:21 2006	service	=>	climdb_raw		method	=>	last_harvest
Fri Jun  2 13:18:23 2006	service	=>	climdb_raw		method	=>	last_harvest
Fri Jun  2 13:18:25 2006	service	=>	climdb_raw		method	=>	last_harvest
Fri Jun  2 13:18:27 2006	service	=>	climdb_raw		method	=>	last_harvest
Fri Jun  2 13:18:29 2006	service	=>	climdb_raw		method	=>	last_harvest
Fri Jun  2 13:18:31 2006	service	=>	climdb_raw		method	=>	last_harvest
Fri Jun  2 13:18:33 2006	service	=>	climdb_raw		method	=>	last_harvest
Fri Jun  2 13:18:35 2006	service	=>	climdb_raw		method	=>	last_harvest
Fri Jun  2 13:18:38 2006	service	=>	climdb_raw		method	=>	last_harvest
Fri Jun  2 13:18:40 2006	service	=>	climdb_raw		method	=>	last_harvest
Fri Jun  2 13:18:42 2006	service	=>	climdb_raw		method	=>	last_harvest
Fri Jun  2 13:18:44 2006	service	=>	climdb_raw		method	=>	last_harvest
Fri Jun  2 13:18:46 2006	service	=>	climdb_raw		method	=>	last_harvest
Fri Jun  2 13:18:48 2006	service	=>	climdb_raw		method	=>	last_harvest
Fri Jun  2 13:18:50 2006	service	=>	climdb_raw		method	=>	last_harvest
Fri Jun  2 13:18:52 2006	service	=>	climdb_raw		method	=>	last_harvest
Wed Jun 14 13:44:28 2006	service	=>	climdb_raw		method	=>	last_harvest
Wed Jun 14 13:48:09 2006	service	=>	climdb_raw		method	=>	last_harvest
Wed Jun 14 14:09:59 2006	service	=>	climdb_raw		method	=>	last_harvest
Wed Jun 14 19:32:27 2006	service	=>	climdb_raw		method	=>	last_harvest
Wed Jun 14 19:33:48 2006	service	=>	climdb_raw		method	=>	last_harvest
Wed Jun 14 19:34:22 2006	service	=>	climdb_raw		method	=>	last_harvest
Wed Jun 14 19:34:58 2006	service	=>	climdb_raw		method	=>	last_harvest
Wed Jun 14 19:35:04 2006	service	=>	climdb_raw		method	=>	last_harvest
Wed Jun 14 19:35:07 2006	service	=>	climdb_raw		method	=>	last_harvest
Wed Jun 14 19:35:11 2006	service	=>	climdb_raw		method	=>	last_harvest
Wed Jun 14 19:35:14 2006	service	=>	climdb_raw		method	=>	last_harvest
Wed Jun 14 19:35:18 2006	service	=>	climdb_raw		method	=>	last_harvest
Wed Jun 14 19:35:20 2006	service	=>	climdb_raw		method	=>	last_harvest
Wed Jun 14 19:35:24 2006	service	=>	climdb_raw		method	=>	last_harvest
Wed Jun 14 19:35:26 2006	service	=>	climdb_raw		method	=>	last_harvest
Wed Jun 14 19:35:30 2006	service	=>	climdb_raw		method	=>	last_harvest
Wed Jun 14 19:35:33 2006	service	=>	climdb_raw		method	=>	last_harvest
Wed Jun 14 19:35:36 2006	service	=>	climdb_raw		method	=>	last_harvest
Wed Jun 14 19:35:40 2006	service	=>	climdb_raw		method	=>	last_harvest
Wed Jun 14 19:35:43 2006	service	=>	climdb_raw		method	=>	last_harvest
Wed Jun 14 19:35:47 2006	service	=>	climdb_raw		method	=>	last_harvest
Wed Jun 14 19:35:50 2006	service	=>	climdb_raw		method	=>	last_harvest
Wed Jun 14 19:35:54 2006	service	=>	climdb_raw		method	=>	last_harvest
Wed Jun 14 19:35:59 2006	service	=>	climdb_raw		method	=>	last_harvest
Wed Jun 14 19:36:02 2006	service	=>	climdb_raw		method	=>	last_harvest
Wed Jun 14 19:36:05 2006	service	=>	climdb_raw		method	=>	last_harvest
Wed Jun 14 19:36:08 2006	service	=>	climdb_raw		method	=>	last_harvest
Wed Jun 14 19:36:12 2006	service	=>	climdb_raw		method	=>	last_harvest
Wed Jun 14 19:36:15 2006	service	=>	climdb_raw		method	=>	last_harvest
Wed Jun 14 19:36:18 2006	service	=>	climdb_raw		method	=>	last_harvest
Wed Jun 14 19:36:21 2006	service	=>	climdb_raw		method	=>	last_harvest
Wed Jun 14 19:36:26 2006	service	=>	climdb_raw		method	=>	last_harvest
Wed Jun 14 19:36:29 2006	service	=>	climdb_raw		method	=>	last_harvest
Wed Jun 14 19:36:31 2006	service	=>	climdb_raw		method	=>	last_harvest
Wed Jun 14 19:36:34 2006	service	=>	climdb_raw		method	=>	last_harvest
Wed Jun 14 19:36:36 2006	service	=>	climdb_raw		method	=>	last_harvest
Wed Jun 14 19:36:39 2006	service	=>	climdb_raw		method	=>	last_harvest
Wed Jun 14 19:36:41 2006	service	=>	climdb_raw		method	=>	last_harvest
Wed Jun 14 19:36:43 2006	service	=>	climdb_raw		method	=>	last_harvest
Wed Jun 14 19:41:40 2006	service	=>	climdb_raw		method	=>	last_harvest
Wed Jun 14 19:42:06 2006	service	=>	climdb_raw		method	=>	last_harvest
Wed Jun 14 19:42:35 2006	service	=>	climdb_raw		method	=>	last_harvest
Wed Jun 14 19:42:47 2006	service	=>	climdb_raw		method	=>	last_harvest
Wed Jun 14 19:42:52 2006	service	=>	climdb_raw		method	=>	last_harvest
Wed Jun 14 19:42:56 2006	service	=>	climdb_raw		method	=>	last_harvest
Wed Jun 14 19:43:01 2006	service	=>	climdb_raw		method	=>	last_harvest
Wed Jun 14 19:43:04 2006	service	=>	climdb_raw		method	=>	last_harvest
Wed Jun 14 19:43:07 2006	service	=>	climdb_raw		method	=>	last_harvest
Wed Jun 14 19:43:10 2006	service	=>	climdb_raw		method	=>	last_harvest
Wed Jun 14 19:43:14 2006	service	=>	climdb_raw		method	=>	last_harvest
Wed Jun 14 19:43:18 2006	service	=>	climdb_raw		method	=>	last_harvest
Wed Jun 14 19:43:23 2006	service	=>	climdb_raw		method	=>	last_harvest
Wed Jun 14 19:43:26 2006	service	=>	climdb_raw		method	=>	last_harvest
Wed Jun 14 19:43:30 2006	service	=>	climdb_raw		method	=>	last_harvest
Wed Jun 14 19:43:33 2006	service	=>	climdb_raw		method	=>	last_harvest
Wed Jun 14 19:43:36 2006	service	=>	climdb_raw		method	=>	last_harvest
Wed Jun 14 19:43:39 2006	service	=>	climdb_raw		method	=>	last_harvest
Wed Jun 14 19:43:42 2006	service	=>	climdb_raw		method	=>	last_harvest
Wed Jun 14 19:43:45 2006	service	=>	climdb_raw		method	=>	last_harvest
Wed Jun 14 19:43:47 2006	service	=>	climdb_raw		method	=>	last_harvest
Wed Jun 14 19:43:50 2006	service	=>	climdb_raw		method	=>	last_harvest
Wed Jun 14 19:43:53 2006	service	=>	climdb_raw		method	=>	last_harvest
Wed Jun 14 19:43:56 2006	service	=>	climdb_raw		method	=>	last_harvest
Wed Jun 14 19:43:59 2006	service	=>	climdb_raw		method	=>	last_harvest
Wed Jun 14 19:44:02 2006	service	=>	climdb_raw		method	=>	last_harvest
Wed Jun 14 19:44:05 2006	service	=>	climdb_raw		method	=>	last_harvest
Wed Jun 14 19:44:07 2006	service	=>	climdb_raw		method	=>	last_harvest
Wed Jun 14 19:44:10 2006	service	=>	climdb_raw		method	=>	last_harvest
Wed Jun 14 19:44:13 2006	service	=>	climdb_raw		method	=>	last_harvest
Wed Jun 14 19:44:15 2006	service	=>	climdb_raw		method	=>	last_harvest
Wed Jun 14 19:44:18 2006	service	=>	climdb_raw		method	=>	last_harvest
Wed Jun 14 19:44:21 2006	service	=>	climdb_raw		method	=>	last_harvest
Wed Jun 14 19:44:24 2006	service	=>	climdb_raw		method	=>	last_harvest
Wed Jun 14 19:44:28 2006	service	=>	climdb_raw		method	=>	last_harvest
Wed Jun 14 19:44:32 2006	service	=>	climdb_raw		method	=>	last_harvest
Wed Jun 14 21:08:08 2006	service	=>	climdb_raw		method	=>	last_harvest
Wed Jun 14 21:08:32 2006	service	=>	climdb_raw		method	=>	last_harvest
Thu Nov 30 10:58:42 2006	service	=>	climdb_raw		method	=>	last_harvest
Tue Feb 13 17:47:53 2007	service	=>	climdb_raw		method	=>	last_harvest
Tue Feb 13 17:47:57 2007	service	=>	climdb_raw		method	=>	last_harvest
Tue Feb 13 17:48:00 2007	service	=>	climdb_raw		method	=>	last_harvest
Tue Feb 13 17:48:02 2007	service	=>	climdb_raw		method	=>	last_harvest
Tue Feb 13 17:48:04 2007	service	=>	climdb_raw		method	=>	last_harvest
Tue Feb 13 17:48:06 2007	service	=>	climdb_raw		method	=>	last_harvest
Tue Feb 13 17:48:08 2007	service	=>	climdb_raw		method	=>	last_harvest
Tue Feb 13 17:48:10 2007	service	=>	climdb_raw		method	=>	last_harvest
Tue Feb 13 17:48:12 2007	service	=>	climdb_raw		method	=>	last_harvest
Tue Feb 13 17:48:14 2007	service	=>	climdb_raw		method	=>	last_harvest
Tue Feb 13 17:48:17 2007	service	=>	climdb_raw		method	=>	last_harvest
Tue Feb 13 17:48:19 2007	service	=>	climdb_raw		method	=>	last_harvest
Tue Feb 13 17:48:21 2007	service	=>	climdb_raw		method	=>	last_harvest
Tue Feb 13 17:48:23 2007	service	=>	climdb_raw		method	=>	last_harvest
Tue Feb 13 17:48:25 2007	service	=>	climdb_raw		method	=>	last_harvest
Tue Feb 13 17:48:27 2007	service	=>	climdb_raw		method	=>	last_harvest
Tue Feb 13 17:48:29 2007	service	=>	climdb_raw		method	=>	last_harvest
Tue Feb 13 17:48:32 2007	service	=>	climdb_raw		method	=>	last_harvest
Tue Feb 13 17:48:34 2007	service	=>	climdb_raw		method	=>	last_harvest
Tue Feb 13 17:48:36 2007	service	=>	climdb_raw		method	=>	last_harvest
Tue Feb 13 17:48:38 2007	service	=>	climdb_raw		method	=>	last_harvest
Tue Feb 13 17:48:40 2007	service	=>	climdb_raw		method	=>	last_harvest
Tue Feb 13 17:48:42 2007	service	=>	climdb_raw		method	=>	last_harvest
Tue Feb 13 17:48:44 2007	service	=>	climdb_raw		method	=>	last_harvest
Tue Feb 13 17:48:46 2007	service	=>	climdb_raw		method	=>	last_harvest
Tue Feb 13 17:48:48 2007	service	=>	climdb_raw		method	=>	last_harvest
Tue Feb 13 17:48:51 2007	service	=>	climdb_raw		method	=>	last_harvest
Tue Feb 13 17:48:53 2007	service	=>	climdb_raw		method	=>	last_harvest
Tue Feb 13 17:48:55 2007	service	=>	climdb_raw		method	=>	last_harvest
Tue Feb 13 17:48:57 2007	service	=>	climdb_raw		method	=>	last_harvest
Tue Feb 13 17:48:59 2007	service	=>	climdb_raw		method	=>	last_harvest
Tue Feb 13 17:49:01 2007	service	=>	climdb_raw		method	=>	last_harvest
Tue Feb 13 17:49:03 2007	service	=>	climdb_raw		method	=>	last_harvest
Tue Feb 13 17:49:05 2007	service	=>	climdb_raw		method	=>	last_harvest
Tue Feb 13 17:49:07 2007	service	=>	climdb_raw		method	=>	last_harvest
Tue Feb 13 17:49:10 2007	service	=>	climdb_raw		method	=>	last_harvest
Mon Mar  5 19:50:17 2007	service	=>	climdb_raw		method	=>	last_harvest
Mon Mar  5 19:50:21 2007	service	=>	climdb_raw		method	=>	last_harvest
Mon Mar  5 19:50:23 2007	service	=>	climdb_raw		method	=>	last_harvest
Mon Mar  5 19:50:25 2007	service	=>	climdb_raw		method	=>	last_harvest
Mon Mar  5 19:50:27 2007	service	=>	climdb_raw		method	=>	last_harvest
Mon Mar  5 19:50:29 2007	service	=>	climdb_raw		method	=>	last_harvest
Mon Mar  5 19:50:32 2007	service	=>	climdb_raw		method	=>	last_harvest
Mon Mar  5 19:50:34 2007	service	=>	climdb_raw		method	=>	last_harvest
Mon Mar  5 19:50:36 2007	service	=>	climdb_raw		method	=>	last_harvest
Mon Mar  5 19:50:39 2007	service	=>	climdb_raw		method	=>	last_harvest
Mon Mar  5 19:50:41 2007	service	=>	climdb_raw		method	=>	last_harvest
Mon Mar  5 19:50:43 2007	service	=>	climdb_raw		method	=>	last_harvest
Mon Mar  5 19:50:45 2007	service	=>	climdb_raw		method	=>	last_harvest
Mon Mar  5 19:50:47 2007	service	=>	climdb_raw		method	=>	last_harvest
Mon Mar  5 19:50:49 2007	service	=>	climdb_raw		method	=>	last_harvest
Mon Mar  5 19:50:52 2007	service	=>	climdb_raw		method	=>	last_harvest
Mon Mar  5 19:50:54 2007	service	=>	climdb_raw		method	=>	last_harvest
Mon Mar  5 19:50:56 2007	service	=>	climdb_raw		method	=>	last_harvest
Mon Mar  5 19:50:58 2007	service	=>	climdb_raw		method	=>	last_harvest
Mon Mar  5 19:51:00 2007	service	=>	climdb_raw		method	=>	last_harvest
Mon Mar  5 19:51:02 2007	service	=>	climdb_raw		method	=>	last_harvest
Mon Mar  5 19:51:04 2007	service	=>	climdb_raw		method	=>	last_harvest
Mon Mar  5 19:51:07 2007	service	=>	climdb_raw		method	=>	last_harvest
Mon Mar  5 19:51:09 2007	service	=>	climdb_raw		method	=>	last_harvest
Mon Mar  5 19:51:11 2007	service	=>	climdb_raw		method	=>	last_harvest
Mon Mar  5 19:51:13 2007	service	=>	climdb_raw		method	=>	last_harvest
Mon Mar  5 19:51:15 2007	service	=>	climdb_raw		method	=>	last_harvest
Mon Mar  5 19:51:17 2007	service	=>	climdb_raw		method	=>	last_harvest
Mon Mar  5 19:51:20 2007	service	=>	climdb_raw		method	=>	last_harvest
Mon Mar  5 19:51:22 2007	service	=>	climdb_raw		method	=>	last_harvest
Mon Mar  5 19:51:24 2007	service	=>	climdb_raw		method	=>	last_harvest
Mon Mar  5 19:51:26 2007	service	=>	climdb_raw		method	=>	last_harvest
Mon Mar  5 19:51:28 2007	service	=>	climdb_raw		method	=>	last_harvest
Mon Mar  5 19:51:30 2007	service	=>	climdb_raw		method	=>	last_harvest
Mon Mar  5 19:51:32 2007	service	=>	climdb_raw		method	=>	last_harvest
Mon Mar  5 19:51:34 2007	service	=>	climdb_raw		method	=>	last_harvest
Fri Mar 30 14:44:04 2007	service	=>	climdb_raw		method	=>	last_harvest
Fri Mar 30 14:44:33 2007	service	=>	climdb_raw		method	=>	last_harvest
Fri Mar 30 14:44:44 2007	service	=>	climdb_raw		method	=>	last_harvest
Fri Mar 30 14:49:11 2007	service	=>	climdb_raw		method	=>	last_harvest
Fri Mar 30 14:49:34 2007	service	=>	climdb_raw		method	=>	last_harvest
Fri Mar 30 14:53:37 2007	service	=>	climdb_raw		method	=>	last_harvest
Fri Mar 30 17:01:51 2007	service	=>	climdb_raw		method	=>	get_day
Wed Jun 13 13:06:03 2007	service	=>	climdb_raw		method	=>	last_harvest
Wed Jun 13 13:06:06 2007	service	=>	climdb_raw		method	=>	last_harvest
Wed Jun 13 13:06:08 2007	service	=>	climdb_raw		method	=>	last_harvest
Wed Jun 13 13:06:11 2007	service	=>	climdb_raw		method	=>	last_harvest
Wed Jun 13 13:06:13 2007	service	=>	climdb_raw		method	=>	last_harvest
Wed Jun 13 13:06:15 2007	service	=>	climdb_raw		method	=>	last_harvest
Wed Jun 13 13:06:17 2007	service	=>	climdb_raw		method	=>	last_harvest
Wed Jun 13 13:06:20 2007	service	=>	climdb_raw		method	=>	last_harvest
Wed Jun 13 13:06:22 2007	service	=>	climdb_raw		method	=>	last_harvest
Wed Jun 13 13:06:24 2007	service	=>	climdb_raw		method	=>	last_harvest
Wed Jun 13 13:06:27 2007	service	=>	climdb_raw		method	=>	last_harvest
Wed Jun 13 13:06:29 2007	service	=>	climdb_raw		method	=>	last_harvest
Wed Jun 13 13:06:31 2007	service	=>	climdb_raw		method	=>	last_harvest
Wed Jun 13 13:06:33 2007	service	=>	climdb_raw		method	=>	last_harvest
Wed Jun 13 13:06:36 2007	service	=>	climdb_raw		method	=>	last_harvest
Wed Jun 13 13:06:38 2007	service	=>	climdb_raw		method	=>	last_harvest
Wed Jun 13 13:06:40 2007	service	=>	climdb_raw		method	=>	last_harvest
Wed Jun 13 13:06:43 2007	service	=>	climdb_raw		method	=>	last_harvest
Wed Jun 13 13:06:45 2007	service	=>	climdb_raw		method	=>	last_harvest
Wed Jun 13 13:06:47 2007	service	=>	climdb_raw		method	=>	last_harvest
Wed Jun 13 13:06:49 2007	service	=>	climdb_raw		method	=>	last_harvest
Wed Jun 13 13:06:52 2007	service	=>	climdb_raw		method	=>	last_harvest
Wed Jun 13 13:06:54 2007	service	=>	climdb_raw		method	=>	last_harvest
Wed Jun 13 13:06:56 2007	service	=>	climdb_raw		method	=>	last_harvest
Wed Jun 13 13:06:59 2007	service	=>	climdb_raw		method	=>	last_harvest
Wed Jun 13 13:07:01 2007	service	=>	climdb_raw		method	=>	last_harvest
Wed Jun 13 13:07:03 2007	service	=>	climdb_raw		method	=>	last_harvest
Wed Jun 13 13:07:05 2007	service	=>	climdb_raw		method	=>	last_harvest
Wed Jun 13 13:07:08 2007	service	=>	climdb_raw		method	=>	last_harvest
Wed Jun 13 13:07:11 2007	service	=>	climdb_raw		method	=>	last_harvest
Wed Jun 13 13:07:13 2007	service	=>	climdb_raw		method	=>	last_harvest
Wed Jun 13 13:07:16 2007	service	=>	climdb_raw		method	=>	last_harvest
Wed Jun 13 13:07:18 2007	service	=>	climdb_raw		method	=>	last_harvest
Wed Jun 13 13:07:20 2007	service	=>	climdb_raw		method	=>	last_harvest
Wed Jun 13 13:07:23 2007	service	=>	climdb_raw		method	=>	last_harvest
Wed Jun 13 13:07:25 2007	service	=>	climdb_raw		method	=>	last_harvest
Wed Jun 13 13:45:03 2007	service	=>	climdb_raw		method	=>	last_harvest
Wed Jun 13 13:45:06 2007	service	=>	climdb_raw		method	=>	last_harvest
Wed Jun 13 13:45:08 2007	service	=>	climdb_raw		method	=>	last_harvest
Wed Jun 13 13:45:10 2007	service	=>	climdb_raw		method	=>	last_harvest
Wed Jun 13 13:45:12 2007	service	=>	climdb_raw		method	=>	last_harvest
Wed Jun 13 13:45:15 2007	service	=>	climdb_raw		method	=>	last_harvest
Wed Jun 13 13:45:17 2007	service	=>	climdb_raw		method	=>	last_harvest
Wed Jun 13 13:45:19 2007	service	=>	climdb_raw		method	=>	last_harvest
Wed Jun 13 13:45:21 2007	service	=>	climdb_raw		method	=>	last_harvest
Wed Jun 13 13:45:24 2007	service	=>	climdb_raw		method	=>	last_harvest
Wed Jun 13 13:45:26 2007	service	=>	climdb_raw		method	=>	last_harvest
Wed Jun 13 13:45:28 2007	service	=>	climdb_raw		method	=>	last_harvest
Wed Jun 13 13:45:31 2007	service	=>	climdb_raw		method	=>	last_harvest
Wed Jun 13 13:45:33 2007	service	=>	climdb_raw		method	=>	last_harvest
Wed Jun 13 13:45:35 2007	service	=>	climdb_raw		method	=>	last_harvest
Wed Jun 13 13:45:38 2007	service	=>	climdb_raw		method	=>	last_harvest
Wed Jun 13 13:45:40 2007	service	=>	climdb_raw		method	=>	last_harvest
Wed Jun 13 13:45:42 2007	service	=>	climdb_raw		method	=>	last_harvest
Wed Jun 13 13:45:45 2007	service	=>	climdb_raw		method	=>	last_harvest
Wed Jun 13 13:45:48 2007	service	=>	climdb_raw		method	=>	last_harvest
Wed Jun 13 13:45:50 2007	service	=>	climdb_raw		method	=>	last_harvest
Wed Jun 13 13:45:52 2007	service	=>	climdb_raw		method	=>	last_harvest
Wed Jun 13 13:45:55 2007	service	=>	climdb_raw		method	=>	last_harvest
Wed Jun 13 13:45:57 2007	service	=>	climdb_raw		method	=>	last_harvest
Wed Jun 13 13:45:59 2007	service	=>	climdb_raw		method	=>	last_harvest
Wed Jun 13 13:46:01 2007	service	=>	climdb_raw		method	=>	last_harvest
Wed Jun 13 13:46:04 2007	service	=>	climdb_raw		method	=>	last_harvest
Wed Jun 13 13:46:06 2007	service	=>	climdb_raw		method	=>	last_harvest
Wed Jun 13 13:46:09 2007	service	=>	climdb_raw		method	=>	last_harvest
Wed Jun 13 13:46:11 2007	service	=>	climdb_raw		method	=>	last_harvest
Wed Jun 13 13:46:13 2007	service	=>	climdb_raw		method	=>	last_harvest
Wed Jun 13 13:46:16 2007	service	=>	climdb_raw		method	=>	last_harvest
Wed Jun 13 13:46:18 2007	service	=>	climdb_raw		method	=>	last_harvest
Wed Jun 13 13:46:20 2007	service	=>	climdb_raw		method	=>	last_harvest
Wed Jun 13 13:46:23 2007	service	=>	climdb_raw		method	=>	last_harvest
Wed Jun 13 13:46:25 2007	service	=>	climdb_raw		method	=>	last_harvest
Thu Jun 28 12:21:48 2007	service	=>	climdb_raw		method	=>	get_variable
Tue Jul 15 19:27:49 2008	service	=>	climdb_raw		method	=>	last_harvest
Tue Jul 15 19:27:53 2008	service	=>	climdb_raw		method	=>	last_harvest
Tue Jul 15 19:27:56 2008	service	=>	climdb_raw		method	=>	last_harvest
Tue Jul 15 19:27:59 2008	service	=>	climdb_raw		method	=>	last_harvest
Tue Jul 15 19:28:02 2008	service	=>	climdb_raw		method	=>	last_harvest
Tue Jul 15 19:28:04 2008	service	=>	climdb_raw		method	=>	last_harvest
Tue Jul 15 19:28:07 2008	service	=>	climdb_raw		method	=>	last_harvest
Tue Jul 15 19:28:10 2008	service	=>	climdb_raw		method	=>	last_harvest
Tue Jul 15 19:28:12 2008	service	=>	climdb_raw		method	=>	last_harvest
Tue Jul 15 19:28:15 2008	service	=>	climdb_raw		method	=>	last_harvest
Tue Jul 15 19:28:17 2008	service	=>	climdb_raw		method	=>	last_harvest
Tue Jul 15 19:28:20 2008	service	=>	climdb_raw		method	=>	last_harvest
Tue Jul 15 19:28:23 2008	service	=>	climdb_raw		method	=>	last_harvest
Tue Jul 15 19:28:25 2008	service	=>	climdb_raw		method	=>	last_harvest
Tue Jul 15 19:28:28 2008	service	=>	climdb_raw		method	=>	last_harvest
Tue Jul 15 19:28:31 2008	service	=>	climdb_raw		method	=>	last_harvest
Tue Jul 15 19:28:33 2008	service	=>	climdb_raw		method	=>	last_harvest
Tue Jul 15 19:28:36 2008	service	=>	climdb_raw		method	=>	last_harvest
Tue Jul 15 19:28:39 2008	service	=>	climdb_raw		method	=>	last_harvest
Tue Jul 15 19:28:41 2008	service	=>	climdb_raw		method	=>	last_harvest
Tue Jul 15 19:28:44 2008	service	=>	climdb_raw		method	=>	last_harvest
Tue Jul 15 19:28:47 2008	service	=>	climdb_raw		method	=>	last_harvest
Tue Jul 15 19:28:49 2008	service	=>	climdb_raw		method	=>	last_harvest
Tue Jul 15 19:28:52 2008	service	=>	climdb_raw		method	=>	last_harvest
Tue Jul 15 19:28:55 2008	service	=>	climdb_raw		method	=>	last_harvest
Tue Jul 15 19:28:58 2008	service	=>	climdb_raw		method	=>	last_harvest
Tue Jul 15 19:29:01 2008	service	=>	climdb_raw		method	=>	last_harvest
Tue Jul 15 19:29:03 2008	service	=>	climdb_raw		method	=>	last_harvest
Tue Jul 15 19:29:06 2008	service	=>	climdb_raw		method	=>	last_harvest
Tue Jul 15 19:29:09 2008	service	=>	climdb_raw		method	=>	last_harvest
Tue Jul 15 19:29:11 2008	service	=>	climdb_raw		method	=>	last_harvest
Tue Jul 15 19:29:14 2008	service	=>	climdb_raw		method	=>	last_harvest
Tue Jul 15 19:29:17 2008	service	=>	climdb_raw		method	=>	last_harvest
Tue Jul 15 19:29:19 2008	service	=>	climdb_raw		method	=>	last_harvest
Tue Jul 15 19:29:22 2008	service	=>	climdb_raw		method	=>	last_harvest
Tue Jul 15 19:29:25 2008	service	=>	climdb_raw		method	=>	last_harvest
Fri Jul 18 13:28:47 2008	service	=>	climdb_raw		method	=>	last_harvest
Fri Jul 18 13:28:51 2008	service	=>	climdb_raw		method	=>	last_harvest
Fri Jul 18 13:28:53 2008	service	=>	climdb_raw		method	=>	last_harvest
Fri Jul 18 13:28:56 2008	service	=>	climdb_raw		method	=>	last_harvest
Fri Jul 18 13:28:59 2008	service	=>	climdb_raw		method	=>	last_harvest
Fri Jul 18 13:29:01 2008	service	=>	climdb_raw		method	=>	last_harvest
Fri Jul 18 13:29:04 2008	service	=>	climdb_raw		method	=>	last_harvest
Fri Jul 18 13:29:07 2008	service	=>	climdb_raw		method	=>	last_harvest
Fri Jul 18 13:29:09 2008	service	=>	climdb_raw		method	=>	last_harvest
Fri Jul 18 13:29:12 2008	service	=>	climdb_raw		method	=>	last_harvest
Fri Jul 18 13:29:15 2008	service	=>	climdb_raw		method	=>	last_harvest
Fri Jul 18 13:29:17 2008	service	=>	climdb_raw		method	=>	last_harvest
Fri Jul 18 13:29:20 2008	service	=>	climdb_raw		method	=>	last_harvest
Fri Jul 18 13:29:23 2008	service	=>	climdb_raw		method	=>	last_harvest
Fri Jul 18 13:29:25 2008	service	=>	climdb_raw		method	=>	last_harvest
Fri Jul 18 13:29:28 2008	service	=>	climdb_raw		method	=>	last_harvest
Fri Jul 18 13:29:30 2008	service	=>	climdb_raw		method	=>	last_harvest
Fri Jul 18 13:29:33 2008	service	=>	climdb_raw		method	=>	last_harvest
Fri Jul 18 13:29:36 2008	service	=>	climdb_raw		method	=>	last_harvest
Fri Jul 18 13:29:38 2008	service	=>	climdb_raw		method	=>	last_harvest
Fri Jul 18 13:29:41 2008	service	=>	climdb_raw		method	=>	last_harvest
Fri Jul 18 13:29:44 2008	service	=>	climdb_raw		method	=>	last_harvest
Fri Jul 18 13:29:47 2008	service	=>	climdb_raw		method	=>	last_harvest
Fri Jul 18 13:29:49 2008	service	=>	climdb_raw		method	=>	last_harvest
Fri Jul 18 13:29:52 2008	service	=>	climdb_raw		method	=>	last_harvest
Fri Jul 18 13:29:55 2008	service	=>	climdb_raw		method	=>	last_harvest
Fri Jul 18 13:29:57 2008	service	=>	climdb_raw		method	=>	last_harvest
Fri Jul 18 13:30:00 2008	service	=>	climdb_raw		method	=>	last_harvest
Fri Jul 18 13:30:03 2008	service	=>	climdb_raw		method	=>	last_harvest
Fri Jul 18 13:30:05 2008	service	=>	climdb_raw		method	=>	last_harvest
Fri Jul 18 13:30:08 2008	service	=>	climdb_raw		method	=>	last_harvest
Fri Jul 18 13:30:11 2008	service	=>	climdb_raw		method	=>	last_harvest
Fri Jul 18 13:30:14 2008	service	=>	climdb_raw		method	=>	last_harvest
Fri Jul 18 13:30:16 2008	service	=>	climdb_raw		method	=>	last_harvest
Fri Jul 18 13:30:19 2008	service	=>	climdb_raw		method	=>	last_harvest
Fri Jul 18 13:30:21 2008	service	=>	climdb_raw		method	=>	last_harvest
Thu Feb 24 19:42:58 2011	service	=>	sample		method	=>	empty
Thu Feb 24 19:43:08 2011	service	=>	sample		method	=>	personnel_email
Thu Feb 24 19:44:36 2011	service	=>	sample		method	=>	add_it
Thu Feb 24 19:44:46 2011	service	=>	sample		method	=>	personnel_email
Thu Feb 24 19:54:53 2011	service	=>	climdb_agg		method	=>	get_agg_monthly
Thu Feb 24 20:02:20 2011	service	=>	climdb_raw		method	=>	get_day
Thu Feb 24 20:02:37 2011	service	=>	climdb_raw		method	=>	get_day
Thu Feb 24 20:02:52 2011	service	=>	climdb_raw		method	=>	get_day
Thu Feb 24 20:04:38 2011	service	=>	climdb_raw		method	=>	last_harvest
Thu Feb 24 20:05:09 2011	service	=>	climdb_raw		method	=>	last_harvest
Thu Feb 24 20:46:24 2011	service	=>	sample		method	=>	empty
Thu Feb 24 20:46:33 2011	service	=>	sample		method	=>	personnel_email
Thu Feb 24 20:48:53 2011	service	=>	climdb_agg		method	=>	get_agg_monthly
Wed Oct  5 11:00:32 2011	service	=>	sample		method	=>	research_site_list
Wed Oct  5 11:03:55 2011	service	=>	sample		method	=>	research_site_list
Wed Oct  5 11:04:18 2011	service	=>	sample		method	=>	add_it
Wed Oct  5 11:04:40 2011	service	=>	sample		method	=>	sites
Wed Oct  5 11:05:21 2011	service	=>	sample		method	=>	personnel_email
Wed Oct  5 11:48:57 2011	service	=>	climdb_raw		method	=>	last_harvest
Wed Oct  5 12:17:52 2011	service	=>	climdb_raw		method	=>	last_harvest
Wed Oct  5 12:17:54 2011	service	=>	climdb_raw		method	=>	last_harvest
Wed Oct  5 12:17:56 2011	service	=>	climdb_raw		method	=>	last_harvest
Wed Oct  5 12:17:58 2011	service	=>	climdb_raw		method	=>	last_harvest
Wed Oct  5 12:18:00 2011	service	=>	climdb_raw		method	=>	last_harvest
Wed Oct  5 12:18:02 2011	service	=>	climdb_raw		method	=>	last_harvest
Wed Oct  5 12:18:04 2011	service	=>	climdb_raw		method	=>	last_harvest
Wed Oct  5 12:18:06 2011	service	=>	climdb_raw		method	=>	last_harvest
Wed Oct  5 12:18:08 2011	service	=>	climdb_raw		method	=>	last_harvest
Wed Oct  5 12:18:10 2011	service	=>	climdb_raw		method	=>	last_harvest
Wed Oct  5 12:18:12 2011	service	=>	climdb_raw		method	=>	last_harvest
Wed Oct  5 12:18:14 2011	service	=>	climdb_raw		method	=>	last_harvest
Wed Oct  5 12:18:16 2011	service	=>	climdb_raw		method	=>	last_harvest
Wed Oct  5 12:18:18 2011	service	=>	climdb_raw		method	=>	last_harvest
Wed Oct  5 12:18:20 2011	service	=>	climdb_raw		method	=>	last_harvest
Wed Oct  5 12:18:26 2011	service	=>	climdb_raw		method	=>	last_harvest
Wed Oct  5 12:18:29 2011	service	=>	climdb_raw		method	=>	last_harvest
Wed Oct  5 12:18:31 2011	service	=>	climdb_raw		method	=>	last_harvest
Wed Oct  5 12:18:33 2011	service	=>	climdb_raw		method	=>	last_harvest
Wed Oct  5 12:18:35 2011	service	=>	climdb_raw		method	=>	last_harvest
Wed Oct  5 12:18:37 2011	service	=>	climdb_raw		method	=>	last_harvest
Wed Oct  5 12:18:39 2011	service	=>	climdb_raw		method	=>	last_harvest
Wed Oct  5 12:18:41 2011	service	=>	climdb_raw		method	=>	last_harvest
Wed Oct  5 12:18:43 2011	service	=>	climdb_raw		method	=>	last_harvest
Wed Oct  5 12:18:45 2011	service	=>	climdb_raw		method	=>	last_harvest
Wed Oct  5 12:18:46 2011	service	=>	climdb_raw		method	=>	last_harvest
Wed Oct  5 12:18:49 2011	service	=>	climdb_raw		method	=>	last_harvest
Wed Oct  5 12:18:51 2011	service	=>	climdb_raw		method	=>	last_harvest
Wed Oct  5 12:18:53 2011	service	=>	climdb_raw		method	=>	last_harvest
Wed Oct  5 12:18:55 2011	service	=>	climdb_raw		method	=>	last_harvest
Wed Oct  5 12:18:57 2011	service	=>	climdb_raw		method	=>	last_harvest
Wed Oct  5 12:18:59 2011	service	=>	climdb_raw		method	=>	last_harvest
Wed Oct  5 12:19:01 2011	service	=>	climdb_raw		method	=>	last_harvest
Wed Oct  5 12:19:03 2011	service	=>	climdb_raw		method	=>	last_harvest
Wed Oct  5 12:19:05 2011	service	=>	climdb_raw		method	=>	last_harvest
Wed Oct  5 12:19:05 2011	service	=>	climdb_raw		method	=>	last_harvest
Wed Oct  5 12:19:06 2011	service	=>	climdb_raw		method	=>	last_harvest
