47,4,BNZ,LTER1,20081201,TMEA,-21.39291,G
47,4,BNZ,LTER1,20081201,TMAX,-18.580,G
47,4,BNZ,LTER1,20081201,TMIN,-24.140,G
47,4,BNZ,LTER1,20081202,TMEA,-22.21083,G
47,4,BNZ,LTER1,20081202,TMAX,-15.950,G
47,4,BNZ,LTER1,20081202,TMIN,-26.970,G
47,4,BNZ,LTER1,20081203,TMEA,-13.37791,G
47,4,BNZ,LTER1,20081203,TMAX,-10.360,G
47,4,BNZ,LTER1,20081203,TMIN,-16.590,G
47,4,BNZ,LTER1,20081204,TMEA,-10.06333,G
47,4,BNZ,LTER1,20081204,TMAX,-8.770,G
47,4,BNZ,LTER1,20081204,TMIN,-11.800,G
47,4,BNZ,LTER1,20081205,TMEA,-9.293750,G
47,4,BNZ,LTER1,20081205,TMAX,-8.010,G
47,4,BNZ,LTER1,20081205,TMIN,-10.270,G
47,4,BNZ,LTER1,20081206,TMEA,-10.83583,G
47,4,BNZ,LTER1,20081206,TMAX,-7.610,G
47,4,BNZ,LTER1,20081206,TMIN,-12.500,G
47,4,BNZ,LTER1,20081207,TMEA,-16.98666,G
47,4,BNZ,LTER1,20081207,TMAX,-12.470,G
47,4,BNZ,LTER1,20081207,TMIN,-20.210,G
47,4,BNZ,LTER1,20081208,TMEA,-17.26166,G
47,4,BNZ,LTER1,20081208,TMAX,-12.850,G
47,4,BNZ,LTER1,20081208,TMIN,-23.840,G
47,4,BNZ,LTER1,20081209,TMEA,-13.76291,G
47,4,BNZ,LTER1,20081209,TMAX,-12.230,G
47,4,BNZ,LTER1,20081209,TMIN,-15.220,G
47,4,BNZ,LTER1,20081210,TMEA,-15.57625,G
47,4,BNZ,LTER1,20081210,TMAX,-12.930,G
47,4,BNZ,LTER1,20081210,TMIN,-18.290,G
47,4,BNZ,LTER1,20081211,TMEA,-17.53999,G
47,4,BNZ,LTER1,20081211,TMAX,-16.280,G
47,4,BNZ,LTER1,20081211,TMIN,-19.080,G
47,4,BNZ,LTER1,20081212,TMEA,-19.23249,G
47,4,BNZ,LTER1,20081212,TMAX,-16.980,G
47,4,BNZ,LTER1,20081212,TMIN,-22.010,G
47,4,BNZ,LTER1,20081213,TMEA,-18.80708,G
47,4,BNZ,LTER1,20081213,TMAX,-14.080,G
47,4,BNZ,LTER1,20081213,TMIN,-23.180,G
47,4,BNZ,LTER1,20081214,TMEA,-13.45666,G
47,4,BNZ,LTER1,20081214,TMAX,-9.560,G
47,4,BNZ,LTER1,20081214,TMIN,-16.650,G
47,4,BNZ,LTER1,20081215,TMEA,-12.16437,G
47,4,BNZ,LTER1,20081215,TMAX,-7.865,G
47,4,BNZ,LTER1,20081215,TMIN,-16.250,G
47,4,BNZ,LTER1,20081216,TMEA,-13.35666,G
47,4,BNZ,LTER1,20081216,TMAX,-9.340,G
47,4,BNZ,LTER1,20081216,TMIN,-16.390,G
47,4,BNZ,LTER1,20081217,TMEA,-12.86208,G
47,4,BNZ,LTER1,20081217,TMAX,-10.200,G
47,4,BNZ,LTER1,20081217,TMIN,-15.420,G
47,4,BNZ,LTER1,20081218,TMEA,-14.33000,G
47,4,BNZ,LTER1,20081218,TMAX,-11.720,G
47,4,BNZ,LTER1,20081218,TMIN,-15.820,G
47,4,BNZ,LTER1,20081219,TMEA,-14.20111,G
47,4,BNZ,LTER1,20081219,TMAX,-12.420,G
47,4,BNZ,LTER1,20081219,TMIN,-15.590,G
47,4,BNZ,LTER1,20081201,RH,83.850000,G
47,4,BNZ,LTER1,20081202,RH,82.695833,G
47,4,BNZ,LTER1,20081203,RH,74.427916,G
47,4,BNZ,LTER1,20081204,RH,86.6875,G
47,4,BNZ,LTER1,20081205,RH,84.168750,G
47,4,BNZ,LTER1,20081206,RH,91.175000,G
47,4,BNZ,LTER1,20081207,RH,83.240832,G
47,4,BNZ,LTER1,20081208,RH,51.911250,G
47,4,BNZ,LTER1,20081209,RH,54.123333,G
47,4,BNZ,LTER1,20081210,RH,71.949166,G
47,4,BNZ,LTER1,20081211,RH,87.570833,G
47,4,BNZ,LTER1,20081212,RH,85.633333,G
47,4,BNZ,LTER1,20081213,RH,86.070833,G
47,4,BNZ,LTER1,20081214,RH,87.916666,G
47,4,BNZ,LTER1,20081215,RH,87.473333,G
47,4,BNZ,LTER1,20081216,RH,90.204167,G
47,4,BNZ,LTER1,20081217,RH,64.420000,G
47,4,BNZ,LTER1,20081218,RH,67.850416,G
47,4,BNZ,LTER1,20081219,RH,59.287777,G
47,4,BNZ,LTER1,20081201,ATM,1060.3750,G
47,4,BNZ,LTER1,20081202,ATM,1060.2500,G
47,4,BNZ,LTER1,20081203,ATM,1049.2500,G
47,4,BNZ,LTER1,20081204,ATM,1037.6666,G
47,4,BNZ,LTER1,20081205,ATM,1040.1250,G
47,4,BNZ,LTER1,20081206,ATM,1042.7500,G
47,4,BNZ,LTER1,20081207,ATM,1053.1250,G
47,4,BNZ,LTER1,20081208,ATM,1041.2083,G
47,4,BNZ,LTER1,20081209,ATM,1017.1666,G
47,4,BNZ,LTER1,20081210,ATM,1035.8333,G
47,4,BNZ,LTER1,20081211,ATM,1058.5416,G
47,4,BNZ,LTER1,20081212,ATM,1069.0416,G
47,4,BNZ,LTER1,20081213,ATM,1074.2083,G
47,4,BNZ,LTER1,20081214,ATM,1067.0000,G
47,4,BNZ,LTER1,20081215,ATM,1063.1666,G
47,4,BNZ,LTER1,20081216,ATM,1070.0416,G
47,4,BNZ,LTER1,20081217,ATM,1059.9166,G
47,4,BNZ,LTER1,20081218,ATM,1055.0416,G
47,4,BNZ,LTER1,20081219,ATM,1050.3333,G
47,4,BNZ,LTER1,20081201,DEW,-23.39708,G
47,4,BNZ,LTER1,20081202,DEW,-24.35625,G
47,4,BNZ,LTER1,20081203,DEW,-16.97791,G
47,4,BNZ,LTER1,20081204,DEW,-11.88166,G
47,4,BNZ,LTER1,20081205,DEW,-11.48333,G
47,4,BNZ,LTER1,20081206,DEW,-11.99458,G
47,4,BNZ,LTER1,20081207,DEW,-19.16958,G
47,4,BNZ,LTER1,20081208,DEW,-25.17791,G
47,4,BNZ,LTER1,20081209,DEW,-21.07041,G
47,4,BNZ,LTER1,20081210,DEW,-19.61083,G
47,4,BNZ,LTER1,20081211,DEW,-19.10791,G
47,4,BNZ,LTER1,20081212,DEW,-21.03208,G
47,4,BNZ,LTER1,20081213,DEW,-20.55416,G
47,4,BNZ,LTER1,20081214,DEW,-15.04041,G
47,4,BNZ,LTER1,20081215,DEW,-13.83250,G
47,4,BNZ,LTER1,20081216,DEW,-14.62625,G
47,4,BNZ,LTER1,20081217,DEW,-18.25333,G
47,4,BNZ,LTER1,20081218,DEW,-18.99583,G
47,4,BNZ,LTER1,20081219,DEW,-20.43444,G
47,4,BNZ,LTER1,20081201,PREC,0.000,G
47,4,BNZ,LTER1,20081202,PREC,0.000,G
47,4,BNZ,LTER1,20081203,PREC,0.000,G
47,4,BNZ,LTER1,20081204,PREC,0.000,G
47,4,BNZ,LTER1,20081205,PREC,0.000,G
47,4,BNZ,LTER1,20081206,PREC,0.000,G
47,4,BNZ,LTER1,20081207,PREC,0.000,G
47,4,BNZ,LTER1,20081208,PREC,0.000,G
47,4,BNZ,LTER1,20081209,PREC,0.000,G
47,4,BNZ,LTER1,20081210,PREC,0.000,G
47,4,BNZ,LTER1,20081211,PREC,0.000,G
47,4,BNZ,LTER1,20081212,PREC,0.000,G
47,4,BNZ,LTER1,20081213,PREC,0.000,G
47,4,BNZ,LTER1,20081214,PREC,0.000,G
47,4,BNZ,LTER1,20081215,PREC,0.000,G
47,4,BNZ,LTER1,20081216,PREC,0.000,G
47,4,BNZ,LTER1,20081217,PREC,0.000,G
47,4,BNZ,LTER1,20081218,PREC,0.000,G
47,4,BNZ,LTER1,20081219,PREC,0.000,G
47,4,BNZ,LTER1,20081201,VAP,0.944583,G
47,4,BNZ,LTER1,20081202,VAP,0.886667,G
47,4,BNZ,LTER1,20081203,VAP,1.645833,G
47,4,BNZ,LTER1,20081204,VAP,2.472917,G
47,4,BNZ,LTER1,20081205,VAP,2.551250,G
47,4,BNZ,LTER1,20081206,VAP,2.452083,G
47,4,BNZ,LTER1,20081207,VAP,1.394167,G
47,4,BNZ,LTER1,20081208,VAP,0.796667,G
47,4,BNZ,LTER1,20081209,VAP,1.146667,G
47,4,BNZ,LTER1,20081210,VAP,1.298750,G
47,4,BNZ,LTER1,20081211,VAP,1.357083,G
47,4,BNZ,LTER1,20081212,VAP,1.157083,G
47,4,BNZ,LTER1,20081213,VAP,1.219167,G
47,4,BNZ,LTER1,20081214,VAP,1.919167,G
47,4,BNZ,LTER1,20081215,VAP,2.179167,G
47,4,BNZ,LTER1,20081216,VAP,1.985417,G
47,4,BNZ,LTER1,20081217,VAP,1.461250,G
47,4,BNZ,LTER1,20081218,VAP,1.373750,G
47,4,BNZ,LTER1,20081219,VAP,1.210000,G
47,4,BNZ,LTER1,20081201,SNOW,15.700,G
47,4,BNZ,LTER1,20081202,SNOW,15.670,G
47,4,BNZ,LTER1,20081203,SNOW,15.670,G
47,4,BNZ,LTER1,20081204,SNOW,15.710,G
47,4,BNZ,LTER1,20081205,SNOW,15.700,G
47,4,BNZ,LTER1,20081206,SNOW,16.060,G
47,4,BNZ,LTER1,20081207,SNOW,16.140,G
47,4,BNZ,LTER1,20081208,SNOW,16.130,G
47,4,BNZ,LTER1,20081209,SNOW,15.970,G
47,4,BNZ,LTER1,20081210,SNOW,15.820,G
47,4,BNZ,LTER1,20081211,SNOW,15.810,G
47,4,BNZ,LTER1,20081212,SNOW,15.790,G
47,4,BNZ,LTER1,20081213,SNOW,15.750,G
47,4,BNZ,LTER1,20081214,SNOW,15.770,G
47,4,BNZ,LTER1,20081215,SNOW,16.080,G
47,4,BNZ,LTER1,20081216,SNOW,16.150,G
47,4,BNZ,LTER1,20081217,SNOW,16.100,G
47,4,BNZ,LTER1,20081218,SNOW,16.080,G
47,4,BNZ,LTER1,20081219,SNOW,16.080,G
47,4,BNZ,LTER1,20081201,WSP,0.5515000,G
47,4,BNZ,LTER1,20081202,WSP,0.6349167,G
47,4,BNZ,LTER1,20081203,WSP,2.1303333,G
47,4,BNZ,LTER1,20081204,WSP,0.4785417,G
47,4,BNZ,LTER1,20081205,WSP,0.1913333,G
47,4,BNZ,LTER1,20081206,WSP,0.1105000,G
47,4,BNZ,LTER1,20081207,WSP,0.4823333,G
47,4,BNZ,LTER1,20081208,WSP,3.0506667,G
47,4,BNZ,LTER1,20081209,WSP,3.2422084,G
47,4,BNZ,LTER1,20081210,WSP,0.7803750,G
47,4,BNZ,LTER1,20081211,WSP,0.2498333,G
47,4,BNZ,LTER1,20081212,WSP,0.0994583,G
47,4,BNZ,LTER1,20081213,WSP,0.3258750,G
47,4,BNZ,LTER1,20081214,WSP,1.4005417,G
47,4,BNZ,LTER1,20081215,WSP,2.7292083,G
47,4,BNZ,LTER1,20081216,WSP,1.7031250,G
47,4,BNZ,LTER1,20081217,WSP,2.2991667,G
47,4,BNZ,LTER1,20081218,WSP,1.3805417,G
47,4,BNZ,LTER1,20081219,WSP,0.4775556,G
47,4,BNZ,LTER1,20081201,RWDI,137.62083,G
47,4,BNZ,LTER1,20081202,RWDI,82.708334,G
47,4,BNZ,LTER1,20081203,RWDI,135.75833,G
47,4,BNZ,LTER1,20081204,RWDI,89.816667,G
47,4,BNZ,LTER1,20081205,RWDI,25.508334,G
47,4,BNZ,LTER1,20081206,RWDI,175.79874,G
47,4,BNZ,LTER1,20081207,RWDI,188.24749,G
47,4,BNZ,LTER1,20081208,RWDI,135.22083,G
47,4,BNZ,LTER1,20081209,RWDI,118.22750,G
47,4,BNZ,LTER1,20081210,RWDI,152.58375,G
47,4,BNZ,LTER1,20081211,RWDI,56.444999,G
47,4,BNZ,LTER1,20081212,RWDI,25.050001,G
47,4,BNZ,LTER1,20081213,RWDI,119.27916,G
47,4,BNZ,LTER1,20081214,RWDI,129.12916,G
47,4,BNZ,LTER1,20081215,RWDI,181.43333,G
47,4,BNZ,LTER1,20081216,RWDI,178.30666,G
47,4,BNZ,LTER1,20081217,RWDI,131.09583,G
47,4,BNZ,LTER1,20081218,RWDI,127.77500,G
47,4,BNZ,LTER1,20081219,RWDI,118.53333,G
47,4,BNZ,LTER1,20081201,RWSP,0.430417,G
47,4,BNZ,LTER1,20081202,RWSP,0.467917,G
47,4,BNZ,LTER1,20081203,RWSP,1.795417,G
47,4,BNZ,LTER1,20081204,RWSP,0.412500,G
47,4,BNZ,LTER1,20081205,RWSP,0.168750,G
47,4,BNZ,LTER1,20081206,RWSP,0.099167,G
47,4,BNZ,LTER1,20081207,RWSP,0.378750,G
47,4,BNZ,LTER1,20081208,RWSP,2.108333,G
47,4,BNZ,LTER1,20081209,RWSP,2.157500,G
47,4,BNZ,LTER1,20081210,RWSP,0.747500,G
47,4,BNZ,LTER1,20081211,RWSP,0.242083,G
47,4,BNZ,LTER1,20081212,RWSP,0.093750,G
47,4,BNZ,LTER1,20081213,RWSP,0.291667,G
47,4,BNZ,LTER1,20081214,RWSP,1.241667,G
47,4,BNZ,LTER1,20081215,RWSP,2.112917,G
47,4,BNZ,LTER1,20081216,RWSP,1.348333,G
47,4,BNZ,LTER1,20081217,RWSP,1.998750,G
47,4,BNZ,LTER1,20081218,RWSP,1.288750,G
47,4,BNZ,LTER1,20081219,RWSP,0.440000,G
47,4,BNZ,LTER1,20081201,SMEA,0.3297083,G
47,4,BNZ,LTER1,20081202,SMEA,0.3223750,G
47,4,BNZ,LTER1,20081203,SMEA,0.3006250,G
47,4,BNZ,LTER1,20081204,SMEA,0.2880417,G
47,4,BNZ,LTER1,20081205,SMEA,0.2775833,G
47,4,BNZ,LTER1,20081206,SMEA,0.2670833,G
47,4,BNZ,LTER1,20081207,SMEA,0.2592083,G
47,4,BNZ,LTER1,20081208,SMEA,0.2657500,G
47,4,BNZ,LTER1,20081209,SMEA,0.2570833,G
47,4,BNZ,LTER1,20081210,SMEA,0.2515000,G
47,4,BNZ,LTER1,20081211,SMEA,0.2445417,G
47,4,BNZ,LTER1,20081212,SMEA,0.2338333,G
47,4,BNZ,LTER1,20081213,SMEA,0.2234583,G
47,4,BNZ,LTER1,20081214,SMEA,0.2117500,G
47,4,BNZ,LTER1,20081215,SMEA,0.1993750,G
47,4,BNZ,LTER1,20081216,SMEA,0.1923333,G
47,4,BNZ,LTER1,20081217,SMEA,0.1863333,G
47,4,BNZ,LTER1,20081218,SMEA,0.1849583,G
47,4,BNZ,LTER1,20081219,SMEA,0.1766667,G
47,4,BNZ,LTER1,20081201,SMAX,0.350,G
47,4,BNZ,LTER1,20081202,SMAX,0.346,G
47,4,BNZ,LTER1,20081203,SMAX,0.330,G
47,4,BNZ,LTER1,20081204,SMAX,0.327,G
47,4,BNZ,LTER1,20081205,SMAX,0.305,G
47,4,BNZ,LTER1,20081206,SMAX,0.305,G
47,4,BNZ,LTER1,20081207,SMAX,0.282,G
47,4,BNZ,LTER1,20081208,SMAX,0.284,G
47,4,BNZ,LTER1,20081209,SMAX,0.282,G
47,4,BNZ,LTER1,20081210,SMAX,0.272,G
47,4,BNZ,LTER1,20081211,SMAX,0.273,G
47,4,BNZ,LTER1,20081212,SMAX,0.247,G
47,4,BNZ,LTER1,20081213,SMAX,0.241,G
47,4,BNZ,LTER1,20081214,SMAX,0.244,G
47,4,BNZ,LTER1,20081215,SMAX,0.225,G
47,4,BNZ,LTER1,20081216,SMAX,0.215,G
47,4,BNZ,LTER1,20081217,SMAX,0.205,G
47,4,BNZ,LTER1,20081218,SMAX,0.205,G
47,4,BNZ,LTER1,20081219,SMAX,0.187,G
47,4,BNZ,LTER1,20081201,SMIN,0.313,G
47,4,BNZ,LTER1,20081202,SMIN,0.299,G
47,4,BNZ,LTER1,20081203,SMIN,0.278,G
47,4,BNZ,LTER1,20081204,SMIN,0.268,G
47,4,BNZ,LTER1,20081205,SMIN,0.248,G
47,4,BNZ,LTER1,20081206,SMIN,0.247,G
47,4,BNZ,LTER1,20081207,SMIN,0.243,G
47,4,BNZ,LTER1,20081208,SMIN,0.245,G
47,4,BNZ,LTER1,20081209,SMIN,0.234,G
47,4,BNZ,LTER1,20081210,SMIN,0.234,G
47,4,BNZ,LTER1,20081211,SMIN,0.226,G
47,4,BNZ,LTER1,20081212,SMIN,0.209,G
47,4,BNZ,LTER1,20081213,SMIN,0.198,G
47,4,BNZ,LTER1,20081214,SMIN,0.196,G
47,4,BNZ,LTER1,20081215,SMIN,0.165,G
47,4,BNZ,LTER1,20081216,SMIN,0.173,G
47,4,BNZ,LTER1,20081217,SMIN,0.168,G
47,4,BNZ,LTER1,20081218,SMIN,0.168,G
47,4,BNZ,LTER1,20081219,SMIN,0.168,G
277,4,BNZ,LTER2,20081201,TMEA,-23.68499,G
277,4,BNZ,LTER2,20081201,TMAX,-16.780,G
277,4,BNZ,LTER2,20081201,TMIN,-33.420,G
277,4,BNZ,LTER2,20081202,TMEA,-32.76833,G
277,4,BNZ,LTER2,20081202,TMAX,-24.710,G
277,4,BNZ,LTER2,20081202,TMIN,-35.790,G
277,4,BNZ,LTER2,20081203,TMEA,-18.41416,G
277,4,BNZ,LTER2,20081203,TMAX,-10.050,G
277,4,BNZ,LTER2,20081203,TMIN,-24.600,G
277,4,BNZ,LTER2,20081204,TMEA,-10.75708,G
277,4,BNZ,LTER2,20081204,TMAX,-9.510,G
277,4,BNZ,LTER2,20081204,TMIN,-13.210,G
277,4,BNZ,LTER2,20081205,TMEA,-12.26750,G
277,4,BNZ,LTER2,20081205,TMAX,-8.140,G
277,4,BNZ,LTER2,20081205,TMIN,-17.330,G
277,4,BNZ,LTER2,20081206,TMEA,-10.60750,G
277,4,BNZ,LTER2,20081206,TMAX,-9.530,G
277,4,BNZ,LTER2,20081206,TMIN,-13.300,G
277,4,BNZ,LTER2,20081207,TMEA,-22.83250,G
277,4,BNZ,LTER2,20081207,TMAX,-10.710,G
277,4,BNZ,LTER2,20081207,TMIN,-32.340,G
277,4,BNZ,LTER2,20081208,TMEA,-22.90708,G
277,4,BNZ,LTER2,20081208,TMAX,-13.560,G
277,4,BNZ,LTER2,20081208,TMIN,-31.860,G
277,4,BNZ,LTER2,20081209,TMEA,-15.22291,G
277,4,BNZ,LTER2,20081209,TMAX,-13.220,G
277,4,BNZ,LTER2,20081209,TMIN,-20.910,G
277,4,BNZ,LTER2,20081210,TMEA,-17.86791,G
277,4,BNZ,LTER2,20081210,TMAX,-15.760,G
277,4,BNZ,LTER2,20081210,TMIN,-20.330,G
277,4,BNZ,LTER2,20081211,TMEA,-22.27416,G
277,4,BNZ,LTER2,20081211,TMAX,-17.120,G
277,4,BNZ,LTER2,20081211,TMIN,-29.630,G
277,4,BNZ,LTER2,20081212,TMEA,-28.49958,G
277,4,BNZ,LTER2,20081212,TMAX,-24.780,G
277,4,BNZ,LTER2,20081212,TMIN,-31.320,G
277,4,BNZ,LTER2,20081213,TMEA,-21.84333,G
277,4,BNZ,LTER2,20081213,TMAX,-18.190,G
277,4,BNZ,LTER2,20081213,TMIN,-29.360,G
277,4,BNZ,LTER2,20081214,TMEA,-22.09583,G
277,4,BNZ,LTER2,20081214,TMAX,-18.120,G
277,4,BNZ,LTER2,20081214,TMIN,-25.530,G
277,4,BNZ,LTER2,20081215,TMEA,-16.43175,G
277,4,BNZ,LTER2,20081215,TMAX,-7.716,G
277,4,BNZ,LTER2,20081215,TMIN,-22.590,G
277,4,BNZ,LTER2,20081216,TMEA,-16.92083,G
277,4,BNZ,LTER2,20081216,TMAX,-7.861,G
277,4,BNZ,LTER2,20081216,TMIN,-24.490,G
277,4,BNZ,LTER2,20081217,TMEA,-22.37458,G
277,4,BNZ,LTER2,20081217,TMAX,-16.700,G
277,4,BNZ,LTER2,20081217,TMIN,-24.620,G
277,4,BNZ,LTER2,20081218,TMEA,-19.06416,G
277,4,BNZ,LTER2,20081218,TMAX,-14.710,G
277,4,BNZ,LTER2,20081218,TMIN,-22.420,G
277,4,BNZ,LTER2,20081219,TMEA,-22.75888,G
277,4,BNZ,LTER2,20081219,TMAX,-21.780,G
277,4,BNZ,LTER2,20081219,TMIN,-23.330,G
277,4,BNZ,LTER2,20081201,RH,77.828750,G
277,4,BNZ,LTER2,20081202,RH,71.509166,G
277,4,BNZ,LTER2,20081203,RH,83.8125,G
277,4,BNZ,LTER2,20081204,RH,90.516666,G
277,4,BNZ,LTER2,20081205,RH,89.083749,G
277,4,BNZ,LTER2,20081206,RH,88.379166,G
277,4,BNZ,LTER2,20081207,RH,80.364583,G
277,4,BNZ,LTER2,20081208,RH,65.421666,G
277,4,BNZ,LTER2,20081209,RH,64.794166,G
277,4,BNZ,LTER2,20081210,RH,81.770416,G
277,4,BNZ,LTER2,20081211,RH,81.813750,G
277,4,BNZ,LTER2,20081212,RH,75.941666,G
277,4,BNZ,LTER2,20081213,RH,81.490415,G
277,4,BNZ,LTER2,20081214,RH,81.846249,G
277,4,BNZ,LTER2,20081215,RH,86.095833,G
277,4,BNZ,LTER2,20081216,RH,84.116666,G
277,4,BNZ,LTER2,20081217,RH,81.575000,G
277,4,BNZ,LTER2,20081218,RH,83.770833,G
277,4,BNZ,LTER2,20081219,RH,81.977778,G
277,4,BNZ,LTER2,20081201,DEW,-26.45291,G
277,4,BNZ,LTER2,20081202,DEW,-36.16750,G
277,4,BNZ,LTER2,20081203,DEW,-20.47375,G
277,4,BNZ,LTER2,20081204,DEW,-12.00916,G
277,4,BNZ,LTER2,20081205,DEW,-13.70291,G
277,4,BNZ,LTER2,20081206,DEW,-12.15958,G
277,4,BNZ,LTER2,20081207,DEW,-25.25875,G
277,4,BNZ,LTER2,20081208,DEW,-27.89958,G
277,4,BNZ,LTER2,20081209,DEW,-20.45333,G
277,4,BNZ,LTER2,20081210,DEW,-20.23333,G
277,4,BNZ,LTER2,20081211,DEW,-24.53166,G
277,4,BNZ,LTER2,20081212,DEW,-31.42291,G
277,4,BNZ,LTER2,20081213,DEW,-24.16000,G
277,4,BNZ,LTER2,20081214,DEW,-24.35916,G
277,4,BNZ,LTER2,20081215,DEW,-18.21083,G
277,4,BNZ,LTER2,20081216,DEW,-18.97208,G
277,4,BNZ,LTER2,20081217,DEW,-24.67041,G
277,4,BNZ,LTER2,20081218,DEW,-21.12083,G
277,4,BNZ,LTER2,20081219,DEW,-24.99333,G
277,4,BNZ,LTER2,20081201,PREC,0.000,G
277,4,BNZ,LTER2,20081202,PREC,0.000,G
277,4,BNZ,LTER2,20081203,PREC,0.000,G
277,4,BNZ,LTER2,20081204,PREC,0.000,G
277,4,BNZ,LTER2,20081205,PREC,0.000,G
277,4,BNZ,LTER2,20081206,PREC,0.000,G
277,4,BNZ,LTER2,20081207,PREC,0.000,G
277,4,BNZ,LTER2,20081208,PREC,0.000,G
277,4,BNZ,LTER2,20081209,PREC,0.000,G
277,4,BNZ,LTER2,20081210,PREC,0.000,G
277,4,BNZ,LTER2,20081211,PREC,0.000,G
277,4,BNZ,LTER2,20081212,PREC,0.000,G
277,4,BNZ,LTER2,20081213,PREC,0.000,G
277,4,BNZ,LTER2,20081214,PREC,0.000,G
277,4,BNZ,LTER2,20081215,PREC,0.000,G
277,4,BNZ,LTER2,20081216,PREC,0.000,G
277,4,BNZ,LTER2,20081217,PREC,0.000,G
277,4,BNZ,LTER2,20081218,PREC,0.000,G
277,4,BNZ,LTER2,20081219,PREC,0.000,G
277,4,BNZ,LTER2,20081201,VAP,0.810000,G
277,4,BNZ,LTER2,20081202,VAP,0.296667,G
277,4,BNZ,LTER2,20081203,VAP,1.305417,G
277,4,BNZ,LTER2,20081204,VAP,2.446667,G
277,4,BNZ,LTER2,20081205,VAP,2.170000,G
277,4,BNZ,LTER2,20081206,VAP,2.415000,G
277,4,BNZ,LTER2,20081207,VAP,1.008333,G
277,4,BNZ,LTER2,20081208,VAP,0.686250,G
277,4,BNZ,LTER2,20081209,VAP,1.209167,G
277,4,BNZ,LTER2,20081210,VAP,1.235833,G
277,4,BNZ,LTER2,20081211,VAP,0.885417,G
277,4,BNZ,LTER2,20081212,VAP,0.451667,G
277,4,BNZ,LTER2,20081213,VAP,0.892917,G
277,4,BNZ,LTER2,20081214,VAP,0.872083,G
277,4,BNZ,LTER2,20081215,VAP,1.577083,G
277,4,BNZ,LTER2,20081216,VAP,1.440000,G
277,4,BNZ,LTER2,20081217,VAP,0.840833,G
277,4,BNZ,LTER2,20081218,VAP,1.160417,G
277,4,BNZ,LTER2,20081219,VAP,0.807778,G
277,4,BNZ,LTER2,20081201,WSP,1.0813333,G
277,4,BNZ,LTER2,20081202,WSP,0.0000000,G
277,4,BNZ,LTER2,20081203,WSP,0.6936667,G
277,4,BNZ,LTER2,20081204,WSP,0.6127917,G
277,4,BNZ,LTER2,20081205,WSP,0.1920000,G
277,4,BNZ,LTER2,20081206,WSP,0.3950833,G
277,4,BNZ,LTER2,20081207,WSP,0.3107500,G
277,4,BNZ,LTER2,20081208,WSP,1.9765833,G
277,4,BNZ,LTER2,20081209,WSP,2.6926250,G
277,4,BNZ,LTER2,20081210,WSP,0.5664167,G
277,4,BNZ,LTER2,20081211,WSP,0.3057083,G
277,4,BNZ,LTER2,20081212,WSP,0.0111667,G
277,4,BNZ,LTER2,20081213,WSP,0.3609583,G
277,4,BNZ,LTER2,20081214,WSP,0.6632500,G
277,4,BNZ,LTER2,20081215,WSP,0.8646250,G
277,4,BNZ,LTER2,20081216,WSP,1.5225417,G
277,4,BNZ,LTER2,20081217,WSP,0.8243750,G
277,4,BNZ,LTER2,20081218,WSP,0.8757917,G
277,4,BNZ,LTER2,20081219,WSP,0.5993333,G
277,4,BNZ,LTER2,20081201,RWDI,192.50083,G
277,4,BNZ,LTER2,20081202,RWDI,0.000000,G
277,4,BNZ,LTER2,20081203,RWDI,31.856667,G
277,4,BNZ,LTER2,20081204,RWDI,8.129167,G
277,4,BNZ,LTER2,20081205,RWDI,2.443750,G
277,4,BNZ,LTER2,20081206,RWDI,2.265000,G
277,4,BNZ,LTER2,20081207,RWDI,1.696667,G
277,4,BNZ,LTER2,20081208,RWDI,33.109167,G
277,4,BNZ,LTER2,20081209,RWDI,93.715416,G
277,4,BNZ,LTER2,20081210,RWDI,193.69208,G
277,4,BNZ,LTER2,20081211,RWDI,32.682084,G
277,4,BNZ,LTER2,20081212,RWDI,49.875832,G
277,4,BNZ,LTER2,20081213,RWDI,74.244583,G
277,4,BNZ,LTER2,20081214,RWDI,42.372500,G
277,4,BNZ,LTER2,20081215,RWDI,109.37291,G
277,4,BNZ,LTER2,20081216,RWDI,112.62791,G
277,4,BNZ,LTER2,20081217,RWDI,65.403333,G
277,4,BNZ,LTER2,20081218,RWDI,50.841249,G
277,4,BNZ,LTER2,20081219,RWDI,81.241110,G
277,4,BNZ,LTER2,20081201,RWSP,0.882083,G
277,4,BNZ,LTER2,20081202,RWSP,0.000000,G
277,4,BNZ,LTER2,20081203,RWSP,0.664167,G
277,4,BNZ,LTER2,20081204,RWSP,0.600833,G
277,4,BNZ,LTER2,20081205,RWSP,0.192917,G
277,4,BNZ,LTER2,20081206,RWSP,0.394167,G
277,4,BNZ,LTER2,20081207,RWSP,0.311250,G
277,4,BNZ,LTER2,20081208,RWSP,1.692083,G
277,4,BNZ,LTER2,20081209,RWSP,2.366250,G
277,4,BNZ,LTER2,20081210,RWSP,0.457500,G
277,4,BNZ,LTER2,20081211,RWSP,0.299167,G
277,4,BNZ,LTER2,20081212,RWSP,0.011250,G
277,4,BNZ,LTER2,20081213,RWSP,0.336250,G
277,4,BNZ,LTER2,20081214,RWSP,0.640417,G
277,4,BNZ,LTER2,20081215,RWSP,0.636667,G
277,4,BNZ,LTER2,20081216,RWSP,1.297083,G
277,4,BNZ,LTER2,20081217,RWSP,0.657917,G
277,4,BNZ,LTER2,20081218,RWSP,0.842083,G
277,4,BNZ,LTER2,20081219,RWSP,0.556667,G
277,4,BNZ,LTER2,20081201,SMEA,-0.118166,G
277,4,BNZ,LTER2,20081202,SMEA,-0.158958,G
277,4,BNZ,LTER2,20081203,SMEA,-0.204083,G
277,4,BNZ,LTER2,20081204,SMEA,-0.174791,G
277,4,BNZ,LTER2,20081205,SMEA,-0.147708,G
277,4,BNZ,LTER2,20081206,SMEA,-0.139750,G
277,4,BNZ,LTER2,20081207,SMEA,-0.125208,G
277,4,BNZ,LTER2,20081208,SMEA,-0.162791,G
277,4,BNZ,LTER2,20081209,SMEA,-0.228583,G
277,4,BNZ,LTER2,20081210,SMEA,-0.222916,G
277,4,BNZ,LTER2,20081211,SMEA,-0.208833,G
277,4,BNZ,LTER2,20081212,SMEA,-0.226041,G
277,4,BNZ,LTER2,20081213,SMEA,-0.253291,G
277,4,BNZ,LTER2,20081214,SMEA,-0.251333,G
277,4,BNZ,LTER2,20081215,SMEA,-0.259833,G
277,4,BNZ,LTER2,20081216,SMEA,-0.254750,G
277,4,BNZ,LTER2,20081217,SMEA,-0.258750,G
277,4,BNZ,LTER2,20081218,SMEA,-0.275208,G
277,4,BNZ,LTER2,20081219,SMEA,-0.273111,G
277,4,BNZ,LTER2,20081201,SMAX,-0.104,G
277,4,BNZ,LTER2,20081202,SMAX,-0.122,G
277,4,BNZ,LTER2,20081203,SMAX,-0.190,G
277,4,BNZ,LTER2,20081204,SMAX,-0.145,G
277,4,BNZ,LTER2,20081205,SMAX,-0.135,G
277,4,BNZ,LTER2,20081206,SMAX,-0.130,G
277,4,BNZ,LTER2,20081207,SMAX,-0.110,G
277,4,BNZ,LTER2,20081208,SMAX,-0.115,G
277,4,BNZ,LTER2,20081209,SMAX,-0.208,G
277,4,BNZ,LTER2,20081210,SMAX,-0.208,G
277,4,BNZ,LTER2,20081211,SMAX,-0.195,G
277,4,BNZ,LTER2,20081212,SMAX,-0.205,G
277,4,BNZ,LTER2,20081213,SMAX,-0.239,G
277,4,BNZ,LTER2,20081214,SMAX,-0.242,G
277,4,BNZ,LTER2,20081215,SMAX,-0.246,G
277,4,BNZ,LTER2,20081216,SMAX,-0.239,G
277,4,BNZ,LTER2,20081217,SMAX,-0.243,G
277,4,BNZ,LTER2,20081218,SMAX,-0.253,G
277,4,BNZ,LTER2,20081219,SMAX,-0.261,G
277,4,BNZ,LTER2,20081201,SMIN,-0.129,G
277,4,BNZ,LTER2,20081202,SMIN,-0.192,G
277,4,BNZ,LTER2,20081203,SMIN,-0.216,G
277,4,BNZ,LTER2,20081204,SMIN,-0.205,G
277,4,BNZ,LTER2,20081205,SMIN,-0.164,G
277,4,BNZ,LTER2,20081206,SMIN,-0.151,G
277,4,BNZ,LTER2,20081207,SMIN,-0.136,G
277,4,BNZ,LTER2,20081208,SMIN,-0.202,G
277,4,BNZ,LTER2,20081209,SMIN,-0.249,G
277,4,BNZ,LTER2,20081210,SMIN,-0.238,G
277,4,BNZ,LTER2,20081211,SMIN,-0.228,G
277,4,BNZ,LTER2,20081212,SMIN,-0.241,G
277,4,BNZ,LTER2,20081213,SMIN,-0.271,G
277,4,BNZ,LTER2,20081214,SMIN,-0.272,G
277,4,BNZ,LTER2,20081215,SMIN,-0.275,G
277,4,BNZ,LTER2,20081216,SMIN,-0.269,G
277,4,BNZ,LTER2,20081217,SMIN,-0.283,G
277,4,BNZ,LTER2,20081218,SMIN,-0.287,G
277,4,BNZ,LTER2,20081219,SMIN,-0.281,G
280,4,BNZ,FP3A,20081201,TMEA,-22.44208,G
280,4,BNZ,FP3A,20081201,TMAX,-16.440,G
280,4,BNZ,FP3A,20081201,TMIN,-31.640,G
280,4,BNZ,FP3A,20081202,TMEA,-31.87375,G
280,4,BNZ,FP3A,20081202,TMAX,-25.480,G
280,4,BNZ,FP3A,20081202,TMIN,-34.240,G
280,4,BNZ,FP3A,20081203,TMEA,-18.35833,G
280,4,BNZ,FP3A,20081203,TMAX,-10.630,G
280,4,BNZ,FP3A,20081203,TMIN,-25.360,G
280,4,BNZ,FP3A,20081204,TMEA,-10.28833,G
280,4,BNZ,FP3A,20081204,TMAX,-9.290,G
280,4,BNZ,FP3A,20081204,TMIN,-11.860,G
280,4,BNZ,FP3A,20081205,TMEA,-11.44208,G
280,4,BNZ,FP3A,20081205,TMAX,-8.410,G
280,4,BNZ,FP3A,20081205,TMIN,-15.500,G
280,4,BNZ,FP3A,20081206,TMEA,-10.26708,G
280,4,BNZ,FP3A,20081206,TMAX,-9.350,G
280,4,BNZ,FP3A,20081206,TMIN,-12.840,G
280,4,BNZ,FP3A,20081207,TMEA,-20.06208,G
280,4,BNZ,FP3A,20081207,TMAX,-10.610,G
280,4,BNZ,FP3A,20081207,TMIN,-29.670,G
280,4,BNZ,FP3A,20081208,TMEA,-21.13458,G
280,4,BNZ,FP3A,20081208,TMAX,-14.400,G
280,4,BNZ,FP3A,20081208,TMIN,-27.790,G
280,4,BNZ,FP3A,20081209,TMEA,-15.02416,G
280,4,BNZ,FP3A,20081209,TMAX,-13.270,G
280,4,BNZ,FP3A,20081209,TMIN,-18.550,G
280,4,BNZ,FP3A,20081210,TMEA,-17.34125,G
280,4,BNZ,FP3A,20081210,TMAX,-15.890,G
280,4,BNZ,FP3A,20081210,TMIN,-19.060,G
280,4,BNZ,FP3A,20081211,TMEA,-20.80624,G
280,4,BNZ,FP3A,20081211,TMAX,-16.550,G
280,4,BNZ,FP3A,20081211,TMIN,-27.790,G
280,4,BNZ,FP3A,20081212,TMEA,-26.92208,G
280,4,BNZ,FP3A,20081212,TMAX,-23.930,G
280,4,BNZ,FP3A,20081212,TMIN,-29.570,G
280,4,BNZ,FP3A,20081213,TMEA,-20.73958,G
280,4,BNZ,FP3A,20081213,TMAX,-17.530,G
280,4,BNZ,FP3A,20081213,TMIN,-27.990,G
280,4,BNZ,FP3A,20081214,TMEA,-21.37458,G
280,4,BNZ,FP3A,20081214,TMAX,-19.390,G
280,4,BNZ,FP3A,20081214,TMIN,-23.940,G
280,4,BNZ,FP3A,20081215,TMEA,-15.86316,G
280,4,BNZ,FP3A,20081215,TMAX,-7.447,G
280,4,BNZ,FP3A,20081215,TMIN,-21.910,G
280,4,BNZ,FP3A,20081216,TMEA,-16.25883,G
280,4,BNZ,FP3A,20081216,TMAX,-7.485,G
280,4,BNZ,FP3A,20081216,TMIN,-23.250,G
280,4,BNZ,FP3A,20081217,TMEA,-20.71208,G
280,4,BNZ,FP3A,20081217,TMAX,-17.110,G
280,4,BNZ,FP3A,20081217,TMIN,-23.550,G
280,4,BNZ,FP3A,20081218,TMEA,-18.65000,G
280,4,BNZ,FP3A,20081218,TMAX,-14.700,G
280,4,BNZ,FP3A,20081218,TMIN,-23.120,G
280,4,BNZ,FP3A,20081219,TMEA,-22.06999,G
280,4,BNZ,FP3A,20081219,TMAX,-20.820,G
280,4,BNZ,FP3A,20081219,TMIN,-22.640,G
280,4,BNZ,FP3A,20081201,RH,83.836666,G
280,4,BNZ,FP3A,20081202,RH,77.312083,G
280,4,BNZ,FP3A,20081203,RH,91.612500,G
280,4,BNZ,FP3A,20081204,RH,98.120833,G
280,4,BNZ,FP3A,20081205,RH,96.679166,G
280,4,BNZ,FP3A,20081206,RH,97.033333,G
280,4,BNZ,FP3A,20081207,RH,87.753749,G
280,4,BNZ,FP3A,20081208,RH,81.125000,G
280,4,BNZ,FP3A,20081209,RH,79.771665,G
280,4,BNZ,FP3A,20081210,RH,89.020832,G
280,4,BNZ,FP3A,20081211,RH,87.492500,G
280,4,BNZ,FP3A,20081212,RH,82.444166,G
280,4,BNZ,FP3A,20081213,RH,88.604166,G
280,4,BNZ,FP3A,20081214,RH,87.970833,G
280,4,BNZ,FP3A,20081215,RH,93.491666,G
280,4,BNZ,FP3A,20081216,RH,92.520833,G
280,4,BNZ,FP3A,20081217,RH,89.099999,G
280,4,BNZ,FP3A,20081218,RH,90.949999,G
280,4,BNZ,FP3A,20081219,RH,87.233334,G
280,4,BNZ,FP3A,20081201,DEW,-24.42083,G
280,4,BNZ,FP3A,20081202,DEW,-34.52125,G
280,4,BNZ,FP3A,20081203,DEW,-19.38375,G
280,4,BNZ,FP3A,20081204,DEW,-10.53083,G
280,4,BNZ,FP3A,20081205,DEW,-11.86791,G
280,4,BNZ,FP3A,20081206,DEW,-10.65125,G
280,4,BNZ,FP3A,20081207,DEW,-21.55125,G
280,4,BNZ,FP3A,20081208,DEW,-23.56708,G
280,4,BNZ,FP3A,20081209,DEW,-17.75041,G
280,4,BNZ,FP3A,20081210,DEW,-18.72250,G
280,4,BNZ,FP3A,20081211,DEW,-22.33833,G
280,4,BNZ,FP3A,20081212,DEW,-29.01583,G
280,4,BNZ,FP3A,20081213,DEW,-22.12958,G
280,4,BNZ,FP3A,20081214,DEW,-22.84166,G
280,4,BNZ,FP3A,20081215,DEW,-16.66500,G
280,4,BNZ,FP3A,20081216,DEW,-17.19083,G
280,4,BNZ,FP3A,20081217,DEW,-22.04166,G
280,4,BNZ,FP3A,20081218,DEW,-19.76375,G
280,4,BNZ,FP3A,20081219,DEW,-23.62333,G
280,4,BNZ,FP3A,20081201,PREC,0.000,G
280,4,BNZ,FP3A,20081202,PREC,0.000,G
280,4,BNZ,FP3A,20081203,PREC,0.000,G
280,4,BNZ,FP3A,20081204,PREC,0.000,G
280,4,BNZ,FP3A,20081205,PREC,0.000,G
280,4,BNZ,FP3A,20081206,PREC,0.000,G
280,4,BNZ,FP3A,20081207,PREC,0.000,G
280,4,BNZ,FP3A,20081208,PREC,0.000,G
280,4,BNZ,FP3A,20081209,PREC,0.000,G
280,4,BNZ,FP3A,20081210,PREC,0.000,G
280,4,BNZ,FP3A,20081211,PREC,0.000,G
280,4,BNZ,FP3A,20081212,PREC,0.000,G
280,4,BNZ,FP3A,20081213,PREC,0.000,G
280,4,BNZ,FP3A,20081214,PREC,0.000,G
280,4,BNZ,FP3A,20081215,PREC,0.000,G
280,4,BNZ,FP3A,20081216,PREC,0.000,G
280,4,BNZ,FP3A,20081217,PREC,0.000,G
280,4,BNZ,FP3A,20081218,PREC,0.000,G
280,4,BNZ,FP3A,20081219,PREC,0.000,G
280,4,BNZ,FP3A,20081201,VAP,0.950833,G
280,4,BNZ,FP3A,20081202,VAP,0.341250,G
280,4,BNZ,FP3A,20081203,VAP,1.410417,G
280,4,BNZ,FP3A,20081204,VAP,2.750417,G
280,4,BNZ,FP3A,20081205,VAP,2.506667,G
280,4,BNZ,FP3A,20081206,VAP,2.723750,G
280,4,BNZ,FP3A,20081207,VAP,1.295833,G
280,4,BNZ,FP3A,20081208,VAP,0.975833,G
280,4,BNZ,FP3A,20081209,VAP,1.525417,G
280,4,BNZ,FP3A,20081210,VAP,1.404583,G
280,4,BNZ,FP3A,20081211,VAP,1.065417,G
280,4,BNZ,FP3A,20081212,VAP,0.565000,G
280,4,BNZ,FP3A,20081213,VAP,1.067083,G
280,4,BNZ,FP3A,20081214,VAP,0.988333,G
280,4,BNZ,FP3A,20081215,VAP,1.794583,G
280,4,BNZ,FP3A,20081216,VAP,1.658333,G
280,4,BNZ,FP3A,20081217,VAP,1.064583,G
280,4,BNZ,FP3A,20081218,VAP,1.306667,G
280,4,BNZ,FP3A,20081219,VAP,0.913333,G
280,4,BNZ,FP3A,20081201,SMEA,-0.019208,G
280,4,BNZ,FP3A,20081202,SMEA,-0.032833,G
280,4,BNZ,FP3A,20081203,SMEA,-0.063041,G
280,4,BNZ,FP3A,20081204,SMEA,-0.082000,G
280,4,BNZ,FP3A,20081205,SMEA,-0.076041,G
280,4,BNZ,FP3A,20081206,SMEA,-0.060750,G
280,4,BNZ,FP3A,20081207,SMEA,-0.063083,G
280,4,BNZ,FP3A,20081208,SMEA,-0.067750,G
280,4,BNZ,FP3A,20081209,SMEA,-0.074333,G
280,4,BNZ,FP3A,20081210,SMEA,-0.090458,G
280,4,BNZ,FP3A,20081211,SMEA,-0.085958,G
280,4,BNZ,FP3A,20081212,SMEA,-0.090083,G
280,4,BNZ,FP3A,20081213,SMEA,-0.106833,G
280,4,BNZ,FP3A,20081214,SMEA,-0.128458,G
280,4,BNZ,FP3A,20081215,SMEA,-0.132333,G
280,4,BNZ,FP3A,20081216,SMEA,-0.129041,G
280,4,BNZ,FP3A,20081217,SMEA,-0.121833,G
280,4,BNZ,FP3A,20081218,SMEA,-0.124083,G
280,4,BNZ,FP3A,20081219,SMEA,-0.128222,G
280,4,BNZ,FP3A,20081201,SMAX,-0.010,G
280,4,BNZ,FP3A,20081202,SMAX,-0.019,G
280,4,BNZ,FP3A,20081203,SMAX,-0.040,G
280,4,BNZ,FP3A,20081204,SMAX,-0.082,G
280,4,BNZ,FP3A,20081205,SMAX,-0.062,G
280,4,BNZ,FP3A,20081206,SMAX,-0.057,G
280,4,BNZ,FP3A,20081207,SMAX,-0.055,G
280,4,BNZ,FP3A,20081208,SMAX,-0.059,G
280,4,BNZ,FP3A,20081209,SMAX,-0.072,G
280,4,BNZ,FP3A,20081210,SMAX,-0.087,G
280,4,BNZ,FP3A,20081211,SMAX,-0.076,G
280,4,BNZ,FP3A,20081212,SMAX,-0.080,G
280,4,BNZ,FP3A,20081213,SMAX,-0.091,G
280,4,BNZ,FP3A,20081214,SMAX,-0.120,G
280,4,BNZ,FP3A,20081215,SMAX,-0.123,G
280,4,BNZ,FP3A,20081216,SMAX,-0.121,G
280,4,BNZ,FP3A,20081217,SMAX,-0.112,G
280,4,BNZ,FP3A,20081218,SMAX,-0.112,G
280,4,BNZ,FP3A,20081219,SMAX,-0.127,G
280,4,BNZ,FP3A,20081201,SMIN,-0.033,G
280,4,BNZ,FP3A,20081202,SMIN,-0.047,G
280,4,BNZ,FP3A,20081203,SMIN,-0.082,G
280,4,BNZ,FP3A,20081204,SMIN,-0.082,G
280,4,BNZ,FP3A,20081205,SMIN,-0.082,G
280,4,BNZ,FP3A,20081206,SMIN,-0.082,G
280,4,BNZ,FP3A,20081207,SMIN,-0.075,G
280,4,BNZ,FP3A,20081208,SMIN,-0.076,G
280,4,BNZ,FP3A,20081209,SMIN,-0.092,G
280,4,BNZ,FP3A,20081210,SMIN,-0.097,G
280,4,BNZ,FP3A,20081211,SMIN,-0.097,G
280,4,BNZ,FP3A,20081212,SMIN,-0.102,G
280,4,BNZ,FP3A,20081213,SMIN,-0.112,G
280,4,BNZ,FP3A,20081214,SMIN,-0.138,G
280,4,BNZ,FP3A,20081215,SMIN,-0.139,G
280,4,BNZ,FP3A,20081216,SMIN,-0.141,G
280,4,BNZ,FP3A,20081217,SMIN,-0.129,G
280,4,BNZ,FP3A,20081218,SMIN,-0.138,G
280,4,BNZ,FP3A,20081219,SMIN,-0.132,G
281,4,BNZ,FP4A,20081201,TMEA,-22.22791,G
281,4,BNZ,FP4A,20081201,TMAX,-16.280,G
281,4,BNZ,FP4A,20081201,TMIN,-31.640,G
281,4,BNZ,FP4A,20081202,TMEA,-30.59250,G
281,4,BNZ,FP4A,20081202,TMAX,-23.510,G
281,4,BNZ,FP4A,20081202,TMIN,-33.640,G
281,4,BNZ,FP4A,20081203,TMEA,-16.53541,G
281,4,BNZ,FP4A,20081203,TMAX,-9.830,G
281,4,BNZ,FP4A,20081203,TMIN,-23.780,G
281,4,BNZ,FP4A,20081204,TMEA,-9.668333,G
281,4,BNZ,FP4A,20081204,TMAX,-8.410,G
281,4,BNZ,FP4A,20081204,TMIN,-11.910,G
281,4,BNZ,FP4A,20081205,TMEA,-11.21375,G
281,4,BNZ,FP4A,20081205,TMAX,-8.700,G
281,4,BNZ,FP4A,20081205,TMIN,-15.420,G
281,4,BNZ,FP4A,20081206,TMEA,-10.40666,G
281,4,BNZ,FP4A,20081206,TMAX,-9.630,G
281,4,BNZ,FP4A,20081206,TMIN,-12.780,G
281,4,BNZ,FP4A,20081207,TMEA,-20.34166,G
281,4,BNZ,FP4A,20081207,TMAX,-10.380,G
281,4,BNZ,FP4A,20081207,TMIN,-29.680,G
281,4,BNZ,FP4A,20081208,TMEA,-20.43499,G
281,4,BNZ,FP4A,20081208,TMAX,-14.110,G
281,4,BNZ,FP4A,20081208,TMIN,-29.820,G
281,4,BNZ,FP4A,20081209,TMEA,-14.49708,G
281,4,BNZ,FP4A,20081209,TMAX,-13.130,G
281,4,BNZ,FP4A,20081209,TMIN,-17.790,G
281,4,BNZ,FP4A,20081210,TMEA,-17.04041,G
281,4,BNZ,FP4A,20081210,TMAX,-14.720,G
281,4,BNZ,FP4A,20081210,TMIN,-18.530,G
281,4,BNZ,FP4A,20081211,TMEA,-20.55208,G
281,4,BNZ,FP4A,20081211,TMAX,-16.090,G
281,4,BNZ,FP4A,20081211,TMIN,-27.230,G
281,4,BNZ,FP4A,20081212,TMEA,-27.48749,G
281,4,BNZ,FP4A,20081212,TMAX,-24.140,G
281,4,BNZ,FP4A,20081212,TMIN,-30.090,G
281,4,BNZ,FP4A,20081213,TMEA,-20.56500,G
281,4,BNZ,FP4A,20081213,TMAX,-17.610,G
281,4,BNZ,FP4A,20081213,TMIN,-27.930,G
281,4,BNZ,FP4A,20081214,TMEA,-17.92916,G
281,4,BNZ,FP4A,20081214,TMAX,-12.990,G
281,4,BNZ,FP4A,20081214,TMIN,-22.560,G
281,4,BNZ,FP4A,20081215,TMEA,-15.42125,G
281,4,BNZ,FP4A,20081215,TMAX,-8.720,G
281,4,BNZ,FP4A,20081215,TMIN,-20.780,G
281,4,BNZ,FP4A,20081216,TMEA,-15.53416,G
281,4,BNZ,FP4A,20081216,TMAX,-8.950,G
281,4,BNZ,FP4A,20081216,TMIN,-21.000,G
281,4,BNZ,FP4A,20081217,TMEA,-18.69666,G
281,4,BNZ,FP4A,20081217,TMAX,-14.020,G
281,4,BNZ,FP4A,20081217,TMIN,-22.150,G
281,4,BNZ,FP4A,20081218,TMEA,-17.97791,G
281,4,BNZ,FP4A,20081218,TMAX,-14.130,G
281,4,BNZ,FP4A,20081218,TMIN,-21.300,G
281,4,BNZ,FP4A,20081219,TMEA,-21.30333,G
281,4,BNZ,FP4A,20081219,TMAX,-19.400,G
281,4,BNZ,FP4A,20081219,TMIN,-22.070,G
281,4,BNZ,FP4A,20081201,RH,86.547499,G
281,4,BNZ,FP4A,20081202,RH,80.115833,G
281,4,BNZ,FP4A,20081203,RH,88.820833,G
281,4,BNZ,FP4A,20081204,RH,95.795832,G
281,4,BNZ,FP4A,20081205,RH,95.737499,G
281,4,BNZ,FP4A,20081206,RH,97.737500,G
281,4,BNZ,FP4A,20081207,RH,87.212500,G
281,4,BNZ,FP4A,20081208,RH,82.422083,G
281,4,BNZ,FP4A,20081209,RH,75.861249,G
281,4,BNZ,FP4A,20081210,RH,88.389167,G
281,4,BNZ,FP4A,20081211,RH,88.504166,G
281,4,BNZ,FP4A,20081212,RH,82.975001,G
281,4,BNZ,FP4A,20081213,RH,89.529166,G
281,4,BNZ,FP4A,20081214,RH,89.862499,G
281,4,BNZ,FP4A,20081215,RH,92.766666,G
281,4,BNZ,FP4A,20081216,RH,93.904167,G
281,4,BNZ,FP4A,20081217,RH,88.150000,G
281,4,BNZ,FP4A,20081218,RH,88.874999,G
281,4,BNZ,FP4A,20081219,RH,88.511110,G
281,4,BNZ,FP4A,20081201,DEW,-23.85083,G
281,4,BNZ,FP4A,20081202,DEW,-32.90750,G
281,4,BNZ,FP4A,20081203,DEW,-17.95208,G
281,4,BNZ,FP4A,20081204,DEW,-10.22125,G
281,4,BNZ,FP4A,20081205,DEW,-11.76500,G
281,4,BNZ,FP4A,20081206,DEW,-10.70041,G
281,4,BNZ,FP4A,20081207,DEW,-21.89916,G
281,4,BNZ,FP4A,20081208,DEW,-22.67000,G
281,4,BNZ,FP4A,20081209,DEW,-17.82833,G
281,4,BNZ,FP4A,20081210,DEW,-18.51750,G
281,4,BNZ,FP4A,20081211,DEW,-21.95458,G
281,4,BNZ,FP4A,20081212,DEW,-29.49958,G
281,4,BNZ,FP4A,20081213,DEW,-21.83875,G
281,4,BNZ,FP4A,20081214,DEW,-19.19666,G
281,4,BNZ,FP4A,20081215,DEW,-16.33083,G
281,4,BNZ,FP4A,20081216,DEW,-16.29375,G
281,4,BNZ,FP4A,20081217,DEW,-20.17750,G
281,4,BNZ,FP4A,20081218,DEW,-19.37250,G
281,4,BNZ,FP4A,20081219,DEW,-22.70222,G
281,4,BNZ,FP4A,20081201,PREC,0.000,G
281,4,BNZ,FP4A,20081202,PREC,0.000,G
281,4,BNZ,FP4A,20081203,PREC,0.000,G
281,4,BNZ,FP4A,20081204,PREC,0.000,G
281,4,BNZ,FP4A,20081205,PREC,0.000,G
281,4,BNZ,FP4A,20081206,PREC,0.000,G
281,4,BNZ,FP4A,20081207,PREC,0.000,G
281,4,BNZ,FP4A,20081208,PREC,0.000,G
281,4,BNZ,FP4A,20081209,PREC,0.000,G
281,4,BNZ,FP4A,20081210,PREC,0.000,G
281,4,BNZ,FP4A,20081211,PREC,0.000,G
281,4,BNZ,FP4A,20081212,PREC,0.000,G
281,4,BNZ,FP4A,20081213,PREC,0.000,G
281,4,BNZ,FP4A,20081214,PREC,0.000,G
281,4,BNZ,FP4A,20081215,PREC,0.000,G
281,4,BNZ,FP4A,20081216,PREC,0.000,G
281,4,BNZ,FP4A,20081217,PREC,0.000,G
281,4,BNZ,FP4A,20081218,PREC,0.000,G
281,4,BNZ,FP4A,20081219,PREC,0.000,G
281,4,BNZ,FP4A,20081201,VAP,1.001667,G
281,4,BNZ,FP4A,20081202,VAP,0.405000,G
281,4,BNZ,FP4A,20081203,VAP,1.570417,G
281,4,BNZ,FP4A,20081204,VAP,2.818750,G
281,4,BNZ,FP4A,20081205,VAP,2.518333,G
281,4,BNZ,FP4A,20081206,VAP,2.715000,G
281,4,BNZ,FP4A,20081207,VAP,1.295000,G
281,4,BNZ,FP4A,20081208,VAP,1.052083,G
281,4,BNZ,FP4A,20081209,VAP,1.515417,G
281,4,BNZ,FP4A,20081210,VAP,1.431250,G
281,4,BNZ,FP4A,20081211,VAP,1.102083,G
281,4,BNZ,FP4A,20081212,VAP,0.541250,G
281,4,BNZ,FP4A,20081213,VAP,1.094167,G
281,4,BNZ,FP4A,20081214,VAP,1.374167,G
281,4,BNZ,FP4A,20081215,VAP,1.778750,G
281,4,BNZ,FP4A,20081216,VAP,1.765417,G
281,4,BNZ,FP4A,20081217,VAP,1.259583,G
281,4,BNZ,FP4A,20081218,VAP,1.342500,G
281,4,BNZ,FP4A,20081219,VAP,0.991111,G
281,4,BNZ,FP4A,20081201,SMEA,-1.621083,G
281,4,BNZ,FP4A,20081202,SMEA,-1.717458,G
281,4,BNZ,FP4A,20081203,SMEA,-2.079875,G
281,4,BNZ,FP4A,20081204,SMEA,-2.099000,G
281,4,BNZ,FP4A,20081205,SMEA,-1.846875,G
281,4,BNZ,FP4A,20081206,SMEA,-1.611666,G
281,4,BNZ,FP4A,20081207,SMEA,-1.447666,G
281,4,BNZ,FP4A,20081208,SMEA,-1.352541,G
281,4,BNZ,FP4A,20081209,SMEA,-1.398208,G
281,4,BNZ,FP4A,20081210,SMEA,-1.448625,G
281,4,BNZ,FP4A,20081211,SMEA,-1.448500,G
281,4,BNZ,FP4A,20081212,SMEA,-1.487625,G
281,4,BNZ,FP4A,20081213,SMEA,-1.648541,G
281,4,BNZ,FP4A,20081214,SMEA,-1.751583,G
281,4,BNZ,FP4A,20081215,SMEA,-1.745916,G
281,4,BNZ,FP4A,20081216,SMEA,-1.676166,G
281,4,BNZ,FP4A,20081217,SMEA,-1.565708,G
281,4,BNZ,FP4A,20081218,SMEA,-1.493541,G
281,4,BNZ,FP4A,20081219,SMEA,-1.463777,G
281,4,BNZ,FP4A,20081201,SMAX,-1.593,G
281,4,BNZ,FP4A,20081202,SMAX,-1.609,G
281,4,BNZ,FP4A,20081203,SMAX,-1.914,G
281,4,BNZ,FP4A,20081204,SMAX,-1.994,G
281,4,BNZ,FP4A,20081205,SMAX,-1.712,G
281,4,BNZ,FP4A,20081206,SMAX,-1.516,G
281,4,BNZ,FP4A,20081207,SMAX,-1.388,G
281,4,BNZ,FP4A,20081208,SMAX,-1.332,G
281,4,BNZ,FP4A,20081209,SMAX,-1.352,G
281,4,BNZ,FP4A,20081210,SMAX,-1.437,G
281,4,BNZ,FP4A,20081211,SMAX,-1.441,G
281,4,BNZ,FP4A,20081212,SMAX,-1.449,G
281,4,BNZ,FP4A,20081213,SMAX,-1.551,G
281,4,BNZ,FP4A,20081214,SMAX,-1.726,G
281,4,BNZ,FP4A,20081215,SMAX,-1.718,G
281,4,BNZ,FP4A,20081216,SMAX,-1.630,G
281,4,BNZ,FP4A,20081217,SMAX,-1.521,G
281,4,BNZ,FP4A,20081218,SMAX,-1.467,G
281,4,BNZ,FP4A,20081219,SMAX,-1.460,G
281,4,BNZ,FP4A,20081201,SMIN,-1.659,G
281,4,BNZ,FP4A,20081202,SMIN,-1.897,G
281,4,BNZ,FP4A,20081203,SMIN,-2.155,G
281,4,BNZ,FP4A,20081204,SMIN,-2.155,G
281,4,BNZ,FP4A,20081205,SMIN,-1.981,G
281,4,BNZ,FP4A,20081206,SMIN,-1.715,G
281,4,BNZ,FP4A,20081207,SMIN,-1.516,G
281,4,BNZ,FP4A,20081208,SMIN,-1.376,G
281,4,BNZ,FP4A,20081209,SMIN,-1.442,G
281,4,BNZ,FP4A,20081210,SMIN,-1.455,G
281,4,BNZ,FP4A,20081211,SMIN,-1.460,G
281,4,BNZ,FP4A,20081212,SMIN,-1.552,G
281,4,BNZ,FP4A,20081213,SMIN,-1.726,G
281,4,BNZ,FP4A,20081214,SMIN,-1.766,G
281,4,BNZ,FP4A,20081215,SMIN,-1.765,G
281,4,BNZ,FP4A,20081216,SMIN,-1.725,G
281,4,BNZ,FP4A,20081217,SMIN,-1.616,G
281,4,BNZ,FP4A,20081218,SMIN,-1.521,G
281,4,BNZ,FP4A,20081219,SMIN,-1.465,G
282,4,BNZ,FP5A,20081201,TMEA,-23.11541,G
282,4,BNZ,FP5A,20081201,TMAX,-16.450,G
282,4,BNZ,FP5A,20081201,TMIN,-33.080,G
282,4,BNZ,FP5A,20081202,TMEA,-32.86124,G
282,4,BNZ,FP5A,20081202,TMAX,-25.630,G
282,4,BNZ,FP5A,20081202,TMIN,-35.200,G
282,4,BNZ,FP5A,20081203,TMEA,-18.94541,G
282,4,BNZ,FP5A,20081203,TMAX,-10.770,G
282,4,BNZ,FP5A,20081203,TMIN,-25.500,G
282,4,BNZ,FP5A,20081204,TMEA,-11.06249,G
282,4,BNZ,FP5A,20081204,TMAX,-9.960,G
282,4,BNZ,FP5A,20081204,TMIN,-13.180,G
282,4,BNZ,FP5A,20081205,TMEA,-12.22500,G
282,4,BNZ,FP5A,20081205,TMAX,-8.750,G
282,4,BNZ,FP5A,20081205,TMIN,-16.800,G
282,4,BNZ,FP5A,20081206,TMEA,-10.44750,G
282,4,BNZ,FP5A,20081206,TMAX,-9.600,G
282,4,BNZ,FP5A,20081206,TMIN,-13.460,G
282,4,BNZ,FP5A,20081207,TMEA,-22.06291,G
282,4,BNZ,FP5A,20081207,TMAX,-10.420,G
282,4,BNZ,FP5A,20081207,TMIN,-32.100,G
282,4,BNZ,FP5A,20081208,TMEA,-24.39250,G
282,4,BNZ,FP5A,20081208,TMAX,-15.040,G
282,4,BNZ,FP5A,20081208,TMIN,-32.410,G
282,4,BNZ,FP5A,20081209,TMEA,-15.54749,G
282,4,BNZ,FP5A,20081209,TMAX,-13.570,G
282,4,BNZ,FP5A,20081209,TMIN,-20.300,G
282,4,BNZ,FP5A,20081210,TMEA,-18.15250,G
282,4,BNZ,FP5A,20081210,TMAX,-15.560,G
282,4,BNZ,FP5A,20081210,TMIN,-20.010,G
282,4,BNZ,FP5A,20081211,TMEA,-22.13874,G
282,4,BNZ,FP5A,20081211,TMAX,-16.570,G
282,4,BNZ,FP5A,20081211,TMIN,-29.190,G
282,4,BNZ,FP5A,20081212,TMEA,-28.98625,G
282,4,BNZ,FP5A,20081212,TMAX,-25.160,G
282,4,BNZ,FP5A,20081212,TMIN,-31.310,G
282,4,BNZ,FP5A,20081213,TMEA,-22.05958,G
282,4,BNZ,FP5A,20081213,TMAX,-18.290,G
282,4,BNZ,FP5A,20081213,TMIN,-29.560,G
282,4,BNZ,FP5A,20081214,TMEA,-22.40500,G
282,4,BNZ,FP5A,20081214,TMAX,-18.100,G
282,4,BNZ,FP5A,20081214,TMIN,-24.470,G
282,4,BNZ,FP5A,20081215,TMEA,-17.62416,G
282,4,BNZ,FP5A,20081215,TMAX,-8.870,G
282,4,BNZ,FP5A,20081215,TMIN,-22.390,G
282,4,BNZ,FP5A,20081216,TMEA,-17.74833,G
282,4,BNZ,FP5A,20081216,TMAX,-8.580,G
282,4,BNZ,FP5A,20081216,TMIN,-23.630,G
282,4,BNZ,FP5A,20081217,TMEA,-22.01375,G
282,4,BNZ,FP5A,20081217,TMAX,-17.900,G
282,4,BNZ,FP5A,20081217,TMIN,-23.840,G
282,4,BNZ,FP5A,20081218,TMEA,-19.43000,G
282,4,BNZ,FP5A,20081218,TMAX,-16.090,G
282,4,BNZ,FP5A,20081218,TMIN,-22.290,G
282,4,BNZ,FP5A,20081219,TMEA,-22.67222,G
282,4,BNZ,FP5A,20081219,TMAX,-22.270,G
282,4,BNZ,FP5A,20081219,TMIN,-23.200,G
282,4,BNZ,FP5A,20081201,RH,81.505833,G
282,4,BNZ,FP5A,20081202,RH,74.135416,G
282,4,BNZ,FP5A,20081203,RH,88.470833,G
282,4,BNZ,FP5A,20081204,RH,95.366666,G
282,4,BNZ,FP5A,20081205,RH,93.866666,G
282,4,BNZ,FP5A,20081206,RH,95.091666,G
282,4,BNZ,FP5A,20081207,RH,83.331249,G
282,4,BNZ,FP5A,20081208,RH,80.857500,G
282,4,BNZ,FP5A,20081209,RH,79.060832,G
282,4,BNZ,FP5A,20081210,RH,87.458333,G
282,4,BNZ,FP5A,20081211,RH,83.549166,G
282,4,BNZ,FP5A,20081212,RH,78.029582,G
282,4,BNZ,FP5A,20081213,RH,84.851666,G
282,4,BNZ,FP5A,20081214,RH,84.879166,G
282,4,BNZ,FP5A,20081215,RH,89.695833,G
282,4,BNZ,FP5A,20081216,RH,89.658333,G
282,4,BNZ,FP5A,20081217,RH,85.554167,G
282,4,BNZ,FP5A,20081218,RH,87.983333,G
282,4,BNZ,FP5A,20081219,RH,84.733333,G
282,4,BNZ,FP5A,20081201,DEW,-25.39041,G
282,4,BNZ,FP5A,20081202,DEW,-35.89916,G
282,4,BNZ,FP5A,20081203,DEW,-20.36750,G
282,4,BNZ,FP5A,20081204,DEW,-11.65875,G
282,4,BNZ,FP5A,20081205,DEW,-13.01291,G
282,4,BNZ,FP5A,20081206,DEW,-11.08291,G
282,4,BNZ,FP5A,20081207,DEW,-24.10000,G
282,4,BNZ,FP5A,20081208,DEW,-26.73500,G
282,4,BNZ,FP5A,20081209,DEW,-18.36250,G
282,4,BNZ,FP5A,20081210,DEW,-19.72791,G
282,4,BNZ,FP5A,20081211,DEW,-24.16708,G
282,4,BNZ,FP5A,20081212,DEW,-31.61166,G
282,4,BNZ,FP5A,20081213,DEW,-23.91875,G
282,4,BNZ,FP5A,20081214,DEW,-24.25583,G
282,4,BNZ,FP5A,20081215,DEW,-18.90291,G
282,4,BNZ,FP5A,20081216,DEW,-19.03333,G
282,4,BNZ,FP5A,20081217,DEW,-23.78375,G
282,4,BNZ,FP5A,20081218,DEW,-20.91708,G
282,4,BNZ,FP5A,20081219,DEW,-24.53888,G
282,4,BNZ,FP5A,20081201,PREC,0.000,G
282,4,BNZ,FP5A,20081202,PREC,0.000,G
282,4,BNZ,FP5A,20081203,PREC,0.000,G
282,4,BNZ,FP5A,20081204,PREC,0.000,G
282,4,BNZ,FP5A,20081205,PREC,0.000,G
282,4,BNZ,FP5A,20081206,PREC,0.000,G
282,4,BNZ,FP5A,20081207,PREC,0.000,G
282,4,BNZ,FP5A,20081208,PREC,0.000,G
282,4,BNZ,FP5A,20081209,PREC,0.000,G
282,4,BNZ,FP5A,20081210,PREC,0.000,G
282,4,BNZ,FP5A,20081211,PREC,0.000,G
282,4,BNZ,FP5A,20081212,PREC,0.000,G
282,4,BNZ,FP5A,20081213,PREC,0.000,G
282,4,BNZ,FP5A,20081214,PREC,0.000,G
282,4,BNZ,FP5A,20081215,PREC,0.000,G
282,4,BNZ,FP5A,20081216,PREC,0.000,G
282,4,BNZ,FP5A,20081217,PREC,0.000,G
282,4,BNZ,FP5A,20081218,PREC,0.000,G
282,4,BNZ,FP5A,20081219,PREC,0.000,G
282,4,BNZ,FP5A,20081201,VAP,0.901667,G
282,4,BNZ,FP5A,20081202,VAP,0.301667,G
282,4,BNZ,FP5A,20081203,VAP,1.317083,G
282,4,BNZ,FP5A,20081204,VAP,2.517083,G
282,4,BNZ,FP5A,20081205,VAP,2.299167,G
282,4,BNZ,FP5A,20081206,VAP,2.632917,G
282,4,BNZ,FP5A,20081207,VAP,1.133333,G
282,4,BNZ,FP5A,20081208,VAP,0.806667,G
282,4,BNZ,FP5A,20081209,VAP,1.454583,G
282,4,BNZ,FP5A,20081210,VAP,1.292917,G
282,4,BNZ,FP5A,20081211,VAP,0.913333,G
282,4,BNZ,FP5A,20081212,VAP,0.443333,G
282,4,BNZ,FP5A,20081213,VAP,0.920000,G
282,4,BNZ,FP5A,20081214,VAP,0.876250,G
282,4,BNZ,FP5A,20081215,VAP,1.489583,G
282,4,BNZ,FP5A,20081216,VAP,1.435417,G
282,4,BNZ,FP5A,20081217,VAP,0.908333,G
282,4,BNZ,FP5A,20081218,VAP,1.179167,G
282,4,BNZ,FP5A,20081219,VAP,0.841111,G
282,4,BNZ,FP5A,20081201,SMEA,4.5548334,G
282,4,BNZ,FP5A,20081202,SMEA,4.5588334,G
282,4,BNZ,FP5A,20081203,SMEA,4.4983750,G
282,4,BNZ,FP5A,20081204,SMEA,4.4740418,G
282,4,BNZ,FP5A,20081205,SMEA,4.5047501,G
282,4,BNZ,FP5A,20081206,SMEA,4.5438334,G
282,4,BNZ,FP5A,20081207,SMEA,4.5536250,G
282,4,BNZ,FP5A,20081208,SMEA,4.5300833,G
282,4,BNZ,FP5A,20081209,SMEA,4.4779584,G
282,4,BNZ,FP5A,20081210,SMEA,4.4775832,G
282,4,BNZ,FP5A,20081211,SMEA,4.4828332,G
282,4,BNZ,FP5A,20081212,SMEA,4.4709583,G
282,4,BNZ,FP5A,20081213,SMEA,4.3914584,G
282,4,BNZ,FP5A,20081214,SMEA,4.3065000,G
282,4,BNZ,FP5A,20081215,SMEA,4.2388333,G
282,4,BNZ,FP5A,20081216,SMEA,4.2039584,G
282,4,BNZ,FP5A,20081217,SMEA,4.2241251,G
282,4,BNZ,FP5A,20081218,SMEA,4.2293334,G
282,4,BNZ,FP5A,20081219,SMEA,4.2226669,G
282,4,BNZ,FP5A,20081201,SMAX,4.572,G
282,4,BNZ,FP5A,20081202,SMAX,4.566,G
282,4,BNZ,FP5A,20081203,SMAX,4.555,G
282,4,BNZ,FP5A,20081204,SMAX,4.491,G
282,4,BNZ,FP5A,20081205,SMAX,4.529,G
282,4,BNZ,FP5A,20081206,SMAX,4.557,G
282,4,BNZ,FP5A,20081207,SMAX,4.575,G
282,4,BNZ,FP5A,20081208,SMAX,4.552,G
282,4,BNZ,FP5A,20081209,SMAX,4.491,G
282,4,BNZ,FP5A,20081210,SMAX,4.499,G
282,4,BNZ,FP5A,20081211,SMAX,4.503,G
282,4,BNZ,FP5A,20081212,SMAX,4.495,G
282,4,BNZ,FP5A,20081213,SMAX,4.436,G
282,4,BNZ,FP5A,20081214,SMAX,4.345,G
282,4,BNZ,FP5A,20081215,SMAX,4.279,G
282,4,BNZ,FP5A,20081216,SMAX,4.229,G
282,4,BNZ,FP5A,20081217,SMAX,4.246,G
282,4,BNZ,FP5A,20081218,SMAX,4.247,G
282,4,BNZ,FP5A,20081219,SMAX,4.227,G
282,4,BNZ,FP5A,20081201,SMIN,4.542,G
282,4,BNZ,FP5A,20081202,SMIN,4.537,G
282,4,BNZ,FP5A,20081203,SMIN,4.452,G
282,4,BNZ,FP5A,20081204,SMIN,4.452,G
282,4,BNZ,FP5A,20081205,SMIN,4.478,G
282,4,BNZ,FP5A,20081206,SMIN,4.527,G
282,4,BNZ,FP5A,20081207,SMIN,4.544,G
282,4,BNZ,FP5A,20081208,SMIN,4.484,G
282,4,BNZ,FP5A,20081209,SMIN,4.450,G
282,4,BNZ,FP5A,20081210,SMIN,4.453,G
282,4,BNZ,FP5A,20081211,SMIN,4.463,G
282,4,BNZ,FP5A,20081212,SMIN,4.440,G
282,4,BNZ,FP5A,20081213,SMIN,4.337,G
282,4,BNZ,FP5A,20081214,SMIN,4.267,G
282,4,BNZ,FP5A,20081215,SMIN,4.216,G
282,4,BNZ,FP5A,20081216,SMIN,4.180,G
282,4,BNZ,FP5A,20081217,SMIN,4.206,G
282,4,BNZ,FP5A,20081218,SMIN,4.204,G
282,4,BNZ,FP5A,20081219,SMIN,4.214,G
