88,15,HFR,FISHER,20081201,TMEA,5.3,G
88,15,HFR,FISHER,20081201,TMAX,10.2,G
88,15,HFR,FISHER,20081201,TMIN,2.6,G
88,15,HFR,FISHER,20081201,RH,89,G
88,15,HFR,FISHER,20081201,DEW,3.3,G
88,15,HFR,FISHER,20081201,PREC,11.2,G
88,15,HFR,FISHER,20081201,GRAD,4.7,G
88,15,HFR,FISHER,20081201,ATM,996,G
88,15,HFR,FISHER,20081201,WSP,2.9,G
88,15,HFR,FISHER,20081201,RWSP,1.0,G
88,15,HFR,FISHER,20081201,RWDI,160,G
88,15,HFR,FISHER,20081201,SMEA,3.3,G
88,15,HFR,FISHER,20081201,SMAX,4.2,G
88,15,HFR,FISHER,20081201,SMIN,2.3,G
88,15,HFR,FISHER,20081202,TMEA,1.4,G
88,15,HFR,FISHER,20081202,TMAX,5.5,G
88,15,HFR,FISHER,20081202,TMIN,-2.4,G
88,15,HFR,FISHER,20081202,RH,69,G
88,15,HFR,FISHER,20081202,DEW,-3.8,G
88,15,HFR,FISHER,20081202,PREC,0.0,G
88,15,HFR,FISHER,20081202,GRAD,6.2,G
88,15,HFR,FISHER,20081202,ATM,1010,G
88,15,HFR,FISHER,20081202,WSP,1.8,G
88,15,HFR,FISHER,20081202,RWSP,1.5,G
88,15,HFR,FISHER,20081202,RWDI,240,G
88,15,HFR,FISHER,20081202,SMEA,3.7,G
88,15,HFR,FISHER,20081202,SMAX,4.0,G
88,15,HFR,FISHER,20081202,SMIN,3.3,G
88,15,HFR,FISHER,20081203,TMEA,-0.4,G
88,15,HFR,FISHER,20081203,TMAX,4.0,G
88,15,HFR,FISHER,20081203,TMIN,-4.6,G
88,15,HFR,FISHER,20081203,RH,70,G
88,15,HFR,FISHER,20081203,DEW,-5.4,G
88,15,HFR,FISHER,20081203,PREC,0.0,G
88,15,HFR,FISHER,20081203,GRAD,8.2,G
88,15,HFR,FISHER,20081203,ATM,1016,G
88,15,HFR,FISHER,20081203,WSP,1.4,G
88,15,HFR,FISHER,20081203,RWSP,1.1,G
88,15,HFR,FISHER,20081203,RWDI,215,G
88,15,HFR,FISHER,20081203,SMEA,3.1,G
88,15,HFR,FISHER,20081203,SMAX,3.5,G
88,15,HFR,FISHER,20081203,SMIN,2.7,G
88,15,HFR,FISHER,20081204,TMEA,1.8,G
88,15,HFR,FISHER,20081204,TMAX,4.1,G
88,15,HFR,FISHER,20081204,TMIN,-1.0,G
88,15,HFR,FISHER,20081204,RH,76,G
88,15,HFR,FISHER,20081204,DEW,-2.1,G
88,15,HFR,FISHER,20081204,PREC,0.0,G
88,15,HFR,FISHER,20081204,GRAD,1.8,G
88,15,HFR,FISHER,20081204,ATM,1013,G
88,15,HFR,FISHER,20081204,WSP,2.6,G
88,15,HFR,FISHER,20081204,RWSP,2.1,G
88,15,HFR,FISHER,20081204,RWDI,231,G
88,15,HFR,FISHER,20081204,SMEA,2.8,G
88,15,HFR,FISHER,20081204,SMAX,3.1,G
88,15,HFR,FISHER,20081204,SMIN,2.6,G
88,15,HFR,FISHER,20081205,TMEA,-3.1,G
88,15,HFR,FISHER,20081205,TMAX,0.4,G
88,15,HFR,FISHER,20081205,TMIN,-7.1,G
88,15,HFR,FISHER,20081205,RH,66,G
88,15,HFR,FISHER,20081205,DEW,-8.8,G
88,15,HFR,FISHER,20081205,PREC,0.0,G
88,15,HFR,FISHER,20081205,GRAD,5.3,G
88,15,HFR,FISHER,20081205,ATM,1015,G
88,15,HFR,FISHER,20081205,WSP,1.1,G
88,15,HFR,FISHER,20081205,RWSP,0.9,G
88,15,HFR,FISHER,20081205,RWDI,278,G
88,15,HFR,FISHER,20081205,SMEA,2.6,G
88,15,HFR,FISHER,20081205,SMAX,3.1,G
88,15,HFR,FISHER,20081205,SMIN,2.3,G
88,15,HFR,FISHER,20081206,TMEA,-4.1,G
88,15,HFR,FISHER,20081206,TMAX,0.1,G
88,15,HFR,FISHER,20081206,TMIN,-9.2,G
88,15,HFR,FISHER,20081206,RH,64,G
88,15,HFR,FISHER,20081206,DEW,-10.2,G
88,15,HFR,FISHER,20081206,PREC,0.0,G
88,15,HFR,FISHER,20081206,GRAD,6.4,G
88,15,HFR,FISHER,20081206,ATM,1012,G
88,15,HFR,FISHER,20081206,WSP,1.6,G
88,15,HFR,FISHER,20081206,RWSP,1.1,G
88,15,HFR,FISHER,20081206,RWDI,166,G
88,15,HFR,FISHER,20081206,SMEA,2.0,G
88,15,HFR,FISHER,20081206,SMAX,2.3,G
88,15,HFR,FISHER,20081206,SMIN,1.8,G
88,15,HFR,FISHER,20081207,TMEA,-4.1,G
88,15,HFR,FISHER,20081207,TMAX,-1.8,G
88,15,HFR,FISHER,20081207,TMIN,-11.2,G
88,15,HFR,FISHER,20081207,RH,83,G
88,15,HFR,FISHER,20081207,DEW,-6.8,G
88,15,HFR,FISHER,20081207,PREC,0.0,G
88,15,HFR,FISHER,20081207,GRAD,1.6,G
88,15,HFR,FISHER,20081207,ATM,1000,G
88,15,HFR,FISHER,20081207,WSP,2.2,G
88,15,HFR,FISHER,20081207,RWSP,1.6,G
88,15,HFR,FISHER,20081207,RWDI,269,G
88,15,HFR,FISHER,20081207,SMEA,1.8,G
88,15,HFR,FISHER,20081207,SMAX,1.8,G
88,15,HFR,FISHER,20081207,SMIN,1.7,G
88,15,HFR,FISHER,20081208,TMEA,-12.4,G
88,15,HFR,FISHER,20081208,TMAX,-7.5,G
88,15,HFR,FISHER,20081208,TMIN,-15.1,G
88,15,HFR,FISHER,20081208,RH,48,G
88,15,HFR,FISHER,20081208,DEW,-21.4,G
88,15,HFR,FISHER,20081208,PREC,0.0,G
88,15,HFR,FISHER,20081208,GRAD,8.3,G
88,15,HFR,FISHER,20081208,ATM,1018,G
88,15,HFR,FISHER,20081208,WSP,1.9,G
88,15,HFR,FISHER,20081208,RWSP,1.4,G
88,15,HFR,FISHER,20081208,RWDI,285,G
88,15,HFR,FISHER,20081208,SMEA,1.6,G
88,15,HFR,FISHER,20081208,SMAX,1.8,G
88,15,HFR,FISHER,20081208,SMIN,1.5,G
88,15,HFR,FISHER,20081209,TMEA,-0.9,G
88,15,HFR,FISHER,20081209,TMAX,10.0,G
88,15,HFR,FISHER,20081209,TMIN,-13.4,G
88,15,HFR,FISHER,20081209,RH,76,G
88,15,HFR,FISHER,20081209,DEW,-4.8,G
88,15,HFR,FISHER,20081209,PREC,0.8,G
88,15,HFR,FISHER,20081209,GRAD,3.2,G
88,15,HFR,FISHER,20081209,ATM,1020,G
88,15,HFR,FISHER,20081209,WSP,2.8,G
88,15,HFR,FISHER,20081209,RWSP,2.3,G
88,15,HFR,FISHER,20081209,RWDI,191,G
88,15,HFR,FISHER,20081209,SMEA,1.4,G
88,15,HFR,FISHER,20081209,SMAX,1.5,G
88,15,HFR,FISHER,20081209,SMIN,1.3,G
88,15,HFR,FISHER,20081210,TMEA,9.0,G
88,15,HFR,FISHER,20081210,TMAX,12.4,G
88,15,HFR,FISHER,20081210,TMIN,1.0,G
88,15,HFR,FISHER,20081210,RH,96,G
88,15,HFR,FISHER,20081210,DEW,8.4,G
88,15,HFR,FISHER,20081210,PREC,24.9,G
88,15,HFR,FISHER,20081210,GRAD,0.4,G
88,15,HFR,FISHER,20081210,ATM,1009,G
88,15,HFR,FISHER,20081210,WSP,3.2,G
88,15,HFR,FISHER,20081210,RWSP,2.2,G
88,15,HFR,FISHER,20081210,RWDI,224,G
88,15,HFR,FISHER,20081210,SMEA,3.2,G
88,15,HFR,FISHER,20081210,SMAX,4.7,G
88,15,HFR,FISHER,20081210,SMIN,1.3,G
88,15,HFR,FISHER,20081211,TMEA,-0.7,G
88,15,HFR,FISHER,20081211,TMAX,1.2,G
88,15,HFR,FISHER,20081211,TMIN,-1.4,G
88,15,HFR,FISHER,20081211,RH,96,G
88,15,HFR,FISHER,20081211,DEW,-1.4,G
88,15,HFR,FISHER,20081211,PREC,8.6,G
88,15,HFR,FISHER,20081211,GRAD,0.8,G
88,15,HFR,FISHER,20081211,ATM,1011,G
88,15,HFR,FISHER,20081211,WSP,1.0,Q
88,15,HFR,FISHER,20081211,RWSP,0.7,Q
88,15,HFR,FISHER,20081211,RWDI,58,Q
88,15,HFR,FISHER,20081211,SMEA,3.9,G
88,15,HFR,FISHER,20081211,SMAX,4.5,G
88,15,HFR,FISHER,20081211,SMIN,3.3,G
88,15,HFR,FISHER,20081212,TMEA,-0.8,G
88,15,HFR,FISHER,20081212,TMAX,1.6,G
88,15,HFR,FISHER,20081212,TMIN,-5.2,G
88,15,HFR,FISHER,20081212,RH,94,G
88,15,HFR,FISHER,20081212,DEW,-1.7,G
88,15,HFR,FISHER,20081212,PREC,62.7,G
88,15,HFR,FISHER,20081212,GRAD,3.2,G
88,15,HFR,FISHER,20081212,ATM,997,G
88,15,HFR,FISHER,20081212,WSP,0.8,Q
88,15,HFR,FISHER,20081212,RWSP,0.7,Q
88,15,HFR,FISHER,20081212,RWDI,291,Q
88,15,HFR,FISHER,20081212,SMEA,2.5,G
88,15,HFR,FISHER,20081212,SMAX,3.3,G
88,15,HFR,FISHER,20081212,SMIN,2.2,G
88,15,HFR,FISHER,20081213,TMEA,-7.6,G
88,15,HFR,FISHER,20081213,TMAX,-3.9,G
88,15,HFR,FISHER,20081213,TMIN,-11.5,G
88,15,HFR,FISHER,20081213,RH,80,G
88,15,HFR,FISHER,20081213,DEW,-10.5,G
88,15,HFR,FISHER,20081213,PREC,0.0,G
88,15,HFR,FISHER,20081213,GRAD,7.8,G
88,15,HFR,FISHER,20081213,ATM,1017,G
88,15,HFR,FISHER,20081213,WSP,1.4,G
88,15,HFR,FISHER,20081213,RWSP,1.1,G
88,15,HFR,FISHER,20081213,RWDI,293,G
88,15,HFR,FISHER,20081213,SMEA,1.9,G
88,15,HFR,FISHER,20081213,SMAX,2.4,G
88,15,HFR,FISHER,20081213,SMIN,1.5,G
88,15,HFR,FISHER,20081214,TMEA,-2.8,G
88,15,HFR,FISHER,20081214,TMAX,2.5,G
88,15,HFR,FISHER,20081214,TMIN,-11.2,G
88,15,HFR,FISHER,20081214,RH,84,G
88,15,HFR,FISHER,20081214,DEW,-5.3,G
88,15,HFR,FISHER,20081214,PREC,4.3,G
88,15,HFR,FISHER,20081214,GRAD,6.7,G
88,15,HFR,FISHER,20081214,ATM,1025,G
88,15,HFR,FISHER,20081214,WSP,2.1,G
88,15,HFR,FISHER,20081214,RWSP,1.8,G
88,15,HFR,FISHER,20081214,RWDI,189,G
88,15,HFR,FISHER,20081214,SMEA,1.3,G
88,15,HFR,FISHER,20081214,SMAX,1.5,G
88,15,HFR,FISHER,20081214,SMIN,1.2,G
88,15,HFR,FISHER,20081215,TMEA,8.9,G
88,15,HFR,FISHER,20081215,TMAX,12.8,G
88,15,HFR,FISHER,20081215,TMIN,2.1,G
88,15,HFR,FISHER,20081215,RH,89,G
88,15,HFR,FISHER,20081215,DEW,7.1,G
88,15,HFR,FISHER,20081215,PREC,14.0,G
88,15,HFR,FISHER,20081215,GRAD,2.2,G
88,15,HFR,FISHER,20081215,ATM,1019,G
88,15,HFR,FISHER,20081215,WSP,3.7,G
88,15,HFR,FISHER,20081215,RWSP,3.3,G
88,15,HFR,FISHER,20081215,RWDI,214,G
88,15,HFR,FISHER,20081215,SMEA,1.5,G
88,15,HFR,FISHER,20081215,SMAX,2.5,G
88,15,HFR,FISHER,20081215,SMIN,1.2,G
88,15,HFR,FISHER,20081216,TMEA,-0.6,G
88,15,HFR,FISHER,20081216,TMAX,7.4,G
88,15,HFR,FISHER,20081216,TMIN,-5.6,G
88,15,HFR,FISHER,20081216,RH,64,G
88,15,HFR,FISHER,20081216,DEW,-6.7,G
88,15,HFR,FISHER,20081216,PREC,0.0,G
88,15,HFR,FISHER,20081216,GRAD,2.5,G
88,15,HFR,FISHER,20081216,ATM,1023,G
88,15,HFR,FISHER,20081216,WSP,1.8,G
88,15,HFR,FISHER,20081216,RWSP,0.9,G
88,15,HFR,FISHER,20081216,RWDI,308,G
88,15,HFR,FISHER,20081216,SMEA,2.7,G
88,15,HFR,FISHER,20081216,SMAX,2.9,G
88,15,HFR,FISHER,20081216,SMIN,2.4,G
88,15,HFR,FISHER,20081217,TMEA,-3.5,G
88,15,HFR,FISHER,20081217,TMAX,-1.6,G
88,15,HFR,FISHER,20081217,TMIN,-6.2,G
88,15,HFR,FISHER,20081217,RH,97,G
88,15,HFR,FISHER,20081217,DEW,-3.9,G
88,15,HFR,FISHER,20081217,PREC,9.4,G
88,15,HFR,FISHER,20081217,GRAD,1.0,G
88,15,HFR,FISHER,20081217,ATM,1014,G
88,15,HFR,FISHER,20081217,WSP,1.5,G
88,15,HFR,FISHER,20081217,RWSP,0.2,G
88,15,HFR,FISHER,20081217,RWDI,49,G
88,15,HFR,FISHER,20081217,SMEA,2.1,G
88,15,HFR,FISHER,20081217,SMAX,2.4,G
88,15,HFR,FISHER,20081217,SMIN,2.0,G
88,15,HFR,FISHER,20081218,TMEA,-2.7,G
88,15,HFR,FISHER,20081218,TMAX,0.2,G
88,15,HFR,FISHER,20081218,TMIN,-5.3,G
88,15,HFR,FISHER,20081218,RH,94,G
88,15,HFR,FISHER,20081218,DEW,-3.6,G
88,15,HFR,FISHER,20081218,PREC,0.0,G
88,15,HFR,FISHER,20081218,GRAD,5.8,G
88,15,HFR,FISHER,20081218,ATM,1018,G
88,15,HFR,FISHER,20081218,WSP,1.1,G
88,15,HFR,FISHER,20081218,RWSP,0.9,G
88,15,HFR,FISHER,20081218,RWDI,270,G
88,15,HFR,FISHER,20081218,SMEA,2.1,G
88,15,HFR,FISHER,20081218,SMAX,2.1,G
88,15,HFR,FISHER,20081218,SMIN,2.0,G
88,15,HFR,FISHER,20081219,TMEA,-7.3,G
88,15,HFR,FISHER,20081219,TMAX,-4.5,G
88,15,HFR,FISHER,20081219,TMIN,-12.1,G
88,15,HFR,FISHER,20081219,RH,89,G
88,15,HFR,FISHER,20081219,DEW,-8.9,G
88,15,HFR,FISHER,20081219,PREC,10.7,G
88,15,HFR,FISHER,20081219,GRAD,1.2,G
88,15,HFR,FISHER,20081219,ATM,1014,G
88,15,HFR,FISHER,20081219,WSP,2.0,G
88,15,HFR,FISHER,20081219,RWSP,1.7,G
88,15,HFR,FISHER,20081219,RWDI,61,G
88,15,HFR,FISHER,20081219,SMEA,1.7,G
88,15,HFR,FISHER,20081219,SMAX,2.0,G
88,15,HFR,FISHER,20081219,SMIN,1.5,G
88,15,HFR,FISHER,20081220,TMEA,-11.2,G
88,15,HFR,FISHER,20081220,TMAX,-8.9,G
88,15,HFR,FISHER,20081220,TMIN,-13.1,G
88,15,HFR,FISHER,20081220,RH,92,G
88,15,HFR,FISHER,20081220,DEW,-12.3,G
88,15,HFR,FISHER,20081220,PREC,2.0,G
88,15,HFR,FISHER,20081220,GRAD,1.2,G
88,15,HFR,FISHER,20081220,ATM,1013,G
88,15,HFR,FISHER,20081220,WSP,1.4,G
88,15,HFR,FISHER,20081220,RWSP,1.2,G
88,15,HFR,FISHER,20081220,RWDI,44,G
88,15,HFR,FISHER,20081220,SMEA,1.6,G
88,15,HFR,FISHER,20081220,SMAX,1.6,G
88,15,HFR,FISHER,20081220,SMIN,1.5,G
88,15,HFR,FISHER,20081221,TMEA,-9.5,G
88,15,HFR,FISHER,20081221,TMAX,-7.1,G
88,15,HFR,FISHER,20081221,TMIN,-11.2,G
88,15,HFR,FISHER,20081221,RH,93,G
88,15,HFR,FISHER,20081221,DEW,-10.4,G
88,15,HFR,FISHER,20081221,PREC,8.9,G
88,15,HFR,FISHER,20081221,GRAD,0.9,G
88,15,HFR,FISHER,20081221,ATM,1000,G
88,15,HFR,FISHER,20081221,WSP,2.3,G
88,15,HFR,FISHER,20081221,RWSP,1.0,G
88,15,HFR,FISHER,20081221,RWDI,42,G
88,15,HFR,FISHER,20081221,SMEA,1.7,G
88,15,HFR,FISHER,20081221,SMAX,1.8,G
88,15,HFR,FISHER,20081221,SMIN,1.6,G
88,15,HFR,FISHER,20081222,TMEA,-11.3,G
88,15,HFR,FISHER,20081222,TMAX,-8.0,G
88,15,HFR,FISHER,20081222,TMIN,-14.0,G
88,15,HFR,FISHER,20081222,RH,75,G
88,15,HFR,FISHER,20081222,DEW,-15.0,G
88,15,HFR,FISHER,20081222,PREC,1.3,G
88,15,HFR,FISHER,20081222,GRAD,6.6,G
88,15,HFR,FISHER,20081222,ATM,1003,G
88,15,HFR,FISHER,20081222,WSP,3.5,G
88,15,HFR,FISHER,20081222,RWSP,3.2,G
88,15,HFR,FISHER,20081222,RWDI,276,G
88,15,HFR,FISHER,20081222,SMEA,2.0,G
88,15,HFR,FISHER,20081222,SMAX,2.1,G
88,15,HFR,FISHER,20081222,SMIN,1.8,G
88,15,HFR,FISHER,20081223,TMEA,-9.2,G
88,15,HFR,FISHER,20081223,TMAX,-3.4,G
88,15,HFR,FISHER,20081223,TMIN,-16.5,G
88,15,HFR,FISHER,20081223,RH,62,G
88,15,HFR,FISHER,20081223,DEW,-15.3,G
88,15,HFR,FISHER,20081223,PREC,1.0,G
88,15,HFR,FISHER,20081223,GRAD,7.6,G
88,15,HFR,FISHER,20081223,ATM,1025,G
88,15,HFR,FISHER,20081223,WSP,1.8,G
88,15,HFR,FISHER,20081223,RWSP,1.3,G
88,15,HFR,FISHER,20081223,RWDI,237,G
88,15,HFR,FISHER,20081223,SMEA,2.2,G
88,15,HFR,FISHER,20081223,SMAX,2.3,G
88,15,HFR,FISHER,20081223,SMIN,2.1,G
88,15,HFR,FISHER,20081224,TMEA,0.3,G
88,15,HFR,FISHER,20081224,TMAX,8.4,G
88,15,HFR,FISHER,20081224,TMIN,-5.7,G
88,15,HFR,FISHER,20081224,RH,93,G
88,15,HFR,FISHER,20081224,DEW,-0.8,G
88,15,HFR,FISHER,20081224,PREC,12.4,G
88,15,HFR,FISHER,20081224,GRAD,0.7,G
88,15,HFR,FISHER,20081224,ATM,1015,G
88,15,HFR,FISHER,20081224,WSP,3.5,G
88,15,HFR,FISHER,20081224,RWSP,3.1,G
88,15,HFR,FISHER,20081224,RWDI,214,G
88,15,HFR,FISHER,20081224,SMEA,2.3,G
88,15,HFR,FISHER,20081224,SMAX,2.4,G
88,15,HFR,FISHER,20081224,SMIN,2.3,G
88,15,HFR,FISHER,20081225,TMEA,1.5,G
88,15,HFR,FISHER,20081225,TMAX,8.6,G
88,15,HFR,FISHER,20081225,TMIN,-4.8,G
88,15,HFR,FISHER,20081225,RH,65,G
88,15,HFR,FISHER,20081225,DEW,-4.7,G
88,15,HFR,FISHER,20081225,PREC,3.8,G
88,15,HFR,FISHER,20081225,GRAD,7.2,G
88,15,HFR,FISHER,20081225,ATM,1014,G
88,15,HFR,FISHER,20081225,WSP,3.0,G
88,15,HFR,FISHER,20081225,RWSP,2.4,G
88,15,HFR,FISHER,20081225,RWDI,278,G
88,15,HFR,FISHER,20081225,SMEA,2.4,G
88,15,HFR,FISHER,20081225,SMAX,2.6,G
88,15,HFR,FISHER,20081225,SMIN,2.3,G
88,15,HFR,FISHER,20081226,TMEA,-2.9,G
88,15,HFR,FISHER,20081226,TMAX,1.2,G
88,15,HFR,FISHER,20081226,TMIN,-7.9,G
88,15,HFR,FISHER,20081226,RH,67,G
88,15,HFR,FISHER,20081226,DEW,-8.4,G
88,15,HFR,FISHER,20081226,PREC,0.0,G
88,15,HFR,FISHER,20081226,GRAD,5.7,G
88,15,HFR,FISHER,20081226,ATM,1027,G
88,15,HFR,FISHER,20081226,WSP,1.3,G
88,15,HFR,FISHER,20081226,RWSP,0.8,G
88,15,HFR,FISHER,20081226,RWDI,161,G
88,15,HFR,FISHER,20081226,SMEA,2.2,G
88,15,HFR,FISHER,20081226,SMAX,2.3,G
88,15,HFR,FISHER,20081226,SMIN,2.1,G
88,15,HFR,FISHER,20081227,TMEA,2.6,G
88,15,HFR,FISHER,20081227,TMAX,4.5,G
88,15,HFR,FISHER,20081227,TMIN,-0.3,G
88,15,HFR,FISHER,20081227,RH,98,G
88,15,HFR,FISHER,20081227,DEW,2.3,G
88,15,HFR,FISHER,20081227,PREC,7.1,G
88,15,HFR,FISHER,20081227,GRAD,0.8,G
88,15,HFR,FISHER,20081227,ATM,1019,G
88,15,HFR,FISHER,20081227,WSP,2.5,G
88,15,HFR,FISHER,20081227,RWSP,2.1,G
88,15,HFR,FISHER,20081227,RWDI,205,G
88,15,HFR,FISHER,20081227,SMEA,2.1,G
88,15,HFR,FISHER,20081227,SMAX,2.2,G
88,15,HFR,FISHER,20081227,SMIN,2.1,G
88,15,HFR,FISHER,20081228,TMEA,7.4,G
88,15,HFR,FISHER,20081228,TMAX,11.5,G
88,15,HFR,FISHER,20081228,TMIN,0.1,G
88,15,HFR,FISHER,20081228,RH,93,G
88,15,HFR,FISHER,20081228,DEW,6.4,G
88,15,HFR,FISHER,20081228,PREC,0.0,G
88,15,HFR,FISHER,20081228,GRAD,0.8,G
88,15,HFR,FISHER,20081228,ATM,1007,G
88,15,HFR,FISHER,20081228,WSP,3.1,G
88,15,HFR,FISHER,20081228,RWSP,2.5,G
88,15,HFR,FISHER,20081228,RWDI,226,G
88,15,HFR,FISHER,20081228,SMEA,2.0,G
88,15,HFR,FISHER,20081228,SMAX,2.1,G
88,15,HFR,FISHER,20081228,SMIN,1.9,G
88,15,HFR,FISHER,20081229,TMEA,-0.3,G
88,15,HFR,FISHER,20081229,TMAX,0.9,G
88,15,HFR,FISHER,20081229,TMIN,-3.1,G
88,15,HFR,FISHER,20081229,RH,74,G
88,15,HFR,FISHER,20081229,DEW,-4.4,G
88,15,HFR,FISHER,20081229,PREC,0.0,G
88,15,HFR,FISHER,20081229,GRAD,1.6,G
88,15,HFR,FISHER,20081229,ATM,1005,G
88,15,HFR,FISHER,20081229,WSP,2.2,G
88,15,HFR,FISHER,20081229,RWSP,1.9,G
88,15,HFR,FISHER,20081229,RWDI,273,G
88,15,HFR,FISHER,20081229,SMEA,1.8,G
88,15,HFR,FISHER,20081229,SMAX,1.9,G
88,15,HFR,FISHER,20081229,SMIN,1.7,G
88,15,HFR,FISHER,20081230,TMEA,-2.1,G
88,15,HFR,FISHER,20081230,TMAX,0.6,G
88,15,HFR,FISHER,20081230,TMIN,-6.7,G
88,15,HFR,FISHER,20081230,RH,59,G
88,15,HFR,FISHER,20081230,DEW,-9.6,G
88,15,HFR,FISHER,20081230,PREC,0.3,G
88,15,HFR,FISHER,20081230,GRAD,7.2,G
88,15,HFR,FISHER,20081230,ATM,1001,G
88,15,HFR,FISHER,20081230,WSP,3.1,G
88,15,HFR,FISHER,20081230,RWSP,2.7,G
88,15,HFR,FISHER,20081230,RWDI,279,G
88,15,HFR,FISHER,20081230,SMEA,1.5,G
88,15,HFR,FISHER,20081230,SMAX,1.7,G
88,15,HFR,FISHER,20081230,SMIN,1.4,G
88,15,HFR,FISHER,20081231,TMEA,-10.0,G
88,15,HFR,FISHER,20081231,TMAX,-5.8,G
88,15,HFR,FISHER,20081231,TMIN,-17.5,G
88,15,HFR,FISHER,20081231,RH,81,G
88,15,HFR,FISHER,20081231,DEW,-12.8,G
88,15,HFR,FISHER,20081231,PREC,4.8,G
88,15,HFR,FISHER,20081231,GRAD,1.1,G
88,15,HFR,FISHER,20081231,ATM,999,G
88,15,HFR,FISHER,20081231,WSP,2.1,G
88,15,HFR,FISHER,20081231,RWSP,1.2,G
88,15,HFR,FISHER,20081231,RWDI,340,G
88,15,HFR,FISHER,20081231,SMEA,1.2,G
88,15,HFR,FISHER,20081231,SMAX,1.4,G
88,15,HFR,FISHER,20081231,SMIN,1.1,G
