423,19,KNZ,06879650,20071107,PREC,0.00,G
423,19,KNZ,06879650,20071107,DSCH,0.00,G
423,19,KNZ,06879650,20071108,PREC,0.00,G
423,19,KNZ,06879650,20071108,DSCH,0.00,G
423,19,KNZ,06879650,20071109,PREC,0.00,G
423,19,KNZ,06879650,20071109,DSCH,0.00,G
423,19,KNZ,06879650,20071110,PREC,0.00,G
423,19,KNZ,06879650,20071110,DSCH,0.00,G
423,19,KNZ,06879650,20071111,PREC,0.00,G
423,19,KNZ,06879650,20071111,DSCH,0.00,G
423,19,KNZ,06879650,20071112,PREC,0.00,G
423,19,KNZ,06879650,20071112,DSCH,0.00,G
423,19,KNZ,06879650,20071113,PREC,0.00,G
423,19,KNZ,06879650,20071113,DSCH,0.00,G
423,19,KNZ,06879650,20071114,PREC,0.00,G
423,19,KNZ,06879650,20071114,DSCH,0.00,G
423,19,KNZ,06879650,20071115,PREC,0.00,G
423,19,KNZ,06879650,20071115,DSCH,0.00,G
423,19,KNZ,06879650,20071116,PREC,0.00,G
423,19,KNZ,06879650,20071116,DSCH,0.00,G
423,19,KNZ,06879650,20071117,PREC,0.00,G
423,19,KNZ,06879650,20071117,DSCH,0.00,G
423,19,KNZ,06879650,20071118,PREC,0.00,G
423,19,KNZ,06879650,20071118,DSCH,0.00,G
423,19,KNZ,06879650,20071119,PREC,0.00,G
423,19,KNZ,06879650,20071119,DSCH,0.00,G
423,19,KNZ,06879650,20071120,PREC,0.00,G
423,19,KNZ,06879650,20071120,DSCH,0.00,G
423,19,KNZ,06879650,20071121,PREC,0.00,G
423,19,KNZ,06879650,20071121,DSCH,0.00,G
423,19,KNZ,06879650,20071122,PREC,0.00,G
423,19,KNZ,06879650,20071122,DSCH,0.00,G
423,19,KNZ,06879650,20071123,PREC,0.00,G
423,19,KNZ,06879650,20071123,DSCH,0.00,G
423,19,KNZ,06879650,20071124,PREC,0.00,G
423,19,KNZ,06879650,20071124,DSCH,0.00,G
423,19,KNZ,06879650,20071125,PREC,0.00,G
423,19,KNZ,06879650,20071125,DSCH,0.00,G
423,19,KNZ,06879650,20071126,PREC,0.00,G
423,19,KNZ,06879650,20071126,DSCH,0.00,G
423,19,KNZ,06879650,20071127,PREC,0.00,G
423,19,KNZ,06879650,20071127,DSCH,0.00,G
423,19,KNZ,06879650,20071128,PREC,0.00,G
423,19,KNZ,06879650,20071128,DSCH,0.00,G
423,19,KNZ,06879650,20071129,PREC,0.00,G
423,19,KNZ,06879650,20071129,DSCH,0.00,G
423,19,KNZ,06879650,20071130,PREC,0.00,G
423,19,KNZ,06879650,20071130,DSCH,0.00,G
423,19,KNZ,06879650,20071201,PREC,2.03,G
423,19,KNZ,06879650,20071201,DSCH,0.00,G
423,19,KNZ,06879650,20071202,PREC,0.00,G
423,19,KNZ,06879650,20071202,DSCH,0.00,G
423,19,KNZ,06879650,20071203,PREC,0.00,G
423,19,KNZ,06879650,20071203,DSCH,0.00,G
423,19,KNZ,06879650,20071204,PREC,0.00,G
423,19,KNZ,06879650,20071204,DSCH,0.00,G
423,19,KNZ,06879650,20071205,PREC,,M
423,19,KNZ,06879650,20071205,DSCH,0.00,G
423,19,KNZ,06879650,20071206,PREC,0.00,G
423,19,KNZ,06879650,20071206,DSCH,0.00,G
423,19,KNZ,06879650,20071207,PREC,0.00,G
423,19,KNZ,06879650,20071207,DSCH,0.00,G
423,19,KNZ,06879650,20071208,PREC,0.00,G
423,19,KNZ,06879650,20071208,DSCH,0.00,G
423,19,KNZ,06879650,20071209,PREC,0.00,G
423,19,KNZ,06879650,20071209,DSCH,0.00,G
423,19,KNZ,06879650,20071210,PREC,24.13,G
423,19,KNZ,06879650,20071210,DSCH,0.00,G
423,19,KNZ,06879650,20071211,PREC,41.15,G
423,19,KNZ,06879650,20071211,DSCH,0.00,G
423,19,KNZ,06879650,20071212,PREC,0.00,G
423,19,KNZ,06879650,20071212,DSCH,0.00,G
423,19,KNZ,06879650,20071213,PREC,1.02,G
423,19,KNZ,06879650,20071213,DSCH,0.00,G
423,19,KNZ,06879650,20071214,PREC,0.00,G
423,19,KNZ,06879650,20071214,DSCH,0.00,G
423,19,KNZ,06879650,20071215,PREC,0.00,G
423,19,KNZ,06879650,20071215,DSCH,0.00,G
423,19,KNZ,06879650,20071216,PREC,0.00,G
423,19,KNZ,06879650,20071216,DSCH,0.00,G
423,19,KNZ,06879650,20071217,PREC,0.00,G
423,19,KNZ,06879650,20071217,DSCH,0.00,G
423,19,KNZ,06879650,20071218,PREC,0.00,G
423,19,KNZ,06879650,20071218,DSCH,0.00,G
423,19,KNZ,06879650,20071219,PREC,0.00,G
423,19,KNZ,06879650,20071219,DSCH,0.00,G
423,19,KNZ,06879650,20071220,PREC,0.00,G
423,19,KNZ,06879650,20071220,DSCH,0.00,G
423,19,KNZ,06879650,20071221,PREC,0.00,G
423,19,KNZ,06879650,20071221,DSCH,0.00,G
423,19,KNZ,06879650,20071222,PREC,0.00,G
423,19,KNZ,06879650,20071222,DSCH,0.00,G
423,19,KNZ,06879650,20071223,PREC,0.00,G
423,19,KNZ,06879650,20071223,DSCH,0.00,G
423,19,KNZ,06879650,20071224,PREC,0.00,G
423,19,KNZ,06879650,20071224,DSCH,0.00,G
423,19,KNZ,06879650,20071225,PREC,0.00,G
423,19,KNZ,06879650,20071225,DSCH,0.00,G
423,19,KNZ,06879650,20071226,PREC,0.00,G
423,19,KNZ,06879650,20071226,DSCH,0.00,G
423,19,KNZ,06879650,20071227,PREC,0.00,G
423,19,KNZ,06879650,20071227,DSCH,0.00,G
423,19,KNZ,06879650,20071228,PREC,0.51,G
423,19,KNZ,06879650,20071228,DSCH,0.00,G
423,19,KNZ,06879650,20071229,PREC,0.00,G
423,19,KNZ,06879650,20071229,DSCH,0.00,G
423,19,KNZ,06879650,20071230,PREC,0.00,G
423,19,KNZ,06879650,20071230,DSCH,0.00,G
423,19,KNZ,06879650,20071231,PREC,0.00,G
423,19,KNZ,06879650,20071231,DSCH,0.00,G
423,19,KNZ,06879650,20080101,PREC,0.00,G
423,19,KNZ,06879650,20080101,DSCH,0.00,G
423,19,KNZ,06879650,20080102,PREC,0.00,G
423,19,KNZ,06879650,20080102,DSCH,0.00,G
423,19,KNZ,06879650,20080103,PREC,0.00,G
423,19,KNZ,06879650,20080103,DSCH,0.00,G
423,19,KNZ,06879650,20080104,PREC,0.00,G
423,19,KNZ,06879650,20080104,DSCH,0.00,G
423,19,KNZ,06879650,20080105,PREC,0.00,G
423,19,KNZ,06879650,20080105,DSCH,0.00,G
423,19,KNZ,06879650,20080106,PREC,0.00,G
423,19,KNZ,06879650,20080106,DSCH,0.00,G
423,19,KNZ,06879650,20080107,PREC,0.00,G
423,19,KNZ,06879650,20080107,DSCH,0.00,G
423,19,KNZ,06879650,20080108,PREC,0.00,G
423,19,KNZ,06879650,20080108,DSCH,0.00,G
423,19,KNZ,06879650,20080109,PREC,0.00,G
423,19,KNZ,06879650,20080109,DSCH,0.00,G
423,19,KNZ,06879650,20080110,PREC,0.00,G
423,19,KNZ,06879650,20080110,DSCH,0.00,G
423,19,KNZ,06879650,20080111,PREC,0.00,G
423,19,KNZ,06879650,20080111,DSCH,0.00,G
423,19,KNZ,06879650,20080112,PREC,0.00,G
423,19,KNZ,06879650,20080112,DSCH,0.00,G
423,19,KNZ,06879650,20080113,PREC,0.00,G
423,19,KNZ,06879650,20080113,DSCH,0.00,G
423,19,KNZ,06879650,20080114,PREC,0.00,G
423,19,KNZ,06879650,20080114,DSCH,0.00,G
423,19,KNZ,06879650,20080115,PREC,0.00,G
423,19,KNZ,06879650,20080115,DSCH,0.00,G
423,19,KNZ,06879650,20080116,PREC,0.00,G
423,19,KNZ,06879650,20080116,DSCH,0.00,G
423,19,KNZ,06879650,20080117,PREC,0.00,G
423,19,KNZ,06879650,20080117,DSCH,0.00,G
423,19,KNZ,06879650,20080118,PREC,0.00,G
423,19,KNZ,06879650,20080118,DSCH,0.00,G
423,19,KNZ,06879650,20080119,PREC,0.00,G
423,19,KNZ,06879650,20080119,DSCH,0.00,G
423,19,KNZ,06879650,20080120,PREC,0.00,G
423,19,KNZ,06879650,20080120,DSCH,0.00,G
423,19,KNZ,06879650,20080121,PREC,0.00,G
423,19,KNZ,06879650,20080121,DSCH,0.00,G
423,19,KNZ,06879650,20080122,PREC,0.00,G
423,19,KNZ,06879650,20080122,DSCH,0.00,G
423,19,KNZ,06879650,20080123,PREC,0.00,G
423,19,KNZ,06879650,20080123,DSCH,0.00,G
423,19,KNZ,06879650,20080124,PREC,0.00,G
423,19,KNZ,06879650,20080124,DSCH,0.00,G
423,19,KNZ,06879650,20080125,PREC,0.00,G
423,19,KNZ,06879650,20080125,DSCH,0.00,G
423,19,KNZ,06879650,20080126,PREC,0.00,G
423,19,KNZ,06879650,20080126,DSCH,0.00,G
423,19,KNZ,06879650,20080127,PREC,0.00,G
423,19,KNZ,06879650,20080127,DSCH,0.00,G
423,19,KNZ,06879650,20080128,PREC,0.00,G
423,19,KNZ,06879650,20080128,DSCH,0.00,G
423,19,KNZ,06879650,20080129,PREC,0.00,G
423,19,KNZ,06879650,20080129,DSCH,0.00,G
423,19,KNZ,06879650,20080130,PREC,0.00,G
423,19,KNZ,06879650,20080130,DSCH,0.00,G
423,19,KNZ,06879650,20080131,PREC,0.00,G
423,19,KNZ,06879650,20080131,DSCH,0.00,G
423,19,KNZ,06879650,20080201,PREC,0.00,G
423,19,KNZ,06879650,20080201,DSCH,0.00,G
423,19,KNZ,06879650,20080202,PREC,0.00,G
423,19,KNZ,06879650,20080202,DSCH,0.00,G
423,19,KNZ,06879650,20080203,PREC,0.00,G
423,19,KNZ,06879650,20080203,DSCH,0.00,G
423,19,KNZ,06879650,20080204,PREC,0.00,G
423,19,KNZ,06879650,20080204,DSCH,0.00,G
423,19,KNZ,06879650,20080205,PREC,0.00,G
423,19,KNZ,06879650,20080205,DSCH,0.00,G
423,19,KNZ,06879650,20080206,PREC,0.00,G
423,19,KNZ,06879650,20080206,DSCH,0.00,G
423,19,KNZ,06879650,20080207,PREC,1.52,G
423,19,KNZ,06879650,20080207,DSCH,0.00,G
423,19,KNZ,06879650,20080208,PREC,0.00,G
423,19,KNZ,06879650,20080208,DSCH,0.00,G
423,19,KNZ,06879650,20080209,PREC,0.00,G
423,19,KNZ,06879650,20080209,DSCH,0.00,G
423,19,KNZ,06879650,20080210,PREC,0.00,G
423,19,KNZ,06879650,20080210,DSCH,0.00,G
423,19,KNZ,06879650,20080211,PREC,0.00,G
423,19,KNZ,06879650,20080211,DSCH,0.00,G
423,19,KNZ,06879650,20080212,PREC,2.54,G
423,19,KNZ,06879650,20080212,DSCH,0.00,G
423,19,KNZ,06879650,20080213,PREC,0.00,G
423,19,KNZ,06879650,20080213,DSCH,0.00,G
423,19,KNZ,06879650,20080214,PREC,0.00,G
423,19,KNZ,06879650,20080214,DSCH,0.00,G
423,19,KNZ,06879650,20080215,PREC,0.00,G
423,19,KNZ,06879650,20080215,DSCH,0.00,G
423,19,KNZ,06879650,20080216,PREC,10.92,G
423,19,KNZ,06879650,20080216,DSCH,0.00,G
423,19,KNZ,06879650,20080217,PREC,16.00,G
423,19,KNZ,06879650,20080217,DSCH,195.39,G
423,19,KNZ,06879650,20080218,PREC,0.00,G
423,19,KNZ,06879650,20080218,DSCH,141.58,G
423,19,KNZ,06879650,20080219,PREC,0.00,G
423,19,KNZ,06879650,20080219,DSCH,110.44,G
423,19,KNZ,06879650,20080220,PREC,0.00,G
423,19,KNZ,06879650,20080220,DSCH,96.28,G
423,19,KNZ,06879650,20080221,PREC,0.00,G
423,19,KNZ,06879650,20080221,DSCH,93.45,G
423,19,KNZ,06879650,20080222,PREC,0.00,G
423,19,KNZ,06879650,20080222,DSCH,87.78,G
423,19,KNZ,06879650,20080223,PREC,0.00,G
423,19,KNZ,06879650,20080223,DSCH,82.12,G
423,19,KNZ,06879650,20080224,PREC,2.54,G
423,19,KNZ,06879650,20080224,DSCH,82.12,G
423,19,KNZ,06879650,20080225,PREC,0.00,G
423,19,KNZ,06879650,20080225,DSCH,82.12,G
423,19,KNZ,06879650,20080226,PREC,0.00,G
423,19,KNZ,06879650,20080226,DSCH,67.96,G
423,19,KNZ,06879650,20080227,PREC,0.00,G
423,19,KNZ,06879650,20080227,DSCH,70.79,G
423,19,KNZ,06879650,20080228,PREC,0.00,G
423,19,KNZ,06879650,20080228,DSCH,67.96,G
423,19,KNZ,06879650,20080229,PREC,0.00,G
423,19,KNZ,06879650,20080229,DSCH,59.47,G
423,19,KNZ,06879650,20080301,PREC,0.00,G
423,19,KNZ,06879650,20080301,DSCH,65.13,G
423,19,KNZ,06879650,20080302,PREC,34.80,G
423,19,KNZ,06879650,20080302,DSCH,283.17,G
423,19,KNZ,06879650,20080303,PREC,0.00,G
423,19,KNZ,06879650,20080303,DSCH,368.12,G
423,19,KNZ,06879650,20080304,PREC,0.00,G
423,19,KNZ,06879650,20080304,DSCH,232.20,G
423,19,KNZ,06879650,20080305,PREC,0.00,G
423,19,KNZ,06879650,20080305,DSCH,192.55,G
423,19,KNZ,06879650,20080306,PREC,0.00,G
423,19,KNZ,06879650,20080306,DSCH,172.73,G
423,19,KNZ,06879650,20080307,PREC,0.00,G
423,19,KNZ,06879650,20080307,DSCH,155.74,G
423,19,KNZ,06879650,20080308,PREC,0.00,G
423,19,KNZ,06879650,20080308,DSCH,150.08,G
423,19,KNZ,06879650,20080309,PREC,0.00,G
423,19,KNZ,06879650,20080309,DSCH,138.75,G
423,19,KNZ,06879650,20080310,PREC,0.00,G
423,19,KNZ,06879650,20080310,DSCH,127.43,G
423,19,KNZ,06879650,20080311,PREC,0.00,G
423,19,KNZ,06879650,20080311,DSCH,127.43,G
423,19,KNZ,06879650,20080312,PREC,0.00,G
423,19,KNZ,06879650,20080312,DSCH,121.76,G
423,19,KNZ,06879650,20080313,PREC,0.00,G
423,19,KNZ,06879650,20080313,DSCH,113.27,G
423,19,KNZ,06879650,20080314,PREC,3.30,G
423,19,KNZ,06879650,20080314,DSCH,110.44,G
423,19,KNZ,06879650,20080315,PREC,4.32,G
423,19,KNZ,06879650,20080315,DSCH,116.10,G
423,19,KNZ,06879650,20080316,PREC,0.00,G
423,19,KNZ,06879650,20080316,DSCH,104.77,G
423,19,KNZ,06879650,20080317,PREC,3.56,G
423,19,KNZ,06879650,20080317,DSCH,110.44,G
423,19,KNZ,06879650,20080318,PREC,0.00,G
423,19,KNZ,06879650,20080318,DSCH,104.77,G
423,19,KNZ,06879650,20080319,PREC,0.00,G
423,19,KNZ,06879650,20080319,DSCH,99.11,G
423,19,KNZ,06879650,20080320,PREC,0.00,G
423,19,KNZ,06879650,20080320,DSCH,99.11,G
423,19,KNZ,06879650,20080321,PREC,0.00,G
423,19,KNZ,06879650,20080321,DSCH,93.45,G
423,19,KNZ,06879650,20080322,PREC,0.00,G
423,19,KNZ,06879650,20080322,DSCH,87.78,G
423,19,KNZ,06879650,20080323,PREC,0.00,G
423,19,KNZ,06879650,20080323,DSCH,84.95,G
423,19,KNZ,06879650,20080324,PREC,0.00,G
423,19,KNZ,06879650,20080324,DSCH,87.78,G
423,19,KNZ,06879650,20080325,PREC,0.00,G
423,19,KNZ,06879650,20080325,DSCH,82.12,G
423,19,KNZ,06879650,20080326,PREC,0.00,G
423,19,KNZ,06879650,20080326,DSCH,82.12,G
423,19,KNZ,06879650,20080327,PREC,0.00,G
423,19,KNZ,06879650,20080327,DSCH,79.29,G
423,19,KNZ,06879650,20080328,PREC,0.00,G
423,19,KNZ,06879650,20080328,DSCH,73.62,G
423,19,KNZ,06879650,20080329,PREC,0.00,G
423,19,KNZ,06879650,20080329,DSCH,73.62,G
423,19,KNZ,06879650,20080330,PREC,0.00,G
423,19,KNZ,06879650,20080330,DSCH,70.79,G
423,19,KNZ,06879650,20080331,PREC,4.06,G
423,19,KNZ,06879650,20080331,DSCH,70.79,G
423,19,KNZ,06879650,20080401,PREC,0.00,G
423,19,KNZ,06879650,20080401,DSCH,62.30,G
423,19,KNZ,06879650,20080402,PREC,0.00,G
423,19,KNZ,06879650,20080402,DSCH,62.30,G
423,19,KNZ,06879650,20080403,PREC,3.05,G
423,19,KNZ,06879650,20080403,DSCH,65.13,G
423,19,KNZ,06879650,20080404,PREC,0.00,G
423,19,KNZ,06879650,20080404,DSCH,59.47,G
423,19,KNZ,06879650,20080405,PREC,0.00,G
423,19,KNZ,06879650,20080405,DSCH,56.63,G
423,19,KNZ,06879650,20080406,PREC,0.00,G
423,19,KNZ,06879650,20080406,DSCH,53.80,G
423,19,KNZ,06879650,20080407,PREC,0.00,G
423,19,KNZ,06879650,20080407,DSCH,50.97,G
423,19,KNZ,06879650,20080408,PREC,21.84,G
423,19,KNZ,06879650,20080408,DSCH,76.46,G
423,19,KNZ,06879650,20080409,PREC,0.00,G
423,19,KNZ,06879650,20080409,DSCH,73.62,G
423,19,KNZ,06879650,20080410,PREC,3.05,G
423,19,KNZ,06879650,20080410,DSCH,84.95,G
423,19,KNZ,06879650,20080411,PREC,0.00,G
423,19,KNZ,06879650,20080411,DSCH,82.12,G
423,19,KNZ,06879650,20080412,PREC,0.00,G
423,19,KNZ,06879650,20080412,DSCH,82.12,G
423,19,KNZ,06879650,20080413,PREC,0.00,G
423,19,KNZ,06879650,20080413,DSCH,82.12,G
423,19,KNZ,06879650,20080414,PREC,0.00,G
423,19,KNZ,06879650,20080414,DSCH,82.12,G
423,19,KNZ,06879650,20080415,PREC,0.00,G
423,19,KNZ,06879650,20080415,DSCH,87.78,G
423,19,KNZ,06879650,20080416,PREC,0.00,G
423,19,KNZ,06879650,20080416,DSCH,84.95,G
423,19,KNZ,06879650,20080417,PREC,6.35,G
423,19,KNZ,06879650,20080417,DSCH,90.61,G
423,19,KNZ,06879650,20080418,PREC,0.00,G
423,19,KNZ,06879650,20080418,DSCH,90.61,G
423,19,KNZ,06879650,20080419,PREC,0.00,G
423,19,KNZ,06879650,20080419,DSCH,87.78,G
423,19,KNZ,06879650,20080420,PREC,0.00,G
423,19,KNZ,06879650,20080420,DSCH,87.78,G
423,19,KNZ,06879650,20080421,PREC,0.00,G
423,19,KNZ,06879650,20080421,DSCH,84.95,G
423,19,KNZ,06879650,20080422,PREC,0.00,G
423,19,KNZ,06879650,20080422,DSCH,82.12,G
423,19,KNZ,06879650,20080423,PREC,1.27,G
423,19,KNZ,06879650,20080423,DSCH,84.95,G
423,19,KNZ,06879650,20080424,PREC,0.00,G
423,19,KNZ,06879650,20080424,DSCH,84.95,G
423,19,KNZ,06879650,20080425,PREC,0.00,G
423,19,KNZ,06879650,20080425,DSCH,79.29,G
423,19,KNZ,06879650,20080426,PREC,2.29,G
423,19,KNZ,06879650,20080426,DSCH,73.62,G
423,19,KNZ,06879650,20080427,PREC,0.00,G
423,19,KNZ,06879650,20080427,DSCH,73.62,G
423,19,KNZ,06879650,20080428,PREC,0.00,G
423,19,KNZ,06879650,20080428,DSCH,70.79,G
423,19,KNZ,06879650,20080429,PREC,0.00,G
423,19,KNZ,06879650,20080429,DSCH,70.79,G
423,19,KNZ,06879650,20080430,PREC,0.00,G
423,19,KNZ,06879650,20080430,DSCH,70.79,G
423,19,KNZ,06879650,20080501,PREC,0.00,G
423,19,KNZ,06879650,20080501,DSCH,67.96,G
423,19,KNZ,06879650,20080502,PREC,0.00,G
423,19,KNZ,06879650,20080502,DSCH,59.47,G
423,19,KNZ,06879650,20080503,PREC,0.00,G
423,19,KNZ,06879650,20080503,DSCH,53.80,G
423,19,KNZ,06879650,20080504,PREC,0.00,G
423,19,KNZ,06879650,20080504,DSCH,53.80,G
423,19,KNZ,06879650,20080505,PREC,0.00,G
423,19,KNZ,06879650,20080505,DSCH,53.80,G
423,19,KNZ,06879650,20080506,PREC,0.51,G
423,19,KNZ,06879650,20080506,DSCH,53.80,G
423,19,KNZ,06879650,20080507,PREC,0.51,G
423,19,KNZ,06879650,20080507,DSCH,50.97,G
423,19,KNZ,06879650,20080508,PREC,4.06,G
423,19,KNZ,06879650,20080508,DSCH,48.14,G
423,19,KNZ,06879650,20080509,PREC,1.27,G
423,19,KNZ,06879650,20080509,DSCH,50.97,G
423,19,KNZ,06879650,20080510,PREC,3.81,G
423,19,KNZ,06879650,20080510,DSCH,48.14,G
423,19,KNZ,06879650,20080511,PREC,0.00,G
423,19,KNZ,06879650,20080511,DSCH,45.31,G
423,19,KNZ,06879650,20080512,PREC,0.00,G
423,19,KNZ,06879650,20080512,DSCH,45.31,G
423,19,KNZ,06879650,20080513,PREC,0.00,G
423,19,KNZ,06879650,20080513,DSCH,39.64,G
423,19,KNZ,06879650,20080514,PREC,0.00,G
423,19,KNZ,06879650,20080514,DSCH,39.64,G
423,19,KNZ,06879650,20080515,PREC,0.00,G
423,19,KNZ,06879650,20080515,DSCH,39.64,G
423,19,KNZ,06879650,20080516,PREC,0.00,G
423,19,KNZ,06879650,20080516,DSCH,42.48,G
423,19,KNZ,06879650,20080517,PREC,0.00,G
423,19,KNZ,06879650,20080517,DSCH,39.64,G
423,19,KNZ,06879650,20080518,PREC,0.00,G
423,19,KNZ,06879650,20080518,DSCH,36.81,G
423,19,KNZ,06879650,20080519,PREC,0.00,G
423,19,KNZ,06879650,20080519,DSCH,33.98,G
423,19,KNZ,06879650,20080520,PREC,0.00,G
423,19,KNZ,06879650,20080520,DSCH,31.15,G
423,19,KNZ,06879650,20080521,PREC,0.00,G
423,19,KNZ,06879650,20080521,DSCH,31.15,G
423,19,KNZ,06879650,20080522,PREC,0.51,G
423,19,KNZ,06879650,20080522,DSCH,28.32,G
423,19,KNZ,06879650,20080523,PREC,0.00,G
423,19,KNZ,06879650,20080523,DSCH,26.33,G
423,19,KNZ,06879650,20080524,PREC,12.70,G
423,19,KNZ,06879650,20080524,DSCH,28.32,G
423,19,KNZ,06879650,20080525,PREC,13.21,G
423,19,KNZ,06879650,20080525,DSCH,27.47,G
423,19,KNZ,06879650,20080526,PREC,62.74,G
423,19,KNZ,06879650,20080526,DSCH,243.52,G
423,19,KNZ,06879650,20080527,PREC,0.00,G
423,19,KNZ,06879650,20080527,DSCH,538.02,G
423,19,KNZ,06879650,20080528,PREC,0.00,G
423,19,KNZ,06879650,20080528,DSCH,201.05,G
423,19,KNZ,06879650,20080529,PREC,0.00,G
423,19,KNZ,06879650,20080529,DSCH,169.90,G
423,19,KNZ,06879650,20080530,PREC,0.00,G
423,19,KNZ,06879650,20080530,DSCH,144.42,G
423,19,KNZ,06879650,20080531,PREC,0.00,G
423,19,KNZ,06879650,20080531,DSCH,121.76,G
423,19,KNZ,06879650,20080601,PREC,0.00,G
423,19,KNZ,06879650,20080601,DSCH,107.60,G
423,19,KNZ,06879650,20080602,PREC,37.59,G
423,19,KNZ,06879650,20080602,DSCH,1670.69,G
423,19,KNZ,06879650,20080603,PREC,0.00,G
423,19,KNZ,06879650,20080603,DSCH,368.12,G
423,19,KNZ,06879650,20080604,PREC,0.00,G
423,19,KNZ,06879650,20080604,DSCH,311.49,G
423,19,KNZ,06879650,20080605,PREC,1.02,G
423,19,KNZ,06879650,20080605,DSCH,481.39,G
423,19,KNZ,06879650,20080606,PREC,0.00,G
423,19,KNZ,06879650,20080606,DSCH,368.12,G
423,19,KNZ,06879650,20080607,PREC,0.00,G
423,19,KNZ,06879650,20080607,DSCH,283.17,G
423,19,KNZ,06879650,20080608,PREC,1.78,G
423,19,KNZ,06879650,20080608,DSCH,252.02,G
423,19,KNZ,06879650,20080609,PREC,0.00,G
423,19,KNZ,06879650,20080609,DSCH,232.20,G
423,19,KNZ,06879650,20080610,PREC,1.02,G
423,19,KNZ,06879650,20080610,DSCH,206.71,G
423,19,KNZ,06879650,20080611,PREC,25.91,G
423,19,KNZ,06879650,20080611,DSCH,232.20,G
423,19,KNZ,06879650,20080612,PREC,1.52,G
423,19,KNZ,06879650,20080612,DSCH,311.49,G
423,19,KNZ,06879650,20080613,PREC,0.00,G
423,19,KNZ,06879650,20080613,DSCH,209.54,G
423,19,KNZ,06879650,20080614,PREC,0.00,G
423,19,KNZ,06879650,20080614,DSCH,186.89,G
423,19,KNZ,06879650,20080615,PREC,0.00,G
423,19,KNZ,06879650,20080615,DSCH,175.56,G
423,19,KNZ,06879650,20080616,PREC,6.60,G
423,19,KNZ,06879650,20080616,DSCH,164.24,G
423,19,KNZ,06879650,20080617,PREC,0.00,G
423,19,KNZ,06879650,20080617,DSCH,152.91,G
423,19,KNZ,06879650,20080618,PREC,6.86,G
423,19,KNZ,06879650,20080618,DSCH,152.91,G
423,19,KNZ,06879650,20080619,PREC,21.59,G
423,19,KNZ,06879650,20080619,DSCH,184.06,G
423,19,KNZ,06879650,20080620,PREC,0.00,G
423,19,KNZ,06879650,20080620,DSCH,203.88,G
423,19,KNZ,06879650,20080621,PREC,0.00,G
423,19,KNZ,06879650,20080621,DSCH,155.74,G
423,19,KNZ,06879650,20080622,PREC,0.00,G
423,19,KNZ,06879650,20080622,DSCH,141.58,G
423,19,KNZ,06879650,20080623,PREC,4.32,G
423,19,KNZ,06879650,20080623,DSCH,141.58,G
423,19,KNZ,06879650,20080624,PREC,0.00,G
423,19,KNZ,06879650,20080624,DSCH,127.43,G
423,19,KNZ,06879650,20080625,PREC,3.30,G
423,19,KNZ,06879650,20080625,DSCH,116.10,G
423,19,KNZ,06879650,20080626,PREC,18.29,G
423,19,KNZ,06879650,20080626,DSCH,116.10,G
423,19,KNZ,06879650,20080627,PREC,14.22,G
423,19,KNZ,06879650,20080627,DSCH,152.91,G
423,19,KNZ,06879650,20080628,PREC,0.00,G
423,19,KNZ,06879650,20080628,DSCH,113.27,G
423,19,KNZ,06879650,20080629,PREC,0.00,G
423,19,KNZ,06879650,20080629,DSCH,101.94,G
423,19,KNZ,06879650,20080630,PREC,0.00,G
423,19,KNZ,06879650,20080630,DSCH,93.45,G
423,19,KNZ,06879650,20080701,PREC,0.00,G
423,19,KNZ,06879650,20080701,DSCH,87.78,G
423,19,KNZ,06879650,20080702,PREC,6.35,G
423,19,KNZ,06879650,20080702,DSCH,79.29,G
423,19,KNZ,06879650,20080703,PREC,0.00,G
423,19,KNZ,06879650,20080703,DSCH,79.29,G
423,19,KNZ,06879650,20080704,PREC,0.00,G
423,19,KNZ,06879650,20080704,DSCH,70.79,G
423,19,KNZ,06879650,20080705,PREC,26.67,G
423,19,KNZ,06879650,20080705,DSCH,101.94,G
423,19,KNZ,06879650,20080706,PREC,0.00,G
423,19,KNZ,06879650,20080706,DSCH,73.62,G
423,19,KNZ,06879650,20080707,PREC,0.00,G
423,19,KNZ,06879650,20080707,DSCH,65.13,G
423,19,KNZ,06879650,20080708,PREC,,M
423,19,KNZ,06879650,20080708,DSCH,991.09,G
423,19,KNZ,06879650,20080709,PREC,0.00,G
423,19,KNZ,06879650,20080709,DSCH,189.72,G
423,19,KNZ,06879650,20080710,PREC,0.00,G
423,19,KNZ,06879650,20080710,DSCH,150.08,G
423,19,KNZ,06879650,20080711,PREC,0.00,G
423,19,KNZ,06879650,20080711,DSCH,135.92,G
423,19,KNZ,06879650,20080712,PREC,13.97,G
423,19,KNZ,06879650,20080712,DSCH,138.75,G
423,19,KNZ,06879650,20080713,PREC,0.00,G
423,19,KNZ,06879650,20080713,DSCH,130.26,G
423,19,KNZ,06879650,20080714,PREC,0.00,G
423,19,KNZ,06879650,20080714,DSCH,121.76,G
423,19,KNZ,06879650,20080715,PREC,0.00,G
423,19,KNZ,06879650,20080715,DSCH,116.10,G
423,19,KNZ,06879650,20080716,PREC,0.00,G
423,19,KNZ,06879650,20080716,DSCH,113.27,G
423,19,KNZ,06879650,20080717,PREC,0.00,G
423,19,KNZ,06879650,20080717,DSCH,107.60,G
423,19,KNZ,06879650,20080718,PREC,54.61,G
423,19,KNZ,06879650,20080718,DSCH,481.39,G
423,19,KNZ,06879650,20080719,PREC,0.00,G
423,19,KNZ,06879650,20080719,DSCH,167.07,G
423,19,KNZ,06879650,20080720,PREC,0.00,G
423,19,KNZ,06879650,20080720,DSCH,141.58,G
423,19,KNZ,06879650,20080721,PREC,0.00,G
423,19,KNZ,06879650,20080721,DSCH,130.26,G
423,19,KNZ,06879650,20080722,PREC,0.00,G
423,19,KNZ,06879650,20080722,DSCH,121.76,G
423,19,KNZ,06879650,20080723,PREC,0.00,G
423,19,KNZ,06879650,20080723,DSCH,116.10,G
423,19,KNZ,06879650,20080724,PREC,0.00,G
423,19,KNZ,06879650,20080724,DSCH,110.44,G
423,19,KNZ,06879650,20080725,PREC,0.00,G
423,19,KNZ,06879650,20080725,DSCH,107.60,G
423,19,KNZ,06879650,20080726,PREC,0.00,G
423,19,KNZ,06879650,20080726,DSCH,101.94,G
423,19,KNZ,06879650,20080727,PREC,0.00,G
423,19,KNZ,06879650,20080727,DSCH,96.28,G
423,19,KNZ,06879650,20080728,PREC,1.52,G
423,19,KNZ,06879650,20080728,DSCH,96.28,G
423,19,KNZ,06879650,20080729,PREC,17.27,G
423,19,KNZ,06879650,20080729,DSCH,101.94,G
423,19,KNZ,06879650,20080730,PREC,3.30,G
423,19,KNZ,06879650,20080730,DSCH,110.44,G
423,19,KNZ,06879650,20080731,PREC,0.00,G
423,19,KNZ,06879650,20080731,DSCH,90.61,G
423,19,KNZ,06879650,20080801,PREC,0.00,G
423,19,KNZ,06879650,20080801,DSCH,82.12,G
423,19,KNZ,06879650,20080802,PREC,0.00,G
423,19,KNZ,06879650,20080802,DSCH,79.29,G
423,19,KNZ,06879650,20080803,PREC,0.00,G
423,19,KNZ,06879650,20080803,DSCH,70.79,G
423,19,KNZ,06879650,20080804,PREC,0.00,G
423,19,KNZ,06879650,20080804,DSCH,62.30,G
423,19,KNZ,06879650,20080805,PREC,0.00,G
423,19,KNZ,06879650,20080805,DSCH,59.47,G
423,19,KNZ,06879650,20080806,PREC,0.00,G
423,19,KNZ,06879650,20080806,DSCH,59.47,G
423,19,KNZ,06879650,20080807,PREC,0.00,G
423,19,KNZ,06879650,20080807,DSCH,59.47,G
423,19,KNZ,06879650,20080808,PREC,0.00,G
423,19,KNZ,06879650,20080808,DSCH,53.80,G
423,19,KNZ,06879650,20080809,PREC,112.78,G
423,19,KNZ,06879650,20080809,DSCH,1302.58,G
423,19,KNZ,06879650,20080810,PREC,0.00,G
423,19,KNZ,06879650,20080810,DSCH,311.49,G
423,19,KNZ,06879650,20080811,PREC,0.00,G
423,19,KNZ,06879650,20080811,DSCH,195.39,G
423,19,KNZ,06879650,20080812,PREC,15.24,G
423,19,KNZ,06879650,20080812,DSCH,209.54,G
423,19,KNZ,06879650,20080813,PREC,0.00,G
423,19,KNZ,06879650,20080813,DSCH,161.41,G
423,19,KNZ,06879650,20080814,PREC,0.00,G
423,19,KNZ,06879650,20080814,DSCH,150.08,G
423,19,KNZ,06879650,20080815,PREC,0.00,G
423,19,KNZ,06879650,20080815,DSCH,135.92,G
423,19,KNZ,06879650,20080816,PREC,0.00,G
423,19,KNZ,06879650,20080816,DSCH,124.59,G
423,19,KNZ,06879650,20080817,PREC,0.00,G
423,19,KNZ,06879650,20080817,DSCH,116.10,G
423,19,KNZ,06879650,20080818,PREC,0.00,G
423,19,KNZ,06879650,20080818,DSCH,110.44,G
423,19,KNZ,06879650,20080819,PREC,0.00,G
423,19,KNZ,06879650,20080819,DSCH,101.94,G
423,19,KNZ,06879650,20080820,PREC,0.00,G
423,19,KNZ,06879650,20080820,DSCH,96.28,G
423,19,KNZ,06879650,20080821,PREC,0.00,G
423,19,KNZ,06879650,20080821,DSCH,93.45,G
423,19,KNZ,06879650,20080822,PREC,0.00,G
423,19,KNZ,06879650,20080822,DSCH,82.12,G
423,19,KNZ,06879650,20080823,PREC,27.43,G
423,19,KNZ,06879650,20080823,DSCH,104.77,G
423,19,KNZ,06879650,20080824,PREC,0.00,G
423,19,KNZ,06879650,20080824,DSCH,82.12,G
423,19,KNZ,06879650,20080825,PREC,0.00,G
423,19,KNZ,06879650,20080825,DSCH,73.62,G
423,19,KNZ,06879650,20080826,PREC,0.00,G
423,19,KNZ,06879650,20080826,DSCH,67.96,G
423,19,KNZ,06879650,20080827,PREC,0.00,G
423,19,KNZ,06879650,20080827,DSCH,59.47,G
423,19,KNZ,06879650,20080828,PREC,0.00,G
423,19,KNZ,06879650,20080828,DSCH,53.80,G
423,19,KNZ,06879650,20080829,PREC,0.00,G
423,19,KNZ,06879650,20080829,DSCH,45.31,G
423,19,KNZ,06879650,20080830,PREC,0.00,G
423,19,KNZ,06879650,20080830,DSCH,42.48,G
423,19,KNZ,06879650,20080831,PREC,0.00,G
423,19,KNZ,06879650,20080831,DSCH,39.64,G
423,19,KNZ,06879650,20080901,PREC,0.00,G
423,19,KNZ,06879650,20080901,DSCH,36.81,G
423,19,KNZ,06879650,20080902,PREC,0.00,G
423,19,KNZ,06879650,20080902,DSCH,31.15,G
423,19,KNZ,06879650,20080903,PREC,0.00,G
423,19,KNZ,06879650,20080903,DSCH,31.15,G
423,19,KNZ,06879650,20080904,PREC,0.00,G
423,19,KNZ,06879650,20080904,DSCH,31.15,G
423,19,KNZ,06879650,20080905,PREC,0.51,G
423,19,KNZ,06879650,20080905,DSCH,27.18,G
423,19,KNZ,06879650,20080906,PREC,0.00,G
423,19,KNZ,06879650,20080906,DSCH,25.77,G
423,19,KNZ,06879650,20080907,PREC,0.00,G
423,19,KNZ,06879650,20080907,DSCH,24.35,G
423,19,KNZ,06879650,20080908,PREC,44.45,G
423,19,KNZ,06879650,20080908,DSCH,67.96,G
423,19,KNZ,06879650,20080909,PREC,0.00,G
423,19,KNZ,06879650,20080909,DSCH,33.98,G
423,19,KNZ,06879650,20080910,PREC,0.00,G
423,19,KNZ,06879650,20080910,DSCH,28.03,G
423,19,KNZ,06879650,20080911,PREC,9.40,G
423,19,KNZ,06879650,20080911,DSCH,28.32,G
423,19,KNZ,06879650,20080912,PREC,60.20,G
423,19,KNZ,06879650,20080912,DSCH,1104.36,G
423,19,KNZ,06879650,20080913,PREC,9.65,G
423,19,KNZ,06879650,20080913,DSCH,566.34,G
423,19,KNZ,06879650,20080914,PREC,0.00,G
423,19,KNZ,06879650,20080914,DSCH,280.34,G
423,19,KNZ,06879650,20080915,PREC,0.00,G
423,19,KNZ,06879650,20080915,DSCH,215.21,G
423,19,KNZ,06879650,20080916,PREC,0.00,G
423,19,KNZ,06879650,20080916,DSCH,186.89,G
423,19,KNZ,06879650,20080917,PREC,0.00,G
423,19,KNZ,06879650,20080917,DSCH,164.24,G
423,19,KNZ,06879650,20080918,PREC,0.00,G
423,19,KNZ,06879650,20080918,DSCH,150.08,G
423,19,KNZ,06879650,20080919,PREC,0.00,G
423,19,KNZ,06879650,20080919,DSCH,138.75,G
423,19,KNZ,06879650,20080920,PREC,0.00,G
423,19,KNZ,06879650,20080920,DSCH,130.26,G
423,19,KNZ,06879650,20080921,PREC,0.00,G
423,19,KNZ,06879650,20080921,DSCH,118.93,G
423,19,KNZ,06879650,20080922,PREC,0.00,G
423,19,KNZ,06879650,20080922,DSCH,113.27,G
423,19,KNZ,06879650,20080923,PREC,0.00,G
423,19,KNZ,06879650,20080923,DSCH,101.94,G
423,19,KNZ,06879650,20080924,PREC,0.00,G
423,19,KNZ,06879650,20080924,DSCH,96.28,G
423,19,KNZ,06879650,20080925,PREC,0.00,G
423,19,KNZ,06879650,20080925,DSCH,87.78,G
423,19,KNZ,06879650,20080926,PREC,0.00,G
423,19,KNZ,06879650,20080926,DSCH,84.95,G
423,19,KNZ,06879650,20080927,PREC,0.00,G
423,19,KNZ,06879650,20080927,DSCH,76.46,G
423,19,KNZ,06879650,20080928,PREC,0.00,G
423,19,KNZ,06879650,20080928,DSCH,70.79,G
423,19,KNZ,06879650,20080929,PREC,0.00,G
423,19,KNZ,06879650,20080929,DSCH,65.13,G
423,19,KNZ,06879650,20080930,PREC,0.00,G
423,19,KNZ,06879650,20080930,DSCH,62.30,G
423,19,KNZ,06879650,20081001,PREC,0.00,G
423,19,KNZ,06879650,20081001,DSCH,56.63,G
423,19,KNZ,06879650,20081002,PREC,,M
423,19,KNZ,06879650,20081002,DSCH,53.80,G
423,19,KNZ,06879650,20081003,PREC,,M
423,19,KNZ,06879650,20081003,DSCH,50.97,G
423,19,KNZ,06879650,20081004,PREC,,M
423,19,KNZ,06879650,20081004,DSCH,45.31,G
423,19,KNZ,06879650,20081005,PREC,,M
423,19,KNZ,06879650,20081005,DSCH,42.48,G
423,19,KNZ,06879650,20081006,PREC,,M
423,19,KNZ,06879650,20081006,DSCH,42.48,G
423,19,KNZ,06879650,20081007,PREC,1.78,G
423,19,KNZ,06879650,20081007,DSCH,39.64,G
423,19,KNZ,06879650,20081008,PREC,0.00,G
423,19,KNZ,06879650,20081008,DSCH,36.81,G
423,19,KNZ,06879650,20081009,PREC,0.00,G
423,19,KNZ,06879650,20081009,DSCH,33.98,G
423,19,KNZ,06879650,20081010,PREC,0.00,G
423,19,KNZ,06879650,20081010,DSCH,31.15,G
423,19,KNZ,06879650,20081011,PREC,0.00,G
423,19,KNZ,06879650,20081011,DSCH,27.75,G
423,19,KNZ,06879650,20081012,PREC,0.00,G
423,19,KNZ,06879650,20081012,DSCH,28.32,G
423,19,KNZ,06879650,20081013,PREC,13.97,G
423,19,KNZ,06879650,20081013,DSCH,36.81,G
423,19,KNZ,06879650,20081014,PREC,5.59,G
423,19,KNZ,06879650,20081014,DSCH,39.64,G
423,19,KNZ,06879650,20081015,PREC,10.41,G
423,19,KNZ,06879650,20081015,DSCH,48.14,G
423,19,KNZ,06879650,20081016,PREC,0.00,G
423,19,KNZ,06879650,20081016,DSCH,36.81,G
423,19,KNZ,06879650,20081017,PREC,0.00,G
423,19,KNZ,06879650,20081017,DSCH,33.98,G
423,19,KNZ,06879650,20081018,PREC,0.00,G
423,19,KNZ,06879650,20081018,DSCH,33.98,G
423,19,KNZ,06879650,20081019,PREC,0.00,G
423,19,KNZ,06879650,20081019,DSCH,31.15,G
423,19,KNZ,06879650,20081020,PREC,0.00,G
423,19,KNZ,06879650,20081020,DSCH,28.32,G
423,19,KNZ,06879650,20081021,PREC,3.81,G
423,19,KNZ,06879650,20081021,DSCH,28.32,G
423,19,KNZ,06879650,20081022,PREC,2.03,G
423,19,KNZ,06879650,20081022,DSCH,31.15,G
423,19,KNZ,06879650,20081023,PREC,0.00,G
423,19,KNZ,06879650,20081023,DSCH,28.32,G
423,19,KNZ,06879650,20081024,PREC,0.00,G
423,19,KNZ,06879650,20081024,DSCH,26.33,G
423,19,KNZ,06879650,20081025,PREC,0.00,G
423,19,KNZ,06879650,20081025,DSCH,24.64,G
423,19,KNZ,06879650,20081026,PREC,0.00,G
423,19,KNZ,06879650,20081026,DSCH,27.18,G
423,19,KNZ,06879650,20081027,PREC,0.00,G
423,19,KNZ,06879650,20081027,DSCH,24.92,G
423,19,KNZ,06879650,20081028,PREC,0.00,G
423,19,KNZ,06879650,20081028,DSCH,26.90,G
423,19,KNZ,06879650,20081029,PREC,0.00,G
423,19,KNZ,06879650,20081029,DSCH,31.15,G
423,19,KNZ,06879650,20081030,PREC,0.00,G
423,19,KNZ,06879650,20081030,DSCH,31.15,G
423,19,KNZ,06879650,20081031,PREC,0.00,G
423,19,KNZ,06879650,20081031,DSCH,28.32,G
423,19,KNZ,06879650,20081101,PREC,0.00,G
423,19,KNZ,06879650,20081101,DSCH,25.20,G
423,19,KNZ,06879650,20081102,PREC,0.00,G
423,19,KNZ,06879650,20081102,DSCH,23.79,G
423,19,KNZ,06879650,20081103,PREC,0.00,G
423,19,KNZ,06879650,20081103,DSCH,22.37,G
423,19,KNZ,06879650,20081104,PREC,0.00,G
423,19,KNZ,06879650,20081104,DSCH,21.52,G
423,19,KNZ,06879650,20081105,PREC,15.49,G
423,19,KNZ,06879650,20081105,DSCH,21.52,G
423,19,KNZ,06879650,20081106,PREC,0.00,G
423,19,KNZ,06879650,20081106,DSCH,21.24,G
423,19,KNZ,06879650,20081107,PREC,0.00,G
423,19,KNZ,06879650,20081107,DSCH,21.52,G
423,19,KNZ,06879650,20081108,PREC,0.00,G
423,19,KNZ,06879650,20081108,DSCH,19.82,G
423,19,KNZ,06879650,20081109,PREC,0.00,G
423,19,KNZ,06879650,20081109,DSCH,18.97,G
423,19,KNZ,06879650,20081110,PREC,4.32,G
423,19,KNZ,06879650,20081110,DSCH,18.41,G
423,19,KNZ,06879650,20081111,PREC,6.35,G
423,19,KNZ,06879650,20081111,DSCH,19.26,G
423,19,KNZ,06879650,20081112,PREC,0.00,G
423,19,KNZ,06879650,20081112,DSCH,18.12,G
423,19,KNZ,06879650,20081113,PREC,0.00,G
423,19,KNZ,06879650,20081113,DSCH,19.26,G
423,19,KNZ,06879650,20081114,PREC,0.00,G
423,19,KNZ,06879650,20081114,DSCH,17.84,G
423,19,KNZ,06879650,20081115,PREC,0.00,G
423,19,KNZ,06879650,20081115,DSCH,15.57,G
423,19,KNZ,06879650,20081116,PREC,0.00,G
423,19,KNZ,06879650,20081116,DSCH,15.57,G
423,19,KNZ,06879650,20081117,PREC,0.00,G
423,19,KNZ,06879650,20081117,DSCH,13.59,G
423,19,KNZ,06879650,20081118,PREC,0.00,G
423,19,KNZ,06879650,20081118,DSCH,13.59,G
423,19,KNZ,06879650,20081119,PREC,0.00,G
423,19,KNZ,06879650,20081119,DSCH,14.72,G
423,19,KNZ,06879650,20081120,PREC,0.00,G
423,19,KNZ,06879650,20081120,DSCH,12.18,G
423,19,KNZ,06879650,20081121,PREC,0.00,G
423,19,KNZ,06879650,20081121,DSCH,11.89,G
423,19,KNZ,06879650,20081122,PREC,0.00,G
423,19,KNZ,06879650,20081122,DSCH,12.18,G
423,19,KNZ,06879650,20081123,PREC,0.00,G
423,19,KNZ,06879650,20081123,DSCH,11.61,G
423,19,KNZ,06879650,20081124,PREC,0.00,G
423,19,KNZ,06879650,20081124,DSCH,10.76,G
423,19,KNZ,06879650,20081125,PREC,0.00,G
423,19,KNZ,06879650,20081125,DSCH,10.76,G
423,19,KNZ,06879650,20081126,PREC,0.00,G
423,19,KNZ,06879650,20081126,DSCH,9.63,G
423,19,KNZ,06879650,20081127,PREC,0.00,G
423,19,KNZ,06879650,20081127,DSCH,8.78,G
423,19,KNZ,06879650,20081128,PREC,0.00,G
423,19,KNZ,06879650,20081128,DSCH,8.78,G
423,19,KNZ,06879650,20081129,PREC,0.00,G
423,19,KNZ,06879650,20081129,DSCH,8.78,G
423,19,KNZ,06879650,20081130,PREC,0.00,G
423,19,KNZ,06879650,20081130,DSCH,8.50,G
423,19,KNZ,06879650,20081201,PREC,0.00,G
423,19,KNZ,06879650,20081201,DSCH,7.65,G
423,19,KNZ,06879650,20081202,PREC,0.00,G
423,19,KNZ,06879650,20081202,DSCH,7.65,G
423,19,KNZ,06879650,20081203,PREC,0.00,G
423,19,KNZ,06879650,20081203,DSCH,6.80,G
423,19,KNZ,06879650,20081204,PREC,0.00,G
423,19,KNZ,06879650,20081204,DSCH,6.23,G
423,19,KNZ,06879650,20081205,PREC,0.00,G
423,19,KNZ,06879650,20081205,DSCH,6.23,G
423,19,KNZ,06879650,20081206,PREC,0.00,G
423,19,KNZ,06879650,20081206,DSCH,5.95,G
423,19,KNZ,06879650,20081207,PREC,0.00,G
423,19,KNZ,06879650,20081207,DSCH,5.66,G
423,19,KNZ,06879650,20081208,PREC,0.00,G
423,19,KNZ,06879650,20081208,DSCH,5.66,G
423,19,KNZ,06879650,20081209,PREC,0.00,G
423,19,KNZ,06879650,20081209,DSCH,5.10,G
423,19,KNZ,06879650,20081210,PREC,0.00,G
423,19,KNZ,06879650,20081210,DSCH,4.81,G
423,19,KNZ,06879650,20081211,PREC,0.00,G
423,19,KNZ,06879650,20081211,DSCH,4.81,G
423,19,KNZ,06879650,20081212,PREC,0.00,G
423,19,KNZ,06879650,20081212,DSCH,4.25,G
423,19,KNZ,06879650,20081213,PREC,0.00,G
423,19,KNZ,06879650,20081213,DSCH,4.53,G
423,19,KNZ,06879650,20081214,PREC,0.00,G
423,19,KNZ,06879650,20081214,DSCH,3.68,G
423,19,KNZ,06879650,20081215,PREC,0.00,G
423,19,KNZ,06879650,20081215,DSCH,3.40,G
423,19,KNZ,06879650,20081216,PREC,0.00,G
423,19,KNZ,06879650,20081216,DSCH,3.68,G
423,19,KNZ,06879650,20081217,PREC,0.00,G
423,19,KNZ,06879650,20081217,DSCH,3.11,G
423,19,KNZ,06879650,20081218,PREC,0.00,G
423,19,KNZ,06879650,20081218,DSCH,3.11,G
423,19,KNZ,06879650,20081219,PREC,0.00,G
423,19,KNZ,06879650,20081219,DSCH,2.83,G
423,19,KNZ,06879650,20081220,PREC,0.00,G
423,19,KNZ,06879650,20081220,DSCH,2.27,G
423,19,KNZ,06879650,20081221,PREC,0.00,G
423,19,KNZ,06879650,20081221,DSCH,1.98,G
423,19,KNZ,06879650,20081222,PREC,0.00,G
423,19,KNZ,06879650,20081222,DSCH,2.27,G
423,19,KNZ,06879650,20081223,PREC,0.00,G
423,19,KNZ,06879650,20081223,DSCH,2.27,G
423,19,KNZ,06879650,20081224,PREC,0.00,G
423,19,KNZ,06879650,20081224,DSCH,1.70,G
423,19,KNZ,06879650,20081225,PREC,0.00,G
423,19,KNZ,06879650,20081225,DSCH,1.70,G
423,19,KNZ,06879650,20081226,PREC,1.27,G
423,19,KNZ,06879650,20081226,DSCH,1.70,G
423,19,KNZ,06879650,20081227,PREC,0.00,G
423,19,KNZ,06879650,20081227,DSCH,1.13,G
423,19,KNZ,06879650,20081228,PREC,0.00,G
423,19,KNZ,06879650,20081228,DSCH,0.85,G
423,19,KNZ,06879650,20081229,PREC,0.00,G
423,19,KNZ,06879650,20081229,DSCH,0.57,G
423,19,KNZ,06879650,20081230,PREC,0.00,G
423,19,KNZ,06879650,20081230,DSCH,0.57,G
423,19,KNZ,06879650,20081231,PREC,0.00,G
423,19,KNZ,06879650,20081231,DSCH,0.28,G
423,19,KNZ,06879650,20090101,PREC,0.00,G
423,19,KNZ,06879650,20090101,DSCH,0.57,G
423,19,KNZ,06879650,20090102,PREC,0.00,G
423,19,KNZ,06879650,20090102,DSCH,0.28,G
423,19,KNZ,06879650,20090103,PREC,0.00,G
423,19,KNZ,06879650,20090103,DSCH,0.00,G
423,19,KNZ,06879650,20090104,PREC,0.00,G
423,19,KNZ,06879650,20090104,DSCH,0.00,G
423,19,KNZ,06879650,20090105,PREC,0.00,G
423,19,KNZ,06879650,20090105,DSCH,0.00,G
423,19,KNZ,06879650,20090106,PREC,0.00,G
423,19,KNZ,06879650,20090106,DSCH,0.00,G
423,19,KNZ,06879650,20090107,PREC,0.00,G
423,19,KNZ,06879650,20090107,DSCH,0.00,G
423,19,KNZ,06879650,20090108,PREC,0.00,G
423,19,KNZ,06879650,20090108,DSCH,0.00,G
423,19,KNZ,06879650,20090109,PREC,0.00,G
423,19,KNZ,06879650,20090109,DSCH,0.00,G
423,19,KNZ,06879650,20090110,PREC,0.00,G
423,19,KNZ,06879650,20090110,DSCH,0.00,G
423,19,KNZ,06879650,20090111,PREC,0.00,G
423,19,KNZ,06879650,20090111,DSCH,0.00,G
423,19,KNZ,06879650,20090112,PREC,0.00,G
423,19,KNZ,06879650,20090112,DSCH,0.00,G
423,19,KNZ,06879650,20090113,PREC,0.00,G
423,19,KNZ,06879650,20090113,DSCH,0.00,G
423,19,KNZ,06879650,20090114,PREC,0.00,G
423,19,KNZ,06879650,20090114,DSCH,0.00,G
423,19,KNZ,06879650,20090115,PREC,0.00,G
423,19,KNZ,06879650,20090115,DSCH,0.00,G
423,19,KNZ,06879650,20090116,PREC,0.00,G
423,19,KNZ,06879650,20090116,DSCH,0.00,G
423,19,KNZ,06879650,20090117,PREC,0.00,G
423,19,KNZ,06879650,20090117,DSCH,0.00,G
423,19,KNZ,06879650,20090118,PREC,0.00,G
423,19,KNZ,06879650,20090118,DSCH,0.00,G
423,19,KNZ,06879650,20090119,PREC,0.00,G
423,19,KNZ,06879650,20090119,DSCH,0.00,G
423,19,KNZ,06879650,20090120,PREC,0.00,G
423,19,KNZ,06879650,20090120,DSCH,0.00,G
423,19,KNZ,06879650,20090121,PREC,0.00,G
423,19,KNZ,06879650,20090121,DSCH,0.00,G
423,19,KNZ,06879650,20090122,PREC,0.00,G
423,19,KNZ,06879650,20090122,DSCH,0.00,G
