326,28,PIE,IP1101500,20080121,DSCH,3398.02,G
326,28,PIE,IP1101500,20080122,DSCH,2690.10,G
326,28,PIE,IP1101500,20080123,DSCH,2321.98,G
326,28,PIE,IP1101500,20080124,DSCH,2010.50,G
326,28,PIE,IP1101500,20080125,DSCH,1755.64,G
326,28,PIE,IP1101500,20080126,DSCH,1472.48,G
326,28,PIE,IP1101500,20080127,DSCH,1359.21,G
326,28,PIE,IP1101500,20080128,DSCH,1670.69,G
326,28,PIE,IP1101500,20080129,DSCH,1500.79,G
326,28,PIE,IP1101500,20080130,DSCH,1160.99,G
326,28,PIE,IP1101500,20080131,DSCH,1274.26,G
326,28,PIE,IP1101500,20080201,DSCH,1415.84,G
326,28,PIE,IP1101500,20080202,DSCH,4332.48,G
326,28,PIE,IP1101500,20080203,DSCH,4474.06,G
326,28,PIE,IP1101500,20080204,DSCH,4445.75,G
326,28,PIE,IP1101500,20080205,DSCH,5323.57,G
326,28,PIE,IP1101500,20080206,DSCH,6626.14,G
326,28,PIE,IP1101500,20080207,DSCH,9571.10,G
326,28,PIE,IP1101500,20080208,DSCH,9174.66,G
326,28,PIE,IP1101500,20080209,DSCH,8325.15,G
326,28,PIE,IP1101500,20080210,DSCH,8041.99,G
326,28,PIE,IP1101500,20080211,DSCH,7050.90,G
326,28,PIE,IP1101500,20080212,DSCH,6173.07,G
326,28,PIE,IP1101500,20080213,DSCH,6342.97,G
326,28,PIE,IP1101500,20080214,DSCH,10618.82,G
326,28,PIE,IP1101500,20080215,DSCH,10137.43,G
326,28,PIE,IP1101500,20080216,DSCH,9627.73,G
326,28,PIE,IP1101500,20080217,DSCH,9202.98,G
326,28,PIE,IP1101500,20080218,DSCH,10137.43,G
326,28,PIE,IP1101500,20080219,DSCH,12289.51,G
326,28,PIE,IP1101500,20080220,DSCH,10817.04,G
326,28,PIE,IP1101500,20080221,DSCH,9599.41,G
326,28,PIE,IP1101500,20080222,DSCH,8438.42,G
326,28,PIE,IP1101500,20080223,DSCH,7277.43,G
326,28,PIE,IP1101500,20080224,DSCH,6654.46,G
326,28,PIE,IP1101500,20080225,DSCH,6059.81,G
326,28,PIE,IP1101500,20080226,DSCH,5606.74,G
326,28,PIE,IP1101500,20080227,DSCH,6512.88,G
326,28,PIE,IP1101500,20080228,DSCH,6314.66,G
326,28,PIE,IP1101500,20080229,DSCH,5889.90,G
326,28,PIE,IP1101500,20080301,DSCH,5663.37,G
326,28,PIE,IP1101500,20080302,DSCH,5153.67,G
326,28,PIE,IP1101500,20080303,DSCH,4813.86,G
326,28,PIE,IP1101500,20080304,DSCH,5012.08,G
326,28,PIE,IP1101500,20080305,DSCH,8013.67,G
326,28,PIE,IP1101500,20080306,DSCH,9486.14,G
326,28,PIE,IP1101500,20080307,DSCH,9174.66,G
326,28,PIE,IP1101500,20080308,DSCH,10760.40,G
326,28,PIE,IP1101500,20080309,DSCH,14866.35,G
326,28,PIE,IP1101500,20080310,DSCH,13988.52,G
326,28,PIE,IP1101500,20080311,DSCH,12034.66,G
326,28,PIE,IP1101500,20080312,DSCH,10703.77,G
326,28,PIE,IP1101500,20080313,DSCH,9854.26,G
326,28,PIE,IP1101500,20080314,DSCH,8664.96,G
326,28,PIE,IP1101500,20080315,DSCH,7900.40,G
326,28,PIE,IP1101500,20080316,DSCH,7475.65,G
326,28,PIE,IP1101500,20080317,DSCH,6541.19,G
326,28,PIE,IP1101500,20080318,DSCH,5946.54,G
326,28,PIE,IP1101500,20080319,DSCH,5606.74,G
326,28,PIE,IP1101500,20080320,DSCH,6909.31,G
326,28,PIE,IP1101500,20080321,DSCH,7050.90,G
326,28,PIE,IP1101500,20080322,DSCH,6371.29,G
326,28,PIE,IP1101500,20080323,DSCH,5918.22,G
326,28,PIE,IP1101500,20080324,DSCH,5266.93,G
326,28,PIE,IP1101500,20080325,DSCH,4870.50,G
326,28,PIE,IP1101500,20080326,DSCH,4474.06,G
326,28,PIE,IP1101500,20080327,DSCH,4105.94,G
326,28,PIE,IP1101500,20080328,DSCH,4190.89,G
326,28,PIE,IP1101500,20080329,DSCH,4757.23,G
326,28,PIE,IP1101500,20080330,DSCH,4389.11,G
326,28,PIE,IP1101500,20080331,DSCH,4134.26,G
326,28,PIE,IP1101500,20080401,DSCH,4247.53,G
326,28,PIE,IP1101500,20080402,DSCH,4672.28,G
326,28,PIE,IP1101500,20080403,DSCH,4360.79,G
326,28,PIE,IP1101500,20080404,DSCH,4502.38,G
326,28,PIE,IP1101500,20080405,DSCH,5635.05,G
326,28,PIE,IP1101500,20080406,DSCH,5436.84,G
326,28,PIE,IP1101500,20080407,DSCH,5097.03,G
326,28,PIE,IP1101500,20080408,DSCH,4672.28,G
326,28,PIE,IP1101500,20080409,DSCH,4417.43,G
326,28,PIE,IP1101500,20080410,DSCH,4077.63,G
326,28,PIE,IP1101500,20080411,DSCH,3652.87,G
326,28,PIE,IP1101500,20080412,DSCH,3681.19,G
326,28,PIE,IP1101500,20080413,DSCH,4020.99,G
326,28,PIE,IP1101500,20080414,DSCH,3822.77,G
326,28,PIE,IP1101500,20080415,DSCH,3596.24,G
326,28,PIE,IP1101500,20080416,DSCH,3341.39,G
326,28,PIE,IP1101500,20080417,DSCH,3001.59,G
326,28,PIE,IP1101500,20080418,DSCH,2746.73,G
326,28,PIE,IP1101500,20080419,DSCH,2435.25,G
326,28,PIE,IP1101500,20080420,DSCH,2180.40,G
326,28,PIE,IP1101500,20080421,DSCH,1982.18,G
326,28,PIE,IP1101500,20080422,DSCH,1840.60,G
326,28,PIE,IP1101500,20080423,DSCH,1699.01,G
326,28,PIE,IP1101500,20080424,DSCH,1585.74,G
326,28,PIE,IP1101500,20080425,DSCH,1472.48,G
326,28,PIE,IP1101500,20080426,DSCH,1387.53,G
326,28,PIE,IP1101500,20080427,DSCH,1302.58,G
326,28,PIE,IP1101500,20080428,DSCH,1359.21,G
326,28,PIE,IP1101500,20080429,DSCH,3171.49,G
326,28,PIE,IP1101500,20080430,DSCH,5040.40,G
326,28,PIE,IP1101500,20080501,DSCH,4757.23,G
326,28,PIE,IP1101500,20080502,DSCH,4587.33,G
326,28,PIE,IP1101500,20080503,DSCH,4360.79,G
326,28,PIE,IP1101500,20080504,DSCH,4077.63,G
326,28,PIE,IP1101500,20080505,DSCH,3879.41,G
326,28,PIE,IP1101500,20080506,DSCH,3341.39,G
326,28,PIE,IP1101500,20080507,DSCH,2916.64,G
326,28,PIE,IP1101500,20080508,DSCH,2633.47,G
326,28,PIE,IP1101500,20080509,DSCH,2350.30,G
326,28,PIE,IP1101500,20080510,DSCH,2067.13,G
326,28,PIE,IP1101500,20080511,DSCH,1812.28,G
326,28,PIE,IP1101500,20080512,DSCH,1642.38,G
326,28,PIE,IP1101500,20080513,DSCH,1557.43,G
326,28,PIE,IP1101500,20080514,DSCH,1472.48,G
326,28,PIE,IP1101500,20080515,DSCH,1302.58,G
326,28,PIE,IP1101500,20080516,DSCH,1189.31,G
326,28,PIE,IP1101500,20080517,DSCH,1387.53,G
326,28,PIE,IP1101500,20080518,DSCH,1472.48,G
326,28,PIE,IP1101500,20080519,DSCH,1302.58,G
326,28,PIE,IP1101500,20080520,DSCH,1189.31,G
326,28,PIE,IP1101500,20080521,DSCH,1104.36,G
326,28,PIE,IP1101500,20080522,DSCH,1019.41,G
326,28,PIE,IP1101500,20080523,DSCH,934.46,G
326,28,PIE,IP1101500,20080524,DSCH,877.82,G
326,28,PIE,IP1101500,20080525,DSCH,792.87,G
326,28,PIE,IP1101500,20080526,DSCH,764.55,G
326,28,PIE,IP1101500,20080527,DSCH,764.55,G
326,28,PIE,IP1101500,20080528,DSCH,792.87,G
326,28,PIE,IP1101500,20080529,DSCH,764.55,G
326,28,PIE,IP1101500,20080530,DSCH,707.92,G
326,28,PIE,IP1101500,20080531,DSCH,679.60,G
326,28,PIE,IP1101500,20080601,DSCH,679.60,G
326,28,PIE,IP1101500,20080602,DSCH,622.97,G
326,28,PIE,IP1101500,20080603,DSCH,538.02,G
326,28,PIE,IP1101500,20080604,DSCH,566.34,G
326,28,PIE,IP1101500,20080605,DSCH,707.92,G
326,28,PIE,IP1101500,20080606,DSCH,821.19,G
326,28,PIE,IP1101500,20080607,DSCH,962.77,G
326,28,PIE,IP1101500,20080608,DSCH,849.51,G
326,28,PIE,IP1101500,20080609,DSCH,736.24,G
326,28,PIE,IP1101500,20080610,DSCH,651.29,G
326,28,PIE,IP1101500,20080611,DSCH,594.65,G
326,28,PIE,IP1101500,20080612,DSCH,509.70,G
326,28,PIE,IP1101500,20080613,DSCH,396.44,G
326,28,PIE,IP1101500,20080614,DSCH,339.80,G
326,28,PIE,IP1101500,20080615,DSCH,453.07,G
326,28,PIE,IP1101500,20080616,DSCH,566.34,G
326,28,PIE,IP1101500,20080617,DSCH,566.34,G
326,28,PIE,IP1101500,20080618,DSCH,509.70,G
326,28,PIE,IP1101500,20080619,DSCH,424.75,G
326,28,PIE,IP1101500,20080620,DSCH,368.12,G
326,28,PIE,IP1101500,20080621,DSCH,339.80,G
326,28,PIE,IP1101500,20080622,DSCH,368.12,G
326,28,PIE,IP1101500,20080623,DSCH,566.34,G
326,28,PIE,IP1101500,20080624,DSCH,962.77,G
326,28,PIE,IP1101500,20080625,DSCH,1330.89,G
326,28,PIE,IP1101500,20080626,DSCH,1217.62,G
326,28,PIE,IP1101500,20080627,DSCH,1076.04,G
326,28,PIE,IP1101500,20080628,DSCH,962.77,G
326,28,PIE,IP1101500,20080629,DSCH,849.51,G
326,28,PIE,IP1101500,20080630,DSCH,764.55,G
326,28,PIE,IP1101500,20080701,DSCH,651.29,G
326,28,PIE,IP1101500,20080702,DSCH,934.46,G
326,28,PIE,IP1101500,20080703,DSCH,1160.99,G
326,28,PIE,IP1101500,20080704,DSCH,1132.67,G
326,28,PIE,IP1101500,20080705,DSCH,1132.67,G
326,28,PIE,IP1101500,20080706,DSCH,1019.41,G
326,28,PIE,IP1101500,20080707,DSCH,849.51,G
326,28,PIE,IP1101500,20080708,DSCH,707.92,G
326,28,PIE,IP1101500,20080709,DSCH,622.97,G
326,28,PIE,IP1101500,20080710,DSCH,1840.60,G
326,28,PIE,IP1101500,20080711,DSCH,1783.96,G
326,28,PIE,IP1101500,20080712,DSCH,1330.89,G
326,28,PIE,IP1101500,20080713,DSCH,1160.99,G
326,28,PIE,IP1101500,20080714,DSCH,1047.72,G
326,28,PIE,IP1101500,20080715,DSCH,906.14,G
326,28,PIE,IP1101500,20080716,DSCH,764.55,G
326,28,PIE,IP1101500,20080717,DSCH,622.97,G
326,28,PIE,IP1101500,20080718,DSCH,509.70,G
326,28,PIE,IP1101500,20080719,DSCH,481.39,G
326,28,PIE,IP1101500,20080720,DSCH,622.97,G
326,28,PIE,IP1101500,20080721,DSCH,991.09,G
326,28,PIE,IP1101500,20080722,DSCH,1076.04,G
326,28,PIE,IP1101500,20080723,DSCH,1217.62,G
326,28,PIE,IP1101500,20080724,DSCH,4643.96,G
326,28,PIE,IP1101500,20080725,DSCH,8664.96,G
326,28,PIE,IP1101500,20080726,DSCH,8636.64,G
326,28,PIE,IP1101500,20080727,DSCH,8126.94,G
326,28,PIE,IP1101500,20080728,DSCH,8891.49,G
326,28,PIE,IP1101500,20080729,DSCH,8126.94,G
326,28,PIE,IP1101500,20080730,DSCH,7050.90,G
326,28,PIE,IP1101500,20080731,DSCH,6144.76,G
326,28,PIE,IP1101500,20080801,DSCH,5040.40,G
326,28,PIE,IP1101500,20080802,DSCH,3992.68,G
326,28,PIE,IP1101500,20080803,DSCH,3171.49,G
326,28,PIE,IP1101500,20080804,DSCH,2633.47,G
326,28,PIE,IP1101500,20080805,DSCH,2265.35,G
326,28,PIE,IP1101500,20080806,DSCH,2123.76,G
326,28,PIE,IP1101500,20080807,DSCH,2180.40,G
326,28,PIE,IP1101500,20080808,DSCH,2265.35,G
326,28,PIE,IP1101500,20080809,DSCH,2944.95,G
326,28,PIE,IP1101500,20080810,DSCH,2548.52,G
326,28,PIE,IP1101500,20080811,DSCH,2208.71,G
326,28,PIE,IP1101500,20080812,DSCH,2265.35,G
326,28,PIE,IP1101500,20080813,DSCH,2237.03,G
326,28,PIE,IP1101500,20080814,DSCH,1953.86,G
326,28,PIE,IP1101500,20080815,DSCH,1783.96,G
326,28,PIE,IP1101500,20080816,DSCH,2010.50,G
326,28,PIE,IP1101500,20080817,DSCH,1953.86,G
326,28,PIE,IP1101500,20080818,DSCH,1699.01,G
326,28,PIE,IP1101500,20080819,DSCH,1557.43,G
326,28,PIE,IP1101500,20080820,DSCH,1472.48,G
326,28,PIE,IP1101500,20080821,DSCH,1330.89,G
326,28,PIE,IP1101500,20080822,DSCH,1189.31,G
326,28,PIE,IP1101500,20080823,DSCH,1047.72,G
326,28,PIE,IP1101500,20080824,DSCH,906.14,G
326,28,PIE,IP1101500,20080825,DSCH,792.87,G
326,28,PIE,IP1101500,20080826,DSCH,679.60,G
326,28,PIE,IP1101500,20080827,DSCH,566.34,G
326,28,PIE,IP1101500,20080828,DSCH,481.39,G
326,28,PIE,IP1101500,20080829,DSCH,424.75,G
326,28,PIE,IP1101500,20080830,DSCH,396.44,G
326,28,PIE,IP1101500,20080831,DSCH,368.12,G
326,28,PIE,IP1101500,20080901,DSCH,311.49,G
326,28,PIE,IP1101500,20080902,DSCH,269.01,G
326,28,PIE,IP1101500,20080903,DSCH,237.86,G
326,28,PIE,IP1101500,20080904,DSCH,226.53,G
326,28,PIE,IP1101500,20080905,DSCH,220.87,G
326,28,PIE,IP1101500,20080906,DSCH,424.75,G
326,28,PIE,IP1101500,20080907,DSCH,2973.27,G
326,28,PIE,IP1101500,20080908,DSCH,3058.22,G
326,28,PIE,IP1101500,20080909,DSCH,2973.27,G
326,28,PIE,IP1101500,20080910,DSCH,3539.61,G
326,28,PIE,IP1101500,20080911,DSCH,3313.07,G
326,28,PIE,IP1101500,20080912,DSCH,2775.05,G
326,28,PIE,IP1101500,20080913,DSCH,2378.62,G
326,28,PIE,IP1101500,20080914,DSCH,2152.08,G
326,28,PIE,IP1101500,20080915,DSCH,2095.45,G
326,28,PIE,IP1101500,20080916,DSCH,1812.28,G
326,28,PIE,IP1101500,20080917,DSCH,1585.74,G
326,28,PIE,IP1101500,20080918,DSCH,1387.53,G
326,28,PIE,IP1101500,20080919,DSCH,1189.31,G
326,28,PIE,IP1101500,20080920,DSCH,1019.41,G
326,28,PIE,IP1101500,20080921,DSCH,877.82,G
326,28,PIE,IP1101500,20080922,DSCH,764.55,G
326,28,PIE,IP1101500,20080923,DSCH,679.60,G
326,28,PIE,IP1101500,20080924,DSCH,594.65,G
326,28,PIE,IP1101500,20080925,DSCH,566.34,G
326,28,PIE,IP1101500,20080926,DSCH,1076.04,G
326,28,PIE,IP1101500,20080927,DSCH,3567.92,G
326,28,PIE,IP1101500,20080928,DSCH,5408.52,G
326,28,PIE,IP1101500,20080929,DSCH,6059.81,G
326,28,PIE,IP1101500,20080930,DSCH,5720.00,G
326,28,PIE,IP1101500,20081001,DSCH,5153.67,G
326,28,PIE,IP1101500,20081002,DSCH,4672.28,G
326,28,PIE,IP1101500,20081003,DSCH,4049.31,G
326,28,PIE,IP1101500,20081004,DSCH,3511.29,G
326,28,PIE,IP1101500,20081005,DSCH,2973.27,G
326,28,PIE,IP1101500,20081006,DSCH,2520.20,G
326,28,PIE,IP1101500,20081007,DSCH,2123.76,G
326,28,PIE,IP1101500,20081008,DSCH,1812.28,G
326,28,PIE,IP1101500,20081009,DSCH,1614.06,G
326,28,PIE,IP1101500,20081010,DSCH,1415.84,G
326,28,PIE,IP1101500,20081011,DSCH,1189.31,G
326,28,PIE,IP1101500,20081012,DSCH,1047.72,G
326,28,PIE,IP1101500,20081013,DSCH,962.77,G
326,28,PIE,IP1101500,20081014,DSCH,877.82,G
326,28,PIE,IP1101500,20081015,DSCH,849.51,G
326,28,PIE,IP1101500,20081016,DSCH,849.51,G
326,28,PIE,IP1101500,20081017,DSCH,792.87,G
326,28,PIE,IP1101500,20081018,DSCH,707.92,G
326,28,PIE,IP1101500,20081019,DSCH,622.97,G
326,28,PIE,IP1101500,20081020,DSCH,566.34,G
326,28,PIE,IP1101500,20081021,DSCH,538.02,G
326,28,PIE,IP1101500,20081022,DSCH,566.34,G
326,28,PIE,IP1101500,20081023,DSCH,566.34,G
326,28,PIE,IP1101500,20081024,DSCH,538.02,G
326,28,PIE,IP1101500,20081025,DSCH,538.02,G
326,28,PIE,IP1101500,20081026,DSCH,934.46,G
326,28,PIE,IP1101500,20081027,DSCH,1160.99,G
326,28,PIE,IP1101500,20081028,DSCH,1330.89,G
326,28,PIE,IP1101500,20081029,DSCH,1699.01,G
326,28,PIE,IP1101500,20081030,DSCH,1755.64,G
326,28,PIE,IP1101500,20081031,DSCH,1699.01,G
326,28,PIE,IP1101500,20081101,DSCH,1585.74,G
326,28,PIE,IP1101500,20081102,DSCH,1444.16,G
326,28,PIE,IP1101500,20081103,DSCH,1415.84,G
326,28,PIE,IP1101500,20081104,DSCH,1472.48,G
326,28,PIE,IP1101500,20081105,DSCH,1387.53,G
326,28,PIE,IP1101500,20081106,DSCH,1444.16,G
326,28,PIE,IP1101500,20081107,DSCH,2180.40,G
326,28,PIE,IP1101500,20081108,DSCH,2237.03,G
326,28,PIE,IP1101500,20081109,DSCH,2123.76,G
326,28,PIE,IP1101500,20081110,DSCH,2095.45,G
326,28,PIE,IP1101500,20081111,DSCH,1868.91,G
326,28,PIE,IP1101500,20081112,DSCH,1642.38,G
326,28,PIE,IP1101500,20081113,DSCH,1444.16,G
326,28,PIE,IP1101500,20081114,DSCH,1359.21,G
326,28,PIE,IP1101500,20081115,DSCH,1359.21,G
326,28,PIE,IP1101500,20081116,DSCH,1585.74,G
326,28,PIE,IP1101500,20081117,DSCH,1614.06,G
326,28,PIE,IP1101500,20081118,DSCH,1500.79,G
326,28,PIE,IP1101500,20081119,DSCH,1330.89,G
326,28,PIE,IP1101500,20081120,DSCH,1217.62,G
326,28,PIE,IP1101500,20081121,DSCH,1104.36,G
326,28,PIE,IP1101500,20081122,DSCH,991.09,G
326,28,PIE,IP1101500,20081123,DSCH,906.14,G
326,28,PIE,IP1101500,20081124,DSCH,821.19,G
326,28,PIE,IP1101500,20081125,DSCH,1925.55,G
326,28,PIE,IP1101500,20081126,DSCH,5493.47,G
326,28,PIE,IP1101500,20081127,DSCH,4898.82,G
326,28,PIE,IP1101500,20081128,DSCH,4842.18,G
326,28,PIE,IP1101500,20081129,DSCH,5266.93,G
326,28,PIE,IP1101500,20081130,DSCH,4955.45,G
326,28,PIE,IP1101500,20081201,DSCH,5550.10,G
326,28,PIE,IP1101500,20081202,DSCH,4870.50,G
326,28,PIE,IP1101500,20081203,DSCH,4134.26,G
326,28,PIE,IP1101500,20081204,DSCH,3681.19,G
326,28,PIE,IP1101500,20081205,DSCH,3256.44,G
326,28,PIE,IP1101500,20081206,DSCH,2746.73,G
326,28,PIE,IP1101500,20081207,DSCH,2350.30,G
326,28,PIE,IP1101500,20081208,DSCH,1925.55,G
326,28,PIE,IP1101500,20081209,DSCH,1529.11,G
326,28,PIE,IP1101500,20081210,DSCH,1585.74,G
326,28,PIE,IP1101500,20081211,DSCH,2690.10,G
326,28,PIE,IP1101500,20081212,DSCH,9684.36,G
326,28,PIE,IP1101500,20081213,DSCH,13195.65,G
326,28,PIE,IP1101500,20081214,DSCH,12006.34,G
326,28,PIE,IP1101500,20081215,DSCH,11355.06,G
326,28,PIE,IP1101500,20081216,DSCH,10448.92,G
326,28,PIE,IP1101500,20081217,DSCH,9429.51,G
326,28,PIE,IP1101500,20081218,DSCH,8721.59,G
326,28,PIE,IP1101500,20081219,DSCH,7503.97,G
326,28,PIE,IP1101500,20081220,DSCH,5691.69,G
326,28,PIE,IP1101500,20081221,DSCH,5493.47,G
326,28,PIE,IP1101500,20081222,DSCH,5097.03,G
326,28,PIE,IP1101500,20081223,DSCH,4785.55,G
326,28,PIE,IP1101500,20081224,DSCH,4445.75,G
326,28,PIE,IP1101500,20081225,DSCH,5153.67,G
326,28,PIE,IP1101500,20081226,DSCH,6031.49,G
326,28,PIE,IP1101500,20081227,DSCH,6059.81,G
326,28,PIE,IP1101500,20081228,DSCH,7022.58,G
326,28,PIE,IP1101500,20081229,DSCH,8523.37,G
326,28,PIE,IP1101500,20081230,DSCH,8296.84,G
326,28,PIE,IP1101500,20081231,DSCH,7334.06,G
326,28,PIE,IP1101500,20090101,DSCH,6682.78,G
326,28,PIE,IP1101500,20090102,DSCH,6342.97,G
326,28,PIE,IP1101500,20090103,DSCH,5266.93,G
326,28,PIE,IP1101500,20090104,DSCH,4474.06,G
326,28,PIE,IP1101500,20090105,DSCH,3992.68,G
326,28,PIE,IP1101500,20090106,DSCH,3426.34,G
326,28,PIE,IP1101500,20090107,DSCH,2860.00,G
326,28,PIE,IP1101500,20090108,DSCH,3511.29,G
326,28,PIE,IP1101500,20090109,DSCH,3454.66,G
326,28,PIE,IP1101500,20090110,DSCH,3143.17,G
326,28,PIE,IP1101500,20090111,DSCH,2944.95,G
326,28,PIE,IP1101500,20090112,DSCH,2718.42,G
326,28,PIE,IP1101500,20090113,DSCH,2491.88,G
326,28,PIE,IP1101500,20090114,DSCH,2321.98,G
326,28,PIE,IP1101500,20090115,DSCH,2123.76,G
326,28,PIE,IP1101500,20090116,DSCH,1897.23,G
326,28,PIE,IP1101500,20090117,DSCH,1585.74,G
326,28,PIE,IP1101500,20090118,DSCH,1415.84,G
326,28,PIE,IP1101500,20090119,DSCH,1387.53,G
326,28,PIE,IP1101500,20090120,DSCH,1330.89,G
326,28,PIE,IP1101500,20090121,DSCH,1500.79,G
326,28,PIE,IP1101500,20090122,DSCH,1925.55,G
329,28,PIE,IP1102000,20071013,DSCH,424.75,G
329,28,PIE,IP1102000,20071014,DSCH,538.02,G
329,28,PIE,IP1102000,20071015,DSCH,311.49,G
329,28,PIE,IP1102000,20071016,DSCH,269.01,G
329,28,PIE,IP1102000,20071017,DSCH,232.20,G
329,28,PIE,IP1102000,20071018,DSCH,195.39,G
329,28,PIE,IP1102000,20071019,DSCH,206.71,G
329,28,PIE,IP1102000,20071020,DSCH,424.75,G
329,28,PIE,IP1102000,20071021,DSCH,396.44,G
329,28,PIE,IP1102000,20071022,DSCH,396.44,G
329,28,PIE,IP1102000,20071023,DSCH,396.44,G
329,28,PIE,IP1102000,20071024,DSCH,368.12,G
329,28,PIE,IP1102000,20071025,DSCH,311.49,G
329,28,PIE,IP1102000,20071026,DSCH,274.67,G
329,28,PIE,IP1102000,20071027,DSCH,509.70,G
329,28,PIE,IP1102000,20071028,DSCH,707.92,G
329,28,PIE,IP1102000,20071029,DSCH,651.29,G
329,28,PIE,IP1102000,20071030,DSCH,651.29,G
329,28,PIE,IP1102000,20071031,DSCH,594.65,G
329,28,PIE,IP1102000,20071101,DSCH,566.34,G
329,28,PIE,IP1102000,20071102,DSCH,538.02,G
329,28,PIE,IP1102000,20071103,DSCH,622.97,G
329,28,PIE,IP1102000,20071104,DSCH,1132.67,G
329,28,PIE,IP1102000,20071105,DSCH,1302.58,G
329,28,PIE,IP1102000,20071106,DSCH,1529.11,G
329,28,PIE,IP1102000,20071107,DSCH,1783.96,G
329,28,PIE,IP1102000,20071108,DSCH,1840.60,G
329,28,PIE,IP1102000,20071109,DSCH,1783.96,G
329,28,PIE,IP1102000,20071110,DSCH,1699.01,G
329,28,PIE,IP1102000,20071111,DSCH,1472.48,G
329,28,PIE,IP1102000,20071112,DSCH,1302.58,G
329,28,PIE,IP1102000,20071113,DSCH,1330.89,G
329,28,PIE,IP1102000,20071114,DSCH,1330.89,G
329,28,PIE,IP1102000,20071115,DSCH,1330.89,G
329,28,PIE,IP1102000,20071116,DSCH,1868.91,G
329,28,PIE,IP1102000,20071117,DSCH,2237.03,G
329,28,PIE,IP1102000,20071118,DSCH,2350.30,G
329,28,PIE,IP1102000,20071119,DSCH,2435.25,G
329,28,PIE,IP1102000,20071120,DSCH,2321.98,G
329,28,PIE,IP1102000,20071121,DSCH,2123.76,G
329,28,PIE,IP1102000,20071122,DSCH,2010.50,G
329,28,PIE,IP1102000,20071123,DSCH,1868.91,G
329,28,PIE,IP1102000,20071124,DSCH,1699.01,G
329,28,PIE,IP1102000,20071125,DSCH,1585.74,G
329,28,PIE,IP1102000,20071126,DSCH,1614.06,G
329,28,PIE,IP1102000,20071127,DSCH,1783.96,G
329,28,PIE,IP1102000,20071128,DSCH,1755.64,G
329,28,PIE,IP1102000,20071129,DSCH,1755.64,G
329,28,PIE,IP1102000,20071130,DSCH,1699.01,G
329,28,PIE,IP1102000,20071201,DSCH,1585.74,G
329,28,PIE,IP1102000,20071202,DSCH,1387.53,G
329,28,PIE,IP1102000,20071203,DSCH,1359.21,G
329,28,PIE,IP1102000,20071204,DSCH,1500.79,G
329,28,PIE,IP1102000,20071205,DSCH,1330.89,G
329,28,PIE,IP1102000,20071206,DSCH,1104.36,G
329,28,PIE,IP1102000,20071207,DSCH,1160.99,G
329,28,PIE,IP1102000,20071208,DSCH,1245.94,G
329,28,PIE,IP1102000,20071209,DSCH,1274.26,G
329,28,PIE,IP1102000,20071210,DSCH,1245.94,G
329,28,PIE,IP1102000,20071211,DSCH,1189.31,G
329,28,PIE,IP1102000,20071212,DSCH,1387.53,G
329,28,PIE,IP1102000,20071213,DSCH,1444.16,G
329,28,PIE,IP1102000,20071214,DSCH,1500.79,G
329,28,PIE,IP1102000,20071215,DSCH,1359.21,G
329,28,PIE,IP1102000,20071216,DSCH,1330.89,G
329,28,PIE,IP1102000,20071217,DSCH,1642.38,G
329,28,PIE,IP1102000,20071218,DSCH,1699.01,G
329,28,PIE,IP1102000,20071219,DSCH,1642.38,G
329,28,PIE,IP1102000,20071220,DSCH,1585.74,G
329,28,PIE,IP1102000,20071221,DSCH,1585.74,G
329,28,PIE,IP1102000,20071222,DSCH,1529.11,G
329,28,PIE,IP1102000,20071223,DSCH,1557.43,G
329,28,PIE,IP1102000,20071224,DSCH,2293.66,G
329,28,PIE,IP1102000,20071225,DSCH,2208.71,G
329,28,PIE,IP1102000,20071226,DSCH,1982.18,G
329,28,PIE,IP1102000,20071227,DSCH,2180.40,G
329,28,PIE,IP1102000,20071228,DSCH,2463.57,G
329,28,PIE,IP1102000,20071229,DSCH,2746.73,G
329,28,PIE,IP1102000,20071230,DSCH,3029.90,G
329,28,PIE,IP1102000,20071231,DSCH,3199.80,G
329,28,PIE,IP1102000,20080101,DSCH,3511.29,G
329,28,PIE,IP1102000,20080102,DSCH,3992.68,G
329,28,PIE,IP1102000,20080103,DSCH,3652.87,G
329,28,PIE,IP1102000,20080104,DSCH,3029.90,G
329,28,PIE,IP1102000,20080105,DSCH,2690.10,G
329,28,PIE,IP1102000,20080106,DSCH,2265.35,G
329,28,PIE,IP1102000,20080107,DSCH,1953.86,G
329,28,PIE,IP1102000,20080108,DSCH,2010.50,G
329,28,PIE,IP1102000,20080109,DSCH,2916.64,G
329,28,PIE,IP1102000,20080110,DSCH,4530.70,G
329,28,PIE,IP1102000,20080111,DSCH,6314.66,G
329,28,PIE,IP1102000,20080112,DSCH,8976.44,G
329,28,PIE,IP1102000,20080113,DSCH,10392.28,G
329,28,PIE,IP1102000,20080114,DSCH,9910.90,G
329,28,PIE,IP1102000,20080115,DSCH,9882.58,G
329,28,PIE,IP1102000,20080116,DSCH,10307.33,G
329,28,PIE,IP1102000,20080117,DSCH,9741.00,G
329,28,PIE,IP1102000,20080118,DSCH,9542.78,G
329,28,PIE,IP1102000,20080119,DSCH,10137.43,G
329,28,PIE,IP1102000,20080120,DSCH,10250.70,G
329,28,PIE,IP1102000,20080121,DSCH,9401.19,G
329,28,PIE,IP1102000,20080122,DSCH,8183.57,G
329,28,PIE,IP1102000,20080123,DSCH,7305.75,G
329,28,PIE,IP1102000,20080124,DSCH,6314.66,G
329,28,PIE,IP1102000,20080125,DSCH,5380.20,G
329,28,PIE,IP1102000,20080126,DSCH,4474.06,G
329,28,PIE,IP1102000,20080127,DSCH,3822.77,G
329,28,PIE,IP1102000,20080128,DSCH,3313.07,G
329,28,PIE,IP1102000,20080129,DSCH,3114.85,G
329,28,PIE,IP1102000,20080130,DSCH,3228.12,G
329,28,PIE,IP1102000,20080131,DSCH,3398.02,G
329,28,PIE,IP1102000,20080201,DSCH,3454.66,G
329,28,PIE,IP1102000,20080202,DSCH,5691.69,G
329,28,PIE,IP1102000,20080203,DSCH,8296.84,G
329,28,PIE,IP1102000,20080204,DSCH,9854.26,G
329,28,PIE,IP1102000,20080205,DSCH,11100.21,G
329,28,PIE,IP1102000,20080206,DSCH,12827.53,G
329,28,PIE,IP1102000,20080207,DSCH,16735.26,G
329,28,PIE,IP1102000,20080208,DSCH,20614.67,G
329,28,PIE,IP1102000,20080209,DSCH,23276.45,G
329,28,PIE,IP1102000,20080210,DSCH,23078.23,G
329,28,PIE,IP1102000,20080211,DSCH,19538.63,G
329,28,PIE,IP1102000,20080212,DSCH,16678.62,G
329,28,PIE,IP1102000,20080213,DSCH,16537.04,G
329,28,PIE,IP1102000,20080214,DSCH,23191.50,G
329,28,PIE,IP1102000,20080215,DSCH,26816.06,G
329,28,PIE,IP1102000,20080216,DSCH,28203.58,G
329,28,PIE,IP1102000,20080217,DSCH,26504.57,G
329,28,PIE,IP1102000,20080218,DSCH,29449.52,G
329,28,PIE,IP1102000,20080219,DSCH,34829.73,G
329,28,PIE,IP1102000,20080220,DSCH,31714.87,G
329,28,PIE,IP1102000,20080221,DSCH,28316.85,G
329,28,PIE,IP1102000,20080222,DSCH,24833.88,G
329,28,PIE,IP1102000,20080223,DSCH,20331.50,G
329,28,PIE,IP1102000,20080224,DSCH,20133.28,G
329,28,PIE,IP1102000,20080225,DSCH,18264.37,G
329,28,PIE,IP1102000,20080226,DSCH,16225.56,G
329,28,PIE,IP1102000,20080227,DSCH,16027.34,G
329,28,PIE,IP1102000,20080228,DSCH,15942.39,G
329,28,PIE,IP1102000,20080229,DSCH,17414.86,G
329,28,PIE,IP1102000,20080301,DSCH,15262.78,G
329,28,PIE,IP1102000,20080302,DSCH,16197.24,G
329,28,PIE,IP1102000,20080303,DSCH,15177.83,G
329,28,PIE,IP1102000,20080304,DSCH,14300.01,G
329,28,PIE,IP1102000,20080305,DSCH,20812.88,G
329,28,PIE,IP1102000,20080306,DSCH,26079.82,G
329,28,PIE,IP1102000,20080307,DSCH,26334.67,G
329,28,PIE,IP1102000,20080308,DSCH,35679.23,G
329,28,PIE,IP1102000,20080309,DSCH,43607.95,G
329,28,PIE,IP1102000,20080310,DSCH,44174.29,G
329,28,PIE,IP1102000,20080311,DSCH,43891.12,G
329,28,PIE,IP1102000,20080312,DSCH,42192.11,G
329,28,PIE,IP1102000,20080313,DSCH,38510.92,G
329,28,PIE,IP1102000,20080314,DSCH,31714.87,G
329,28,PIE,IP1102000,20080315,DSCH,28260.22,G
329,28,PIE,IP1102000,20080316,DSCH,25513.48,G
329,28,PIE,IP1102000,20080317,DSCH,21294.27,G
329,28,PIE,IP1102000,20080318,DSCH,18349.32,G
329,28,PIE,IP1102000,20080319,DSCH,16367.14,G
329,28,PIE,IP1102000,20080320,DSCH,18802.39,G
329,28,PIE,IP1102000,20080321,DSCH,19227.14,G
329,28,PIE,IP1102000,20080322,DSCH,18689.12,G
329,28,PIE,IP1102000,20080323,DSCH,17103.38,G
329,28,PIE,IP1102000,20080324,DSCH,15234.47,G
329,28,PIE,IP1102000,20080325,DSCH,13648.72,G
329,28,PIE,IP1102000,20080326,DSCH,12431.10,G
329,28,PIE,IP1102000,20080327,DSCH,11496.64,G
329,28,PIE,IP1102000,20080328,DSCH,11213.47,G
329,28,PIE,IP1102000,20080329,DSCH,11440.01,G
329,28,PIE,IP1102000,20080330,DSCH,11638.23,G
329,28,PIE,IP1102000,20080331,DSCH,11553.27,G
329,28,PIE,IP1102000,20080401,DSCH,11496.64,G
329,28,PIE,IP1102000,20080402,DSCH,11638.23,G
329,28,PIE,IP1102000,20080403,DSCH,11723.18,G
329,28,PIE,IP1102000,20080404,DSCH,12176.25,G
329,28,PIE,IP1102000,20080405,DSCH,13195.65,G
329,28,PIE,IP1102000,20080406,DSCH,13677.04,G
329,28,PIE,IP1102000,20080407,DSCH,13648.72,G
329,28,PIE,IP1102000,20080408,DSCH,13139.02,G
329,28,PIE,IP1102000,20080409,DSCH,12289.51,G
329,28,PIE,IP1102000,20080410,DSCH,11440.01,G
329,28,PIE,IP1102000,20080411,DSCH,10732.09,G
329,28,PIE,IP1102000,20080412,DSCH,10562.19,G
329,28,PIE,IP1102000,20080413,DSCH,10165.75,G
329,28,PIE,IP1102000,20080414,DSCH,9910.90,G
329,28,PIE,IP1102000,20080415,DSCH,9825.95,G
329,28,PIE,IP1102000,20080416,DSCH,9401.19,G
329,28,PIE,IP1102000,20080417,DSCH,8863.17,G
329,28,PIE,IP1102000,20080418,DSCH,8438.42,G
329,28,PIE,IP1102000,20080419,DSCH,8098.62,G
329,28,PIE,IP1102000,20080420,DSCH,7220.80,G
329,28,PIE,IP1102000,20080421,DSCH,6569.51,G
329,28,PIE,IP1102000,20080422,DSCH,6059.81,G
329,28,PIE,IP1102000,20080423,DSCH,5635.05,G
329,28,PIE,IP1102000,20080424,DSCH,4955.45,G
329,28,PIE,IP1102000,20080425,DSCH,4332.48,G
329,28,PIE,IP1102000,20080426,DSCH,4105.94,G
329,28,PIE,IP1102000,20080427,DSCH,4020.99,G
329,28,PIE,IP1102000,20080428,DSCH,4049.31,G
329,28,PIE,IP1102000,20080429,DSCH,5380.20,G
329,28,PIE,IP1102000,20080430,DSCH,8296.84,G
329,28,PIE,IP1102000,20080501,DSCH,10505.55,G
329,28,PIE,IP1102000,20080502,DSCH,11524.96,G
329,28,PIE,IP1102000,20080503,DSCH,11440.01,G
329,28,PIE,IP1102000,20080504,DSCH,10817.04,G
329,28,PIE,IP1102000,20080505,DSCH,10279.02,G
329,28,PIE,IP1102000,20080506,DSCH,9769.31,G
329,28,PIE,IP1102000,20080507,DSCH,9146.34,G
329,28,PIE,IP1102000,20080508,DSCH,8325.15,G
329,28,PIE,IP1102000,20080509,DSCH,7532.28,G
329,28,PIE,IP1102000,20080510,DSCH,7079.21,G
329,28,PIE,IP1102000,20080511,DSCH,6682.78,G
329,28,PIE,IP1102000,20080512,DSCH,6229.71,G
329,28,PIE,IP1102000,20080513,DSCH,5550.10,G
329,28,PIE,IP1102000,20080514,DSCH,4898.82,G
329,28,PIE,IP1102000,20080515,DSCH,4332.48,G
329,28,PIE,IP1102000,20080516,DSCH,3964.36,G
329,28,PIE,IP1102000,20080517,DSCH,3737.82,G
329,28,PIE,IP1102000,20080518,DSCH,3709.51,G
329,28,PIE,IP1102000,20080519,DSCH,3737.82,G
329,28,PIE,IP1102000,20080520,DSCH,3652.87,G
329,28,PIE,IP1102000,20080521,DSCH,3398.02,G
329,28,PIE,IP1102000,20080522,DSCH,3086.54,G
329,28,PIE,IP1102000,20080523,DSCH,2746.73,G
329,28,PIE,IP1102000,20080524,DSCH,2491.88,G
329,28,PIE,IP1102000,20080525,DSCH,2378.62,G
329,28,PIE,IP1102000,20080526,DSCH,2208.71,G
329,28,PIE,IP1102000,20080527,DSCH,2038.81,G
329,28,PIE,IP1102000,20080528,DSCH,1868.91,G
329,28,PIE,IP1102000,20080529,DSCH,1670.69,G
329,28,PIE,IP1102000,20080530,DSCH,1472.48,G
329,28,PIE,IP1102000,20080531,DSCH,1359.21,G
329,28,PIE,IP1102000,20080601,DSCH,1359.21,G
329,28,PIE,IP1102000,20080602,DSCH,1529.11,G
329,28,PIE,IP1102000,20080603,DSCH,1585.74,G
329,28,PIE,IP1102000,20080604,DSCH,1727.33,G
329,28,PIE,IP1102000,20080605,DSCH,1925.55,G
329,28,PIE,IP1102000,20080606,DSCH,2152.08,G
329,28,PIE,IP1102000,20080607,DSCH,2406.93,G
329,28,PIE,IP1102000,20080608,DSCH,2520.20,G
329,28,PIE,IP1102000,20080609,DSCH,2520.20,G
329,28,PIE,IP1102000,20080610,DSCH,2378.62,G
329,28,PIE,IP1102000,20080611,DSCH,2123.76,G
329,28,PIE,IP1102000,20080612,DSCH,1812.28,G
329,28,PIE,IP1102000,20080613,DSCH,1557.43,G
329,28,PIE,IP1102000,20080614,DSCH,1359.21,G
329,28,PIE,IP1102000,20080615,DSCH,1472.48,G
329,28,PIE,IP1102000,20080616,DSCH,1387.53,G
329,28,PIE,IP1102000,20080617,DSCH,1444.16,G
329,28,PIE,IP1102000,20080618,DSCH,1415.84,G
329,28,PIE,IP1102000,20080619,DSCH,1415.84,G
329,28,PIE,IP1102000,20080620,DSCH,1415.84,G
329,28,PIE,IP1102000,20080621,DSCH,1330.89,G
329,28,PIE,IP1102000,20080622,DSCH,1274.26,G
329,28,PIE,IP1102000,20080623,DSCH,1444.16,G
329,28,PIE,IP1102000,20080624,DSCH,1727.33,G
329,28,PIE,IP1102000,20080625,DSCH,1699.01,G
329,28,PIE,IP1102000,20080626,DSCH,1812.28,G
329,28,PIE,IP1102000,20080627,DSCH,1982.18,G
329,28,PIE,IP1102000,20080628,DSCH,2123.76,G
329,28,PIE,IP1102000,20080629,DSCH,2067.13,G
329,28,PIE,IP1102000,20080630,DSCH,1982.18,G
329,28,PIE,IP1102000,20080701,DSCH,1925.55,G
329,28,PIE,IP1102000,20080702,DSCH,1840.60,G
329,28,PIE,IP1102000,20080703,DSCH,1897.23,G
329,28,PIE,IP1102000,20080704,DSCH,2038.81,G
329,28,PIE,IP1102000,20080705,DSCH,2321.98,G
329,28,PIE,IP1102000,20080706,DSCH,2406.93,G
329,28,PIE,IP1102000,20080707,DSCH,2463.57,G
329,28,PIE,IP1102000,20080708,DSCH,2321.98,G
329,28,PIE,IP1102000,20080709,DSCH,2123.76,G
329,28,PIE,IP1102000,20080710,DSCH,2463.57,G
329,28,PIE,IP1102000,20080711,DSCH,2350.30,G
329,28,PIE,IP1102000,20080712,DSCH,2463.57,G
329,28,PIE,IP1102000,20080713,DSCH,2576.83,G
329,28,PIE,IP1102000,20080714,DSCH,2520.20,G
329,28,PIE,IP1102000,20080715,DSCH,2293.66,G
329,28,PIE,IP1102000,20080716,DSCH,2038.81,G
329,28,PIE,IP1102000,20080717,DSCH,1783.96,G
329,28,PIE,IP1102000,20080718,DSCH,1585.74,G
329,28,PIE,IP1102000,20080719,DSCH,1415.84,G
329,28,PIE,IP1102000,20080720,DSCH,1359.21,G
329,28,PIE,IP1102000,20080721,DSCH,1585.74,G
329,28,PIE,IP1102000,20080722,DSCH,1812.28,G
329,28,PIE,IP1102000,20080723,DSCH,2123.76,G
329,28,PIE,IP1102000,20080724,DSCH,3539.61,G
329,28,PIE,IP1102000,20080725,DSCH,7079.21,G
329,28,PIE,IP1102000,20080726,DSCH,10505.55,G
329,28,PIE,IP1102000,20080727,DSCH,12855.85,G
329,28,PIE,IP1102000,20080728,DSCH,14158.43,G
329,28,PIE,IP1102000,20080729,DSCH,13960.21,G
329,28,PIE,IP1102000,20080730,DSCH,13563.77,G
329,28,PIE,IP1102000,20080731,DSCH,12940.80,G
329,28,PIE,IP1102000,20080801,DSCH,12062.98,G
329,28,PIE,IP1102000,20080802,DSCH,11100.21,G
329,28,PIE,IP1102000,20080803,DSCH,10250.70,G
329,28,PIE,IP1102000,20080804,DSCH,9854.26,G
329,28,PIE,IP1102000,20080805,DSCH,8863.17,G
329,28,PIE,IP1102000,20080806,DSCH,7419.01,G
329,28,PIE,IP1102000,20080807,DSCH,6229.71,G
329,28,PIE,IP1102000,20080808,DSCH,5635.05,G
329,28,PIE,IP1102000,20080809,DSCH,5776.64,G
329,28,PIE,IP1102000,20080810,DSCH,5748.32,G
329,28,PIE,IP1102000,20080811,DSCH,6427.92,G
329,28,PIE,IP1102000,20080812,DSCH,7192.48,G
329,28,PIE,IP1102000,20080813,DSCH,7022.58,G
329,28,PIE,IP1102000,20080814,DSCH,6767.73,G
329,28,PIE,IP1102000,20080815,DSCH,6342.97,G
329,28,PIE,IP1102000,20080816,DSCH,6201.39,G
329,28,PIE,IP1102000,20080817,DSCH,5918.22,G
329,28,PIE,IP1102000,20080818,DSCH,5521.79,G
329,28,PIE,IP1102000,20080819,DSCH,5125.35,G
329,28,PIE,IP1102000,20080820,DSCH,4643.96,G
329,28,PIE,IP1102000,20080821,DSCH,4219.21,G
329,28,PIE,IP1102000,20080822,DSCH,3709.51,G
329,28,PIE,IP1102000,20080823,DSCH,3256.44,G
329,28,PIE,IP1102000,20080824,DSCH,3086.54,G
329,28,PIE,IP1102000,20080825,DSCH,2803.37,G
329,28,PIE,IP1102000,20080826,DSCH,2491.88,G
329,28,PIE,IP1102000,20080827,DSCH,2095.45,G
329,28,PIE,IP1102000,20080828,DSCH,1868.91,G
329,28,PIE,IP1102000,20080829,DSCH,1727.33,G
329,28,PIE,IP1102000,20080830,DSCH,1585.74,G
329,28,PIE,IP1102000,20080831,DSCH,1500.79,G
329,28,PIE,IP1102000,20080901,DSCH,1330.89,G
329,28,PIE,IP1102000,20080902,DSCH,1160.99,G
329,28,PIE,IP1102000,20080903,DSCH,1047.72,G
329,28,PIE,IP1102000,20080904,DSCH,934.46,G
329,28,PIE,IP1102000,20080905,DSCH,821.19,G
329,28,PIE,IP1102000,20080906,DSCH,1047.72,G
329,28,PIE,IP1102000,20080907,DSCH,3256.44,G
329,28,PIE,IP1102000,20080908,DSCH,4275.84,G
329,28,PIE,IP1102000,20080909,DSCH,5804.95,G
329,28,PIE,IP1102000,20080910,DSCH,6569.51,G
329,28,PIE,IP1102000,20080911,DSCH,6399.61,G
329,28,PIE,IP1102000,20080912,DSCH,6088.12,G
329,28,PIE,IP1102000,20080913,DSCH,5635.05,G
329,28,PIE,IP1102000,20080914,DSCH,5266.93,G
329,28,PIE,IP1102000,20080915,DSCH,4898.82,G
329,28,PIE,IP1102000,20080916,DSCH,4445.75,G
329,28,PIE,IP1102000,20080917,DSCH,4049.31,G
329,28,PIE,IP1102000,20080918,DSCH,3709.51,G
329,28,PIE,IP1102000,20080919,DSCH,3369.71,G
329,28,PIE,IP1102000,20080920,DSCH,3058.22,G
329,28,PIE,IP1102000,20080921,DSCH,2803.37,G
329,28,PIE,IP1102000,20080922,DSCH,2576.83,G
329,28,PIE,IP1102000,20080923,DSCH,2406.93,G
329,28,PIE,IP1102000,20080924,DSCH,2435.25,G
329,28,PIE,IP1102000,20080925,DSCH,1982.18,G
329,28,PIE,IP1102000,20080926,DSCH,2661.78,G
329,28,PIE,IP1102000,20080927,DSCH,5606.74,G
329,28,PIE,IP1102000,20080928,DSCH,9457.83,G
329,28,PIE,IP1102000,20080929,DSCH,11779.81,G
329,28,PIE,IP1102000,20080930,DSCH,12940.80,G
329,28,PIE,IP1102000,20081001,DSCH,13167.34,G
329,28,PIE,IP1102000,20081002,DSCH,12827.53,G
329,28,PIE,IP1102000,20081003,DSCH,11751.49,G
329,28,PIE,IP1102000,20081004,DSCH,10618.82,G
329,28,PIE,IP1102000,20081005,DSCH,9571.10,G
329,28,PIE,IP1102000,20081006,DSCH,8551.69,G
329,28,PIE,IP1102000,20081007,DSCH,7560.60,G
329,28,PIE,IP1102000,20081008,DSCH,6654.46,G
329,28,PIE,IP1102000,20081009,DSCH,5974.86,G
329,28,PIE,IP1102000,20081010,DSCH,5266.93,G
329,28,PIE,IP1102000,20081011,DSCH,4728.91,G
329,28,PIE,IP1102000,20081012,DSCH,4304.16,G
329,28,PIE,IP1102000,20081013,DSCH,3907.73,G
329,28,PIE,IP1102000,20081014,DSCH,3596.24,G
329,28,PIE,IP1102000,20081015,DSCH,3313.07,G
329,28,PIE,IP1102000,20081016,DSCH,3058.22,G
329,28,PIE,IP1102000,20081017,DSCH,2831.69,G
329,28,PIE,IP1102000,20081018,DSCH,2690.10,G
329,28,PIE,IP1102000,20081019,DSCH,2548.52,G
329,28,PIE,IP1102000,20081020,DSCH,2406.93,G
329,28,PIE,IP1102000,20081021,DSCH,2350.30,G
329,28,PIE,IP1102000,20081022,DSCH,2293.66,G
329,28,PIE,IP1102000,20081023,DSCH,2180.40,G
329,28,PIE,IP1102000,20081024,DSCH,2180.40,G
329,28,PIE,IP1102000,20081025,DSCH,2180.40,G
329,28,PIE,IP1102000,20081026,DSCH,2576.83,G
329,28,PIE,IP1102000,20081027,DSCH,2746.73,G
329,28,PIE,IP1102000,20081028,DSCH,3171.49,G
329,28,PIE,IP1102000,20081029,DSCH,3709.51,G
329,28,PIE,IP1102000,20081030,DSCH,4134.26,G
329,28,PIE,IP1102000,20081031,DSCH,4275.84,G
329,28,PIE,IP1102000,20081101,DSCH,4304.16,G
329,28,PIE,IP1102000,20081102,DSCH,4190.89,G
329,28,PIE,IP1102000,20081103,DSCH,4162.58,G
329,28,PIE,IP1102000,20081104,DSCH,3992.68,G
329,28,PIE,IP1102000,20081105,DSCH,3964.36,G
329,28,PIE,IP1102000,20081106,DSCH,3907.73,G
329,28,PIE,IP1102000,20081107,DSCH,4389.11,G
329,28,PIE,IP1102000,20081108,DSCH,4785.55,G
329,28,PIE,IP1102000,20081109,DSCH,5097.03,G
329,28,PIE,IP1102000,20081110,DSCH,5295.25,G
329,28,PIE,IP1102000,20081111,DSCH,5210.30,G
329,28,PIE,IP1102000,20081112,DSCH,4757.23,G
329,28,PIE,IP1102000,20081113,DSCH,4332.48,G
329,28,PIE,IP1102000,20081114,DSCH,4134.26,G
329,28,PIE,IP1102000,20081115,DSCH,4049.31,G
329,28,PIE,IP1102000,20081116,DSCH,4332.48,G
329,28,PIE,IP1102000,20081117,DSCH,4332.48,G
329,28,PIE,IP1102000,20081118,DSCH,4275.84,G
329,28,PIE,IP1102000,20081119,DSCH,4304.16,G
329,28,PIE,IP1102000,20081120,DSCH,4049.31,G
329,28,PIE,IP1102000,20081121,DSCH,3709.51,G
329,28,PIE,IP1102000,20081122,DSCH,3454.66,G
329,28,PIE,IP1102000,20081123,DSCH,3199.80,G
329,28,PIE,IP1102000,20081124,DSCH,3029.90,G
329,28,PIE,IP1102000,20081125,DSCH,3936.04,G
329,28,PIE,IP1102000,20081126,DSCH,5635.05,G
329,28,PIE,IP1102000,20081127,DSCH,7588.92,G
329,28,PIE,IP1102000,20081128,DSCH,9656.05,G
329,28,PIE,IP1102000,20081129,DSCH,10845.35,G
329,28,PIE,IP1102000,20081130,DSCH,10873.67,G
329,28,PIE,IP1102000,20081201,DSCH,11496.64,G
329,28,PIE,IP1102000,20081202,DSCH,12204.56,G
329,28,PIE,IP1102000,20081203,DSCH,13110.70,G
329,28,PIE,IP1102000,20081204,DSCH,13195.65,G
329,28,PIE,IP1102000,20081205,DSCH,12346.15,G
329,28,PIE,IP1102000,20081206,DSCH,10845.35,G
329,28,PIE,IP1102000,20081207,DSCH,9542.78,G
329,28,PIE,IP1102000,20081208,DSCH,8240.20,G
329,28,PIE,IP1102000,20081209,DSCH,6399.61,G
329,28,PIE,IP1102000,20081210,DSCH,5946.54,G
329,28,PIE,IP1102000,20081211,DSCH,6399.61,G
329,28,PIE,IP1102000,20081212,DSCH,13478.82,G
329,28,PIE,IP1102000,20081213,DSCH,24182.59,G
329,28,PIE,IP1102000,20081214,DSCH,30865.37,G
329,28,PIE,IP1102000,20081215,DSCH,31714.87,G
329,28,PIE,IP1102000,20081216,DSCH,28316.85,G
329,28,PIE,IP1102000,20081217,DSCH,25145.36,G
329,28,PIE,IP1102000,20081218,DSCH,22370.31,G
329,28,PIE,IP1102000,20081219,DSCH,19340.41,G
329,28,PIE,IP1102000,20081220,DSCH,14215.06,G
329,28,PIE,IP1102000,20081221,DSCH,12855.85,G
329,28,PIE,IP1102000,20081222,DSCH,12147.93,G
329,28,PIE,IP1102000,20081223,DSCH,13478.82,G
329,28,PIE,IP1102000,20081224,DSCH,12487.73,G
329,28,PIE,IP1102000,20081225,DSCH,13082.38,G
329,28,PIE,IP1102000,20081226,DSCH,14894.66,G
329,28,PIE,IP1102000,20081227,DSCH,14809.71,G
329,28,PIE,IP1102000,20081228,DSCH,19142.19,G
329,28,PIE,IP1102000,20081229,DSCH,27637.25,G
329,28,PIE,IP1102000,20081230,DSCH,23502.99,G
329,28,PIE,IP1102000,20081231,DSCH,22172.09,G
329,28,PIE,IP1102000,20090101,DSCH,19736.84,G
329,28,PIE,IP1102000,20090102,DSCH,21577.44,G
329,28,PIE,IP1102000,20090103,DSCH,19368.73,G
329,28,PIE,IP1102000,20090104,DSCH,15885.75,G
329,28,PIE,IP1102000,20090105,DSCH,12261.20,G
329,28,PIE,IP1102000,20090106,DSCH,12431.10,G
329,28,PIE,IP1102000,20090107,DSCH,10562.19,G
329,28,PIE,IP1102000,20090108,DSCH,10675.45,G
329,28,PIE,IP1102000,20090109,DSCH,13478.82,G
329,28,PIE,IP1102000,20090110,DSCH,12855.85,G
329,28,PIE,IP1102000,20090111,DSCH,9712.68,G
329,28,PIE,IP1102000,20090112,DSCH,9259.61,G
329,28,PIE,IP1102000,20090113,DSCH,9599.41,G
329,28,PIE,IP1102000,20090114,DSCH,8551.69,G
329,28,PIE,IP1102000,20090115,DSCH,8240.20,G
329,28,PIE,IP1102000,20090116,DSCH,7645.55,G
329,28,PIE,IP1102000,20090117,DSCH,6258.02,G
329,28,PIE,IP1102000,20090118,DSCH,5776.64,G
329,28,PIE,IP1102000,20090119,DSCH,5436.84,G
329,28,PIE,IP1102000,20090120,DSCH,5295.25,G
329,28,PIE,IP1102000,20090121,DSCH,5210.30,G
329,28,PIE,IP1102000,20090122,DSCH,5097.03,G
322,28,PIE,PR1101000,20080511,DSCH,1019.41,G
322,28,PIE,PR1101000,20080512,DSCH,906.14,G
322,28,PIE,PR1101000,20080513,DSCH,821.19,G
322,28,PIE,PR1101000,20080514,DSCH,736.24,G
322,28,PIE,PR1101000,20080515,DSCH,651.29,G
322,28,PIE,PR1101000,20080516,DSCH,566.34,G
322,28,PIE,PR1101000,20080517,DSCH,622.97,G
322,28,PIE,PR1101000,20080518,DSCH,679.60,G
322,28,PIE,PR1101000,20080519,DSCH,679.60,G
322,28,PIE,PR1101000,20080520,DSCH,594.65,G
322,28,PIE,PR1101000,20080521,DSCH,566.34,G
322,28,PIE,PR1101000,20080522,DSCH,538.02,G
322,28,PIE,PR1101000,20080523,DSCH,481.39,G
322,28,PIE,PR1101000,20080524,DSCH,424.75,G
322,28,PIE,PR1101000,20080525,DSCH,368.12,G
322,28,PIE,PR1101000,20080526,DSCH,339.80,G
322,28,PIE,PR1101000,20080527,DSCH,368.12,G
322,28,PIE,PR1101000,20080528,DSCH,453.07,G
322,28,PIE,PR1101000,20080529,DSCH,424.75,G
322,28,PIE,PR1101000,20080530,DSCH,368.12,G
322,28,PIE,PR1101000,20080531,DSCH,368.12,G
322,28,PIE,PR1101000,20080601,DSCH,424.75,G
322,28,PIE,PR1101000,20080602,DSCH,396.44,G
322,28,PIE,PR1101000,20080603,DSCH,339.80,G
322,28,PIE,PR1101000,20080604,DSCH,339.80,G
322,28,PIE,PR1101000,20080605,DSCH,396.44,G
322,28,PIE,PR1101000,20080606,DSCH,424.75,G
322,28,PIE,PR1101000,20080607,DSCH,509.70,G
322,28,PIE,PR1101000,20080608,DSCH,453.07,G
322,28,PIE,PR1101000,20080609,DSCH,368.12,G
322,28,PIE,PR1101000,20080610,DSCH,311.49,G
322,28,PIE,PR1101000,20080611,DSCH,271.84,G
322,28,PIE,PR1101000,20080612,DSCH,226.53,G
322,28,PIE,PR1101000,20080613,DSCH,184.06,G
322,28,PIE,PR1101000,20080614,DSCH,155.74,G
322,28,PIE,PR1101000,20080615,DSCH,147.25,G
322,28,PIE,PR1101000,20080616,DSCH,144.42,G
322,28,PIE,PR1101000,20080617,DSCH,161.41,G
322,28,PIE,PR1101000,20080618,DSCH,152.91,G
322,28,PIE,PR1101000,20080619,DSCH,141.58,G
322,28,PIE,PR1101000,20080620,DSCH,147.25,G
322,28,PIE,PR1101000,20080621,DSCH,135.92,G
322,28,PIE,PR1101000,20080622,DSCH,124.59,G
322,28,PIE,PR1101000,20080623,DSCH,164.24,G
322,28,PIE,PR1101000,20080624,DSCH,223.70,G
322,28,PIE,PR1101000,20080625,DSCH,280.34,G
322,28,PIE,PR1101000,20080626,DSCH,232.20,G
322,28,PIE,PR1101000,20080627,DSCH,271.84,G
322,28,PIE,PR1101000,20080628,DSCH,368.12,G
322,28,PIE,PR1101000,20080629,DSCH,339.80,G
322,28,PIE,PR1101000,20080630,DSCH,368.12,G
322,28,PIE,PR1101000,20080701,DSCH,311.49,G
322,28,PIE,PR1101000,20080702,DSCH,254.85,G
322,28,PIE,PR1101000,20080703,DSCH,243.52,G
322,28,PIE,PR1101000,20080704,DSCH,339.80,G
322,28,PIE,PR1101000,20080705,DSCH,368.12,G
322,28,PIE,PR1101000,20080706,DSCH,339.80,G
322,28,PIE,PR1101000,20080707,DSCH,283.17,G
322,28,PIE,PR1101000,20080708,DSCH,229.37,G
322,28,PIE,PR1101000,20080709,DSCH,209.54,G
322,28,PIE,PR1101000,20080710,DSCH,220.87,G
322,28,PIE,PR1101000,20080711,DSCH,186.89,G
322,28,PIE,PR1101000,20080712,DSCH,167.07,G
322,28,PIE,PR1101000,20080713,DSCH,133.09,G
322,28,PIE,PR1101000,20080714,DSCH,104.77,G
322,28,PIE,PR1101000,20080715,DSCH,53.80,G
322,28,PIE,PR1101000,20080716,DSCH,39.64,G
322,28,PIE,PR1101000,20080717,DSCH,31.15,G
322,28,PIE,PR1101000,20080718,DSCH,23.79,G
322,28,PIE,PR1101000,20080719,DSCH,20.95,G
322,28,PIE,PR1101000,20080720,DSCH,24.92,G
322,28,PIE,PR1101000,20080721,DSCH,62.30,G
322,28,PIE,PR1101000,20080722,DSCH,189.72,G
322,28,PIE,PR1101000,20080723,DSCH,368.12,G
322,28,PIE,PR1101000,20080724,DSCH,1217.62,G
322,28,PIE,PR1101000,20080725,DSCH,2123.76,G
322,28,PIE,PR1101000,20080726,DSCH,2520.20,G
322,28,PIE,PR1101000,20080727,DSCH,2378.62,G
322,28,PIE,PR1101000,20080728,DSCH,2208.71,G
322,28,PIE,PR1101000,20080729,DSCH,2095.45,G
322,28,PIE,PR1101000,20080730,DSCH,2067.13,G
322,28,PIE,PR1101000,20080731,DSCH,1840.60,G
322,28,PIE,PR1101000,20080801,DSCH,1614.06,G
322,28,PIE,PR1101000,20080802,DSCH,1444.16,G
322,28,PIE,PR1101000,20080803,DSCH,1302.58,G
322,28,PIE,PR1101000,20080804,DSCH,1160.99,G
322,28,PIE,PR1101000,20080805,DSCH,991.09,G
322,28,PIE,PR1101000,20080806,DSCH,934.46,G
322,28,PIE,PR1101000,20080807,DSCH,962.77,G
322,28,PIE,PR1101000,20080808,DSCH,1019.41,G
322,28,PIE,PR1101000,20080809,DSCH,1019.41,G
322,28,PIE,PR1101000,20080810,DSCH,1047.72,G
322,28,PIE,PR1101000,20080811,DSCH,1047.72,G
322,28,PIE,PR1101000,20080812,DSCH,1359.21,G
322,28,PIE,PR1101000,20080813,DSCH,1727.33,G
322,28,PIE,PR1101000,20080814,DSCH,1699.01,G
322,28,PIE,PR1101000,20080815,DSCH,1444.16,G
322,28,PIE,PR1101000,20080816,DSCH,1274.26,G
322,28,PIE,PR1101000,20080817,DSCH,1302.58,G
322,28,PIE,PR1101000,20080818,DSCH,1160.99,G
322,28,PIE,PR1101000,20080819,DSCH,991.09,G
322,28,PIE,PR1101000,20080820,DSCH,877.82,G
322,28,PIE,PR1101000,20080821,DSCH,764.55,G
322,28,PIE,PR1101000,20080822,DSCH,651.29,G
322,28,PIE,PR1101000,20080823,DSCH,566.34,G
322,28,PIE,PR1101000,20080824,DSCH,509.70,G
322,28,PIE,PR1101000,20080825,DSCH,453.07,G
322,28,PIE,PR1101000,20080826,DSCH,339.80,G
322,28,PIE,PR1101000,20080827,DSCH,260.52,G
322,28,PIE,PR1101000,20080828,DSCH,201.05,G
322,28,PIE,PR1101000,20080829,DSCH,164.24,G
322,28,PIE,PR1101000,20080830,DSCH,133.09,G
322,28,PIE,PR1101000,20080831,DSCH,113.27,G
322,28,PIE,PR1101000,20080901,DSCH,96.28,G
322,28,PIE,PR1101000,20080902,DSCH,84.95,G
322,28,PIE,PR1101000,20080903,DSCH,73.62,G
322,28,PIE,PR1101000,20080904,DSCH,65.13,G
322,28,PIE,PR1101000,20080905,DSCH,59.47,G
322,28,PIE,PR1101000,20080906,DSCH,130.26,G
322,28,PIE,PR1101000,20080907,DSCH,934.46,G
322,28,PIE,PR1101000,20080908,DSCH,1359.21,G
322,28,PIE,PR1101000,20080909,DSCH,1330.89,G
322,28,PIE,PR1101000,20080910,DSCH,1132.67,G
322,28,PIE,PR1101000,20080911,DSCH,1047.72,G
322,28,PIE,PR1101000,20080912,DSCH,962.77,G
322,28,PIE,PR1101000,20080913,DSCH,849.51,G
322,28,PIE,PR1101000,20080914,DSCH,764.55,G
322,28,PIE,PR1101000,20080915,DSCH,707.92,G
322,28,PIE,PR1101000,20080916,DSCH,622.97,G
322,28,PIE,PR1101000,20080917,DSCH,538.02,G
322,28,PIE,PR1101000,20080918,DSCH,453.07,G
322,28,PIE,PR1101000,20080919,DSCH,368.12,G
322,28,PIE,PR1101000,20080920,DSCH,339.80,G
322,28,PIE,PR1101000,20080921,DSCH,283.17,G
322,28,PIE,PR1101000,20080922,DSCH,237.86,G
322,28,PIE,PR1101000,20080923,DSCH,192.55,G
322,28,PIE,PR1101000,20080924,DSCH,161.41,G
322,28,PIE,PR1101000,20080925,DSCH,164.24,G
322,28,PIE,PR1101000,20080926,DSCH,396.44,G
322,28,PIE,PR1101000,20080927,DSCH,1472.48,G
322,28,PIE,PR1101000,20080928,DSCH,2775.05,G
322,28,PIE,PR1101000,20080929,DSCH,2973.27,G
322,28,PIE,PR1101000,20080930,DSCH,2576.83,G
322,28,PIE,PR1101000,20081001,DSCH,2123.76,G
322,28,PIE,PR1101000,20081002,DSCH,1812.28,G
322,28,PIE,PR1101000,20081003,DSCH,1585.74,G
322,28,PIE,PR1101000,20081004,DSCH,1359.21,G
322,28,PIE,PR1101000,20081005,DSCH,1160.99,G
322,28,PIE,PR1101000,20081006,DSCH,962.77,G
322,28,PIE,PR1101000,20081007,DSCH,877.82,G
322,28,PIE,PR1101000,20081008,DSCH,679.60,G
322,28,PIE,PR1101000,20081009,DSCH,651.29,G
322,28,PIE,PR1101000,20081010,DSCH,594.65,G
322,28,PIE,PR1101000,20081011,DSCH,566.34,G
322,28,PIE,PR1101000,20081012,DSCH,509.70,G
322,28,PIE,PR1101000,20081013,DSCH,424.75,G
322,28,PIE,PR1101000,20081014,DSCH,368.12,G
322,28,PIE,PR1101000,20081015,DSCH,311.49,G
322,28,PIE,PR1101000,20081016,DSCH,283.17,G
322,28,PIE,PR1101000,20081017,DSCH,274.67,G
322,28,PIE,PR1101000,20081018,DSCH,339.80,G
322,28,PIE,PR1101000,20081019,DSCH,368.12,G
322,28,PIE,PR1101000,20081020,DSCH,396.44,G
322,28,PIE,PR1101000,20081021,DSCH,396.44,G
322,28,PIE,PR1101000,20081022,DSCH,396.44,G
322,28,PIE,PR1101000,20081023,DSCH,396.44,G
322,28,PIE,PR1101000,20081024,DSCH,424.75,G
322,28,PIE,PR1101000,20081025,DSCH,396.44,G
322,28,PIE,PR1101000,20081026,DSCH,1019.41,G
322,28,PIE,PR1101000,20081027,DSCH,1670.69,G
322,28,PIE,PR1101000,20081028,DSCH,1755.64,G
322,28,PIE,PR1101000,20081029,DSCH,1642.38,G
322,28,PIE,PR1101000,20081030,DSCH,1415.84,G
322,28,PIE,PR1101000,20081031,DSCH,1217.62,G
322,28,PIE,PR1101000,20081101,DSCH,1076.04,G
322,28,PIE,PR1101000,20081102,DSCH,991.09,G
322,28,PIE,PR1101000,20081103,DSCH,877.82,G
322,28,PIE,PR1101000,20081104,DSCH,821.19,G
322,28,PIE,PR1101000,20081105,DSCH,821.19,G
322,28,PIE,PR1101000,20081106,DSCH,1019.41,G
322,28,PIE,PR1101000,20081107,DSCH,1415.84,G
322,28,PIE,PR1101000,20081108,DSCH,1699.01,G
322,28,PIE,PR1101000,20081109,DSCH,1585.74,G
322,28,PIE,PR1101000,20081110,DSCH,1387.53,G
322,28,PIE,PR1101000,20081111,DSCH,1245.94,G
322,28,PIE,PR1101000,20081112,DSCH,1104.36,G
322,28,PIE,PR1101000,20081113,DSCH,1076.04,G
322,28,PIE,PR1101000,20081114,DSCH,1160.99,G
322,28,PIE,PR1101000,20081115,DSCH,1217.62,G
322,28,PIE,PR1101000,20081116,DSCH,1387.53,G
322,28,PIE,PR1101000,20081117,DSCH,1415.84,G
322,28,PIE,PR1101000,20081118,DSCH,1302.58,G
322,28,PIE,PR1101000,20081119,DSCH,1160.99,G
322,28,PIE,PR1101000,20081120,DSCH,1047.72,G
322,28,PIE,PR1101000,20081121,DSCH,962.77,G
322,28,PIE,PR1101000,20081122,DSCH,906.14,G
322,28,PIE,PR1101000,20081123,DSCH,849.51,G
322,28,PIE,PR1101000,20081124,DSCH,736.24,G
322,28,PIE,PR1101000,20081125,DSCH,1245.94,G
322,28,PIE,PR1101000,20081126,DSCH,2208.71,G
322,28,PIE,PR1101000,20081127,DSCH,2435.25,G
322,28,PIE,PR1101000,20081128,DSCH,2208.71,G
322,28,PIE,PR1101000,20081129,DSCH,2010.50,G
322,28,PIE,PR1101000,20081130,DSCH,1925.55,G
322,28,PIE,PR1101000,20081201,DSCH,2350.30,G
322,28,PIE,PR1101000,20081202,DSCH,2690.10,G
322,28,PIE,PR1101000,20081203,DSCH,2548.52,G
322,28,PIE,PR1101000,20081204,DSCH,2265.35,G
322,28,PIE,PR1101000,20081205,DSCH,2038.81,G
322,28,PIE,PR1101000,20081206,DSCH,1812.28,G
322,28,PIE,PR1101000,20081207,DSCH,1699.01,G
322,28,PIE,PR1101000,20081208,DSCH,1755.64,G
322,28,PIE,PR1101000,20081209,DSCH,1557.43,G
322,28,PIE,PR1101000,20081210,DSCH,1953.86,G
322,28,PIE,PR1101000,20081211,DSCH,2265.35,G
322,28,PIE,PR1101000,20081212,DSCH,4275.84,G
322,28,PIE,PR1101000,20081213,DSCH,5720.00,G
322,28,PIE,PR1101000,20081214,DSCH,5295.25,G
322,28,PIE,PR1101000,20081215,DSCH,4842.18,G
322,28,PIE,PR1101000,20081216,DSCH,4417.43,G
322,28,PIE,PR1101000,20081217,DSCH,3964.36,G
322,28,PIE,PR1101000,20081218,DSCH,3511.29,G
322,28,PIE,PR1101000,20081219,DSCH,3228.12,G
322,28,PIE,PR1101000,20081220,DSCH,2916.64,G
322,28,PIE,PR1101000,20081221,DSCH,2746.73,G
322,28,PIE,PR1101000,20081222,DSCH,2491.88,G
322,28,PIE,PR1101000,20081223,DSCH,2406.93,G
322,28,PIE,PR1101000,20081224,DSCH,2321.98,G
322,28,PIE,PR1101000,20081225,DSCH,2633.47,G
322,28,PIE,PR1101000,20081226,DSCH,2775.05,G
322,28,PIE,PR1101000,20081227,DSCH,2860.00,G
322,28,PIE,PR1101000,20081228,DSCH,3114.85,G
322,28,PIE,PR1101000,20081229,DSCH,3567.92,G
322,28,PIE,PR1101000,20081230,DSCH,3624.56,G
322,28,PIE,PR1101000,20081231,DSCH,3143.17,G
322,28,PIE,PR1101000,20090101,DSCH,3426.34,G
322,28,PIE,PR1101000,20090102,DSCH,3001.59,G
322,28,PIE,PR1101000,20090103,DSCH,2293.66,G
322,28,PIE,PR1101000,20090104,DSCH,2095.45,G
322,28,PIE,PR1101000,20090105,DSCH,1953.86,G
322,28,PIE,PR1101000,20090106,DSCH,1812.28,G
322,28,PIE,PR1101000,20090107,DSCH,1812.28,G
322,28,PIE,PR1101000,20090108,DSCH,1953.86,G
322,28,PIE,PR1101000,20090109,DSCH,1982.18,G
322,28,PIE,PR1101000,20090110,DSCH,1897.23,G
322,28,PIE,PR1101000,20090111,DSCH,1755.64,G
322,28,PIE,PR1101000,20090112,DSCH,1699.01,G
322,28,PIE,PR1101000,20090113,DSCH,1642.38,G
322,28,PIE,PR1101000,20090114,DSCH,1529.11,G
322,28,PIE,PR1101000,20090115,DSCH,1444.16,G
322,28,PIE,PR1101000,20090116,DSCH,1330.89,G
322,28,PIE,PR1101000,20090117,DSCH,1217.62,G
322,28,PIE,PR1101000,20090118,DSCH,1189.31,G
322,28,PIE,PR1101000,20090119,DSCH,1132.67,G
322,28,PIE,PR1101000,20090120,DSCH,1132.67,G
322,28,PIE,PR1101000,20090121,DSCH,1132.67,G
322,28,PIE,PR1101000,20090122,DSCH,1132.67,G
