658,55,SER,LIN6891648,20070411,TMEA,18.44,G
658,55,SER,LIN6891648,20070411,TMIN,17.14,G
658,55,SER,LIN6891648,20070411,TMAX,22.48,G
658,55,SER,LIN6891648,20070411,DEW,17.41,G
658,55,SER,LIN6891648,20070411,RH,93.95,G
658,55,SER,LIN6891648,20070411,PREC,2.5,G
658,55,SER,LIN6891648,20070412,TMEA,18.81,G
658,55,SER,LIN6891648,20070412,TMIN,16.76,G
658,55,SER,LIN6891648,20070412,TMAX,22.48,G
658,55,SER,LIN6891648,20070412,DEW,16.71,G
658,55,SER,LIN6891648,20070412,RH,88.18,G
658,55,SER,LIN6891648,20070412,PREC,0,G
658,55,SER,LIN6891648,20070413,TMEA,20.09,G
658,55,SER,LIN6891648,20070413,TMIN,15.62,G
658,55,SER,LIN6891648,20070413,TMAX,26.34,G
658,55,SER,LIN6891648,20070413,DEW,16.47,G
658,55,SER,LIN6891648,20070413,RH,81.57,G
658,55,SER,LIN6891648,20070413,PREC,0,G
658,55,SER,LIN6891648,20070414,TMEA,21.15,G
658,55,SER,LIN6891648,20070414,TMIN,17.52,G
658,55,SER,LIN6891648,20070414,TMAX,25.56,G
658,55,SER,LIN6891648,20070414,DEW,17.37,G
658,55,SER,LIN6891648,20070414,RH,80.08,G
658,55,SER,LIN6891648,20070414,PREC,0,G
658,55,SER,LIN6891648,20070415,TMEA,20.86,G
658,55,SER,LIN6891648,20070415,TMIN,18.28,G
658,55,SER,LIN6891648,20070415,TMAX,25.56,G
658,55,SER,LIN6891648,20070415,DEW,18.28,G
658,55,SER,LIN6891648,20070415,RH,86.15,G
658,55,SER,LIN6891648,20070415,PREC,1,G
658,55,SER,LIN6891648,20070416,TMEA,22.13,G
658,55,SER,LIN6891648,20070416,TMIN,17.9,G
658,55,SER,LIN6891648,20070416,TMAX,27.91,G
658,55,SER,LIN6891648,20070416,DEW,18.54,G
658,55,SER,LIN6891648,20070416,RH,81.89,G
658,55,SER,LIN6891648,20070416,PREC,0,G
658,55,SER,LIN6891648,20070417,TMEA,22.08,G
658,55,SER,LIN6891648,20070417,TMIN,17.9,G
658,55,SER,LIN6891648,20070417,TMAX,25.95,G
658,55,SER,LIN6891648,20070417,DEW,18.18,G
658,55,SER,LIN6891648,20070417,RH,79.34,G
658,55,SER,LIN6891648,20070417,PREC,0,G
658,55,SER,LIN6891648,20070418,TMEA,20.09,G
658,55,SER,LIN6891648,20070418,TMIN,16.76,G
658,55,SER,LIN6891648,20070418,TMAX,23.24,G
658,55,SER,LIN6891648,20070418,DEW,18.2,G
658,55,SER,LIN6891648,20070418,RH,89.29,G
658,55,SER,LIN6891648,20070418,PREC,61,G
658,55,SER,LIN6891648,20070419,TMEA,19.23,G
658,55,SER,LIN6891648,20070419,TMIN,14.85,G
658,55,SER,LIN6891648,20070419,TMAX,25.17,G
658,55,SER,LIN6891648,20070419,DEW,15.25,G
658,55,SER,LIN6891648,20070419,RH,79.55,G
658,55,SER,LIN6891648,20070419,PREC,0,G
658,55,SER,LIN6891648,20070420,TMEA,19.87,G
658,55,SER,LIN6891648,20070420,TMIN,14.09,G
658,55,SER,LIN6891648,20070420,TMAX,26.73,G
658,55,SER,LIN6891648,20070420,DEW,15.84,G
658,55,SER,LIN6891648,20070420,RH,79.27,G
658,55,SER,LIN6891648,20070420,PREC,0,G
658,55,SER,LIN6891648,20070421,TMEA,21.91,G
658,55,SER,LIN6891648,20070421,TMIN,17.9,G
658,55,SER,LIN6891648,20070421,TMAX,27.12,G
658,55,SER,LIN6891648,20070421,DEW,19.24,G
658,55,SER,LIN6891648,20070421,RH,85.55,G
658,55,SER,LIN6891648,20070421,PREC,1,G
658,55,SER,LIN6891648,20070422,TMEA,23.08,G
658,55,SER,LIN6891648,20070422,TMIN,18.28,G
658,55,SER,LIN6891648,20070422,TMAX,29.5,G
658,55,SER,LIN6891648,20070422,DEW,19.19,G
658,55,SER,LIN6891648,20070422,RH,80.51,G
658,55,SER,LIN6891648,20070422,PREC,0,G
658,55,SER,LIN6891648,20070423,TMEA,23.1,G
658,55,SER,LIN6891648,20070423,TMIN,19.81,G
658,55,SER,LIN6891648,20070423,TMAX,28.7,G
658,55,SER,LIN6891648,20070423,DEW,18.83,G
658,55,SER,LIN6891648,20070423,RH,77.77,G
658,55,SER,LIN6891648,20070423,PREC,0,G
658,55,SER,LIN6891648,20070424,TMEA,22.45,G
658,55,SER,LIN6891648,20070424,TMIN,19.04,G
658,55,SER,LIN6891648,20070424,TMAX,27.91,G
658,55,SER,LIN6891648,20070424,DEW,19.04,G
658,55,SER,LIN6891648,20070424,RH,81.84,G
658,55,SER,LIN6891648,20070424,PREC,4,G
658,55,SER,LIN6891648,20070425,TMEA,21.98,G
658,55,SER,LIN6891648,20070425,TMIN,19.04,G
658,55,SER,LIN6891648,20070425,TMAX,26.34,G
658,55,SER,LIN6891648,20070425,DEW,19.41,G
658,55,SER,LIN6891648,20070425,RH,85.6,G
658,55,SER,LIN6891648,20070425,PREC,0,G
658,55,SER,LIN6891648,20070426,TMEA,20.39,G
658,55,SER,LIN6891648,20070426,TMIN,19.42,G
658,55,SER,LIN6891648,20070426,TMAX,22.09,G
658,55,SER,LIN6891648,20070426,DEW,19.66,G
658,55,SER,LIN6891648,20070426,RH,95.62,G
658,55,SER,LIN6891648,20070426,PREC,0,G
658,55,SER,LIN6891648,20070427,TMEA,22.86,G
658,55,SER,LIN6891648,20070427,TMIN,19.04,G
658,55,SER,LIN6891648,20070427,TMAX,28.31,G
658,55,SER,LIN6891648,20070427,DEW,19.62,G
658,55,SER,LIN6891648,20070427,RH,83.36,G
658,55,SER,LIN6891648,20070427,PREC,0,G
658,55,SER,LIN6891648,20070428,TMEA,22.95,G
658,55,SER,LIN6891648,20070428,TMIN,19.04,G
658,55,SER,LIN6891648,20070428,TMAX,28.31,G
658,55,SER,LIN6891648,20070428,DEW,19.72,G
658,55,SER,LIN6891648,20070428,RH,83.23,G
658,55,SER,LIN6891648,20070428,PREC,0,G
658,55,SER,LIN6891648,20070429,TMEA,21.73,G
658,55,SER,LIN6891648,20070429,TMIN,19.42,G
658,55,SER,LIN6891648,20070429,TMAX,24.01,G
658,55,SER,LIN6891648,20070429,DEW,19.87,G
658,55,SER,LIN6891648,20070429,RH,89.46,G
658,55,SER,LIN6891648,20070429,PREC,0,G
658,55,SER,LIN6891648,20070430,TMEA,23.28,G
658,55,SER,LIN6891648,20070430,TMIN,19.42,G
658,55,SER,LIN6891648,20070430,TMAX,28.7,G
658,55,SER,LIN6891648,20070430,DEW,20.22,G
658,55,SER,LIN6891648,20070430,RH,84.21,G
658,55,SER,LIN6891648,20070430,PREC,8,G
658,55,SER,LIN6891648,20070501,TMEA,21.33,G
658,55,SER,LIN6891648,20070501,TMIN,19.42,G
658,55,SER,LIN6891648,20070501,TMAX,24.79,G
658,55,SER,LIN6891648,20070501,DEW,19,G
658,55,SER,LIN6891648,20070501,RH,86.85,G
658,55,SER,LIN6891648,20070501,PREC,1,G
658,55,SER,LIN6891648,20070502,TMEA,21.87,G
658,55,SER,LIN6891648,20070502,TMIN,17.9,G
658,55,SER,LIN6891648,20070502,TMAX,27.12,G
658,55,SER,LIN6891648,20070502,DEW,18.5,G
658,55,SER,LIN6891648,20070502,RH,81.99,G
658,55,SER,LIN6891648,20070502,PREC,0,G
658,55,SER,LIN6891648,20070503,TMEA,22.28,G
658,55,SER,LIN6891648,20070503,TMIN,18.28,G
658,55,SER,LIN6891648,20070503,TMAX,27.91,G
658,55,SER,LIN6891648,20070503,DEW,18.49,G
658,55,SER,LIN6891648,20070503,RH,80.44,G
658,55,SER,LIN6891648,20070503,PREC,0,G
658,55,SER,LIN6891648,20070504,TMEA,21.96,G
658,55,SER,LIN6891648,20070504,TMIN,18.28,G
658,55,SER,LIN6891648,20070504,TMAX,26.34,G
658,55,SER,LIN6891648,20070504,DEW,17.95,G
658,55,SER,LIN6891648,20070504,RH,79.34,G
658,55,SER,LIN6891648,20070504,PREC,0,G
658,55,SER,LIN6891648,20070505,TMEA,21.61,G
658,55,SER,LIN6891648,20070505,TMIN,19.04,G
658,55,SER,LIN6891648,20070505,TMAX,25.17,G
658,55,SER,LIN6891648,20070505,DEW,19.47,G
658,55,SER,LIN6891648,20070505,RH,87.89,G
658,55,SER,LIN6891648,20070505,PREC,20.5,G
658,55,SER,LIN6891648,20070506,TMEA,20.94,G
658,55,SER,LIN6891648,20070506,TMIN,18.28,G
658,55,SER,LIN6891648,20070506,TMAX,24.79,G
658,55,SER,LIN6891648,20070506,DEW,19.33,G
658,55,SER,LIN6891648,20070506,RH,90.92,G
658,55,SER,LIN6891648,20070506,PREC,1.5,G
658,55,SER,LIN6891648,20070507,TMEA,21.33,G
658,55,SER,LIN6891648,20070507,TMIN,17.52,G
658,55,SER,LIN6891648,20070507,TMAX,27.52,G
658,55,SER,LIN6891648,20070507,DEW,18.14,G
658,55,SER,LIN6891648,20070507,RH,83.5,G
658,55,SER,LIN6891648,20070507,PREC,0.5,G
658,55,SER,LIN6891648,20070508,TMEA,20.78,G
658,55,SER,LIN6891648,20070508,TMIN,16.38,G
658,55,SER,LIN6891648,20070508,TMAX,27.12,G
658,55,SER,LIN6891648,20070508,DEW,16.69,G
658,55,SER,LIN6891648,20070508,RH,79.31,G
658,55,SER,LIN6891648,20070508,PREC,0,G
658,55,SER,LIN6891648,20070509,TMEA,21.33,G
658,55,SER,LIN6891648,20070509,TMIN,16,G
658,55,SER,LIN6891648,20070509,TMAX,28.31,G
658,55,SER,LIN6891648,20070509,DEW,15.67,G
658,55,SER,LIN6891648,20070509,RH,73.03,G
658,55,SER,LIN6891648,20070509,PREC,0,G
658,55,SER,LIN6891648,20070510,TMEA,22.20,G
658,55,SER,LIN6891648,20070510,TMIN,17.14,G
658,55,SER,LIN6891648,20070510,TMAX,28.7,G
658,55,SER,LIN6891648,20070510,DEW,17.24,G
658,55,SER,LIN6891648,20070510,RH,75.4,G
658,55,SER,LIN6891648,20070510,PREC,0,G
658,55,SER,LIN6891648,20070511,TMEA,21.94,G
658,55,SER,LIN6891648,20070511,TMIN,17.52,G
658,55,SER,LIN6891648,20070511,TMAX,28.31,G
658,55,SER,LIN6891648,20070511,DEW,18.08,G
658,55,SER,LIN6891648,20070511,RH,79.88,G
658,55,SER,LIN6891648,20070511,PREC,0,G
658,55,SER,LIN6891648,20070512,TMEA,22.16,G
658,55,SER,LIN6891648,20070512,TMIN,17.9,G
658,55,SER,LIN6891648,20070512,TMAX,27.91,G
658,55,SER,LIN6891648,20070512,DEW,18.74,G
658,55,SER,LIN6891648,20070512,RH,82.06,G
658,55,SER,LIN6891648,20070512,PREC,0,G
658,55,SER,LIN6891648,20070513,TMEA,22.18,G
658,55,SER,LIN6891648,20070513,TMIN,18.28,G
658,55,SER,LIN6891648,20070513,TMAX,27.12,G
658,55,SER,LIN6891648,20070513,DEW,19.52,G
658,55,SER,LIN6891648,20070513,RH,86.02,G
658,55,SER,LIN6891648,20070513,PREC,9,G
658,55,SER,LIN6891648,20070514,TMEA,22.77,G
658,55,SER,LIN6891648,20070514,TMIN,18.28,G
658,55,SER,LIN6891648,20070514,TMAX,27.52,G
658,55,SER,LIN6891648,20070514,DEW,19.76,G
658,55,SER,LIN6891648,20070514,RH,84.3,G
658,55,SER,LIN6891648,20070514,PREC,0,G
658,55,SER,LIN6891648,20070515,TMEA,23.70,G
658,55,SER,LIN6891648,20070515,TMIN,19.81,G
658,55,SER,LIN6891648,20070515,TMAX,28.31,G
658,55,SER,LIN6891648,20070515,DEW,20.49,G
658,55,SER,LIN6891648,20070515,RH,83.33,G
658,55,SER,LIN6891648,20070515,PREC,0,G
658,55,SER,LIN6891648,20070516,TMEA,23.76,G
658,55,SER,LIN6891648,20070516,TMIN,19.42,G
658,55,SER,LIN6891648,20070516,TMAX,29.5,G
658,55,SER,LIN6891648,20070516,DEW,20.17,G
658,55,SER,LIN6891648,20070516,RH,81.87,G
658,55,SER,LIN6891648,20070516,PREC,0,G
658,55,SER,LIN6891648,20070517,TMEA,23.00,G
658,55,SER,LIN6891648,20070517,TMIN,20.19,G
658,55,SER,LIN6891648,20070517,TMAX,27.12,G
658,55,SER,LIN6891648,20070517,DEW,21.16,G
658,55,SER,LIN6891648,20070517,RH,89.68,G
658,55,SER,LIN6891648,20070517,PREC,2.5,G
658,55,SER,LIN6891648,20070518,TMEA,23.06,G
658,55,SER,LIN6891648,20070518,TMIN,19.04,G
658,55,SER,LIN6891648,20070518,TMAX,26.73,G
658,55,SER,LIN6891648,20070518,DEW,20.72,G
658,55,SER,LIN6891648,20070518,RH,87.32,G
658,55,SER,LIN6891648,20070518,PREC,0,G
658,55,SER,LIN6891648,20070519,TMEA,21.39,G
658,55,SER,LIN6891648,20070519,TMIN,19.81,G
658,55,SER,LIN6891648,20070519,TMAX,25.56,G
658,55,SER,LIN6891648,20070519,DEW,20.36,G
658,55,SER,LIN6891648,20070519,RH,94.11,G
658,55,SER,LIN6891648,20070519,PREC,129,G
658,55,SER,LIN6891648,20070520,TMEA,20.12,G
658,55,SER,LIN6891648,20070520,TMIN,17.9,G
658,55,SER,LIN6891648,20070520,TMAX,22.86,G
658,55,SER,LIN6891648,20070520,DEW,19.82,G
658,55,SER,LIN6891648,20070520,RH,98.18,G
658,55,SER,LIN6891648,20070520,PREC,77,G
658,55,SER,LIN6891648,20070521,TMEA,21.93,G
658,55,SER,LIN6891648,20070521,TMIN,19.04,G
658,55,SER,LIN6891648,20070521,TMAX,26.34,G
658,55,SER,LIN6891648,20070521,DEW,20.64,G
658,55,SER,LIN6891648,20070521,RH,92.83,G
658,55,SER,LIN6891648,20070521,PREC,3,G
658,55,SER,LIN6891648,20070522,TMEA,21.82,G
658,55,SER,LIN6891648,20070522,TMIN,19.04,G
658,55,SER,LIN6891648,20070522,TMAX,26.73,G
658,55,SER,LIN6891648,20070522,DEW,20.81,G
658,55,SER,LIN6891648,20070522,RH,94.28,G
658,55,SER,LIN6891648,20070522,PREC,38,G
658,55,SER,LIN6891648,20070523,TMEA,22.55,G
658,55,SER,LIN6891648,20070523,TMIN,19.81,G
658,55,SER,LIN6891648,20070523,TMAX,27.52,G
658,55,SER,LIN6891648,20070523,DEW,21.45,G
658,55,SER,LIN6891648,20070523,RH,93.9,G
658,55,SER,LIN6891648,20070523,PREC,5,G
658,55,SER,LIN6891648,20070524,TMEA,24.60,G
658,55,SER,LIN6891648,20070524,TMIN,21.33,G
658,55,SER,LIN6891648,20070524,TMAX,30.71,G
658,55,SER,LIN6891648,20070524,DEW,21.6,G
658,55,SER,LIN6891648,20070524,RH,84.66,G
658,55,SER,LIN6891648,20070524,PREC,0,G
658,55,SER,LIN6891648,20070525,TMEA,25.07,G
658,55,SER,LIN6891648,20070525,TMIN,21.33,G
658,55,SER,LIN6891648,20070525,TMAX,29.9,G
658,55,SER,LIN6891648,20070525,DEW,21.45,G
658,55,SER,LIN6891648,20070525,RH,81.5,G
658,55,SER,LIN6891648,20070525,PREC,0,G
658,55,SER,LIN6891648,20070526,TMEA,24.87,G
658,55,SER,LIN6891648,20070526,TMIN,19.81,G
658,55,SER,LIN6891648,20070526,TMAX,31.12,G
658,55,SER,LIN6891648,20070526,DEW,21.65,G
658,55,SER,LIN6891648,20070526,RH,83.51,G
658,55,SER,LIN6891648,20070526,PREC,0,G
658,55,SER,LIN6891648,20070527,TMEA,24.88,G
658,55,SER,LIN6891648,20070527,TMIN,20.57,G
658,55,SER,LIN6891648,20070527,TMAX,30.71,G
658,55,SER,LIN6891648,20070527,DEW,21.85,G
658,55,SER,LIN6891648,20070527,RH,84.35,G
658,55,SER,LIN6891648,20070527,PREC,75.5,G
658,55,SER,LIN6891648,20070528,TMEA,22.76,G
658,55,SER,LIN6891648,20070528,TMIN,20.57,G
658,55,SER,LIN6891648,20070528,TMAX,29.1,G
658,55,SER,LIN6891648,20070528,DEW,21.49,G
658,55,SER,LIN6891648,20070528,RH,93.18,G
658,55,SER,LIN6891648,20070528,PREC,57.5,G
658,55,SER,LIN6891648,20070529,TMEA,23.67,G
658,55,SER,LIN6891648,20070529,TMIN,20.19,G
658,55,SER,LIN6891648,20070529,TMAX,29.1,G
658,55,SER,LIN6891648,20070529,DEW,21.58,G
658,55,SER,LIN6891648,20070529,RH,88.78,G
658,55,SER,LIN6891648,20070529,PREC,4.5,G
658,55,SER,LIN6891648,20070530,TMEA,23.46,G
658,55,SER,LIN6891648,20070530,TMIN,20.95,G
658,55,SER,LIN6891648,20070530,TMAX,29.9,G
658,55,SER,LIN6891648,20070530,DEW,22.03,G
658,55,SER,LIN6891648,20070530,RH,92.15,G
658,55,SER,LIN6891648,20070530,PREC,3,G
658,55,SER,LIN6891648,20070531,TMEA,23.70,G
658,55,SER,LIN6891648,20070531,TMIN,19.81,G
658,55,SER,LIN6891648,20070531,TMAX,30.31,G
658,55,SER,LIN6891648,20070531,DEW,21.73,G
658,55,SER,LIN6891648,20070531,RH,89.64,G
658,55,SER,LIN6891648,20070531,PREC,7.5,G
658,55,SER,LIN6891648,20070601,TMEA,23.39,G
658,55,SER,LIN6891648,20070601,TMIN,20.57,G
658,55,SER,LIN6891648,20070601,TMAX,29.5,G
658,55,SER,LIN6891648,20070601,DEW,21.98,G
658,55,SER,LIN6891648,20070601,RH,92.53,G
658,55,SER,LIN6891648,20070601,PREC,39.5,G
658,55,SER,LIN6891648,20070602,TMEA,24.22,G
658,55,SER,LIN6891648,20070602,TMIN,20.19,G
658,55,SER,LIN6891648,20070602,TMAX,30.31,G
658,55,SER,LIN6891648,20070602,DEW,21.85,G
658,55,SER,LIN6891648,20070602,RH,87.42,G
658,55,SER,LIN6891648,20070602,PREC,0.5,G
658,55,SER,LIN6891648,20070603,TMEA,23.71,G
658,55,SER,LIN6891648,20070603,TMIN,20.57,G
658,55,SER,LIN6891648,20070603,TMAX,29.1,G
658,55,SER,LIN6891648,20070603,DEW,21.97,G
658,55,SER,LIN6891648,20070603,RH,90.76,G
658,55,SER,LIN6891648,20070603,PREC,13.5,G
658,55,SER,LIN6891648,20070604,TMEA,23.58,G
658,55,SER,LIN6891648,20070604,TMIN,21.33,G
658,55,SER,LIN6891648,20070604,TMAX,28.31,G
658,55,SER,LIN6891648,20070604,DEW,21.85,G
658,55,SER,LIN6891648,20070604,RH,90.59,G
658,55,SER,LIN6891648,20070604,PREC,2.5,G
658,55,SER,LIN6891648,20070605,TMEA,23.00,G
658,55,SER,LIN6891648,20070605,TMIN,20.19,G
658,55,SER,LIN6891648,20070605,TMAX,27.52,G
658,55,SER,LIN6891648,20070605,DEW,21.57,G
658,55,SER,LIN6891648,20070605,RH,91.97,G
658,55,SER,LIN6891648,20070605,PREC,12.5,G
658,55,SER,LIN6891648,20070606,TMEA,22.50,G
658,55,SER,LIN6891648,20070606,TMIN,20.57,G
658,55,SER,LIN6891648,20070606,TMAX,25.17,G
658,55,SER,LIN6891648,20070606,DEW,21.81,G
658,55,SER,LIN6891648,20070606,RH,95.89,G
658,55,SER,LIN6891648,20070606,PREC,10,G
658,55,SER,LIN6891648,20070607,TMEA,21.62,G
658,55,SER,LIN6891648,20070607,TMIN,19.81,G
658,55,SER,LIN6891648,20070607,TMAX,25.95,G
658,55,SER,LIN6891648,20070607,DEW,20.95,G
658,55,SER,LIN6891648,20070607,RH,96.11,G
658,55,SER,LIN6891648,20070607,PREC,70,G
658,55,SER,LIN6891648,20070608,TMEA,21.32,G
658,55,SER,LIN6891648,20070608,TMIN,19.81,G
658,55,SER,LIN6891648,20070608,TMAX,23.63,G
658,55,SER,LIN6891648,20070608,DEW,20.86,G
658,55,SER,LIN6891648,20070608,RH,97.23,G
658,55,SER,LIN6891648,20070608,PREC,88,G
658,55,SER,LIN6891648,20070609,TMEA,21.23,G
658,55,SER,LIN6891648,20070609,TMIN,20.19,G
658,55,SER,LIN6891648,20070609,TMAX,23.63,G
658,55,SER,LIN6891648,20070609,DEW,20.33,G
658,55,SER,LIN6891648,20070609,RH,94.75,G
658,55,SER,LIN6891648,20070609,PREC,48.5,G
658,55,SER,LIN6891648,20070610,TMEA,23.16,G
658,55,SER,LIN6891648,20070610,TMIN,20.19,G
658,55,SER,LIN6891648,20070610,TMAX,28.31,G
658,55,SER,LIN6891648,20070610,DEW,20.66,G
658,55,SER,LIN6891648,20070610,RH,86.29,G
658,55,SER,LIN6891648,20070610,PREC,11,G
658,55,SER,LIN6891648,20070611,TMEA,22.35,G
658,55,SER,LIN6891648,20070611,TMIN,20.57,G
658,55,SER,LIN6891648,20070611,TMAX,25.56,G
658,55,SER,LIN6891648,20070611,DEW,20.87,G
658,55,SER,LIN6891648,20070611,RH,91.64,G
658,55,SER,LIN6891648,20070611,PREC,32.5,G
658,55,SER,LIN6891648,20070612,TMEA,21.59,G
658,55,SER,LIN6891648,20070612,TMIN,20.57,G
658,55,SER,LIN6891648,20070612,TMAX,23.63,G
658,55,SER,LIN6891648,20070612,DEW,20.99,G
658,55,SER,LIN6891648,20070612,RH,96.44,G
658,55,SER,LIN6891648,20070612,PREC,73.5,G
658,55,SER,LIN6891648,20070613,TMEA,23.37,G
658,55,SER,LIN6891648,20070613,TMIN,20.57,G
658,55,SER,LIN6891648,20070613,TMAX,27.91,G
658,55,SER,LIN6891648,20070613,DEW,21.32,G
658,55,SER,LIN6891648,20070613,RH,88.58,G
658,55,SER,LIN6891648,20070613,PREC,1.5,G
658,55,SER,LIN6891648,20070614,TMEA,24.78,G
658,55,SER,LIN6891648,20070614,TMIN,20.57,G
658,55,SER,LIN6891648,20070614,TMAX,30.31,G
658,55,SER,LIN6891648,20070614,DEW,21.57,G
658,55,SER,LIN6891648,20070614,RH,83.27,G
658,55,SER,LIN6891648,20070614,PREC,0,G
658,55,SER,LIN6891648,20070615,TMEA,22.31,G
658,55,SER,LIN6891648,20070615,TMIN,20.19,G
658,55,SER,LIN6891648,20070615,TMAX,27.91,G
658,55,SER,LIN6891648,20070615,DEW,20.92,G
658,55,SER,LIN6891648,20070615,RH,92.37,G
658,55,SER,LIN6891648,20070615,PREC,20,G
658,55,SER,LIN6891648,20070616,TMEA,24.32,G
658,55,SER,LIN6891648,20070616,TMIN,19.81,G
658,55,SER,LIN6891648,20070616,TMAX,29.1,G
658,55,SER,LIN6891648,20070616,DEW,21.59,G
658,55,SER,LIN6891648,20070616,RH,85.57,G
658,55,SER,LIN6891648,20070616,PREC,0,G
658,55,SER,LIN6891648,20070617,TMEA,24.03,G
658,55,SER,LIN6891648,20070617,TMIN,21.33,G
658,55,SER,LIN6891648,20070617,TMAX,29.1,G
658,55,SER,LIN6891648,20070617,DEW,21.7,G
658,55,SER,LIN6891648,20070617,RH,87.38,G
658,55,SER,LIN6891648,20070617,PREC,0,G
658,55,SER,LIN6891648,20070618,TMEA,24.47,G
658,55,SER,LIN6891648,20070618,TMIN,20.57,G
658,55,SER,LIN6891648,20070618,TMAX,29.5,G
658,55,SER,LIN6891648,20070618,DEW,22.08,G
658,55,SER,LIN6891648,20070618,RH,87.24,G
658,55,SER,LIN6891648,20070618,PREC,0,G
658,55,SER,LIN6891648,20070619,TMEA,24.21,G
658,55,SER,LIN6891648,20070619,TMIN,21.33,G
658,55,SER,LIN6891648,20070619,TMAX,29.5,G
658,55,SER,LIN6891648,20070619,DEW,22.51,G
658,55,SER,LIN6891648,20070619,RH,90.8,G
658,55,SER,LIN6891648,20070619,PREC,0,G
658,55,SER,LIN6891648,20070620,TMEA,23.29,G
658,55,SER,LIN6891648,20070620,TMIN,20.57,G
658,55,SER,LIN6891648,20070620,TMAX,28.31,G
658,55,SER,LIN6891648,20070620,DEW,21.8,G
658,55,SER,LIN6891648,20070620,RH,91.83,G
658,55,SER,LIN6891648,20070620,PREC,38,G
658,55,SER,LIN6891648,20070621,TMEA,24.11,G
658,55,SER,LIN6891648,20070621,TMIN,19.81,G
658,55,SER,LIN6891648,20070621,TMAX,29.5,G
658,55,SER,LIN6891648,20070621,DEW,21.69,G
658,55,SER,LIN6891648,20070621,RH,87.24,G
658,55,SER,LIN6891648,20070621,PREC,0,G
658,55,SER,LIN6891648,20070622,TMEA,24.02,G
658,55,SER,LIN6891648,20070622,TMIN,21.33,G
658,55,SER,LIN6891648,20070622,TMAX,28.7,G
658,55,SER,LIN6891648,20070622,DEW,22.48,G
658,55,SER,LIN6891648,20070622,RH,91.66,G
658,55,SER,LIN6891648,20070622,PREC,1.5,G
658,55,SER,LIN6891648,20070623,TMEA,24.68,G
658,55,SER,LIN6891648,20070623,TMIN,21.33,G
658,55,SER,LIN6891648,20070623,TMAX,29.5,G
658,55,SER,LIN6891648,20070623,DEW,22.73,G
658,55,SER,LIN6891648,20070623,RH,89.49,G
658,55,SER,LIN6891648,20070623,PREC,0,G
658,55,SER,LIN6891648,20070624,TMEA,25.41,G
658,55,SER,LIN6891648,20070624,TMIN,21.33,G
658,55,SER,LIN6891648,20070624,TMAX,31.12,G
658,55,SER,LIN6891648,20070624,DEW,22.94,G
658,55,SER,LIN6891648,20070624,RH,86.94,G
658,55,SER,LIN6891648,20070624,PREC,0,G
658,55,SER,LIN6891648,20070625,TMEA,23.30,G
658,55,SER,LIN6891648,20070625,TMIN,20.95,G
658,55,SER,LIN6891648,20070625,TMAX,26.73,G
658,55,SER,LIN6891648,20070625,DEW,22.23,G
658,55,SER,LIN6891648,20070625,RH,93.84,G
658,55,SER,LIN6891648,20070625,PREC,16,G
658,55,SER,LIN6891648,20070626,TMEA,22.87,G
658,55,SER,LIN6891648,20070626,TMIN,20.57,G
658,55,SER,LIN6891648,20070626,TMAX,26.73,G
658,55,SER,LIN6891648,20070626,DEW,21.92,G
658,55,SER,LIN6891648,20070626,RH,94.6,G
658,55,SER,LIN6891648,20070626,PREC,38,G
658,55,SER,LIN6891648,20070627,TMEA,23.60,G
658,55,SER,LIN6891648,20070627,TMIN,20.57,G
658,55,SER,LIN6891648,20070627,TMAX,27.52,G
658,55,SER,LIN6891648,20070627,DEW,22.25,G
658,55,SER,LIN6891648,20070627,RH,92.5,G
658,55,SER,LIN6891648,20070627,PREC,2,G
658,55,SER,LIN6891648,20070628,TMEA,23.42,G
658,55,SER,LIN6891648,20070628,TMIN,20.57,G
658,55,SER,LIN6891648,20070628,TMAX,29.1,G
658,55,SER,LIN6891648,20070628,DEW,22.13,G
658,55,SER,LIN6891648,20070628,RH,92.98,G
658,55,SER,LIN6891648,20070628,PREC,19.5,G
658,55,SER,LIN6891648,20070629,TMEA,24.47,G
658,55,SER,LIN6891648,20070629,TMIN,20.95,G
658,55,SER,LIN6891648,20070629,TMAX,29.5,G
658,55,SER,LIN6891648,20070629,DEW,22.56,G
658,55,SER,LIN6891648,20070629,RH,89.75,G
658,55,SER,LIN6891648,20070629,PREC,0,G
658,55,SER,LIN6891648,20070630,TMEA,25.16,G
658,55,SER,LIN6891648,20070630,TMIN,20.57,G
658,55,SER,LIN6891648,20070630,TMAX,31.12,G
658,55,SER,LIN6891648,20070630,DEW,21.98,G
658,55,SER,LIN6891648,20070630,RH,83.84,G
658,55,SER,LIN6891648,20070630,PREC,0,G
658,55,SER,LIN6891648,20070701,TMEA,25.13,G
658,55,SER,LIN6891648,20070701,TMIN,20.95,G
658,55,SER,LIN6891648,20070701,TMAX,31.52,G
658,55,SER,LIN6891648,20070701,DEW,22.05,G
658,55,SER,LIN6891648,20070701,RH,84.14,G
658,55,SER,LIN6891648,20070701,PREC,0,G
658,55,SER,LIN6891648,20070702,TMEA,24.92,G
658,55,SER,LIN6891648,20070702,TMIN,20.57,G
658,55,SER,LIN6891648,20070702,TMAX,31.93,G
658,55,SER,LIN6891648,20070702,DEW,21.64,G
658,55,SER,LIN6891648,20070702,RH,83.43,G
658,55,SER,LIN6891648,20070702,PREC,7.5,G
658,55,SER,LIN6891648,20070703,TMEA,24.32,G
658,55,SER,LIN6891648,20070703,TMIN,20.57,G
658,55,SER,LIN6891648,20070703,TMAX,30.71,G
658,55,SER,LIN6891648,20070703,DEW,22.2,G
658,55,SER,LIN6891648,20070703,RH,89.04,G
658,55,SER,LIN6891648,20070703,PREC,97,G
658,55,SER,LIN6891648,20070704,TMEA,24.42,G
658,55,SER,LIN6891648,20070704,TMIN,20.95,G
658,55,SER,LIN6891648,20070704,TMAX,31.52,G
658,55,SER,LIN6891648,20070704,DEW,21.89,G
658,55,SER,LIN6891648,20070704,RH,87.25,G
658,55,SER,LIN6891648,20070704,PREC,28,G
658,55,SER,LIN6891648,20070705,TMEA,24.50,G
658,55,SER,LIN6891648,20070705,TMIN,20.57,G
658,55,SER,LIN6891648,20070705,TMAX,29.5,G
658,55,SER,LIN6891648,20070705,DEW,21.86,G
658,55,SER,LIN6891648,20070705,RH,86.15,G
658,55,SER,LIN6891648,20070705,PREC,0,G
658,55,SER,LIN6891648,20070706,TMEA,24.85,G
658,55,SER,LIN6891648,20070706,TMIN,20.19,G
658,55,SER,LIN6891648,20070706,TMAX,30.31,G
658,55,SER,LIN6891648,20070706,DEW,22.23,G
658,55,SER,LIN6891648,20070706,RH,86.23,G
658,55,SER,LIN6891648,20070706,PREC,0,G
658,55,SER,LIN6891648,20070707,TMEA,25.64,G
658,55,SER,LIN6891648,20070707,TMIN,20.95,G
658,55,SER,LIN6891648,20070707,TMAX,32.76,G
658,55,SER,LIN6891648,20070707,DEW,22.53,G
658,55,SER,LIN6891648,20070707,RH,84.39,G
658,55,SER,LIN6891648,20070707,PREC,0,G
658,55,SER,LIN6891648,20070708,TMEA,25.41,G
658,55,SER,LIN6891648,20070708,TMIN,22.09,G
658,55,SER,LIN6891648,20070708,TMAX,29.9,G
658,55,SER,LIN6891648,20070708,DEW,22.14,G
658,55,SER,LIN6891648,20070708,RH,83.17,G
658,55,SER,LIN6891648,20070708,PREC,0,G
658,55,SER,LIN6891648,20070709,TMEA,24.30,G
658,55,SER,LIN6891648,20070709,TMIN,21.33,G
658,55,SER,LIN6891648,20070709,TMAX,29.5,G
658,55,SER,LIN6891648,20070709,DEW,22.05,G
658,55,SER,LIN6891648,20070709,RH,88.39,G
658,55,SER,LIN6891648,20070709,PREC,15.5,G
658,55,SER,LIN6891648,20070710,TMEA,25.11,G
658,55,SER,LIN6891648,20070710,TMIN,21.71,G
658,55,SER,LIN6891648,20070710,TMAX,30.31,G
658,55,SER,LIN6891648,20070710,DEW,23.25,G
658,55,SER,LIN6891648,20070710,RH,90.1,G
658,55,SER,LIN6891648,20070710,PREC,1,G
658,55,SER,LIN6891648,20070711,TMEA,24.50,G
658,55,SER,LIN6891648,20070711,TMIN,22.48,G
658,55,SER,LIN6891648,20070711,TMAX,28.31,G
658,55,SER,LIN6891648,20070711,DEW,23.21,G
658,55,SER,LIN6891648,20070711,RH,92.92,G
658,55,SER,LIN6891648,20070711,PREC,0.5,G
658,55,SER,LIN6891648,20070712,TMEA,24.36,G
658,55,SER,LIN6891648,20070712,TMIN,22.09,G
658,55,SER,LIN6891648,20070712,TMAX,28.31,G
658,55,SER,LIN6891648,20070712,DEW,22.96,G
658,55,SER,LIN6891648,20070712,RH,92.32,G
658,55,SER,LIN6891648,20070712,PREC,1,G
658,55,SER,LIN6891648,20070713,TMEA,24.76,G
658,55,SER,LIN6891648,20070713,TMIN,22.09,G
658,55,SER,LIN6891648,20070713,TMAX,28.7,G
658,55,SER,LIN6891648,20070713,DEW,22.66,G
658,55,SER,LIN6891648,20070713,RH,88.66,G
658,55,SER,LIN6891648,20070713,PREC,0,G
658,55,SER,LIN6891648,20070714,TMEA,24.75,G
658,55,SER,LIN6891648,20070714,TMIN,21.71,G
658,55,SER,LIN6891648,20070714,TMAX,29.9,G
658,55,SER,LIN6891648,20070714,DEW,22.52,G
658,55,SER,LIN6891648,20070714,RH,88.39,G
658,55,SER,LIN6891648,20070714,PREC,15.5,G
658,55,SER,LIN6891648,20070715,TMEA,22.97,G
658,55,SER,LIN6891648,20070715,TMIN,22.09,G
658,55,SER,LIN6891648,20070715,TMAX,25.95,G
658,55,SER,LIN6891648,20070715,DEW,22.63,G
658,55,SER,LIN6891648,20070715,RH,97.98,G
658,55,SER,LIN6891648,20070715,PREC,31,G
658,55,SER,LIN6891648,20070716,TMEA,24.26,G
658,55,SER,LIN6891648,20070716,TMIN,21.71,G
658,55,SER,LIN6891648,20070716,TMAX,29.5,G
658,55,SER,LIN6891648,20070716,DEW,22.58,G
658,55,SER,LIN6891648,20070716,RH,90.94,G
658,55,SER,LIN6891648,20070716,PREC,7.5,G
658,55,SER,LIN6891648,20070717,TMEA,23.90,G
658,55,SER,LIN6891648,20070717,TMIN,22.09,G
658,55,SER,LIN6891648,20070717,TMAX,27.52,G
658,55,SER,LIN6891648,20070717,DEW,22.54,G
658,55,SER,LIN6891648,20070717,RH,92.2,G
658,55,SER,LIN6891648,20070717,PREC,2,G
658,55,SER,LIN6891648,20070718,TMEA,24.75,G
658,55,SER,LIN6891648,20070718,TMIN,22.09,G
658,55,SER,LIN6891648,20070718,TMAX,28.7,G
658,55,SER,LIN6891648,20070718,DEW,22.36,G
658,55,SER,LIN6891648,20070718,RH,87.04,G
658,55,SER,LIN6891648,20070718,PREC,0,G
658,55,SER,LIN6891648,20070719,TMEA,25.36,G
658,55,SER,LIN6891648,20070719,TMIN,22.09,G
658,55,SER,LIN6891648,20070719,TMAX,30.31,G
658,55,SER,LIN6891648,20070719,DEW,22.54,G
658,55,SER,LIN6891648,20070719,RH,85.31,G
658,55,SER,LIN6891648,20070719,PREC,0,G
658,55,SER,LIN6891648,20070720,TMEA,25.15,G
658,55,SER,LIN6891648,20070720,TMIN,21.33,G
658,55,SER,LIN6891648,20070720,TMAX,29.9,G
658,55,SER,LIN6891648,20070720,DEW,22.39,G
658,55,SER,LIN6891648,20070720,RH,86.28,G
658,55,SER,LIN6891648,20070720,PREC,0,G
658,55,SER,LIN6891648,20070721,TMEA,25.80,G
658,55,SER,LIN6891648,20070721,TMIN,21.71,G
658,55,SER,LIN6891648,20070721,TMAX,30.71,G
658,55,SER,LIN6891648,20070721,DEW,22.97,G
658,55,SER,LIN6891648,20070721,RH,85.19,G
658,55,SER,LIN6891648,20070721,PREC,,M
658,55,SER,LIN6891648,20070722,TMEA,25.92,G
658,55,SER,LIN6891648,20070722,TMIN,22.48,G
658,55,SER,LIN6891648,20070722,TMAX,30.71,G
658,55,SER,LIN6891648,20070722,DEW,23.27,G
658,55,SER,LIN6891648,20070722,RH,86.22,G
658,55,SER,LIN6891648,20070722,PREC,,M
658,55,SER,LIN6891648,20070723,TMEA,25.37,G
658,55,SER,LIN6891648,20070723,TMIN,22.09,G
658,55,SER,LIN6891648,20070723,TMAX,30.71,G
658,55,SER,LIN6891648,20070723,DEW,22.68,G
658,55,SER,LIN6891648,20070723,RH,85.86,G
658,55,SER,LIN6891648,20070723,PREC,,M
658,55,SER,LIN6891648,20070724,TMEA,23.68,G
658,55,SER,LIN6891648,20070724,TMIN,19.81,G
658,55,SER,LIN6891648,20070724,TMAX,30.71,G
658,55,SER,LIN6891648,20070724,DEW,21.2,G
658,55,SER,LIN6891648,20070724,RH,86.77,G
658,55,SER,LIN6891648,20070724,PREC,,M
658,55,SER,LIN6891648,20070725,TMEA,23.96,G
658,55,SER,LIN6891648,20070725,TMIN,19.81,G
658,55,SER,LIN6891648,20070725,TMAX,29.9,G
658,55,SER,LIN6891648,20070725,DEW,21.07,G
658,55,SER,LIN6891648,20070725,RH,84.72,G
658,55,SER,LIN6891648,20070725,PREC,,M
658,55,SER,LIN6891648,20070726,TMEA,24.52,G
658,55,SER,LIN6891648,20070726,TMIN,21.33,G
658,55,SER,LIN6891648,20070726,TMAX,29.9,G
658,55,SER,LIN6891648,20070726,DEW,22.11,G
658,55,SER,LIN6891648,20070726,RH,87.13,G
658,55,SER,LIN6891648,20070726,PREC,,M
658,55,SER,LIN6891648,20070727,TMEA,24.20,G
658,55,SER,LIN6891648,20070727,TMIN,20.95,G
658,55,SER,LIN6891648,20070727,TMAX,30.31,G
658,55,SER,LIN6891648,20070727,DEW,21.37,G
658,55,SER,LIN6891648,20070727,RH,85.04,G
658,55,SER,LIN6891648,20070727,PREC,,M
658,55,SER,LIN6891648,20070728,TMEA,24.99,G
658,55,SER,LIN6891648,20070728,TMIN,20.95,G
658,55,SER,LIN6891648,20070728,TMAX,30.31,G
658,55,SER,LIN6891648,20070728,DEW,21.75,G
658,55,SER,LIN6891648,20070728,RH,83.48,G
658,55,SER,LIN6891648,20070728,PREC,,M
658,55,SER,LIN6891648,20070729,TMEA,23.37,G
658,55,SER,LIN6891648,20070729,TMIN,19.81,G
658,55,SER,LIN6891648,20070729,TMAX,29.1,G
658,55,SER,LIN6891648,20070729,DEW,21.3,G
658,55,SER,LIN6891648,20070729,RH,88.88,G
658,55,SER,LIN6891648,20070729,PREC,,M
658,55,SER,LIN6891648,20070730,TMEA,23.28,G
658,55,SER,LIN6891648,20070730,TMIN,20.19,G
658,55,SER,LIN6891648,20070730,TMAX,29.1,G
658,55,SER,LIN6891648,20070730,DEW,21.07,G
658,55,SER,LIN6891648,20070730,RH,88.14,G
658,55,SER,LIN6891648,20070730,PREC,,M
658,55,SER,LIN6891648,20070731,TMEA,23.90,G
658,55,SER,LIN6891648,20070731,TMIN,20.19,G
658,55,SER,LIN6891648,20070731,TMAX,29.5,G
658,55,SER,LIN6891648,20070731,DEW,21.58,G
658,55,SER,LIN6891648,20070731,RH,87.95,G
658,55,SER,LIN6891648,20070731,PREC,,M
658,55,SER,LIN6891648,20070801,TMEA,23.87,G
658,55,SER,LIN6891648,20070801,TMIN,20.57,G
658,55,SER,LIN6891648,20070801,TMAX,29.9,G
658,55,SER,LIN6891648,20070801,DEW,22.36,G
658,55,SER,LIN6891648,20070801,RH,92.04,G
658,55,SER,LIN6891648,20070801,PREC,,M
658,55,SER,LIN6891648,20070802,TMEA,24.15,G
658,55,SER,LIN6891648,20070802,TMIN,20.95,G
658,55,SER,LIN6891648,20070802,TMAX,30.31,G
658,55,SER,LIN6891648,20070802,DEW,22.58,G
658,55,SER,LIN6891648,20070802,RH,91.63,G
658,55,SER,LIN6891648,20070802,PREC,,M
658,55,SER,LIN6891648,20070803,TMEA,24.37,G
658,55,SER,LIN6891648,20070803,TMIN,21.33,G
658,55,SER,LIN6891648,20070803,TMAX,28.7,G
658,55,SER,LIN6891648,20070803,DEW,22.34,G
658,55,SER,LIN6891648,20070803,RH,89.08,G
658,55,SER,LIN6891648,20070803,PREC,,M
658,55,SER,LIN6891648,20070804,TMEA,23.18,G
658,55,SER,LIN6891648,20070804,TMIN,20.19,G
658,55,SER,LIN6891648,20070804,TMAX,29.9,G
658,55,SER,LIN6891648,20070804,DEW,21.36,G
658,55,SER,LIN6891648,20070804,RH,90.2,G
658,55,SER,LIN6891648,20070804,PREC,,M
658,55,SER,LIN6891648,20070805,TMEA,23.99,G
658,55,SER,LIN6891648,20070805,TMIN,20.19,G
658,55,SER,LIN6891648,20070805,TMAX,29.5,G
658,55,SER,LIN6891648,20070805,DEW,21.24,G
658,55,SER,LIN6891648,20070805,RH,85.65,G
658,55,SER,LIN6891648,20070805,PREC,,M
658,55,SER,LIN6891648,20070806,TMEA,24.32,G
658,55,SER,LIN6891648,20070806,TMIN,20.95,G
658,55,SER,LIN6891648,20070806,TMAX,29.5,G
658,55,SER,LIN6891648,20070806,DEW,21.93,G
658,55,SER,LIN6891648,20070806,RH,87.31,G
658,55,SER,LIN6891648,20070806,PREC,,M
658,55,SER,LIN6891648,20070807,TMEA,24.15,G
658,55,SER,LIN6891648,20070807,TMIN,21.71,G
658,55,SER,LIN6891648,20070807,TMAX,27.91,G
658,55,SER,LIN6891648,20070807,DEW,22.52,G
658,55,SER,LIN6891648,20070807,RH,91.18,G
658,55,SER,LIN6891648,20070807,PREC,,M
658,55,SER,LIN6891648,20070808,TMEA,23.84,G
658,55,SER,LIN6891648,20070808,TMIN,21.33,G
658,55,SER,LIN6891648,20070808,TMAX,29.5,G
658,55,SER,LIN6891648,20070808,DEW,22.86,G
658,55,SER,LIN6891648,20070808,RH,94.7,G
658,55,SER,LIN6891648,20070808,PREC,,M
658,55,SER,LIN6891648,20070809,TMEA,22.43,G
658,55,SER,LIN6891648,20070809,TMIN,21.33,G
658,55,SER,LIN6891648,20070809,TMAX,24.4,G
658,55,SER,LIN6891648,20070809,DEW,22.34,G
658,55,SER,LIN6891648,20070809,RH,99.56,G
658,55,SER,LIN6891648,20070809,PREC,,M
658,55,SER,LIN6891648,20070810,TMEA,22.37,G
658,55,SER,LIN6891648,20070810,TMIN,21.33,G
658,55,SER,LIN6891648,20070810,TMAX,25.17,G
658,55,SER,LIN6891648,20070810,DEW,22.06,G
658,55,SER,LIN6891648,20070810,RH,98.33,G
658,55,SER,LIN6891648,20070810,PREC,,M
658,55,SER,LIN6891648,20070811,TMEA,22.67,G
658,55,SER,LIN6891648,20070811,TMIN,21.33,G
658,55,SER,LIN6891648,20070811,TMAX,23.63,G
658,55,SER,LIN6891648,20070811,DEW,22.42,G
658,55,SER,LIN6891648,20070811,RH,98.5,G
658,55,SER,LIN6891648,20070811,PREC,,M
658,55,SER,LIN6891648,20070812,TMEA,23.22,G
658,55,SER,LIN6891648,20070812,TMIN,22.09,G
658,55,SER,LIN6891648,20070812,TMAX,24.01,G
658,55,SER,LIN6891648,20070812,DEW,22.52,G
658,55,SER,LIN6891648,20070812,RH,95.89,G
658,55,SER,LIN6891648,20070812,PREC,,M
658,55,SER,LIN6891648,20070813,TMEA,22.14,G
658,55,SER,LIN6891648,20070813,TMIN,20.95,G
658,55,SER,LIN6891648,20070813,TMAX,23.63,G
658,55,SER,LIN6891648,20070813,DEW,22.09,G
658,55,SER,LIN6891648,20070813,RH,99.93,G
658,55,SER,LIN6891648,20070813,PREC,,M
658,55,SER,LIN6891648,20070814,TMEA,22.26,G
658,55,SER,LIN6891648,20070814,TMIN,20.57,G
658,55,SER,LIN6891648,20070814,TMAX,24.79,G
658,55,SER,LIN6891648,20070814,DEW,21.88,G
658,55,SER,LIN6891648,20070814,RH,97.92,G
658,55,SER,LIN6891648,20070814,PREC,,M
658,55,SER,LIN6891648,20070815,TMEA,22.01,G
658,55,SER,LIN6891648,20070815,TMIN,20.57,G
658,55,SER,LIN6891648,20070815,TMAX,24.4,G
658,55,SER,LIN6891648,20070815,DEW,21.33,G
658,55,SER,LIN6891648,20070815,RH,96.03,G
658,55,SER,LIN6891648,20070815,PREC,,M
658,55,SER,LIN6891648,20070816,TMEA,24.37,G
658,55,SER,LIN6891648,20070816,TMIN,20.19,G
658,55,SER,LIN6891648,20070816,TMAX,30.71,G
658,55,SER,LIN6891648,20070816,DEW,22.34,G
658,55,SER,LIN6891648,20070816,RH,89.37,G
658,55,SER,LIN6891648,20070816,PREC,,M
658,55,SER,LIN6891648,20070817,TMEA,23.20,G
658,55,SER,LIN6891648,20070817,TMIN,21.33,G
658,55,SER,LIN6891648,20070817,TMAX,27.52,G
658,55,SER,LIN6891648,20070817,DEW,22.53,G
658,55,SER,LIN6891648,20070817,RH,96.28,G
658,55,SER,LIN6891648,20070817,PREC,,M
658,55,SER,LIN6891648,20070818,TMEA,22.20,G
658,55,SER,LIN6891648,20070818,TMIN,21.33,G
658,55,SER,LIN6891648,20070818,TMAX,23.63,G
658,55,SER,LIN6891648,20070818,DEW,22.01,G
658,55,SER,LIN6891648,20070818,RH,98.98,G
658,55,SER,LIN6891648,20070818,PREC,,M
658,55,SER,LIN6891648,20070819,TMEA,22.19,G
658,55,SER,LIN6891648,20070819,TMIN,21.33,G
658,55,SER,LIN6891648,20070819,TMAX,22.86,G
658,55,SER,LIN6891648,20070819,DEW,21.99,G
658,55,SER,LIN6891648,20070819,RH,98.78,G
658,55,SER,LIN6891648,20070819,PREC,,M
658,55,SER,LIN6891648,20070820,TMEA,21.79,G
658,55,SER,LIN6891648,20070820,TMIN,20.95,G
658,55,SER,LIN6891648,20070820,TMAX,22.86,G
658,55,SER,LIN6891648,20070820,DEW,21.64,G
658,55,SER,LIN6891648,20070820,RH,99.11,G
658,55,SER,LIN6891648,20070820,PREC,,M
658,55,SER,LIN6891648,20070821,TMEA,21.30,G
658,55,SER,LIN6891648,20070821,TMIN,20.19,G
658,55,SER,LIN6891648,20070821,TMAX,22.86,G
658,55,SER,LIN6891648,20070821,DEW,21.06,G
658,55,SER,LIN6891648,20070821,RH,98.64,G
658,55,SER,LIN6891648,20070821,PREC,,M
658,55,SER,LIN6891648,20070822,TMEA,21.54,G
658,55,SER,LIN6891648,20070822,TMIN,19.81,G
658,55,SER,LIN6891648,20070822,TMAX,25.17,G
658,55,SER,LIN6891648,20070822,DEW,20.86,G
658,55,SER,LIN6891648,20070822,RH,96.01,G
658,55,SER,LIN6891648,20070822,PREC,,M
658,55,SER,LIN6891648,20070823,TMEA,22.71,G
658,55,SER,LIN6891648,20070823,TMIN,20.57,G
658,55,SER,LIN6891648,20070823,TMAX,27.52,G
658,55,SER,LIN6891648,20070823,DEW,21.34,G
658,55,SER,LIN6891648,20070823,RH,92.44,G
658,55,SER,LIN6891648,20070823,PREC,,M
658,55,SER,LIN6891648,20070824,TMEA,22.23,G
658,55,SER,LIN6891648,20070824,TMIN,19.81,G
658,55,SER,LIN6891648,20070824,TMAX,26.73,G
658,55,SER,LIN6891648,20070824,DEW,21.26,G
658,55,SER,LIN6891648,20070824,RH,94.55,G
658,55,SER,LIN6891648,20070824,PREC,,M
658,55,SER,LIN6891648,20070825,TMEA,22.74,G
658,55,SER,LIN6891648,20070825,TMIN,19.42,G
658,55,SER,LIN6891648,20070825,TMAX,27.52,G
658,55,SER,LIN6891648,20070825,DEW,21.61,G
658,55,SER,LIN6891648,20070825,RH,93.68,G
658,55,SER,LIN6891648,20070825,PREC,,M
658,55,SER,LIN6891648,20070826,TMEA,22.49,G
658,55,SER,LIN6891648,20070826,TMIN,21.33,G
658,55,SER,LIN6891648,20070826,TMAX,25.17,G
658,55,SER,LIN6891648,20070826,DEW,21.85,G
658,55,SER,LIN6891648,20070826,RH,96.19,G
658,55,SER,LIN6891648,20070826,PREC,,M
658,55,SER,LIN6891648,20070827,TMEA,24.03,G
658,55,SER,LIN6891648,20070827,TMIN,20.95,G
658,55,SER,LIN6891648,20070827,TMAX,28.7,G
658,55,SER,LIN6891648,20070827,DEW,22.35,G
658,55,SER,LIN6891648,20070827,RH,90.94,G
658,55,SER,LIN6891648,20070827,PREC,,M
658,55,SER,LIN6891648,20070828,TMEA,22.92,G
658,55,SER,LIN6891648,20070828,TMIN,19.42,G
658,55,SER,LIN6891648,20070828,TMAX,29.1,G
658,55,SER,LIN6891648,20070828,DEW,21.41,G
658,55,SER,LIN6891648,20070828,RH,91.69,G
658,55,SER,LIN6891648,20070828,PREC,,M
658,55,SER,LIN6891648,20070829,TMEA,22.15,G
658,55,SER,LIN6891648,20070829,TMIN,19.42,G
658,55,SER,LIN6891648,20070829,TMAX,28.7,G
658,55,SER,LIN6891648,20070829,DEW,20.62,G
658,55,SER,LIN6891648,20070829,RH,91.51,G
658,55,SER,LIN6891648,20070829,PREC,,M
658,55,SER,LIN6891648,20070830,TMEA,22.19,G
658,55,SER,LIN6891648,20070830,TMIN,19.42,G
658,55,SER,LIN6891648,20070830,TMAX,28.7,G
658,55,SER,LIN6891648,20070830,DEW,20.77,G
658,55,SER,LIN6891648,20070830,RH,92.43,G
658,55,SER,LIN6891648,20070830,PREC,,M
658,55,SER,LIN6891648,20070831,TMEA,21.73,G
658,55,SER,LIN6891648,20070831,TMIN,19.04,G
658,55,SER,LIN6891648,20070831,TMAX,28.31,G
658,55,SER,LIN6891648,20070831,DEW,20.66,G
658,55,SER,LIN6891648,20070831,RH,94.16,G
658,55,SER,LIN6891648,20070831,PREC,,M
658,55,SER,LIN6891648,20070901,TMEA,22.01,G
658,55,SER,LIN6891648,20070901,TMIN,18.66,G
658,55,SER,LIN6891648,20070901,TMAX,29.1,G
658,55,SER,LIN6891648,20070901,DEW,20.43,G
658,55,SER,LIN6891648,20070901,RH,91.6,G
658,55,SER,LIN6891648,20070901,PREC,,M
658,55,SER,LIN6891648,20070902,TMEA,21.99,G
658,55,SER,LIN6891648,20070902,TMIN,19.04,G
658,55,SER,LIN6891648,20070902,TMAX,27.12,G
658,55,SER,LIN6891648,20070902,DEW,20.59,G
658,55,SER,LIN6891648,20070902,RH,92.27,G
658,55,SER,LIN6891648,20070902,PREC,,M
658,55,SER,LIN6891648,20070903,TMEA,23.11,G
658,55,SER,LIN6891648,20070903,TMIN,19.42,G
658,55,SER,LIN6891648,20070903,TMAX,28.7,G
658,55,SER,LIN6891648,20070903,DEW,20.6,G
658,55,SER,LIN6891648,20070903,RH,86.86,G
658,55,SER,LIN6891648,20070903,PREC,,M
658,55,SER,LIN6891648,20070904,TMEA,22.54,G
658,55,SER,LIN6891648,20070904,TMIN,20.57,G
658,55,SER,LIN6891648,20070904,TMAX,27.91,G
658,55,SER,LIN6891648,20070904,DEW,21.36,G
658,55,SER,LIN6891648,20070904,RH,93.45,G
658,55,SER,LIN6891648,20070904,PREC,,M
658,55,SER,LIN6891648,20070905,TMEA,22.62,G
658,55,SER,LIN6891648,20070905,TMIN,20.19,G
658,55,SER,LIN6891648,20070905,TMAX,25.95,G
658,55,SER,LIN6891648,20070905,DEW,21.5,G
658,55,SER,LIN6891648,20070905,RH,93.76,G
658,55,SER,LIN6891648,20070905,PREC,,M
658,55,SER,LIN6891648,20070906,TMEA,22.42,G
658,55,SER,LIN6891648,20070906,TMIN,20.19,G
658,55,SER,LIN6891648,20070906,TMAX,26.34,G
658,55,SER,LIN6891648,20070906,DEW,21.61,G
658,55,SER,LIN6891648,20070906,RH,95.62,G
658,55,SER,LIN6891648,20070906,PREC,,M
658,55,SER,LIN6891648,20070907,TMEA,22.66,G
658,55,SER,LIN6891648,20070907,TMIN,20.57,G
658,55,SER,LIN6891648,20070907,TMAX,25.95,G
658,55,SER,LIN6891648,20070907,DEW,22.07,G
658,55,SER,LIN6891648,20070907,RH,96.7,G
658,55,SER,LIN6891648,20070907,PREC,,M
658,55,SER,LIN6891648,20070908,TMEA,23.03,G
658,55,SER,LIN6891648,20070908,TMIN,20.57,G
658,55,SER,LIN6891648,20070908,TMAX,26.73,G
658,55,SER,LIN6891648,20070908,DEW,22.09,G
658,55,SER,LIN6891648,20070908,RH,94.86,G
658,55,SER,LIN6891648,20070908,PREC,,M
658,55,SER,LIN6891648,20070909,TMEA,22.99,G
658,55,SER,LIN6891648,20070909,TMIN,20.57,G
658,55,SER,LIN6891648,20070909,TMAX,26.73,G
658,55,SER,LIN6891648,20070909,DEW,22.4,G
658,55,SER,LIN6891648,20070909,RH,96.83,G
658,55,SER,LIN6891648,20070909,PREC,,M
658,55,SER,LIN6891648,20070910,TMEA,23.01,G
658,55,SER,LIN6891648,20070910,TMIN,21.33,G
658,55,SER,LIN6891648,20070910,TMAX,27.91,G
658,55,SER,LIN6891648,20070910,DEW,22.36,G
658,55,SER,LIN6891648,20070910,RH,96.42,G
658,55,SER,LIN6891648,20070910,PREC,,M
658,55,SER,LIN6891648,20070911,TMEA,22.87,G
658,55,SER,LIN6891648,20070911,TMIN,21.33,G
658,55,SER,LIN6891648,20070911,TMAX,26.34,G
658,55,SER,LIN6891648,20070911,DEW,22.37,G
658,55,SER,LIN6891648,20070911,RH,97.4,G
658,55,SER,LIN6891648,20070911,PREC,,M
658,55,SER,LIN6891648,20070912,TMEA,22.65,G
658,55,SER,LIN6891648,20070912,TMIN,20.57,G
658,55,SER,LIN6891648,20070912,TMAX,27.12,G
658,55,SER,LIN6891648,20070912,DEW,21.91,G
658,55,SER,LIN6891648,20070912,RH,96.11,G
658,55,SER,LIN6891648,20070912,PREC,,M
658,55,SER,LIN6891648,20070913,TMEA,22.89,G
658,55,SER,LIN6891648,20070913,TMIN,20.19,G
658,55,SER,LIN6891648,20070913,TMAX,27.52,G
658,55,SER,LIN6891648,20070913,DEW,22.07,G
658,55,SER,LIN6891648,20070913,RH,95.46,G
658,55,SER,LIN6891648,20070913,PREC,,M
658,55,SER,LIN6891648,20070914,TMEA,22.72,G
658,55,SER,LIN6891648,20070914,TMIN,20.19,G
658,55,SER,LIN6891648,20070914,TMAX,27.12,G
658,55,SER,LIN6891648,20070914,DEW,21.91,G
658,55,SER,LIN6891648,20070914,RH,95.44,G
658,55,SER,LIN6891648,20070914,PREC,,M
658,55,SER,LIN6891648,20070915,TMEA,24.04,G
658,55,SER,LIN6891648,20070915,TMIN,21.71,G
658,55,SER,LIN6891648,20070915,TMAX,27.91,G
658,55,SER,LIN6891648,20070915,DEW,22.6,G
658,55,SER,LIN6891648,20070915,RH,92.14,G
658,55,SER,LIN6891648,20070915,PREC,,M
658,55,SER,LIN6891648,20070916,TMEA,23.62,G
658,55,SER,LIN6891648,20070916,TMIN,21.71,G
658,55,SER,LIN6891648,20070916,TMAX,28.31,G
658,55,SER,LIN6891648,20070916,DEW,22.53,G
658,55,SER,LIN6891648,20070916,RH,94.06,G
658,55,SER,LIN6891648,20070916,PREC,,M
658,55,SER,LIN6891648,20070917,TMEA,23.14,G
658,55,SER,LIN6891648,20070917,TMIN,20.57,G
658,55,SER,LIN6891648,20070917,TMAX,26.34,G
658,55,SER,LIN6891648,20070917,DEW,22.09,G
658,55,SER,LIN6891648,20070917,RH,94.16,G
658,55,SER,LIN6891648,20070917,PREC,,M
658,55,SER,LIN6891648,20070918,TMEA,21.28,G
658,55,SER,LIN6891648,20070918,TMIN,20.19,G
658,55,SER,LIN6891648,20070918,TMAX,22.09,G
658,55,SER,LIN6891648,20070918,DEW,21.09,G
658,55,SER,LIN6891648,20070918,RH,98.95,G
658,55,SER,LIN6891648,20070918,PREC,,M
658,55,SER,LIN6891648,20070919,TMEA,22.16,G
658,55,SER,LIN6891648,20070919,TMIN,20.19,G
658,55,SER,LIN6891648,20070919,TMAX,25.17,G
658,55,SER,LIN6891648,20070919,DEW,21.35,G
658,55,SER,LIN6891648,20070919,RH,95.38,G
658,55,SER,LIN6891648,20070919,PREC,,M
658,55,SER,LIN6891648,20070920,TMEA,23.30,G
658,55,SER,LIN6891648,20070920,TMIN,20.19,G
658,55,SER,LIN6891648,20070920,TMAX,28.31,G
658,55,SER,LIN6891648,20070920,DEW,21.47,G
658,55,SER,LIN6891648,20070920,RH,90.15,G
658,55,SER,LIN6891648,20070920,PREC,,M
658,55,SER,LIN6891648,20070921,TMEA,22.90,G
658,55,SER,LIN6891648,20070921,TMIN,19.81,G
658,55,SER,LIN6891648,20070921,TMAX,29.1,G
658,55,SER,LIN6891648,20070921,DEW,21.78,G
658,55,SER,LIN6891648,20070921,RH,93.93,G
658,55,SER,LIN6891648,20070921,PREC,,M
658,55,SER,LIN6891648,20070922,TMEA,23.13,G
658,55,SER,LIN6891648,20070922,TMIN,21.33,G
658,55,SER,LIN6891648,20070922,TMAX,26.73,G
658,55,SER,LIN6891648,20070922,DEW,22.68,G
658,55,SER,LIN6891648,20070922,RH,97.53,G
658,55,SER,LIN6891648,20070922,PREC,,M
658,55,SER,LIN6891648,20070923,TMEA,23.31,G
658,55,SER,LIN6891648,20070923,TMIN,20.95,G
658,55,SER,LIN6891648,20070923,TMAX,27.52,G
658,55,SER,LIN6891648,20070923,DEW,22.69,G
658,55,SER,LIN6891648,20070923,RH,96.63,G
658,55,SER,LIN6891648,20070923,PREC,,M
658,55,SER,LIN6891648,20070924,TMEA,23.01,G
658,55,SER,LIN6891648,20070924,TMIN,20.95,G
658,55,SER,LIN6891648,20070924,TMAX,29.1,G
658,55,SER,LIN6891648,20070924,DEW,22.32,G
658,55,SER,LIN6891648,20070924,RH,96.32,G
658,55,SER,LIN6891648,20070924,PREC,,M
658,55,SER,LIN6891648,20070925,TMEA,22.39,G
658,55,SER,LIN6891648,20070925,TMIN,19.81,G
658,55,SER,LIN6891648,20070925,TMAX,26.34,G
658,55,SER,LIN6891648,20070925,DEW,21.61,G
658,55,SER,LIN6891648,20070925,RH,95.76,G
658,55,SER,LIN6891648,20070925,PREC,,M
658,55,SER,LIN6891648,20070926,TMEA,23.35,G
658,55,SER,LIN6891648,20070926,TMIN,20.19,G
658,55,SER,LIN6891648,20070926,TMAX,28.7,G
658,55,SER,LIN6891648,20070926,DEW,22.38,G
658,55,SER,LIN6891648,20070926,RH,94.79,G
658,55,SER,LIN6891648,20070926,PREC,,M
658,55,SER,LIN6891648,20070927,TMEA,23.73,G
658,55,SER,LIN6891648,20070927,TMIN,20.57,G
658,55,SER,LIN6891648,20070927,TMAX,28.7,G
658,55,SER,LIN6891648,20070927,DEW,22.32,G
658,55,SER,LIN6891648,20070927,RH,92.33,G
658,55,SER,LIN6891648,20070927,PREC,,M
658,55,SER,LIN6891648,20070928,TMEA,23.62,G
658,55,SER,LIN6891648,20070928,TMIN,19.81,G
658,55,SER,LIN6891648,20070928,TMAX,29.5,G
658,55,SER,LIN6891648,20070928,DEW,21.82,G
658,55,SER,LIN6891648,20070928,RH,90.59,G
658,55,SER,LIN6891648,20070928,PREC,,M
658,55,SER,LIN6891648,20070929,TMEA,24.28,G
658,55,SER,LIN6891648,20070929,TMIN,20.57,G
658,55,SER,LIN6891648,20070929,TMAX,30.71,G
658,55,SER,LIN6891648,20070929,DEW,22.36,G
658,55,SER,LIN6891648,20070929,RH,89.6,G
658,55,SER,LIN6891648,20070929,PREC,,M
658,55,SER,LIN6891648,20070930,TMEA,24.27,G
658,55,SER,LIN6891648,20070930,TMIN,20.95,G
658,55,SER,LIN6891648,20070930,TMAX,29.1,G
658,55,SER,LIN6891648,20070930,DEW,21.6,G
658,55,SER,LIN6891648,20070930,RH,85.62,G
658,55,SER,LIN6891648,20070930,PREC,,M
658,55,SER,LIN6891648,20071001,TMEA,23.53,G
658,55,SER,LIN6891648,20071001,TMIN,20.57,G
658,55,SER,LIN6891648,20071001,TMAX,27.91,G
658,55,SER,LIN6891648,20071001,DEW,21.58,G
658,55,SER,LIN6891648,20071001,RH,89.06,G
658,55,SER,LIN6891648,20071001,PREC,,M
658,55,SER,LIN6891648,20071002,TMEA,23.40,G
658,55,SER,LIN6891648,20071002,TMIN,19.81,G
658,55,SER,LIN6891648,20071002,TMAX,29.5,G
658,55,SER,LIN6891648,20071002,DEW,21.4,G
658,55,SER,LIN6891648,20071002,RH,89.13,G
658,55,SER,LIN6891648,20071002,PREC,,M
658,55,SER,LIN6891648,20071003,TMEA,23.73,G
658,55,SER,LIN6891648,20071003,TMIN,20.57,G
658,55,SER,LIN6891648,20071003,TMAX,29.5,G
658,55,SER,LIN6891648,20071003,DEW,21.77,G
658,55,SER,LIN6891648,20071003,RH,89.63,G
658,55,SER,LIN6891648,20071003,PREC,,M
658,55,SER,LIN6891648,20071004,TMEA,23.48,G
658,55,SER,LIN6891648,20071004,TMIN,20.19,G
658,55,SER,LIN6891648,20071004,TMAX,29.1,G
658,55,SER,LIN6891648,20071004,DEW,21.65,G
658,55,SER,LIN6891648,20071004,RH,90.36,G
658,55,SER,LIN6891648,20071004,PREC,,M
658,55,SER,LIN6891648,20071005,TMEA,22.04,G
658,55,SER,LIN6891648,20071005,TMIN,20.19,G
658,55,SER,LIN6891648,20071005,TMAX,25.17,G
658,55,SER,LIN6891648,20071005,DEW,21.29,G
658,55,SER,LIN6891648,20071005,RH,95.67,G
658,55,SER,LIN6891648,20071005,PREC,,M
658,55,SER,LIN6891648,20071006,TMEA,21.03,G
658,55,SER,LIN6891648,20071006,TMIN,20.19,G
658,55,SER,LIN6891648,20071006,TMAX,22.48,G
658,55,SER,LIN6891648,20071006,DEW,20.77,G
658,55,SER,LIN6891648,20071006,RH,98.55,G
658,55,SER,LIN6891648,20071006,PREC,,M
658,55,SER,LIN6891648,20071007,TMEA,21.16,G
658,55,SER,LIN6891648,20071007,TMIN,20.19,G
658,55,SER,LIN6891648,20071007,TMAX,22.48,G
658,55,SER,LIN6891648,20071007,DEW,20.84,G
658,55,SER,LIN6891648,20071007,RH,98.32,G
658,55,SER,LIN6891648,20071007,PREC,,M
658,55,SER,LIN6891648,20071008,TMEA,21.43,G
658,55,SER,LIN6891648,20071008,TMIN,20.57,G
658,55,SER,LIN6891648,20071008,TMAX,22.86,G
658,55,SER,LIN6891648,20071008,DEW,21.08,G
658,55,SER,LIN6891648,20071008,RH,97.96,G
658,55,SER,LIN6891648,20071008,PREC,,M
658,55,SER,LIN6891648,20071009,TMEA,22.42,G
658,55,SER,LIN6891648,20071009,TMIN,19.81,G
658,55,SER,LIN6891648,20071009,TMAX,26.34,G
658,55,SER,LIN6891648,20071009,DEW,21.48,G
658,55,SER,LIN6891648,20071009,RH,94.8,G
658,55,SER,LIN6891648,20071009,PREC,,M
658,55,SER,LIN6891648,20071010,TMEA,21.66,G
658,55,SER,LIN6891648,20071010,TMIN,19.04,G
658,55,SER,LIN6891648,20071010,TMAX,25.56,G
658,55,SER,LIN6891648,20071010,DEW,20.81,G
658,55,SER,LIN6891648,20071010,RH,95.11,G
658,55,SER,LIN6891648,20071010,PREC,,M
658,55,SER,LIN6891648,20071011,TMEA,21.42,G
658,55,SER,LIN6891648,20071011,TMIN,19.42,G
658,55,SER,LIN6891648,20071011,TMAX,25.95,G
658,55,SER,LIN6891648,20071011,DEW,20.88,G
658,55,SER,LIN6891648,20071011,RH,97.06,G
658,55,SER,LIN6891648,20071011,PREC,,M
658,55,SER,LIN6891648,20071012,TMEA,20.85,G
658,55,SER,LIN6891648,20071012,TMIN,18.66,G
658,55,SER,LIN6891648,20071012,TMAX,24.4,G
658,55,SER,LIN6891648,20071012,DEW,20.3,G
658,55,SER,LIN6891648,20071012,RH,96.91,G
658,55,SER,LIN6891648,20071012,PREC,,M
658,55,SER,LIN6891648,20071013,TMEA,21.87,G
658,55,SER,LIN6891648,20071013,TMIN,18.66,G
658,55,SER,LIN6891648,20071013,TMAX,27.12,G
658,55,SER,LIN6891648,20071013,DEW,20.71,G
658,55,SER,LIN6891648,20071013,RH,93.53,G
658,55,SER,LIN6891648,20071013,PREC,,M
658,55,SER,LIN6891648,20071014,TMEA,21.38,G
658,55,SER,LIN6891648,20071014,TMIN,18.66,G
658,55,SER,LIN6891648,20071014,TMAX,27.91,G
658,55,SER,LIN6891648,20071014,DEW,20.24,G
658,55,SER,LIN6891648,20071014,RH,93.96,G
658,55,SER,LIN6891648,20071014,PREC,,M
658,55,SER,LIN6891648,20071015,TMEA,21.23,G
658,55,SER,LIN6891648,20071015,TMIN,19.04,G
658,55,SER,LIN6891648,20071015,TMAX,25.95,G
658,55,SER,LIN6891648,20071015,DEW,20.48,G
658,55,SER,LIN6891648,20071015,RH,95.97,G
658,55,SER,LIN6891648,20071015,PREC,,M
658,55,SER,LIN6891648,20071016,TMEA,21.03,G
658,55,SER,LIN6891648,20071016,TMIN,19.42,G
658,55,SER,LIN6891648,20071016,TMAX,24.79,G
658,55,SER,LIN6891648,20071016,DEW,20.04,G
658,55,SER,LIN6891648,20071016,RH,94.42,G
658,55,SER,LIN6891648,20071016,PREC,,M
658,55,SER,LIN6891648,20071017,TMEA,20.27,G
658,55,SER,LIN6891648,20071017,TMIN,18.66,G
658,55,SER,LIN6891648,20071017,TMAX,23.63,G
658,55,SER,LIN6891648,20071017,DEW,19.28,G
658,55,SER,LIN6891648,20071017,RH,94.2,G
658,55,SER,LIN6891648,20071017,PREC,,M
658,55,SER,LIN6891648,20071018,TMEA,20.16,G
658,55,SER,LIN6891648,20071018,TMIN,17.14,G
658,55,SER,LIN6891648,20071018,TMAX,24.79,G
658,55,SER,LIN6891648,20071018,DEW,19.19,G
658,55,SER,LIN6891648,20071018,RH,94.55,G
658,55,SER,LIN6891648,20071018,PREC,,M
658,55,SER,LIN6891648,20071019,TMEA,20.71,G
658,55,SER,LIN6891648,20071019,TMIN,17.9,G
658,55,SER,LIN6891648,20071019,TMAX,24.79,G
658,55,SER,LIN6891648,20071019,DEW,19.25,G
658,55,SER,LIN6891648,20071019,RH,91.71,G
658,55,SER,LIN6891648,20071019,PREC,,M
658,55,SER,LIN6891648,20071020,TMEA,19.67,G
658,55,SER,LIN6891648,20071020,TMIN,17.9,G
658,55,SER,LIN6891648,20071020,TMAX,24.01,G
658,55,SER,LIN6891648,20071020,DEW,18.64,G
658,55,SER,LIN6891648,20071020,RH,94.14,G
658,55,SER,LIN6891648,20071020,PREC,,M
658,55,SER,LIN6891648,20071021,TMEA,19.55,G
658,55,SER,LIN6891648,20071021,TMIN,17.14,G
658,55,SER,LIN6891648,20071021,TMAX,24.01,G
658,55,SER,LIN6891648,20071021,DEW,18.32,G
658,55,SER,LIN6891648,20071021,RH,93.18,G
658,55,SER,LIN6891648,20071021,PREC,,M
658,55,SER,LIN6891648,20071022,TMEA,19.70,G
658,55,SER,LIN6891648,20071022,TMIN,16.76,G
658,55,SER,LIN6891648,20071022,TMAX,24.79,G
658,55,SER,LIN6891648,20071022,DEW,18.46,G
658,55,SER,LIN6891648,20071022,RH,93.29,G
658,55,SER,LIN6891648,20071022,PREC,,M
658,55,SER,LIN6891648,20071023,TMEA,20.23,G
658,55,SER,LIN6891648,20071023,TMIN,16.76,G
658,55,SER,LIN6891648,20071023,TMAX,24.79,G
658,55,SER,LIN6891648,20071023,DEW,18.84,G
658,55,SER,LIN6891648,20071023,RH,92.29,G
658,55,SER,LIN6891648,20071023,PREC,,M
658,55,SER,LIN6891648,20071024,TMEA,20.67,G
658,55,SER,LIN6891648,20071024,TMIN,16,G
658,55,SER,LIN6891648,20071024,TMAX,26.73,G
658,55,SER,LIN6891648,20071024,DEW,17.84,G
658,55,SER,LIN6891648,20071024,RH,85.45,G
658,55,SER,LIN6891648,20071024,PREC,,M
658,55,SER,LIN6891648,20071025,TMEA,21.84,G
658,55,SER,LIN6891648,20071025,TMIN,18.28,G
658,55,SER,LIN6891648,20071025,TMAX,26.73,G
658,55,SER,LIN6891648,20071025,DEW,20.36,G
658,55,SER,LIN6891648,20071025,RH,92.13,G
658,55,SER,LIN6891648,20071025,PREC,,M
658,55,SER,LIN6891648,20071026,TMEA,21.45,G
658,55,SER,LIN6891648,20071026,TMIN,18.28,G
658,55,SER,LIN6891648,20071026,TMAX,25.56,G
658,55,SER,LIN6891648,20071026,DEW,20.33,G
658,55,SER,LIN6891648,20071026,RH,93.78,G
658,55,SER,LIN6891648,20071026,PREC,,M
658,55,SER,LIN6891648,20071027,TMEA,21.74,G
658,55,SER,LIN6891648,20071027,TMIN,19.42,G
658,55,SER,LIN6891648,20071027,TMAX,25.95,G
658,55,SER,LIN6891648,20071027,DEW,20.14,G
658,55,SER,LIN6891648,20071027,RH,91.25,G
658,55,SER,LIN6891648,20071027,PREC,,M
658,55,SER,LIN6891648,20071028,TMEA,19.85,G
658,55,SER,LIN6891648,20071028,TMIN,17.52,G
658,55,SER,LIN6891648,20071028,TMAX,22.86,G
658,55,SER,LIN6891648,20071028,DEW,18.43,G
658,55,SER,LIN6891648,20071028,RH,92.11,G
658,55,SER,LIN6891648,20071028,PREC,,M
658,55,SER,LIN6891648,20071029,TMEA,20.47,G
658,55,SER,LIN6891648,20071029,TMIN,16.38,G
658,55,SER,LIN6891648,20071029,TMAX,26.34,G
658,55,SER,LIN6891648,20071029,DEW,17.74,G
658,55,SER,LIN6891648,20071029,RH,85.54,G
658,55,SER,LIN6891648,20071029,PREC,,M
658,55,SER,LIN6891648,20071030,TMEA,21.75,G
658,55,SER,LIN6891648,20071030,TMIN,17.9,G
658,55,SER,LIN6891648,20071030,TMAX,27.12,G
658,55,SER,LIN6891648,20071030,DEW,19.66,G
658,55,SER,LIN6891648,20071030,RH,88.54,G
658,55,SER,LIN6891648,20071030,PREC,,M
658,55,SER,LIN6891648,20071031,TMEA,22.22,G
658,55,SER,LIN6891648,20071031,TMIN,19.04,G
658,55,SER,LIN6891648,20071031,TMAX,27.12,G
658,55,SER,LIN6891648,20071031,DEW,20.99,G
658,55,SER,LIN6891648,20071031,RH,93.25,G
658,55,SER,LIN6891648,20071031,PREC,,M
658,55,SER,LIN6891648,20071101,TMEA,21.98,G
658,55,SER,LIN6891648,20071101,TMIN,19.42,G
658,55,SER,LIN6891648,20071101,TMAX,24.79,G
658,55,SER,LIN6891648,20071101,DEW,21.28,G
658,55,SER,LIN6891648,20071101,RH,95.98,G
658,55,SER,LIN6891648,20071101,PREC,,M
658,55,SER,LIN6891648,20071102,TMEA,19.94,G
658,55,SER,LIN6891648,20071102,TMIN,18.66,G
658,55,SER,LIN6891648,20071102,TMAX,22.09,G
658,55,SER,LIN6891648,20071102,DEW,19.8,G
658,55,SER,LIN6891648,20071102,RH,99.72,G
658,55,SER,LIN6891648,20071102,PREC,,M
658,55,SER,LIN6891648,20071103,TMEA,19.80,G
658,55,SER,LIN6891648,20071103,TMIN,18.28,G
658,55,SER,LIN6891648,20071103,TMAX,22.86,G
658,55,SER,LIN6891648,20071103,DEW,18.82,G
658,55,SER,LIN6891648,20071103,RH,94.43,G
658,55,SER,LIN6891648,20071103,PREC,,M
658,55,SER,LIN6891648,20071104,TMEA,19.54,G
658,55,SER,LIN6891648,20071104,TMIN,16.38,G
658,55,SER,LIN6891648,20071104,TMAX,24.01,G
658,55,SER,LIN6891648,20071104,DEW,18.5,G
658,55,SER,LIN6891648,20071104,RH,94.2,G
658,55,SER,LIN6891648,20071104,PREC,,M
658,55,SER,LIN6891648,20071105,TMEA,19.94,G
658,55,SER,LIN6891648,20071105,TMIN,17.9,G
658,55,SER,LIN6891648,20071105,TMAX,22.48,G
658,55,SER,LIN6891648,20071105,DEW,19.06,G
658,55,SER,LIN6891648,20071105,RH,94.85,G
658,55,SER,LIN6891648,20071105,PREC,,M
658,55,SER,LIN6891648,20071106,TMEA,20.20,G
658,55,SER,LIN6891648,20071106,TMIN,18.66,G
658,55,SER,LIN6891648,20071106,TMAX,22.86,G
658,55,SER,LIN6891648,20071106,DEW,19.62,G
658,55,SER,LIN6891648,20071106,RH,96.56,G
658,55,SER,LIN6891648,20071106,PREC,,M
658,55,SER,LIN6891648,20071107,TMEA,20.84,G
658,55,SER,LIN6891648,20071107,TMIN,18.66,G
658,55,SER,LIN6891648,20071107,TMAX,24.79,G
658,55,SER,LIN6891648,20071107,DEW,20.12,G
658,55,SER,LIN6891648,20071107,RH,96,G
658,55,SER,LIN6891648,20071107,PREC,,M
658,55,SER,LIN6891648,20071108,TMEA,21.28,G
658,55,SER,LIN6891648,20071108,TMIN,19.04,G
658,55,SER,LIN6891648,20071108,TMAX,25.17,G
658,55,SER,LIN6891648,20071108,DEW,20.21,G
658,55,SER,LIN6891648,20071108,RH,94.17,G
658,55,SER,LIN6891648,20071108,PREC,,M
658,55,SER,LIN6891648,20071109,TMEA,21.38,G
658,55,SER,LIN6891648,20071109,TMIN,18.66,G
658,55,SER,LIN6891648,20071109,TMAX,25.95,G
658,55,SER,LIN6891648,20071109,DEW,20.53,G
658,55,SER,LIN6891648,20071109,RH,95.37,G
658,55,SER,LIN6891648,20071109,PREC,,M
658,55,SER,LIN6891648,20071110,TMEA,20.71,G
658,55,SER,LIN6891648,20071110,TMIN,19.04,G
658,55,SER,LIN6891648,20071110,TMAX,22.48,G
658,55,SER,LIN6891648,20071110,DEW,20.2,G
658,55,SER,LIN6891648,20071110,RH,97.04,G
658,55,SER,LIN6891648,20071110,PREC,,M
658,55,SER,LIN6891648,20071111,TMEA,20.28,G
658,55,SER,LIN6891648,20071111,TMIN,18.28,G
658,55,SER,LIN6891648,20071111,TMAX,24.4,G
658,55,SER,LIN6891648,20071111,DEW,19.22,G
658,55,SER,LIN6891648,20071111,RH,93.87,G
658,55,SER,LIN6891648,20071111,PREC,,M
658,55,SER,LIN6891648,20071112,TMEA,18.89,G
658,55,SER,LIN6891648,20071112,TMIN,16.38,G
658,55,SER,LIN6891648,20071112,TMAX,24.01,G
658,55,SER,LIN6891648,20071112,DEW,17.4,G
658,55,SER,LIN6891648,20071112,RH,91.65,G
658,55,SER,LIN6891648,20071112,PREC,,M
658,55,SER,LIN6891648,20071113,TMEA,17.96,G
658,55,SER,LIN6891648,20071113,TMIN,13.7,G
658,55,SER,LIN6891648,20071113,TMAX,23.63,G
658,55,SER,LIN6891648,20071113,DEW,15.95,G
658,55,SER,LIN6891648,20071113,RH,89.08,G
658,55,SER,LIN6891648,20071113,PREC,,M
658,55,SER,LIN6891648,20071114,TMEA,17.98,G
658,55,SER,LIN6891648,20071114,TMIN,15.23,G
658,55,SER,LIN6891648,20071114,TMAX,21.71,G
658,55,SER,LIN6891648,20071114,DEW,16.62,G
658,55,SER,LIN6891648,20071114,RH,92.23,G
658,55,SER,LIN6891648,20071114,PREC,,M
658,55,SER,LIN6891648,20071115,TMEA,18.84,G
658,55,SER,LIN6891648,20071115,TMIN,15.62,G
658,55,SER,LIN6891648,20071115,TMAX,24.79,G
658,55,SER,LIN6891648,20071115,DEW,16.56,G
658,55,SER,LIN6891648,20071115,RH,88.1,G
658,55,SER,LIN6891648,20071115,PREC,,M
658,55,SER,LIN6891648,20071116,TMEA,19.01,G
658,55,SER,LIN6891648,20071116,TMIN,15.23,G
658,55,SER,LIN6891648,20071116,TMAX,25.56,G
658,55,SER,LIN6891648,20071116,DEW,16.52,G
658,55,SER,LIN6891648,20071116,RH,87.03,G
658,55,SER,LIN6891648,20071116,PREC,,M
658,55,SER,LIN6891648,20071117,TMEA,19.40,G
658,55,SER,LIN6891648,20071117,TMIN,16,G
658,55,SER,LIN6891648,20071117,TMAX,24.4,G
658,55,SER,LIN6891648,20071117,DEW,17.73,G
658,55,SER,LIN6891648,20071117,RH,90.67,G
658,55,SER,LIN6891648,20071117,PREC,,M
658,55,SER,LIN6891648,20071118,TMEA,19.54,G
658,55,SER,LIN6891648,20071118,TMIN,16.38,G
658,55,SER,LIN6891648,20071118,TMAX,23.24,G
658,55,SER,LIN6891648,20071118,DEW,18.25,G
658,55,SER,LIN6891648,20071118,RH,92.82,G
658,55,SER,LIN6891648,20071118,PREC,,M
658,55,SER,LIN6891648,20071119,TMEA,19.34,G
658,55,SER,LIN6891648,20071119,TMIN,15.62,G
658,55,SER,LIN6891648,20071119,TMAX,24.79,G
658,55,SER,LIN6891648,20071119,DEW,17.95,G
658,55,SER,LIN6891648,20071119,RH,92.15,G
658,55,SER,LIN6891648,20071119,PREC,,M
658,55,SER,LIN6891648,20071120,TMEA,18.56,G
658,55,SER,LIN6891648,20071120,TMIN,14.85,G
658,55,SER,LIN6891648,20071120,TMAX,25.17,G
658,55,SER,LIN6891648,20071120,DEW,16.42,G
658,55,SER,LIN6891648,20071120,RH,88.82,G
658,55,SER,LIN6891648,20071120,PREC,,M
658,55,SER,LIN6891648,20071121,TMEA,19.42,G
658,55,SER,LIN6891648,20071121,TMIN,16,G
658,55,SER,LIN6891648,20071121,TMAX,25.95,G
658,55,SER,LIN6891648,20071121,DEW,17.85,G
658,55,SER,LIN6891648,20071121,RH,91.61,G
658,55,SER,LIN6891648,20071121,PREC,,M
658,55,SER,LIN6891648,20071122,TMEA,18.52,G
658,55,SER,LIN6891648,20071122,TMIN,15.62,G
658,55,SER,LIN6891648,20071122,TMAX,23.63,G
658,55,SER,LIN6891648,20071122,DEW,17.13,G
658,55,SER,LIN6891648,20071122,RH,92.21,G
658,55,SER,LIN6891648,20071122,PREC,,M
658,55,SER,LIN6891648,20071123,TMEA,17.60,G
658,55,SER,LIN6891648,20071123,TMIN,14.85,G
658,55,SER,LIN6891648,20071123,TMAX,22.48,G
658,55,SER,LIN6891648,20071123,DEW,16.35,G
658,55,SER,LIN6891648,20071123,RH,93.01,G
658,55,SER,LIN6891648,20071123,PREC,,M
658,55,SER,LIN6891648,20071124,TMEA,18.22,G
658,55,SER,LIN6891648,20071124,TMIN,14.47,G
658,55,SER,LIN6891648,20071124,TMAX,24.79,G
658,55,SER,LIN6891648,20071124,DEW,15.7,G
658,55,SER,LIN6891648,20071124,RH,86.7,G
658,55,SER,LIN6891648,20071124,PREC,,M
658,55,SER,LIN6891648,20071125,TMEA,19.48,G
658,55,SER,LIN6891648,20071125,TMIN,15.62,G
658,55,SER,LIN6891648,20071125,TMAX,25.95,G
658,55,SER,LIN6891648,20071125,DEW,16.88,G
658,55,SER,LIN6891648,20071125,RH,86.29,G
658,55,SER,LIN6891648,20071125,PREC,,M
658,55,SER,LIN6891648,20071126,TMEA,19.52,G
658,55,SER,LIN6891648,20071126,TMIN,18.66,G
658,55,SER,LIN6891648,20071126,TMAX,21.33,G
658,55,SER,LIN6891648,20071126,DEW,19.12,G
658,55,SER,LIN6891648,20071126,RH,97.89,G
658,55,SER,LIN6891648,20071126,PREC,,M
658,55,SER,LIN6891648,20071127,TMEA,17.69,G
658,55,SER,LIN6891648,20071127,TMIN,16,G
658,55,SER,LIN6891648,20071127,TMAX,20.57,G
658,55,SER,LIN6891648,20071127,DEW,17.69,G
658,55,SER,LIN6891648,20071127,RH,101.44,G
658,55,SER,LIN6891648,20071127,PREC,,M
658,55,SER,LIN6891648,20071128,TMEA,14.80,G
658,55,SER,LIN6891648,20071128,TMIN,13.7,G
658,55,SER,LIN6891648,20071128,TMAX,16,G
658,55,SER,LIN6891648,20071128,DEW,14.8,G
658,55,SER,LIN6891648,20071128,RH,102.62,G
658,55,SER,LIN6891648,20071128,PREC,,M
658,55,SER,LIN6891648,20071129,TMEA,14.09,G
658,55,SER,LIN6891648,20071129,TMIN,11.38,G
658,55,SER,LIN6891648,20071129,TMAX,18.66,G
658,55,SER,LIN6891648,20071129,DEW,13.27,G
658,55,SER,LIN6891648,20071129,RH,96.01,G
658,55,SER,LIN6891648,20071129,PREC,,M
658,55,SER,LIN6891648,20071130,TMEA,13.73,G
658,55,SER,LIN6891648,20071130,TMIN,10.21,G
658,55,SER,LIN6891648,20071130,TMAX,19.42,G
658,55,SER,LIN6891648,20071130,DEW,11.94,G
658,55,SER,LIN6891648,20071130,RH,90.31,G
658,55,SER,LIN6891648,20071130,PREC,,M
658,55,SER,LIN6891648,20071201,TMEA,14.05,G
658,55,SER,LIN6891648,20071201,TMIN,10.6,G
658,55,SER,LIN6891648,20071201,TMAX,20.57,G
658,55,SER,LIN6891648,20071201,DEW,11.19,G
658,55,SER,LIN6891648,20071201,RH,85.13,G
658,55,SER,LIN6891648,20071201,PREC,,M
658,55,SER,LIN6891648,20071202,TMEA,15.90,G
658,55,SER,LIN6891648,20071202,TMIN,11.38,G
658,55,SER,LIN6891648,20071202,TMAX,24.4,G
658,55,SER,LIN6891648,20071202,DEW,10.44,G
658,55,SER,LIN6891648,20071202,RH,73.68,G
658,55,SER,LIN6891648,20071202,PREC,,M
658,55,SER,LIN6891648,20071203,TMEA,15.70,G
658,55,SER,LIN6891648,20071203,TMIN,12.16,G
658,55,SER,LIN6891648,20071203,TMAX,23.24,G
658,55,SER,LIN6891648,20071203,DEW,11.97,G
658,55,SER,LIN6891648,20071203,RH,80.83,G
658,55,SER,LIN6891648,20071203,PREC,,M
658,55,SER,LIN6891648,20071204,TMEA,16.45,G
658,55,SER,LIN6891648,20071204,TMIN,12.55,G
658,55,SER,LIN6891648,20071204,TMAX,22.48,G
658,55,SER,LIN6891648,20071204,DEW,13.56,G
658,55,SER,LIN6891648,20071204,RH,84.29,G
658,55,SER,LIN6891648,20071204,PREC,,M
658,55,SER,LIN6891648,20071205,TMEA,17.28,G
658,55,SER,LIN6891648,20071205,TMIN,14.09,G
658,55,SER,LIN6891648,20071205,TMAX,20.95,G
658,55,SER,LIN6891648,20071205,DEW,15.69,G
658,55,SER,LIN6891648,20071205,RH,90.83,G
658,55,SER,LIN6891648,20071205,PREC,,M
658,55,SER,LIN6891648,20071206,TMEA,17.73,G
658,55,SER,LIN6891648,20071206,TMIN,15.23,G
658,55,SER,LIN6891648,20071206,TMAX,22.48,G
658,55,SER,LIN6891648,20071206,DEW,15.95,G
658,55,SER,LIN6891648,20071206,RH,90.23,G
658,55,SER,LIN6891648,20071206,PREC,,M
658,55,SER,LIN6891648,20071207,TMEA,17.15,G
658,55,SER,LIN6891648,20071207,TMIN,14.47,G
658,55,SER,LIN6891648,20071207,TMAX,23.24,G
658,55,SER,LIN6891648,20071207,DEW,14.38,G
658,55,SER,LIN6891648,20071207,RH,85.2,G
658,55,SER,LIN6891648,20071207,PREC,,M
658,55,SER,LIN6891648,20071208,TMEA,16.08,G
658,55,SER,LIN6891648,20071208,TMIN,12.93,G
658,55,SER,LIN6891648,20071208,TMAX,20.57,G
658,55,SER,LIN6891648,20071208,DEW,14.24,G
658,55,SER,LIN6891648,20071208,RH,89.64,G
658,55,SER,LIN6891648,20071208,PREC,,M
658,55,SER,LIN6891648,20071209,TMEA,16.11,G
658,55,SER,LIN6891648,20071209,TMIN,12.16,G
658,55,SER,LIN6891648,20071209,TMAX,22.86,G
658,55,SER,LIN6891648,20071209,DEW,12.98,G
658,55,SER,LIN6891648,20071209,RH,83.3,G
658,55,SER,LIN6891648,20071209,PREC,,M
658,55,SER,LIN6891648,20071210,TMEA,18.04,G
658,55,SER,LIN6891648,20071210,TMIN,14.47,G
658,55,SER,LIN6891648,20071210,TMAX,24.4,G
658,55,SER,LIN6891648,20071210,DEW,14.62,G
658,55,SER,LIN6891648,20071210,RH,82.16,G
658,55,SER,LIN6891648,20071210,PREC,,M
658,55,SER,LIN6891648,20071211,TMEA,18.24,G
658,55,SER,LIN6891648,20071211,TMIN,14.85,G
658,55,SER,LIN6891648,20071211,TMAX,24.79,G
658,55,SER,LIN6891648,20071211,DEW,14.43,G
658,55,SER,LIN6891648,20071211,RH,80.53,G
658,55,SER,LIN6891648,20071211,PREC,,M
658,55,SER,LIN6891648,20071212,TMEA,19.39,G
658,55,SER,LIN6891648,20071212,TMIN,17.52,G
658,55,SER,LIN6891648,20071212,TMAX,24.01,G
658,55,SER,LIN6891648,20071212,DEW,17.87,G
658,55,SER,LIN6891648,20071212,RH,91.2,G
658,55,SER,LIN6891648,20071212,PREC,,M
658,55,SER,LIN6891648,20071213,TMEA,19.93,G
658,55,SER,LIN6891648,20071213,TMIN,17.14,G
658,55,SER,LIN6891648,20071213,TMAX,24.01,G
658,55,SER,LIN6891648,20071213,DEW,18.27,G
658,55,SER,LIN6891648,20071213,RH,90.74,G
658,55,SER,LIN6891648,20071213,PREC,,M
658,55,SER,LIN6891648,20071214,TMEA,18.16,G
658,55,SER,LIN6891648,20071214,TMIN,16.00,G
658,55,SER,LIN6891648,20071214,TMAX,22.09,G
658,55,SER,LIN6891648,20071214,DEW,16.84,G
658,55,SER,LIN6891648,20071214,RH,92.44,G
658,55,SER,LIN6891648,20071214,PREC,,M
658,55,SER,LIN6891648,20071215,TMEA,17.67,G
658,55,SER,LIN6891648,20071215,TMIN,14.85,G
658,55,SER,LIN6891648,20071215,TMAX,22.86,G
658,55,SER,LIN6891648,20071215,DEW,15.82,G
658,55,SER,LIN6891648,20071215,RH,89.86,G
658,55,SER,LIN6891648,20071215,PREC,,M
658,55,SER,LIN6891648,20071216,TMEA,18.10,G
658,55,SER,LIN6891648,20071216,TMIN,14.85,G
658,55,SER,LIN6891648,20071216,TMAX,23.24,G
658,55,SER,LIN6891648,20071216,DEW,15.28,G
658,55,SER,LIN6891648,20071216,RH,84.50,G
658,55,SER,LIN6891648,20071216,PREC,,M
658,55,SER,LIN6891648,20071217,TMEA,18.77,G
658,55,SER,LIN6891648,20071217,TMIN,15.62,G
658,55,SER,LIN6891648,20071217,TMAX,24.01,G
658,55,SER,LIN6891648,20071217,DEW,16.50,G
658,55,SER,LIN6891648,20071217,RH,87.74,G
658,55,SER,LIN6891648,20071217,PREC,,M
658,55,SER,LIN6891648,20071218,TMEA,18.05,G
658,55,SER,LIN6891648,20071218,TMIN,15.62,G
658,55,SER,LIN6891648,20071218,TMAX,21.33,G
658,55,SER,LIN6891648,20071218,DEW,16.59,G
658,55,SER,LIN6891648,20071218,RH,91.49,G
658,55,SER,LIN6891648,20071218,PREC,32.5,G
658,55,SER,LIN6891648,20071219,TMEA,18.88,G
658,55,SER,LIN6891648,20071219,TMIN,16.00,G
658,55,SER,LIN6891648,20071219,TMAX,24.40,G
658,55,SER,LIN6891648,20071219,DEW,15.78,G
658,55,SER,LIN6891648,20071219,RH,83.45,G
658,55,SER,LIN6891648,20071219,PREC,0,G
658,55,SER,LIN6891648,20071220,TMEA,17.17,G
658,55,SER,LIN6891648,20071220,TMIN,14.47,G
658,55,SER,LIN6891648,20071220,TMAX,20.57,G
658,55,SER,LIN6891648,20071220,DEW,15.80,G
658,55,SER,LIN6891648,20071220,RH,91.99,G
658,55,SER,LIN6891648,20071220,PREC,0,G
658,55,SER,LIN6891648,20071221,TMEA,19.24,G
658,55,SER,LIN6891648,20071221,TMIN,16.38,G
658,55,SER,LIN6891648,20071221,TMAX,24.79,G
658,55,SER,LIN6891648,20071221,DEW,16.69,G
658,55,SER,LIN6891648,20071221,RH,86.29,G
658,55,SER,LIN6891648,20071221,PREC,0,G
658,55,SER,LIN6891648,20071222,TMEA,19.36,G
658,55,SER,LIN6891648,20071222,TMIN,16.00,G
658,55,SER,LIN6891648,20071222,TMAX,25.56,G
658,55,SER,LIN6891648,20071222,DEW,16.90,G
658,55,SER,LIN6891648,20071222,RH,86.71,G
658,55,SER,LIN6891648,20071222,PREC,0,G
658,55,SER,LIN6891648,20071223,TMEA,19.50,G
658,55,SER,LIN6891648,20071223,TMIN,16.38,G
658,55,SER,LIN6891648,20071223,TMAX,25.17,G
658,55,SER,LIN6891648,20071223,DEW,16.85,G
658,55,SER,LIN6891648,20071223,RH,86.30,G
658,55,SER,LIN6891648,20071223,PREC,0,G
658,55,SER,LIN6891648,20071224,TMEA,18.14,G
658,55,SER,LIN6891648,20071224,TMIN,16.00,G
658,55,SER,LIN6891648,20071224,TMAX,22.48,G
658,55,SER,LIN6891648,20071224,DEW,16.88,G
658,55,SER,LIN6891648,20071224,RH,92.83,G
658,55,SER,LIN6891648,20071224,PREC,0,G
658,55,SER,LIN6891648,20071225,TMEA,17.36,G
658,55,SER,LIN6891648,20071225,TMIN,15.23,G
658,55,SER,LIN6891648,20071225,TMAX,20.57,G
658,55,SER,LIN6891648,20071225,DEW,16.30,G
658,55,SER,LIN6891648,20071225,RH,93.72,G
658,55,SER,LIN6891648,20071225,PREC,0,G
658,55,SER,LIN6891648,20071226,TMEA,16.86,G
658,55,SER,LIN6891648,20071226,TMIN,14.09,G
658,55,SER,LIN6891648,20071226,TMAX,21.33,G
658,55,SER,LIN6891648,20071226,DEW,14.98,G
658,55,SER,LIN6891648,20071226,RH,89.32,G
658,55,SER,LIN6891648,20071226,PREC,0,G
658,55,SER,LIN6891648,20071227,TMEA,16.66,G
658,55,SER,LIN6891648,20071227,TMIN,13.70,G
658,55,SER,LIN6891648,20071227,TMAX,22.48,G
658,55,SER,LIN6891648,20071227,DEW,14.09,G
658,55,SER,LIN6891648,20071227,RH,86.04,G
658,55,SER,LIN6891648,20071227,PREC,0,G
658,55,SER,LIN6891648,20071228,TMEA,16.93,G
658,55,SER,LIN6891648,20071228,TMIN,13.70,G
658,55,SER,LIN6891648,20071228,TMAX,24.01,G
658,55,SER,LIN6891648,20071228,DEW,13.71,G
658,55,SER,LIN6891648,20071228,RH,83.48,G
658,55,SER,LIN6891648,20071228,PREC,0,G
658,55,SER,LIN6891648,20071229,TMEA,16.63,G
658,55,SER,LIN6891648,20071229,TMIN,13.70,G
658,55,SER,LIN6891648,20071229,TMAX,22.48,G
658,55,SER,LIN6891648,20071229,DEW,13.19,G
658,55,SER,LIN6891648,20071229,RH,82.13,G
658,55,SER,LIN6891648,20071229,PREC,0,G
658,55,SER,LIN6891648,20071230,TMEA,14.42,G
658,55,SER,LIN6891648,20071230,TMIN,12.93,G
658,55,SER,LIN6891648,20071230,TMAX,17.52,G
658,55,SER,LIN6891648,20071230,DEW,13.43,G
658,55,SER,LIN6891648,20071230,RH,94.05,G
658,55,SER,LIN6891648,20071230,PREC,0,G
658,55,SER,LIN6891648,20071231,TMEA,13.52,G
658,55,SER,LIN6891648,20071231,TMIN,11.38,G
658,55,SER,LIN6891648,20071231,TMAX,16.00,G
658,55,SER,LIN6891648,20071231,DEW,12.10,G
658,55,SER,LIN6891648,20071231,RH,91.42,G
658,55,SER,LIN6891648,20071231,PREC,0,G
658,55,SER,LIN6891648,20080101,TMEA,12.57,G
658,55,SER,LIN6891648,20080101,TMIN,9.82,G
658,55,SER,LIN6891648,20080101,TMAX,16.00,G
658,55,SER,LIN6891648,20080101,DEW,10.80,G
658,55,SER,LIN6891648,20080101,RH,89.51,G
658,55,SER,LIN6891648,20080101,PREC,0,G
658,55,SER,LIN6891648,20080102,TMEA,12.16,G
658,55,SER,LIN6891648,20080102,TMIN,9.82,G
658,55,SER,LIN6891648,20080102,TMAX,17.14,G
658,55,SER,LIN6891648,20080102,DEW,9.85,G
658,55,SER,LIN6891648,20080102,RH,86.59,G
658,55,SER,LIN6891648,20080102,PREC,0,G
658,55,SER,LIN6891648,20080103,TMEA,12.84,G
658,55,SER,LIN6891648,20080103,TMIN,9.42,G
658,55,SER,LIN6891648,20080103,TMAX,18.28,G
658,55,SER,LIN6891648,20080103,DEW,10.01,G
658,55,SER,LIN6891648,20080103,RH,84.34,G
658,55,SER,LIN6891648,20080103,PREC,0,G
658,55,SER,LIN6891648,20080104,TMEA,13.28,G
658,55,SER,LIN6891648,20080104,TMIN,10.21,G
658,55,SER,LIN6891648,20080104,TMAX,17.90,G
658,55,SER,LIN6891648,20080104,DEW,11.08,G
658,55,SER,LIN6891648,20080104,RH,87.39,G
658,55,SER,LIN6891648,20080104,PREC,0,G
658,55,SER,LIN6891648,20080105,TMEA,15.29,G
658,55,SER,LIN6891648,20080105,TMIN,10.99,G
658,55,SER,LIN6891648,20080105,TMAX,22.48,G
658,55,SER,LIN6891648,20080105,DEW,10.43,G
658,55,SER,LIN6891648,20080105,RH,75.14,G
658,55,SER,LIN6891648,20080105,PREC,0,G
658,55,SER,LIN6891648,20080106,TMEA,17.62,G
658,55,SER,LIN6891648,20080106,TMIN,12.93,G
658,55,SER,LIN6891648,20080106,TMAX,22.86,G
658,55,SER,LIN6891648,20080106,DEW,13.06,G
658,55,SER,LIN6891648,20080106,RH,75.61,G
658,55,SER,LIN6891648,20080106,PREC,0,G
658,55,SER,LIN6891648,20080107,TMEA,18.71,G
658,55,SER,LIN6891648,20080107,TMIN,15.62,G
658,55,SER,LIN6891648,20080107,TMAX,23.63,G
658,55,SER,LIN6891648,20080107,DEW,15.99,G
658,55,SER,LIN6891648,20080107,RH,85.07,G
658,55,SER,LIN6891648,20080107,PREC,0,G
658,55,SER,LIN6891648,20080108,TMEA,18.62,G
658,55,SER,LIN6891648,20080108,TMIN,15.62,G
658,55,SER,LIN6891648,20080108,TMAX,23.24,G
658,55,SER,LIN6891648,20080108,DEW,16.45,G
658,55,SER,LIN6891648,20080108,RH,87.99,G
658,55,SER,LIN6891648,20080108,PREC,0,G
658,55,SER,LIN6891648,20080109,TMEA,18.51,G
658,55,SER,LIN6891648,20080109,TMIN,15.62,G
658,55,SER,LIN6891648,20080109,TMAX,22.86,G
658,55,SER,LIN6891648,20080109,DEW,16.38,G
658,55,SER,LIN6891648,20080109,RH,88.27,G
658,55,SER,LIN6891648,20080109,PREC,0,G
658,55,SER,LIN6891648,20080110,TMEA,18.60,G
658,55,SER,LIN6891648,20080110,TMIN,16.00,G
658,55,SER,LIN6891648,20080110,TMAX,22.86,G
658,55,SER,LIN6891648,20080110,DEW,16.97,G
658,55,SER,LIN6891648,20080110,RH,90.71,G
658,55,SER,LIN6891648,20080110,PREC,0,G
658,55,SER,LIN6891648,20080111,TMEA,19.42,G
658,55,SER,LIN6891648,20080111,TMIN,15.62,G
658,55,SER,LIN6891648,20080111,TMAX,25.95,G
658,55,SER,LIN6891648,20080111,DEW,16.29,G
658,55,SER,LIN6891648,20080111,RH,83.85,G
658,55,SER,LIN6891648,20080111,PREC,0,G
658,55,SER,LIN6891648,20080112,TMEA,20.68,G
658,55,SER,LIN6891648,20080112,TMIN,17.90,G
658,55,SER,LIN6891648,20080112,TMAX,25.17,G
658,55,SER,LIN6891648,20080112,DEW,18.41,G
658,55,SER,LIN6891648,20080112,RH,87.69,G
658,55,SER,LIN6891648,20080112,PREC,0,G
658,55,SER,LIN6891648,20080113,TMEA,18.49,G
658,55,SER,LIN6891648,20080113,TMIN,17.52,G
658,55,SER,LIN6891648,20080113,TMAX,21.33,G
658,55,SER,LIN6891648,20080113,DEW,17.92,G
658,55,SER,LIN6891648,20080113,RH,97.21,G
658,55,SER,LIN6891648,20080113,PREC,0,G
658,55,SER,LIN6891648,20080114,TMEA,16.53,G
658,55,SER,LIN6891648,20080114,TMIN,15.62,G
658,55,SER,LIN6891648,20080114,TMAX,17.52,G
658,55,SER,LIN6891648,20080114,DEW,16.53,G
658,55,SER,LIN6891648,20080114,RH,100.00,G
658,55,SER,LIN6891648,20080114,PREC,3.5,G
658,55,SER,LIN6891648,20080115,TMEA,16.91,G
658,55,SER,LIN6891648,20080115,TMIN,15.62,G
658,55,SER,LIN6891648,20080115,TMAX,19.42,G
658,55,SER,LIN6891648,20080115,DEW,16.73,G
658,55,SER,LIN6891648,20080115,RH,100.00,G
658,55,SER,LIN6891648,20080115,PREC,0,G
658,55,SER,LIN6891648,20080116,TMEA,15.63,G
658,55,SER,LIN6891648,20080116,TMIN,13.70,G
658,55,SER,LIN6891648,20080116,TMAX,16.76,G
658,55,SER,LIN6891648,20080116,DEW,15.63,G
658,55,SER,LIN6891648,20080116,RH,100.00,G
658,55,SER,LIN6891648,20080116,PREC,7,G
658,55,SER,LIN6891648,20080117,TMEA,14.01,G
658,55,SER,LIN6891648,20080117,TMIN,12.55,G
658,55,SER,LIN6891648,20080117,TMAX,16.38,G
658,55,SER,LIN6891648,20080117,DEW,13.98,G
658,55,SER,LIN6891648,20080117,RH,100.00,G
658,55,SER,LIN6891648,20080117,PREC,2.5,G
658,55,SER,LIN6891648,20080118,TMEA,15.11,G
658,55,SER,LIN6891648,20080118,TMIN,12.55,G
658,55,SER,LIN6891648,20080118,TMAX,19.42,G
658,55,SER,LIN6891648,20080118,DEW,13.81,G
658,55,SER,LIN6891648,20080118,RH,92.61,G
658,55,SER,LIN6891648,20080118,PREC,0,G
658,55,SER,LIN6891648,20080119,TMEA,15.96,G
658,55,SER,LIN6891648,20080119,TMIN,11.77,G
658,55,SER,LIN6891648,20080119,TMAX,23.63,G
658,55,SER,LIN6891648,20080119,DEW,13.46,G
658,55,SER,LIN6891648,20080119,RH,87.55,G
658,55,SER,LIN6891648,20080119,PREC,0,G
658,55,SER,LIN6891648,20080120,TMEA,18.12,G
658,55,SER,LIN6891648,20080120,TMIN,13.70,G
658,55,SER,LIN6891648,20080120,TMAX,24.40,G
658,55,SER,LIN6891648,20080120,DEW,15.05,G
658,55,SER,LIN6891648,20080120,RH,84.12,G
658,55,SER,LIN6891648,20080120,PREC,0,G
658,55,SER,LIN6891648,20080121,TMEA,19.41,G
658,55,SER,LIN6891648,20080121,TMIN,16.38,G
658,55,SER,LIN6891648,20080121,TMAX,25.17,G
658,55,SER,LIN6891648,20080121,DEW,16.20,G
658,55,SER,LIN6891648,20080121,RH,83.12,G
658,55,SER,LIN6891648,20080121,PREC,0,G
658,55,SER,LIN6891648,20080122,TMEA,18.64,G
658,55,SER,LIN6891648,20080122,TMIN,16.38,G
658,55,SER,LIN6891648,20080122,TMAX,23.24,G
658,55,SER,LIN6891648,20080122,DEW,16.76,G
658,55,SER,LIN6891648,20080122,RH,89.73,G
658,55,SER,LIN6891648,20080122,PREC,0,G
658,55,SER,LIN6891648,20080123,TMEA,18.91,G
658,55,SER,LIN6891648,20080123,TMIN,17.14,G
658,55,SER,LIN6891648,20080123,TMAX,22.48,G
658,55,SER,LIN6891648,20080123,DEW,17.81,G
658,55,SER,LIN6891648,20080123,RH,93.68,G
658,55,SER,LIN6891648,20080123,PREC,0,G
658,55,SER,LIN6891648,20080124,TMEA,16.27,G
658,55,SER,LIN6891648,20080124,TMIN,14.47,G
658,55,SER,LIN6891648,20080124,TMAX,17.90,G
658,55,SER,LIN6891648,20080124,DEW,16.27,G
658,55,SER,LIN6891648,20080124,RH,100.00,G
658,55,SER,LIN6891648,20080124,PREC,0,G
658,55,SER,LIN6891648,20080125,TMEA,15.21,G
658,55,SER,LIN6891648,20080125,TMIN,14.09,G
658,55,SER,LIN6891648,20080125,TMAX,17.14,G
658,55,SER,LIN6891648,20080125,DEW,15.08,G
658,55,SER,LIN6891648,20080125,RH,100.00,G
658,55,SER,LIN6891648,20080125,PREC,2.5,G
658,55,SER,LIN6891648,20080126,TMEA,16.36,G
658,55,SER,LIN6891648,20080126,TMIN,14.85,G
658,55,SER,LIN6891648,20080126,TMAX,18.66,G
658,55,SER,LIN6891648,20080126,DEW,16.36,G
658,55,SER,LIN6891648,20080126,RH,100.00,G
658,55,SER,LIN6891648,20080126,PREC,18.5,G
658,55,SER,LIN6891648,20080127,TMEA,17.58,G
658,55,SER,LIN6891648,20080127,TMIN,16.38,G
658,55,SER,LIN6891648,20080127,TMAX,19.81,G
658,55,SER,LIN6891648,20080127,DEW,17.47,G
658,55,SER,LIN6891648,20080127,RH,100.00,G
658,55,SER,LIN6891648,20080127,PREC,0.5,G
658,55,SER,LIN6891648,20080128,TMEA,18.98,G
658,55,SER,LIN6891648,20080128,TMIN,16.38,G
658,55,SER,LIN6891648,20080128,TMAX,22.86,G
658,55,SER,LIN6891648,20080128,DEW,18.20,G
658,55,SER,LIN6891648,20080128,RH,96.66,G
658,55,SER,LIN6891648,20080128,PREC,0,G
658,55,SER,LIN6891648,20080129,TMEA,19.13,G
658,55,SER,LIN6891648,20080129,TMIN,16.38,G
658,55,SER,LIN6891648,20080129,TMAX,24.01,G
658,55,SER,LIN6891648,20080129,DEW,18.15,G
658,55,SER,LIN6891648,20080129,RH,94.43,G
658,55,SER,LIN6891648,20080129,PREC,0.5,G
658,55,SER,LIN6891648,20080130,TMEA,19.04,G
658,55,SER,LIN6891648,20080130,TMIN,16.00,G
658,55,SER,LIN6891648,20080130,TMAX,24.40,G
658,55,SER,LIN6891648,20080130,DEW,16.96,G
658,55,SER,LIN6891648,20080130,RH,88.73,G
658,55,SER,LIN6891648,20080130,PREC,0,G
658,55,SER,LIN6891648,20080131,TMEA,16.84,G
658,55,SER,LIN6891648,20080131,TMIN,15.23,G
658,55,SER,LIN6891648,20080131,TMAX,19.04,G
658,55,SER,LIN6891648,20080131,DEW,16.61,G
658,55,SER,LIN6891648,20080131,RH,99.38,G
658,55,SER,LIN6891648,20080131,PREC,0,G
658,55,SER,LIN6891648,20080201,TMEA,17.45,G
658,55,SER,LIN6891648,20080201,TMIN,15.23,G
658,55,SER,LIN6891648,20080201,TMAX,22.48,G
658,55,SER,LIN6891648,20080201,DEW,16.24,G
658,55,SER,LIN6891648,20080201,RH,93.80,G
658,55,SER,LIN6891648,20080201,PREC,0,G
658,55,SER,LIN6891648,20080202,TMEA,18.15,G
658,55,SER,LIN6891648,20080202,TMIN,14.09,G
658,55,SER,LIN6891648,20080202,TMAX,24.01,G
658,55,SER,LIN6891648,20080202,DEW,16.14,G
658,55,SER,LIN6891648,20080202,RH,89.19,G
658,55,SER,LIN6891648,20080202,PREC,0.5,G
658,55,SER,LIN6891648,20080203,TMEA,15.46,G
658,55,SER,LIN6891648,20080203,TMIN,14.47,G
658,55,SER,LIN6891648,20080203,TMAX,17.90,G
658,55,SER,LIN6891648,20080203,DEW,15.40,G
658,55,SER,LIN6891648,20080203,RH,100.00,G
658,55,SER,LIN6891648,20080203,PREC,3.5,G
658,55,SER,LIN6891648,20080204,TMEA,14.48,G
658,55,SER,LIN6891648,20080204,TMIN,13.70,G
658,55,SER,LIN6891648,20080204,TMAX,16.00,G
658,55,SER,LIN6891648,20080204,DEW,14.48,G
658,55,SER,LIN6891648,20080204,RH,100.00,G
658,55,SER,LIN6891648,20080204,PREC,2.5,G
658,55,SER,LIN6891648,20080205,TMEA,17.17,G
658,55,SER,LIN6891648,20080205,TMIN,13.70,G
658,55,SER,LIN6891648,20080205,TMAX,21.33,G
658,55,SER,LIN6891648,20080205,DEW,15.77,G
658,55,SER,LIN6891648,20080205,RH,92.50,G
658,55,SER,LIN6891648,20080205,PREC,0,G
658,55,SER,LIN6891648,20080206,TMEA,16.39,G
658,55,SER,LIN6891648,20080206,TMIN,14.47,G
658,55,SER,LIN6891648,20080206,TMAX,20.19,G
658,55,SER,LIN6891648,20080206,DEW,13.90,G
658,55,SER,LIN6891648,20080206,RH,86.05,G
658,55,SER,LIN6891648,20080206,PREC,0,G
658,55,SER,LIN6891648,20080207,TMEA,13.68,G
658,55,SER,LIN6891648,20080207,TMIN,12.55,G
658,55,SER,LIN6891648,20080207,TMAX,16.76,G
658,55,SER,LIN6891648,20080207,DEW,13.34,G
658,55,SER,LIN6891648,20080207,RH,98.91,G
658,55,SER,LIN6891648,20080207,PREC,1,G
658,55,SER,LIN6891648,20080208,TMEA,13.25,G
658,55,SER,LIN6891648,20080208,TMIN,10.99,G
658,55,SER,LIN6891648,20080208,TMAX,17.14,G
658,55,SER,LIN6891648,20080208,DEW,12.45,G
658,55,SER,LIN6891648,20080208,RH,96.16,G
658,55,SER,LIN6891648,20080208,PREC,0,G
658,55,SER,LIN6891648,20080209,TMEA,10.82,G
658,55,SER,LIN6891648,20080209,TMIN,9.03,G
658,55,SER,LIN6891648,20080209,TMAX,12.16,G
658,55,SER,LIN6891648,20080209,DEW,10.81,G
658,55,SER,LIN6891648,20080209,RH,100.00,G
658,55,SER,LIN6891648,20080209,PREC,0,G
658,55,SER,LIN6891648,20080210,TMEA,11.97,G
658,55,SER,LIN6891648,20080210,TMIN,8.63,G
658,55,SER,LIN6891648,20080210,TMAX,17.90,G
658,55,SER,LIN6891648,20080210,DEW,10.50,G
658,55,SER,LIN6891648,20080210,RH,91.99,G
658,55,SER,LIN6891648,20080210,PREC,0,G
658,55,SER,LIN6891648,20080211,TMEA,13.92,G
658,55,SER,LIN6891648,20080211,TMIN,9.82,G
658,55,SER,LIN6891648,20080211,TMAX,17.52,G
658,55,SER,LIN6891648,20080211,DEW,12.08,G
658,55,SER,LIN6891648,20080211,RH,89.28,G
658,55,SER,LIN6891648,20080211,PREC,0,G
658,55,SER,LIN6891648,20080212,TMEA,13.42,G
658,55,SER,LIN6891648,20080212,TMIN,11.38,G
658,55,SER,LIN6891648,20080212,TMAX,15.23,G
658,55,SER,LIN6891648,20080212,DEW,12.85,G
658,55,SER,LIN6891648,20080212,RH,96.58,G
658,55,SER,LIN6891648,20080212,PREC,0,G
658,55,SER,LIN6891648,20080213,TMEA,11.44,G
658,55,SER,LIN6891648,20080213,TMIN,9.82,G
658,55,SER,LIN6891648,20080213,TMAX,13.70,G
658,55,SER,LIN6891648,20080213,DEW,11.09,G
658,55,SER,LIN6891648,20080213,RH,98.38,G
658,55,SER,LIN6891648,20080213,PREC,0,G
658,55,SER,LIN6891648,20080214,TMEA,11.75,G
658,55,SER,LIN6891648,20080214,TMIN,9.03,G
658,55,SER,LIN6891648,20080214,TMAX,14.47,G
658,55,SER,LIN6891648,20080214,DEW,11.43,G
658,55,SER,LIN6891648,20080214,RH,98.50,G
658,55,SER,LIN6891648,20080214,PREC,0,G
658,55,SER,LIN6891648,20080215,TMEA,12.24,G
658,55,SER,LIN6891648,20080215,TMIN,9.82,G
658,55,SER,LIN6891648,20080215,TMAX,15.23,G
658,55,SER,LIN6891648,20080215,DEW,11.40,G
658,55,SER,LIN6891648,20080215,RH,95.61,G
658,55,SER,LIN6891648,20080215,PREC,0,G
658,55,SER,LIN6891648,20080216,TMEA,13.62,G
658,55,SER,LIN6891648,20080216,TMIN,9.82,G
658,55,SER,LIN6891648,20080216,TMAX,20.19,G
658,55,SER,LIN6891648,20080216,DEW,11.05,G
658,55,SER,LIN6891648,20080216,RH,86.06,G
658,55,SER,LIN6891648,20080216,PREC,0,G
658,55,SER,LIN6891648,20080217,TMEA,14.95,G
658,55,SER,LIN6891648,20080217,TMIN,10.99,G
658,55,SER,LIN6891648,20080217,TMAX,21.33,G
658,55,SER,LIN6891648,20080217,DEW,11.67,G
658,55,SER,LIN6891648,20080217,RH,82.92,G
658,55,SER,LIN6891648,20080217,PREC,0,G
658,55,SER,LIN6891648,20080218,TMEA,15.60,G
658,55,SER,LIN6891648,20080218,TMIN,12.16,G
658,55,SER,LIN6891648,20080218,TMAX,20.57,G
658,55,SER,LIN6891648,20080218,DEW,13.69,G
658,55,SER,LIN6891648,20080218,RH,89.60,G
658,55,SER,LIN6891648,20080218,PREC,10.5,G
658,55,SER,LIN6891648,20080219,TMEA,15.97,G
658,55,SER,LIN6891648,20080219,TMIN,11.77,G
658,55,SER,LIN6891648,20080219,TMAX,21.33,G
658,55,SER,LIN6891648,20080219,DEW,13.51,G
658,55,SER,LIN6891648,20080219,RH,86.90,G
658,55,SER,LIN6891648,20080219,PREC,0,G
658,55,SER,LIN6891648,20080220,TMEA,15.96,G
658,55,SER,LIN6891648,20080220,TMIN,12.16,G
658,55,SER,LIN6891648,20080220,TMAX,22.09,G
658,55,SER,LIN6891648,20080220,DEW,12.75,G
658,55,SER,LIN6891648,20080220,RH,83.21,G
658,55,SER,LIN6891648,20080220,PREC,0,G
658,55,SER,LIN6891648,20080221,TMEA,16.60,G
658,55,SER,LIN6891648,20080221,TMIN,12.93,G
658,55,SER,LIN6891648,20080221,TMAX,22.48,G
658,55,SER,LIN6891648,20080221,DEW,13.88,G
658,55,SER,LIN6891648,20080221,RH,85.33,G
658,55,SER,LIN6891648,20080221,PREC,3.5,G
658,55,SER,LIN6891648,20080222,TMEA,18.44,G
658,55,SER,LIN6891648,20080222,TMIN,15.23,G
658,55,SER,LIN6891648,20080222,TMAX,22.48,G
658,55,SER,LIN6891648,20080222,DEW,14.40,G
658,55,SER,LIN6891648,20080222,RH,78.77,G
658,55,SER,LIN6891648,20080222,PREC,0,G
658,55,SER,LIN6891648,20080223,TMEA,16.42,G
658,55,SER,LIN6891648,20080223,TMIN,14.09,G
658,55,SER,LIN6891648,20080223,TMAX,19.04,G
658,55,SER,LIN6891648,20080223,DEW,15.31,G
658,55,SER,LIN6891648,20080223,RH,93.73,G
658,55,SER,LIN6891648,20080223,PREC,13.5,G
658,55,SER,LIN6891648,20080224,TMEA,15.11,G
658,55,SER,LIN6891648,20080224,TMIN,14.09,G
658,55,SER,LIN6891648,20080224,TMAX,17.14,G
658,55,SER,LIN6891648,20080224,DEW,15.02,G
658,55,SER,LIN6891648,20080224,RH,100.00,G
658,55,SER,LIN6891648,20080224,PREC,3,G
658,55,SER,LIN6891648,20080225,TMEA,16.07,G
658,55,SER,LIN6891648,20080225,TMIN,13.32,G
658,55,SER,LIN6891648,20080225,TMAX,19.04,G
658,55,SER,LIN6891648,20080225,DEW,15.50,G
658,55,SER,LIN6891648,20080225,RH,97.36,G
658,55,SER,LIN6891648,20080225,PREC,0,G
658,55,SER,LIN6891648,20080226,TMEA,19.08,G
658,55,SER,LIN6891648,20080226,TMIN,15.23,G
658,55,SER,LIN6891648,20080226,TMAX,25.56,G
658,55,SER,LIN6891648,20080226,DEW,16.72,G
658,55,SER,LIN6891648,20080226,RH,88.41,G
658,55,SER,LIN6891648,20080226,PREC,0,G
658,55,SER,LIN6891648,20080227,TMEA,14.79,G
658,55,SER,LIN6891648,20080227,TMIN,12.93,G
658,55,SER,LIN6891648,20080227,TMAX,16.38,G
658,55,SER,LIN6891648,20080227,DEW,14.02,G
658,55,SER,LIN6891648,20080227,RH,95.77,G
658,55,SER,LIN6891648,20080227,PREC,0,G
658,55,SER,LIN6891648,20080228,TMEA,14.19,G
658,55,SER,LIN6891648,20080228,TMIN,11.77,G
658,55,SER,LIN6891648,20080228,TMAX,17.90,G
658,55,SER,LIN6891648,20080228,DEW,12.41,G
658,55,SER,LIN6891648,20080228,RH,89.67,G
658,55,SER,LIN6891648,20080228,PREC,0,G
658,55,SER,LIN6891648,20080229,TMEA,14.79,G
658,55,SER,LIN6891648,20080229,TMIN,12.55,G
658,55,SER,LIN6891648,20080229,TMAX,17.52,G
658,55,SER,LIN6891648,20080229,DEW,13.10,G
658,55,SER,LIN6891648,20080229,RH,90.00,G
658,55,SER,LIN6891648,20080229,PREC,0,G
658,55,SER,LIN6891648,20080301,TMEA,16.49,G
658,55,SER,LIN6891648,20080301,TMIN,13.32,G
658,55,SER,LIN6891648,20080301,TMAX,22.09,G
658,55,SER,LIN6891648,20080301,DEW,12.76,G
658,55,SER,LIN6891648,20080301,RH,80.31,G
658,55,SER,LIN6891648,20080301,PREC,0,G
658,55,SER,LIN6891648,20080302,TMEA,17.24,G
658,55,SER,LIN6891648,20080302,TMIN,12.55,G
658,55,SER,LIN6891648,20080302,TMAX,24.40,G
658,55,SER,LIN6891648,20080302,DEW,12.12,G
658,55,SER,LIN6891648,20080302,RH,74.67,G
658,55,SER,LIN6891648,20080302,PREC,0,G
658,55,SER,LIN6891648,20080303,TMEA,16.62,G
658,55,SER,LIN6891648,20080303,TMIN,12.93,G
658,55,SER,LIN6891648,20080303,TMAX,22.86,G
658,55,SER,LIN6891648,20080303,DEW,10.87,G
658,55,SER,LIN6891648,20080303,RH,72.12,G
658,55,SER,LIN6891648,20080303,PREC,0,G
658,55,SER,LIN6891648,20080304,TMEA,14.95,G
658,55,SER,LIN6891648,20080304,TMIN,12.16,G
658,55,SER,LIN6891648,20080304,TMAX,20.57,G
658,55,SER,LIN6891648,20080304,DEW,9.65,G
658,55,SER,LIN6891648,20080304,RH,72.73,G
658,55,SER,LIN6891648,20080304,PREC,0,G
658,55,SER,LIN6891648,20080305,TMEA,14.41,G
658,55,SER,LIN6891648,20080305,TMIN,10.21,G
658,55,SER,LIN6891648,20080305,TMAX,20.95,G
658,55,SER,LIN6891648,20080305,DEW,8.99,G
658,55,SER,LIN6891648,20080305,RH,72.64,G
658,55,SER,LIN6891648,20080305,PREC,0,G
658,55,SER,LIN6891648,20080306,TMEA,14.66,G
658,55,SER,LIN6891648,20080306,TMIN,10.60,G
658,55,SER,LIN6891648,20080306,TMAX,19.81,G
658,55,SER,LIN6891648,20080306,DEW,10.63,G
658,55,SER,LIN6891648,20080306,RH,78.27,G
658,55,SER,LIN6891648,20080306,PREC,3.5,G
658,55,SER,LIN6891648,20080307,TMEA,16.23,G
658,55,SER,LIN6891648,20080307,TMIN,13.70,G
658,55,SER,LIN6891648,20080307,TMAX,20.19,G
658,55,SER,LIN6891648,20080307,DEW,12.22,G
658,55,SER,LIN6891648,20080307,RH,78.44,G
658,55,SER,LIN6891648,20080307,PREC,0,G
658,55,SER,LIN6891648,20080308,TMEA,16.77,G
658,55,SER,LIN6891648,20080308,TMIN,12.93,G
658,55,SER,LIN6891648,20080308,TMAX,22.48,G
658,55,SER,LIN6891648,20080308,DEW,13.06,G
658,55,SER,LIN6891648,20080308,RH,80.07,G
658,55,SER,LIN6891648,20080308,PREC,0,G
658,55,SER,LIN6891648,20080309,TMEA,17.87,G
658,55,SER,LIN6891648,20080309,TMIN,13.32,G
658,55,SER,LIN6891648,20080309,TMAX,24.40,G
658,55,SER,LIN6891648,20080309,DEW,12.97,G
658,55,SER,LIN6891648,20080309,RH,75.83,G
658,55,SER,LIN6891648,20080309,PREC,0.5,G
658,55,SER,LIN6891648,20080310,TMEA,18.09,G
658,55,SER,LIN6891648,20080310,TMIN,13.70,G
658,55,SER,LIN6891648,20080310,TMAX,23.63,G
658,55,SER,LIN6891648,20080310,DEW,15.00,G
658,55,SER,LIN6891648,20080310,RH,83.49,G
658,55,SER,LIN6891648,20080310,PREC,0,G
658,55,SER,LIN6891648,20080311,TMEA,19.07,G
658,55,SER,LIN6891648,20080311,TMIN,15.23,G
658,55,SER,LIN6891648,20080311,TMAX,25.17,G
658,55,SER,LIN6891648,20080311,DEW,14.87,G
658,55,SER,LIN6891648,20080311,RH,78.90,G
658,55,SER,LIN6891648,20080311,PREC,0,G
658,55,SER,LIN6891648,20080312,TMEA,18.51,G
658,55,SER,LIN6891648,20080312,TMIN,15.23,G
658,55,SER,LIN6891648,20080312,TMAX,23.24,G
658,55,SER,LIN6891648,20080312,DEW,15.96,G
658,55,SER,LIN6891648,20080312,RH,86.11,G
658,55,SER,LIN6891648,20080312,PREC,3.5,G
658,55,SER,LIN6891648,20080313,TMEA,19.42,G
658,55,SER,LIN6891648,20080313,TMIN,14.85,G
658,55,SER,LIN6891648,20080313,TMAX,25.56,G
658,55,SER,LIN6891648,20080313,DEW,15.45,G
658,55,SER,LIN6891648,20080313,RH,80.26,G
658,55,SER,LIN6891648,20080313,PREC,0,G
658,55,SER,LIN6891648,20080314,TMEA,18.92,G
658,55,SER,LIN6891648,20080314,TMIN,16.38,G
658,55,SER,LIN6891648,20080314,TMAX,22.09,G
658,55,SER,LIN6891648,20080314,DEW,15.69,G
658,55,SER,LIN6891648,20080314,RH,82.06,G
658,55,SER,LIN6891648,20080314,PREC,0,G
658,55,SER,LIN6891648,20080315,TMEA,18.34,G
658,55,SER,LIN6891648,20080315,TMIN,16.00,G
658,55,SER,LIN6891648,20080315,TMAX,22.09,G
658,55,SER,LIN6891648,20080315,DEW,16.74,G
658,55,SER,LIN6891648,20080315,RH,90.71,G
658,55,SER,LIN6891648,20080315,PREC,0,G
658,55,SER,LIN6891648,20080316,TMEA,18.93,G
658,55,SER,LIN6891648,20080316,TMIN,15.23,G
658,55,SER,LIN6891648,20080316,TMAX,25.56,G
658,55,SER,LIN6891648,20080316,DEW,16.12,G
658,55,SER,LIN6891648,20080316,RH,85.48,G
658,55,SER,LIN6891648,20080316,PREC,0,G
658,55,SER,LIN6891648,20080317,TMEA,20.00,G
658,55,SER,LIN6891648,20080317,TMIN,16.00,G
658,55,SER,LIN6891648,20080317,TMAX,24.40,G
658,55,SER,LIN6891648,20080317,DEW,17.51,G
658,55,SER,LIN6891648,20080317,RH,86.55,G
658,55,SER,LIN6891648,20080317,PREC,0,G
658,55,SER,LIN6891648,20080318,TMEA,21.73,G
658,55,SER,LIN6891648,20080318,TMIN,17.14,G
658,55,SER,LIN6891648,20080318,TMAX,27.91,G
658,55,SER,LIN6891648,20080318,DEW,18.37,G
658,55,SER,LIN6891648,20080318,RH,83.02,G
658,55,SER,LIN6891648,20080318,PREC,0,G
658,55,SER,LIN6891648,20080319,TMEA,21.32,G
658,55,SER,LIN6891648,20080319,TMIN,17.90,G
658,55,SER,LIN6891648,20080319,TMAX,26.34,G
658,55,SER,LIN6891648,20080319,DEW,18.85,G
658,55,SER,LIN6891648,20080319,RH,86.97,G
658,55,SER,LIN6891648,20080319,PREC,0,G
658,55,SER,LIN6891648,20080320,TMEA,18.65,G
658,55,SER,LIN6891648,20080320,TMIN,16.00,G
658,55,SER,LIN6891648,20080320,TMAX,24.40,G
658,55,SER,LIN6891648,20080320,DEW,16.83,G
658,55,SER,LIN6891648,20080320,RH,90.42,G
658,55,SER,LIN6891648,20080320,PREC,0,G
658,55,SER,LIN6891648,20080321,TMEA,18.02,G
658,55,SER,LIN6891648,20080321,TMIN,16.00,G
658,55,SER,LIN6891648,20080321,TMAX,21.71,G
658,55,SER,LIN6891648,20080321,DEW,16.81,G
658,55,SER,LIN6891648,20080321,RH,94.27,G
658,55,SER,LIN6891648,20080321,PREC,0.5,G
658,55,SER,LIN6891648,20080322,TMEA,19.32,G
658,55,SER,LIN6891648,20080322,TMIN,16.76,G
658,55,SER,LIN6891648,20080322,TMAX,23.24,G
658,55,SER,LIN6891648,20080322,DEW,17.42,G
658,55,SER,LIN6891648,20080322,RH,90.44,G
658,55,SER,LIN6891648,20080322,PREC,0,G
658,55,SER,LIN6891648,20080323,TMEA,19.09,G
658,55,SER,LIN6891648,20080323,TMIN,16.76,G
658,55,SER,LIN6891648,20080323,TMAX,23.63,G
658,55,SER,LIN6891648,20080323,DEW,18.02,G
658,55,SER,LIN6891648,20080323,RH,94.56,G
658,55,SER,LIN6891648,20080323,PREC,35,G
658,55,SER,LIN6891648,20080324,TMEA,16.58,G
658,55,SER,LIN6891648,20080324,TMIN,15.23,G
658,55,SER,LIN6891648,20080324,TMAX,18.66,G
658,55,SER,LIN6891648,20080324,DEW,15.84,G
658,55,SER,LIN6891648,20080324,RH,96.74,G
658,55,SER,LIN6891648,20080324,PREC,6.5,G
658,55,SER,LIN6891648,20080325,TMEA,16.94,G
658,55,SER,LIN6891648,20080325,TMIN,13.70,G
658,55,SER,LIN6891648,20080325,TMAX,22.48,G
658,55,SER,LIN6891648,20080325,DEW,14.34,G
658,55,SER,LIN6891648,20080325,RH,86.21,G
658,55,SER,LIN6891648,20080325,PREC,0,G
658,55,SER,LIN6891648,20080326,TMEA,16.26,G
658,55,SER,LIN6891648,20080326,TMIN,13.70,G
658,55,SER,LIN6891648,20080326,TMAX,20.95,G
658,55,SER,LIN6891648,20080326,DEW,14.06,G
658,55,SER,LIN6891648,20080326,RH,88.50,G
658,55,SER,LIN6891648,20080326,PREC,1,G
658,55,SER,LIN6891648,20080327,TMEA,17.41,G
658,55,SER,LIN6891648,20080327,TMIN,12.93,G
658,55,SER,LIN6891648,20080327,TMAX,24.01,G
658,55,SER,LIN6891648,20080327,DEW,13.34,G
658,55,SER,LIN6891648,20080327,RH,79.64,G
658,55,SER,LIN6891648,20080327,PREC,0,G
658,55,SER,LIN6891648,20080328,TMEA,18.37,G
658,55,SER,LIN6891648,20080328,TMIN,13.32,G
658,55,SER,LIN6891648,20080328,TMAX,24.01,G
658,55,SER,LIN6891648,20080328,DEW,12.13,G
658,55,SER,LIN6891648,20080328,RH,69.61,G
658,55,SER,LIN6891648,20080328,PREC,0,G
658,55,SER,LIN6891648,20080329,TMEA,22.20,G
658,55,SER,LIN6891648,20080329,TMIN,17.90,G
658,55,SER,LIN6891648,20080329,TMAX,27.12,G
658,55,SER,LIN6891648,20080329,DEW,17.71,G
658,55,SER,LIN6891648,20080329,RH,77.46,G
658,55,SER,LIN6891648,20080329,PREC,0,G
658,55,SER,LIN6891648,20080330,TMEA,22.71,G
658,55,SER,LIN6891648,20080330,TMIN,19.42,G
658,55,SER,LIN6891648,20080330,TMAX,28.31,G
658,55,SER,LIN6891648,20080330,DEW,19.61,G
658,55,SER,LIN6891648,20080330,RH,85.20,G
658,55,SER,LIN6891648,20080330,PREC,0,G
658,55,SER,LIN6891648,20080331,TMEA,18.21,G
658,55,SER,LIN6891648,20080331,TMIN,17.14,G
658,55,SER,LIN6891648,20080331,TMAX,19.81,G
658,55,SER,LIN6891648,20080331,DEW,18.21,G
658,55,SER,LIN6891648,20080331,RH,100.00,G
658,55,SER,LIN6891648,20080331,PREC,4.5,G
658,55,SER,LIN6891648,20080401,TMEA,16.74,G
658,55,SER,LIN6891648,20080401,TMIN,15.62,G
658,55,SER,LIN6891648,20080401,TMAX,17.90,G
658,55,SER,LIN6891648,20080401,DEW,16.74,G
658,55,SER,LIN6891648,20080401,RH,100.00,G
658,55,SER,LIN6891648,20080401,PREC,5,G
658,55,SER,LIN6891648,20080402,TMEA,18.85,G
658,55,SER,LIN6891648,20080402,TMIN,16.76,G
658,55,SER,LIN6891648,20080402,TMAX,20.95,G
658,55,SER,LIN6891648,20080402,DEW,18.34,G
658,55,SER,LIN6891648,20080402,RH,98.48,G
658,55,SER,LIN6891648,20080402,PREC,0,G
658,55,SER,LIN6891648,20080403,TMEA,20.34,G
658,55,SER,LIN6891648,20080403,TMIN,18.28,G
658,55,SER,LIN6891648,20080403,TMAX,24.01,G
658,55,SER,LIN6891648,20080403,DEW,19.17,G
658,55,SER,LIN6891648,20080403,RH,93.67,G
658,55,SER,LIN6891648,20080403,PREC,0,G
658,55,SER,LIN6891648,20080404,TMEA,20.60,G
658,55,SER,LIN6891648,20080404,TMIN,18.28,G
658,55,SER,LIN6891648,20080404,TMAX,24.40,G
658,55,SER,LIN6891648,20080404,DEW,19.60,G
658,55,SER,LIN6891648,20080404,RH,95.50,G
658,55,SER,LIN6891648,20080404,PREC,0,G
658,55,SER,LIN6891648,20080405,TMEA,21.86,G
658,55,SER,LIN6891648,20080405,TMIN,17.90,G
658,55,SER,LIN6891648,20080405,TMAX,28.31,G
658,55,SER,LIN6891648,20080405,DEW,19.05,G
658,55,SER,LIN6891648,20080405,RH,85.89,G
658,55,SER,LIN6891648,20080405,PREC,0,G
658,55,SER,LIN6891648,20080406,TMEA,22.30,G
658,55,SER,LIN6891648,20080406,TMIN,17.52,G
658,55,SER,LIN6891648,20080406,TMAX,29.50,G
658,55,SER,LIN6891648,20080406,DEW,18.07,G
658,55,SER,LIN6891648,20080406,RH,78.80,G
658,55,SER,LIN6891648,20080406,PREC,0,G
658,55,SER,LIN6891648,20080407,TMEA,22.89,G
658,55,SER,LIN6891648,20080407,TMIN,18.66,G
658,55,SER,LIN6891648,20080407,TMAX,29.10,G
658,55,SER,LIN6891648,20080407,DEW,18.43,G
658,55,SER,LIN6891648,20080407,RH,78.34,G
658,55,SER,LIN6891648,20080407,PREC,0,G
658,55,SER,LIN6891648,20080408,TMEA,22.53,G
658,55,SER,LIN6891648,20080408,TMIN,18.66,G
658,55,SER,LIN6891648,20080408,TMAX,28.70,G
658,55,SER,LIN6891648,20080408,DEW,19.63,G
658,55,SER,LIN6891648,20080408,RH,84.83,G
658,55,SER,LIN6891648,20080408,PREC,1.5,G
658,55,SER,LIN6891648,20080409,TMEA,22.23,G
658,55,SER,LIN6891648,20080409,TMIN,18.66,G
658,55,SER,LIN6891648,20080409,TMAX,27.12,G
658,55,SER,LIN6891648,20080409,DEW,17.81,G
658,55,SER,LIN6891648,20080409,RH,77.72,G
658,55,SER,LIN6891648,20080409,PREC,0,G
658,55,SER,LIN6891648,20080410,TMEA,21.50,G
658,55,SER,LIN6891648,20080410,TMIN,18.28,G
658,55,SER,LIN6891648,20080410,TMAX,28.31,G
658,55,SER,LIN6891648,20080410,DEW,18.61,G
658,55,SER,LIN6891648,20080410,RH,85.45,G
658,55,SER,LIN6891648,20080410,PREC,35,G
658,55,SER,LIN6891648,20080411,TMEA,21.26,G
658,55,SER,LIN6891648,20080411,TMIN,19.42,G
658,55,SER,LIN6891648,20080411,TMAX,25.95,G
658,55,SER,LIN6891648,20080411,DEW,20.66,G
658,55,SER,LIN6891648,20080411,RH,97.94,G
658,55,SER,LIN6891648,20080411,PREC,2.5,G
658,55,SER,LIN6891648,20080412,TMEA,21.45,G
658,55,SER,LIN6891648,20080412,TMIN,18.28,G
658,55,SER,LIN6891648,20080412,TMAX,25.95,G
658,55,SER,LIN6891648,20080412,DEW,19.92,G
658,55,SER,LIN6891648,20080412,RH,92.18,G
658,55,SER,LIN6891648,20080412,PREC,0,G
658,55,SER,LIN6891648,20080413,TMEA,22.49,G
658,55,SER,LIN6891648,20080413,TMIN,18.66,G
658,55,SER,LIN6891648,20080413,TMAX,27.52,G
658,55,SER,LIN6891648,20080413,DEW,20.11,G
658,55,SER,LIN6891648,20080413,RH,88.03,G
658,55,SER,LIN6891648,20080413,PREC,0,G
658,55,SER,LIN6891648,20080414,TMEA,22.21,G
658,55,SER,LIN6891648,20080414,TMIN,18.66,G
658,55,SER,LIN6891648,20080414,TMAX,26.34,G
658,55,SER,LIN6891648,20080414,DEW,20.11,G
658,55,SER,LIN6891648,20080414,RH,88.87,G
658,55,SER,LIN6891648,20080414,PREC,0,G
658,55,SER,LIN6891648,20080415,TMEA,20.80,G
658,55,SER,LIN6891648,20080415,TMIN,19.04,G
658,55,SER,LIN6891648,20080415,TMAX,23.63,G
658,55,SER,LIN6891648,20080415,DEW,20.28,G
658,55,SER,LIN6891648,20080415,RH,97.43,G
658,55,SER,LIN6891648,20080415,PREC,0,G
658,55,SER,LIN6891648,20080416,TMEA,21.80,G
658,55,SER,LIN6891648,20080416,TMIN,18.28,G
658,55,SER,LIN6891648,20080416,TMAX,28.70,G
658,55,SER,LIN6891648,20080416,DEW,19.49,G
658,55,SER,LIN6891648,20080416,RH,88.81,G
658,55,SER,LIN6891648,20080416,PREC,63.5,G
658,55,SER,LIN6891648,20080417,TMEA,21.85,G
658,55,SER,LIN6891648,20080417,TMIN,19.81,G
658,55,SER,LIN6891648,20080417,TMAX,25.56,G
658,55,SER,LIN6891648,20080417,DEW,20.50,G
658,55,SER,LIN6891648,20080417,RH,92.59,G
658,55,SER,LIN6891648,20080417,PREC,1.5,G
658,55,SER,LIN6891648,20080418,TMEA,21.86,G
658,55,SER,LIN6891648,20080418,TMIN,19.04,G
658,55,SER,LIN6891648,20080418,TMAX,26.73,G
658,55,SER,LIN6891648,20080418,DEW,20.40,G
658,55,SER,LIN6891648,20080418,RH,92.88,G
658,55,SER,LIN6891648,20080418,PREC,2.5,G
658,55,SER,LIN6891648,20080419,TMEA,22.17,G
658,55,SER,LIN6891648,20080419,TMIN,19.04,G
658,55,SER,LIN6891648,20080419,TMAX,26.34,G
658,55,SER,LIN6891648,20080419,DEW,20.71,G
658,55,SER,LIN6891648,20080419,RH,92.80,G
658,55,SER,LIN6891648,20080419,PREC,0,G
658,55,SER,LIN6891648,20080420,TMEA,23.26,G
658,55,SER,LIN6891648,20080420,TMIN,20.19,G
658,55,SER,LIN6891648,20080420,TMAX,27.52,G
658,55,SER,LIN6891648,20080420,DEW,21.50,G
658,55,SER,LIN6891648,20080420,RH,90.60,G
658,55,SER,LIN6891648,20080420,PREC,0,G
658,55,SER,LIN6891648,20080421,TMEA,22.49,G
658,55,SER,LIN6891648,20080421,TMIN,19.81,G
658,55,SER,LIN6891648,20080421,TMAX,26.73,G
658,55,SER,LIN6891648,20080421,DEW,21.02,G
658,55,SER,LIN6891648,20080421,RH,92.40,G
658,55,SER,LIN6891648,20080421,PREC,14.5,G
658,55,SER,LIN6891648,20080422,TMEA,22.42,G
658,55,SER,LIN6891648,20080422,TMIN,18.66,G
658,55,SER,LIN6891648,20080422,TMAX,26.73,G
658,55,SER,LIN6891648,20080422,DEW,20.81,G
658,55,SER,LIN6891648,20080422,RH,91.79,G
658,55,SER,LIN6891648,20080422,PREC,0,G
658,55,SER,LIN6891648,20080423,TMEA,21.90,G
658,55,SER,LIN6891648,20080423,TMIN,19.42,G
658,55,SER,LIN6891648,20080423,TMAX,26.34,G
658,55,SER,LIN6891648,20080423,DEW,20.90,G
658,55,SER,LIN6891648,20080423,RH,95.68,G
658,55,SER,LIN6891648,20080423,PREC,4.5,G
658,55,SER,LIN6891648,20080424,TMEA,18.17,G
658,55,SER,LIN6891648,20080424,TMIN,17.52,G
658,55,SER,LIN6891648,20080424,TMAX,19.04,G
658,55,SER,LIN6891648,20080424,DEW,18.17,G
658,55,SER,LIN6891648,20080424,RH,100.00,G
658,55,SER,LIN6891648,20080424,PREC,6.5,G
658,55,SER,LIN6891648,20080425,TMEA,18.24,G
658,55,SER,LIN6891648,20080425,TMIN,16.76,G
658,55,SER,LIN6891648,20080425,TMAX,20.95,G
658,55,SER,LIN6891648,20080425,DEW,17.88,G
658,55,SER,LIN6891648,20080425,RH,99.69,G
658,55,SER,LIN6891648,20080425,PREC,1,G
658,55,SER,LIN6891648,20080426,TMEA,19.80,G
658,55,SER,LIN6891648,20080426,TMIN,16.00,G
658,55,SER,LIN6891648,20080426,TMAX,25.17,G
658,55,SER,LIN6891648,20080426,DEW,16.94,G
658,55,SER,LIN6891648,20080426,RH,85.73,G
658,55,SER,LIN6891648,20080426,PREC,0,G
