Mon Mar 29 13:52:19 2004	service	=>	sample		method	=>	sites
Mon Mar 29 13:52:25 2004	service	=>	sample		method	=>	research_site_list
Mon Mar 29 14:28:13 2004	service	=>	sample		method	=>	add_it
Mon Mar 29 14:28:30 2004	service	=>	sample		method	=>	research_site_list
Tue Mar 30 19:44:15 2004	service	=>	sample		method	=>	add_it
Thu Apr  1 18:48:39 2004	service	=>	climdb_raw		method	=>	get_variable
Thu Apr  1 18:59:16 2004	service	=>	climdb_raw		method	=>	get_variable
Thu Apr  1 19:55:06 2004	service	=>	climdb_agg		method	=>	get_agg_monthly
Thu Apr  1 19:55:29 2004	service	=>	climdb_agg		method	=>	get_agg_monthly
Thu Apr  1 19:55:53 2004	service	=>	climdb_agg		method	=>	get_agg_monthly
Thu Apr  1 19:59:16 2004	service	=>	climdb_agg		method	=>	get_agg_monthly
Thu Apr  1 19:59:46 2004	service	=>	climdb_agg		method	=>	get_agg_yearly
Thu Apr  1 20:05:12 2004	service	=>	climdb_agg		method	=>	get_agg_monthly
Thu Apr  1 20:06:20 2004	service	=>	climdb_agg		method	=>	agg_over_all
Thu Apr  1 20:06:39 2004	service	=>	climdb_agg		method	=>	get_agg_yearly
Thu Apr  1 20:17:10 2004	service	=>	climdb_agg		method	=>	get_agg_monthly
Thu Apr  1 20:19:33 2004	service	=>	climdb_agg		method	=>	get_agg_monthly
Thu Apr  1 20:25:22 2004	service	=>	climdb_agg		method	=>	get_agg_yearly
Thu Apr  1 20:25:31 2004	service	=>	climdb_agg		method	=>	agg_over_all
Fri Apr  2 13:18:59 2004	service	=>	climdb_agg		method	=>	get_agg_monthly
Fri Apr  2 13:19:36 2004	service	=>	climdb_agg		method	=>	agg_over_all
Fri Apr  2 13:20:40 2004	service	=>	climdb_agg		method	=>	get_agg_monthly
Fri Apr  2 13:22:38 2004	service	=>	climdb_agg		method	=>	get_agg_monthly
Fri Apr  2 13:24:12 2004	service	=>	climdb_agg		method	=>	get_agg_monthly
Fri Apr  2 13:24:39 2004	service	=>	climdb_agg		method	=>	get_agg_yearly
Fri Apr  2 13:24:57 2004	service	=>	climdb_agg		method	=>	agg_over_all
Fri Apr  2 13:30:39 2004	service	=>	climdb_agg		method	=>	get_agg_monthly
Fri Apr  2 13:34:52 2004	service	=>	sample		method	=>	research_site_list
Sat Apr  3 14:11:48 2004	service	=>	climdb_agg		method	=>	get_agg_monthly
Sat Apr  3 17:50:09 2004	service	=>	sample		method	=>	bushisms
Sat Apr  3 17:53:13 2004	service	=>	sample		method	=>	bushisms
Sat Apr  3 17:54:30 2004	service	=>	sample		method	=>	bushisms
Sat Apr  3 17:56:50 2004	service	=>	sample		method	=>	bushisms
Sat Apr  3 18:10:40 2004	service	=>	sample		method	=>	bushisms
Sat Apr  3 18:10:50 2004	service	=>	sample		method	=>	add_it
Sat Apr  3 18:11:07 2004	service	=>	sample		method	=>	bushisms
Sat Apr  3 18:14:20 2004	service	=>	sample		method	=>	empty
Sat Apr  3 18:14:36 2004	service	=>	sample		method	=>	bushisms
Sat Apr  3 18:42:44 2004	service	=>	sample		method	=>	bushisms
Sat Apr  3 18:46:51 2004	service	=>	sample		method	=>	bushisms
Sat Apr  3 19:04:15 2004	service	=>	sample		method	=>	bushisms
Sat Apr  3 19:08:50 2004	service	=>	sample		method	=>	bushisms
Sat Apr  3 19:09:03 2004	service	=>	sample		method	=>	bushisms
Sat Apr  3 19:12:26 2004	service	=>	sample		method	=>	add_it
Sat Apr  3 19:12:32 2004	service	=>	sample		method	=>	bushisms
Sat Apr  3 19:17:43 2004	service	=>	sample		method	=>	bushisms
Sat Apr  3 19:20:56 2004	service	=>	sample		method	=>	bushisms
Sat Apr  3 19:23:30 2004	service	=>	sample		method	=>	bushisms
Sat Apr  3 19:27:14 2004	service	=>	One reason I like to highlight reading is, reading is the beginnings of the ability to be a good student. And if you can't read, it's going to be hard to realize dreams; it's going to be hard to go to college. So when your teachers say, read		method	=>	you ought to listen to her.
Sat Apr  3 19:28:04 2004	service	=>	I hope we get to the bottom of the answer. It's what I'm interested to know. 		method	=>	George  W. Bush, what happened in negotiations between the Justice Department and Elian Gonzalez's Miami relatives, as quoted by the Associated Press, April 26, 2000
Sat Apr  3 19:36:51 2004	service	=>	It is not Reaganesque to support a tax plan that is Clinton in nature.' 		method	=>	George  W. Bush, Angeles, Feb. 23, 2000
Sat Apr  3 19:51:19 2004	service	=>	sample		method	=>	research_site_list
Sat Apr  3 19:51:35 2004	service	=>	sample		method	=>	sites
Fri Apr  9 14:06:16 2004	service	=>	climdb_raw		method	=>	get_day
Fri Apr  9 14:06:31 2004	service	=>	climdb_raw		method	=>	get_day
Fri Apr  9 14:06:38 2004	service	=>	climdb_raw		method	=>	get_day
Fri Apr  9 14:06:49 2004	service	=>	climdb_raw		method	=>	get_day
Fri Apr  9 14:06:56 2004	service	=>	climdb_raw		method	=>	get_day
Fri Apr  9 14:07:24 2004	service	=>	climdb_raw		method	=>	get_variable
Fri Apr  9 14:07:58 2004	service	=>	climdb_raw		method	=>	get_day
Fri Apr  9 14:09:22 2004	service	=>	climdb_raw		method	=>	get_day
Fri Apr  9 14:30:41 2004	service	=>	climdb_raw		method	=>	get_variable
Fri Apr  9 14:32:28 2004	service	=>	sample		method	=>	research_site_list
Fri Apr  9 14:34:47 2004	service	=>	sample		method	=>	add_it
Fri Apr  9 14:36:21 2004	service	=>	climdb_agg		method	=>	get_agg_monthly
Fri Apr  9 14:40:41 2004	service	=>	climdb_agg		method	=>	get_agg_monthly
